Making all in src
make[1]: Entering directory `/radix-homes/balaji/tmp/hwloc/hwloc-0.9.1rc2/src'
/bin/bash ../libtool --tag=CC   --mode=compile icc -std=c99 -DHAVE_CONFIG_H -I. -I../include/private -I../include/hwloc  -I../include -I../include  -std=c99 -Wall -Wmissing-prototypes -Wundef -Wpointer-arith -Wcast-align  -g -O2 -MT topology.lo -MD -MP -MF .deps/topology.Tpo -c -o topology.lo topology.c
libtool: compile:  icc -std=c99 -DHAVE_CONFIG_H -I. -I../include/private -I../include/hwloc -I../include -I../include -std=c99 -Wall -Wmissing-prototypes -Wundef -Wpointer-arith -Wcast-align -g -O2 -MT topology.lo -MD -MP -MF .deps/topology.Tpo -c topology.c  -fPIC -DPIC -o .libs/topology.o
icc: command line warning #10156: ignoring option '-W'; no argument required
icc: command line warning #10156: ignoring option '-W'; no argument required
topology.c(74): remark #869: parameter "objs" was never referenced
  					  struct hwloc_obj *objs[nbobjs],
  					                    ^

topology.c(138): remark #869: parameter "objs" was never referenced
  						struct hwloc_obj *objs[nbobjs],
  						                  ^

topology.c(452): remark #981: operands are evaluated in unspecified order
    return hwloc_get_type_order(type1) - hwloc_get_type_order(type2);
                                       ^

topology.c(721): remark #869: parameter "topology" was never referenced
  get_proc_cpuset(hwloc_topology_t topology, hwloc_obj_t *obj, void *data)
                                   ^

topology.c(730): remark #869: parameter "topology" was never referenced
  apply_cpuset(hwloc_topology_t topology, hwloc_obj_t *obj, void *data)
                                ^

topology.c(737): remark #869: parameter "topology" was never referenced
  do_free_object(hwloc_topology_t topology, hwloc_obj_t *obj, void *data)
                                  ^

topology.c(737): remark #869: parameter "data" was never referenced
  do_free_object(hwloc_topology_t topology, hwloc_obj_t *obj, void *data)
                                                                    ^

topology.c(745): remark #869: parameter "data" was never referenced
  remove_empty(hwloc_topology_t topology, hwloc_obj_t *obj, void *data)
                                                                  ^

topology.c(759): remark #869: parameter "data" was never referenced
  merge_useless_child(hwloc_topology_t topology, hwloc_obj_t *pfather, void *data)
                                                                             ^

topology.c(835): remark #869: parameter "topology" was never referenced
  static int dontset_cpubind(hwloc_topology_t topology, hwloc_cpuset_t set, int strict)
                                              ^

topology.c(835): remark #869: parameter "set" was never referenced
  static int dontset_cpubind(hwloc_topology_t topology, hwloc_cpuset_t set, int strict)
                                                                       ^

topology.c(835): remark #869: parameter "strict" was never referenced
  static int dontset_cpubind(hwloc_topology_t topology, hwloc_cpuset_t set, int strict)
                                                                                ^

topology.c(839): remark #869: parameter "topology" was never referenced
  static int dontset_thisproc_cpubind(hwloc_topology_t topology, hwloc_cpuset_t set, int strict)
                                                       ^

topology.c(839): remark #869: parameter "set" was never referenced
  static int dontset_thisproc_cpubind(hwloc_topology_t topology, hwloc_cpuset_t set, int strict)
                                                                                ^

topology.c(839): remark #869: parameter "strict" was never referenced
  static int dontset_thisproc_cpubind(hwloc_topology_t topology, hwloc_cpuset_t set, int strict)
                                                                                         ^

topology.c(843): remark #869: parameter "topology" was never referenced
  static int dontset_thisthread_cpubind(hwloc_topology_t topology, hwloc_cpuset_t set, int strict)
                                                         ^

topology.c(843): remark #869: parameter "set" was never referenced
  static int dontset_thisthread_cpubind(hwloc_topology_t topology, hwloc_cpuset_t set, int strict)
                                                                                  ^

topology.c(843): remark #869: parameter "strict" was never referenced
  static int dontset_thisthread_cpubind(hwloc_topology_t topology, hwloc_cpuset_t set, int strict)
                                                                                           ^

topology.c(847): remark #869: parameter "topology" was never referenced
  static int dontset_proc_cpubind(hwloc_topology_t topology, hwloc_pid_t pid, hwloc_cpuset_t set, int strict)
                                                   ^

topology.c(847): remark #869: parameter "pid" was never referenced
  static int dontset_proc_cpubind(hwloc_topology_t topology, hwloc_pid_t pid, hwloc_cpuset_t set, int strict)
                                                                         ^

topology.c(847): remark #869: parameter "set" was never referenced
  static int dontset_proc_cpubind(hwloc_topology_t topology, hwloc_pid_t pid, hwloc_cpuset_t set, int strict)
                                                                                             ^

topology.c(847): remark #869: parameter "strict" was never referenced
  static int dontset_proc_cpubind(hwloc_topology_t topology, hwloc_pid_t pid, hwloc_cpuset_t set, int strict)
                                                                                                      ^

topology.c(852): remark #869: parameter "topology" was never referenced
  static int dontset_thread_cpubind(hwloc_topology_t topology, hwloc_thread_t tid, hwloc_cpuset_t set, int strict)
                                                     ^

topology.c(852): remark #869: parameter "tid" was never referenced
  static int dontset_thread_cpubind(hwloc_topology_t topology, hwloc_thread_t tid, hwloc_cpuset_t set, int strict)
                                                                              ^

topology.c(852): remark #869: parameter "set" was never referenced
  static int dontset_thread_cpubind(hwloc_topology_t topology, hwloc_thread_t tid, hwloc_cpuset_t set, int strict)
                                                                                                  ^

topology.c(852): remark #869: parameter "strict" was never referenced
  static int dontset_thread_cpubind(hwloc_topology_t topology, hwloc_thread_t tid, hwloc_cpuset_t set, int strict)
                                                                                                           ^

topology.c(1224): remark #869: parameter "topology" was never referenced
  hwloc_topology_set_xml(struct hwloc_topology *topology, const char *xmlpath)
                                                ^

topology.c(1224): remark #869: parameter "xmlpath" was never referenced
  hwloc_topology_set_xml(struct hwloc_topology *topology, const char *xmlpath)
                                                                      ^

topology.c(1409): remark #981: operands are evaluated in unspecified order
        assert(hwloc_cpuset_first(father->children[j]->cpuset) == hwloc_cpuset_first(remaining_father_set));
        ^

topology.c(1376): remark #869: parameter "topology" was never referenced
  hwloc__check_children(struct hwloc_topology *topology, struct hwloc_obj *father)
                                               ^

libtool: compile:  icc -std=c99 -DHAVE_CONFIG_H -I. -I../include/private -I../include/hwloc -I../include -I../include -std=c99 -Wall -Wmissing-prototypes -Wundef -Wpointer-arith -Wcast-align -g -O2 -MT topology.lo -MD -MP -MF .deps/topology.Tpo -c topology.c -o topology.o >/dev/null 2>&1
mv -f .deps/topology.Tpo .deps/topology.Plo
/bin/bash ../libtool --tag=CC   --mode=compile icc -std=c99 -DHAVE_CONFIG_H -I. -I../include/private -I../include/hwloc  -I../include -I../include  -std=c99 -Wall -Wmissing-prototypes -Wundef -Wpointer-arith -Wcast-align  -g -O2 -MT traversal.lo -MD -MP -MF .deps/traversal.Tpo -c -o traversal.lo traversal.c
libtool: compile:  icc -std=c99 -DHAVE_CONFIG_H -I. -I../include/private -I../include/hwloc -I../include -I../include -std=c99 -Wall -Wmissing-prototypes -Wundef -Wpointer-arith -Wcast-align -g -O2 -MT traversal.lo -MD -MP -MF .deps/traversal.Tpo -c traversal.c  -fPIC -DPIC -o .libs/traversal.o
icc: command line warning #10156: ignoring option '-W'; no argument required
icc: command line warning #10156: ignoring option '-W'; no argument required
traversal.c(24): warning #188: enumerated type mixed with another type
      return HWLOC_OBJ_TYPE_MAX; /* FIXME: add an invalid value ? */
             ^

traversal.c(165): warning #188: enumerated type mixed with another type
    return HWLOC_OBJ_TYPE_MAX;
           ^

traversal.c(175): remark #869: parameter "topology" was never referenced
  		  struct hwloc_topology *topology, struct hwloc_obj *l, const char *_indexprefix, int verbose)
  		                         ^

libtool: compile:  icc -std=c99 -DHAVE_CONFIG_H -I. -I../include/private -I../include/hwloc -I../include -I../include -std=c99 -Wall -Wmissing-prototypes -Wundef -Wpointer-arith -Wcast-align -g -O2 -MT traversal.lo -MD -MP -MF .deps/traversal.Tpo -c traversal.c -o traversal.o >/dev/null 2>&1
mv -f .deps/traversal.Tpo .deps/traversal.Plo
/bin/bash ../libtool --tag=CC   --mode=compile icc -std=c99 -DHAVE_CONFIG_H -I. -I../include/private -I../include/hwloc  -I../include -I../include  -std=c99 -Wall -Wmissing-prototypes -Wundef -Wpointer-arith -Wcast-align  -g -O2 -MT topology-synthetic.lo -MD -MP -MF .deps/topology-synthetic.Tpo -c -o topology-synthetic.lo topology-synthetic.c
libtool: compile:  icc -std=c99 -DHAVE_CONFIG_H -I. -I../include/private -I../include/hwloc -I../include -I../include -std=c99 -Wall -Wmissing-prototypes -Wundef -Wpointer-arith -Wcast-align -g -O2 -MT topology-synthetic.lo -MD -MP -MF .deps/topology-synthetic.Tpo -c topology-synthetic.c  -fPIC -DPIC -o .libs/topology-synthetic.o
icc: command line warning #10156: ignoring option '-W'; no argument required
icc: command line warning #10156: ignoring option '-W'; no argument required
topology-synthetic.c(34): warning #188: enumerated type mixed with another type
      hwloc_obj_type_t type = HWLOC_OBJ_TYPE_UNKNOWN;
                              ^

libtool: compile:  icc -std=c99 -DHAVE_CONFIG_H -I. -I../include/private -I../include/hwloc -I../include -I../include -std=c99 -Wall -Wmissing-prototypes -Wundef -Wpointer-arith -Wcast-align -g -O2 -MT topology-synthetic.lo -MD -MP -MF .deps/topology-synthetic.Tpo -c topology-synthetic.c -o topology-synthetic.o >/dev/null 2>&1
mv -f .deps/topology-synthetic.Tpo .deps/topology-synthetic.Plo
/bin/bash ../libtool --tag=CC   --mode=compile icc -std=c99 -DHAVE_CONFIG_H -I. -I../include/private -I../include/hwloc  -I../include -I../include  -std=c99 -Wall -Wmissing-prototypes -Wundef -Wpointer-arith -Wcast-align  -g -O2 -MT topology-xml.lo -MD -MP -MF .deps/topology-xml.Tpo -c -o topology-xml.lo topology-xml.c
libtool: compile:  icc -std=c99 -DHAVE_CONFIG_H -I. -I../include/private -I../include/hwloc -I../include -I../include -std=c99 -Wall -Wmissing-prototypes -Wundef -Wpointer-arith -Wcast-align -g -O2 -MT topology-xml.lo -MD -MP -MF .deps/topology-xml.Tpo -c topology-xml.c  -fPIC -DPIC -o .libs/topology-xml.o
icc: command line warning #10156: ignoring option '-W'; no argument required
icc: command line warning #10156: ignoring option '-W'; no argument required
libtool: compile:  icc -std=c99 -DHAVE_CONFIG_H -I. -I../include/private -I../include/hwloc -I../include -I../include -std=c99 -Wall -Wmissing-prototypes -Wundef -Wpointer-arith -Wcast-align -g -O2 -MT topology-xml.lo -MD -MP -MF .deps/topology-xml.Tpo -c topology-xml.c -o topology-xml.o >/dev/null 2>&1
mv -f .deps/topology-xml.Tpo .deps/topology-xml.Plo
/bin/bash ../libtool --tag=CC   --mode=compile icc -std=c99 -DHAVE_CONFIG_H -I. -I../include/private -I../include/hwloc  -I../include -I../include  -std=c99 -Wall -Wmissing-prototypes -Wundef -Wpointer-arith -Wcast-align  -g -O2 -MT bind.lo -MD -MP -MF .deps/bind.Tpo -c -o bind.lo bind.c
libtool: compile:  icc -std=c99 -DHAVE_CONFIG_H -I. -I../include/private -I../include/hwloc -I../include -I../include -std=c99 -Wall -Wmissing-prototypes -Wundef -Wpointer-arith -Wcast-align -g -O2 -MT bind.lo -MD -MP -MF .deps/bind.Tpo -c bind.c  -fPIC -DPIC -o .libs/bind.o
icc: command line warning #10156: ignoring option '-W'; no argument required
icc: command line warning #10156: ignoring option '-W'; no argument required
libtool: compile:  icc -std=c99 -DHAVE_CONFIG_H -I. -I../include/private -I../include/hwloc -I../include -I../include -std=c99 -Wall -Wmissing-prototypes -Wundef -Wpointer-arith -Wcast-align -g -O2 -MT bind.lo -MD -MP -MF .deps/bind.Tpo -c bind.c -o bind.o >/dev/null 2>&1
mv -f .deps/bind.Tpo .deps/bind.Plo
/bin/bash ../libtool --tag=CC   --mode=compile icc -std=c99 -DHAVE_CONFIG_H -I. -I../include/private -I../include/hwloc  -I../include -I../include  -std=c99 -Wall -Wmissing-prototypes -Wundef -Wpointer-arith -Wcast-align  -g -O2 -MT cpuset.lo -MD -MP -MF .deps/cpuset.Tpo -c -o cpuset.lo cpuset.c
libtool: compile:  icc -std=c99 -DHAVE_CONFIG_H -I. -I../include/private -I../include/hwloc -I../include -I../include -std=c99 -Wall -Wmissing-prototypes -Wundef -Wpointer-arith -Wcast-align -g -O2 -MT cpuset.lo -MD -MP -MF .deps/cpuset.Tpo -c cpuset.c  -fPIC -DPIC -o .libs/cpuset.o
icc: command line warning #10156: ignoring option '-W'; no argument required
icc: command line warning #10156: ignoring option '-W'; no argument required
cpuset.c(250): (col. 2) remark: LOOP WAS VECTORIZED.
cpuset.c(272): (col. 2) remark: LOOP WAS VECTORIZED.
cpuset.c(272): (col. 2) remark: LOOP WAS VECTORIZED.
libtool: compile:  icc -std=c99 -DHAVE_CONFIG_H -I. -I../include/private -I../include/hwloc -I../include -I../include -std=c99 -Wall -Wmissing-prototypes -Wundef -Wpointer-arith -Wcast-align -g -O2 -MT cpuset.lo -MD -MP -MF .deps/cpuset.Tpo -c cpuset.c -o cpuset.o >/dev/null 2>&1
mv -f .deps/cpuset.Tpo .deps/cpuset.Plo
/bin/bash ../libtool --tag=CC   --mode=compile icc -std=c99 -DHAVE_CONFIG_H -I. -I../include/private -I../include/hwloc  -I../include -I../include  -std=c99 -Wall -Wmissing-prototypes -Wundef -Wpointer-arith -Wcast-align  -g -O2 -MT topology-linux.lo -MD -MP -MF .deps/topology-linux.Tpo -c -o topology-linux.lo topology-linux.c
libtool: compile:  icc -std=c99 -DHAVE_CONFIG_H -I. -I../include/private -I../include/hwloc -I../include -I../include -std=c99 -Wall -Wmissing-prototypes -Wundef -Wpointer-arith -Wcast-align -g -O2 -MT topology-linux.lo -MD -MP -MF .deps/topology-linux.Tpo -c topology-linux.c  -fPIC -DPIC -o .libs/topology-linux.o
icc: command line warning #10156: ignoring option '-W'; no argument required
icc: command line warning #10156: ignoring option '-W'; no argument required
topology-linux.c(68): remark #869: parameter "mode" was never referenced
  hwloc_accessat(const char *path, int mode, int fsroot_fd)
                                       ^

topology-linux.c(105): remark #869: parameter "topology" was never referenced
  hwloc_linux_set_tid_cpubind(hwloc_topology_t topology, pid_t tid, hwloc_cpuset_t hwloc_set, int strict)
                                               ^

topology-linux.c(105): remark #869: parameter "strict" was never referenced
  hwloc_linux_set_tid_cpubind(hwloc_topology_t topology, pid_t tid, hwloc_cpuset_t hwloc_set, int strict)
                                                                                                  ^

topology-linux.c(156): remark #869: parameter "topology" was never referenced
  hwloc_linux_set_thread_cpubind(hwloc_topology_t topology, pthread_t tid, hwloc_cpuset_t hwloc_set, int strict)
                                                  ^

topology-linux.c(156): remark #869: parameter "strict" was never referenced
  hwloc_linux_set_thread_cpubind(hwloc_topology_t topology, pthread_t tid, hwloc_cpuset_t hwloc_set, int strict)
                                                                                                         ^

topology-linux.c(787): remark #593: variable "proc_oscoreids" was set but never used
    unsigned proc_oscoreids[] = { [0 ... HWLOC_NBMAXCPUS-1] = -1 };
             ^

topology-linux.c(839): (col. 7) remark: LOOP WAS VECTORIZED.
libtool: compile:  icc -std=c99 -DHAVE_CONFIG_H -I. -I../include/private -I../include/hwloc -I../include -I../include -std=c99 -Wall -Wmissing-prototypes -Wundef -Wpointer-arith -Wcast-align -g -O2 -MT topology-linux.lo -MD -MP -MF .deps/topology-linux.Tpo -c topology-linux.c -o topology-linux.o >/dev/null 2>&1
mv -f .deps/topology-linux.Tpo .deps/topology-linux.Plo
/bin/bash ../libtool --tag=CC   --mode=link icc -std=c99 -std=c99 -Wall -Wmissing-prototypes -Wundef -Wpointer-arith -Wcast-align  -g -O2 -version-number 0:0:0  -no-undefined      -o libhwloc.la -rpath /usr/local/lib topology.lo traversal.lo topology-synthetic.lo topology-xml.lo bind.lo cpuset.lo  topology-linux.lo       -ltermcap 
libtool: link: icc -std=c99 -shared  .libs/topology.o .libs/traversal.o .libs/topology-synthetic.o .libs/topology-xml.o .libs/bind.o .libs/cpuset.o .libs/topology-linux.o   -ltermcap    -Wl,-soname -Wl,libhwloc.so.0 -o .libs/libhwloc.so.0.0.0
libtool: link: (cd ".libs" && rm -f "libhwloc.so.0" && ln -s "libhwloc.so.0.0.0" "libhwloc.so.0")
libtool: link: (cd ".libs" && rm -f "libhwloc.so" && ln -s "libhwloc.so.0.0.0" "libhwloc.so")
libtool: link: ar cru .libs/libhwloc.a  topology.o traversal.o topology-synthetic.o topology-xml.o bind.o cpuset.o topology-linux.o
libtool: link: ranlib .libs/libhwloc.a
libtool: link: ( cd ".libs" && rm -f "libhwloc.la" && ln -s "../libhwloc.la" "libhwloc.la" )
make[1]: Leaving directory `/radix-homes/balaji/tmp/hwloc/hwloc-0.9.1rc2/src'
Making all in utils
make[1]: Entering directory `/radix-homes/balaji/tmp/hwloc/hwloc-0.9.1rc2/utils'
icc -std=c99 -DHAVE_CONFIG_H -I. -I../include/private -I../include/hwloc  -I../include -I../include    -g -O2 -MT lstopo-lstopo.o -MD -MP -MF .deps/lstopo-lstopo.Tpo -c -o lstopo-lstopo.o `test -f 'lstopo.c' || echo './'`lstopo.c
mv -f .deps/lstopo-lstopo.Tpo .deps/lstopo-lstopo.Po
icc -std=c99 -DHAVE_CONFIG_H -I. -I../include/private -I../include/hwloc  -I../include -I../include    -g -O2 -MT lstopo-lstopo-color.o -MD -MP -MF .deps/lstopo-lstopo-color.Tpo -c -o lstopo-lstopo-color.o `test -f 'lstopo-color.c' || echo './'`lstopo-color.c
mv -f .deps/lstopo-lstopo-color.Tpo .deps/lstopo-lstopo-color.Po
icc -std=c99 -DHAVE_CONFIG_H -I. -I../include/private -I../include/hwloc  -I../include -I../include    -g -O2 -MT lstopo-lstopo-text.o -MD -MP -MF .deps/lstopo-lstopo-text.Tpo -c -o lstopo-lstopo-text.o `test -f 'lstopo-text.c' || echo './'`lstopo-text.c
mv -f .deps/lstopo-lstopo-text.Tpo .deps/lstopo-lstopo-text.Po
icc -std=c99 -DHAVE_CONFIG_H -I. -I../include/private -I../include/hwloc  -I../include -I../include    -g -O2 -MT lstopo-lstopo-draw.o -MD -MP -MF .deps/lstopo-lstopo-draw.Tpo -c -o lstopo-lstopo-draw.o `test -f 'lstopo-draw.c' || echo './'`lstopo-draw.c
mv -f .deps/lstopo-lstopo-draw.Tpo .deps/lstopo-lstopo-draw.Po
icc -std=c99 -DHAVE_CONFIG_H -I. -I../include/private -I../include/hwloc  -I../include -I../include    -g -O2 -MT lstopo-lstopo-fig.o -MD -MP -MF .deps/lstopo-lstopo-fig.Tpo -c -o lstopo-lstopo-fig.o `test -f 'lstopo-fig.c' || echo './'`lstopo-fig.c
mv -f .deps/lstopo-lstopo-fig.Tpo .deps/lstopo-lstopo-fig.Po
icc -std=c99 -DHAVE_CONFIG_H -I. -I../include/private -I../include/hwloc  -I../include -I../include    -g -O2 -MT lstopo-lstopo-cairo.o -MD -MP -MF .deps/lstopo-lstopo-cairo.Tpo -c -o lstopo-lstopo-cairo.o `test -f 'lstopo-cairo.c' || echo './'`lstopo-cairo.c
mv -f .deps/lstopo-lstopo-cairo.Tpo .deps/lstopo-lstopo-cairo.Po
icc -std=c99 -DHAVE_CONFIG_H -I. -I../include/private -I../include/hwloc  -I../include -I../include    -g -O2 -MT lstopo-lstopo-xml.o -MD -MP -MF .deps/lstopo-lstopo-xml.Tpo -c -o lstopo-lstopo-xml.o `test -f 'lstopo-xml.c' || echo './'`lstopo-xml.c
mv -f .deps/lstopo-lstopo-xml.Tpo .deps/lstopo-lstopo-xml.Po
/bin/bash ../libtool --tag=CC   --mode=link icc -std=c99   -g -O2 -L../src  -o lstopo lstopo-lstopo.o lstopo-lstopo-color.o lstopo-lstopo-text.o lstopo-lstopo-draw.o lstopo-lstopo-fig.o lstopo-lstopo-cairo.o lstopo-lstopo-xml.o    -lm ../src/libhwloc.la
libtool: link: icc -std=c99 -g -O2 -o .libs/lstopo lstopo-lstopo.o lstopo-lstopo-color.o lstopo-lstopo-text.o lstopo-lstopo-draw.o lstopo-lstopo-fig.o lstopo-lstopo-cairo.o lstopo-lstopo-xml.o  -L/home/balaji/tmp/hwloc/hwloc-0.9.1rc2/src -lm ../src/.libs/libhwloc.so -ltermcap
icc -std=c99 -DHAVE_CONFIG_H -I. -I../include/private -I../include/hwloc  -I../include -I../include  -std=c99 -Wall -Wmissing-prototypes -Wundef -Wpointer-arith -Wcast-align -g -O2 -MT hwloc-mask.o -MD -MP -MF .deps/hwloc-mask.Tpo -c -o hwloc-mask.o hwloc-mask.c
icc: command line warning #10156: ignoring option '-W'; no argument required
icc: command line warning #10156: ignoring option '-W'; no argument required
mv -f .deps/hwloc-mask.Tpo .deps/hwloc-mask.Po
/bin/bash ../libtool --tag=CC   --mode=link icc -std=c99 -std=c99 -Wall -Wmissing-prototypes -Wundef -Wpointer-arith -Wcast-align -g -O2 -L../src  -o hwloc-mask hwloc-mask.o  ../src/libhwloc.la
libtool: link: icc -std=c99 -std=c99 -Wall -Wmissing-prototypes -Wundef -Wpointer-arith -Wcast-align -g -O2 -o .libs/hwloc-mask hwloc-mask.o  -L/home/balaji/tmp/hwloc/hwloc-0.9.1rc2/src ../src/.libs/libhwloc.so -ltermcap
icc: command line warning #10156: ignoring option '-W'; no argument required
icc: command line warning #10156: ignoring option '-W'; no argument required
icc -std=c99 -DHAVE_CONFIG_H -I. -I../include/private -I../include/hwloc  -I../include -I../include  -std=c99 -Wall -Wmissing-prototypes -Wundef -Wpointer-arith -Wcast-align -g -O2 -MT hwloc-bind.o -MD -MP -MF .deps/hwloc-bind.Tpo -c -o hwloc-bind.o hwloc-bind.c
icc: command line warning #10156: ignoring option '-W'; no argument required
icc: command line warning #10156: ignoring option '-W'; no argument required
hwloc-bind.c(101): remark #981: operands are evaluated in unspecified order
        fprintf(stderr, "hwloc_set_cpubind %s failed (errno %d %s)\n", s, errno, strerror(errno));
                                                                                 ^

hwloc-bind.c(101): remark #981: operands are evaluated in unspecified order
        fprintf(stderr, "hwloc_set_cpubind %s failed (errno %d %s)\n", s, errno, strerror(errno));
        ^

mv -f .deps/hwloc-bind.Tpo .deps/hwloc-bind.Po
/bin/bash ../libtool --tag=CC   --mode=link icc -std=c99 -std=c99 -Wall -Wmissing-prototypes -Wundef -Wpointer-arith -Wcast-align -g -O2 -L../src  -o hwloc-bind hwloc-bind.o  ../src/libhwloc.la
libtool: link: icc -std=c99 -std=c99 -Wall -Wmissing-prototypes -Wundef -Wpointer-arith -Wcast-align -g -O2 -o .libs/hwloc-bind hwloc-bind.o  -L/home/balaji/tmp/hwloc/hwloc-0.9.1rc2/src ../src/.libs/libhwloc.so -ltermcap
icc: command line warning #10156: ignoring option '-W'; no argument required
icc: command line warning #10156: ignoring option '-W'; no argument required
icc -std=c99 -DHAVE_CONFIG_H -I. -I../include/private -I../include/hwloc  -I../include -I../include  -std=c99 -Wall -Wmissing-prototypes -Wundef -Wpointer-arith -Wcast-align -g -O2 -MT hwloc-distrib.o -MD -MP -MF .deps/hwloc-distrib.Tpo -c -o hwloc-distrib.o hwloc-distrib.c
icc: command line warning #10156: ignoring option '-W'; no argument required
icc: command line warning #10156: ignoring option '-W'; no argument required
mv -f .deps/hwloc-distrib.Tpo .deps/hwloc-distrib.Po
/bin/bash ../libtool --tag=CC   --mode=link icc -std=c99 -std=c99 -Wall -Wmissing-prototypes -Wundef -Wpointer-arith -Wcast-align -g -O2 -L../src  -o hwloc-distrib hwloc-distrib.o  ../src/libhwloc.la
libtool: link: icc -std=c99 -std=c99 -Wall -Wmissing-prototypes -Wundef -Wpointer-arith -Wcast-align -g -O2 -o .libs/hwloc-distrib hwloc-distrib.o  -L/home/balaji/tmp/hwloc/hwloc-0.9.1rc2/src ../src/.libs/libhwloc.so -ltermcap
icc: command line warning #10156: ignoring option '-W'; no argument required
icc: command line warning #10156: ignoring option '-W'; no argument required
Creating lstopo.1 man page...
Creating hwloc-bind.1 man page...
Creating hwloc-distrib.1 man page...
Creating hwloc-mask.1 man page...
make[1]: Leaving directory `/radix-homes/balaji/tmp/hwloc/hwloc-0.9.1rc2/utils'
Making all in tests
make[1]: Entering directory `/radix-homes/balaji/tmp/hwloc/hwloc-0.9.1rc2/tests'
Making all in linux
make[2]: Entering directory `/radix-homes/balaji/tmp/hwloc/hwloc-0.9.1rc2/tests/linux'
make[2]: Nothing to be done for `all'.
make[2]: Leaving directory `/radix-homes/balaji/tmp/hwloc/hwloc-0.9.1rc2/tests/linux'
Making all in ports
make[2]: Entering directory `/radix-homes/balaji/tmp/hwloc/hwloc-0.9.1rc2/tests/ports'
make[2]: Nothing to be done for `all'.
make[2]: Leaving directory `/radix-homes/balaji/tmp/hwloc/hwloc-0.9.1rc2/tests/ports'
make[2]: Entering directory `/radix-homes/balaji/tmp/hwloc/hwloc-0.9.1rc2/tests'
make[2]: Nothing to be done for `all-am'.
make[2]: Leaving directory `/radix-homes/balaji/tmp/hwloc/hwloc-0.9.1rc2/tests'
make[1]: Leaving directory `/radix-homes/balaji/tmp/hwloc/hwloc-0.9.1rc2/tests'
Making all in include
make[1]: Entering directory `/radix-homes/balaji/tmp/hwloc/hwloc-0.9.1rc2/include'
make[1]: Nothing to be done for `all'.
make[1]: Leaving directory `/radix-homes/balaji/tmp/hwloc/hwloc-0.9.1rc2/include'
Making all in doc
make[1]: Entering directory `/radix-homes/balaji/tmp/hwloc/hwloc-0.9.1rc2/doc'
make  all-am
make[2]: Entering directory `/radix-homes/balaji/tmp/hwloc/hwloc-0.9.1rc2/doc'
make[2]: Nothing to be done for `all-am'.
make[2]: Leaving directory `/radix-homes/balaji/tmp/hwloc/hwloc-0.9.1rc2/doc'
make[1]: Leaving directory `/radix-homes/balaji/tmp/hwloc/hwloc-0.9.1rc2/doc'
make[1]: Entering directory `/radix-homes/balaji/tmp/hwloc/hwloc-0.9.1rc2'
make[1]: Nothing to be done for `all-am'.
make[1]: Leaving directory `/radix-homes/balaji/tmp/hwloc/hwloc-0.9.1rc2'

