Making all in src
make[1]: Entering directory `/radix-homes/balaji/tmp/hwloc/hwloc-0.9.1rc2/src'
source='topology.c' object='topology.lo' libtool=yes \
	DEPDIR=.deps depmode=none /bin/bash ../config/depcomp \
	/bin/bash ../libtool --tag=CC   --mode=compile suncc -DHAVE_CONFIG_H -I. -I../include/private -I../include/hwloc  -I../include -I../include    -g -c -o topology.lo topology.c
libtool: compile:  suncc -DHAVE_CONFIG_H -I. -I../include/private -I../include/hwloc -I../include -I../include -g -c topology.c  -KPIC -DPIC -o .libs/topology.o
"../include/hwloc/helper.h", line 46: warning: statement not reached
"../include/hwloc/helper.h", line 69: warning: statement not reached
"../include/private/private.h", line 197: warning: argument mismatch
"topology.c", line 113: warning: argument mismatch
"topology.c", line 232: warning: argument mismatch
"topology.c", line 345: warning: argument mismatch
"topology.c", line 376: warning: argument mismatch
"topology.c", line 942: warning: argument mismatch
"topology.c", line 946: warning: argument mismatch
"topology.c", line 949: warning: argument mismatch
"topology.c", line 954: warning: argument mismatch
"topology.c", line 957: warning: argument mismatch
libtool: compile:  suncc -DHAVE_CONFIG_H -I. -I../include/private -I../include/hwloc -I../include -I../include -g -c topology.c -o topology.o >/dev/null 2>&1
source='traversal.c' object='traversal.lo' libtool=yes \
	DEPDIR=.deps depmode=none /bin/bash ../config/depcomp \
	/bin/bash ../libtool --tag=CC   --mode=compile suncc -DHAVE_CONFIG_H -I. -I../include/private -I../include/hwloc  -I../include -I../include    -g -c -o traversal.lo traversal.c
libtool: compile:  suncc -DHAVE_CONFIG_H -I. -I../include/private -I../include/hwloc -I../include -I../include -g -c traversal.c  -KPIC -DPIC -o .libs/traversal.o
"../include/hwloc/helper.h", line 46: warning: statement not reached
"../include/hwloc/helper.h", line 69: warning: statement not reached
"../include/private/private.h", line 197: warning: argument mismatch
libtool: compile:  suncc -DHAVE_CONFIG_H -I. -I../include/private -I../include/hwloc -I../include -I../include -g -c traversal.c -o traversal.o >/dev/null 2>&1
source='topology-synthetic.c' object='topology-synthetic.lo' libtool=yes \
	DEPDIR=.deps depmode=none /bin/bash ../config/depcomp \
	/bin/bash ../libtool --tag=CC   --mode=compile suncc -DHAVE_CONFIG_H -I. -I../include/private -I../include/hwloc  -I../include -I../include    -g -c -o topology-synthetic.lo topology-synthetic.c
libtool: compile:  suncc -DHAVE_CONFIG_H -I. -I../include/private -I../include/hwloc -I../include -I../include -g -c topology-synthetic.c  -KPIC -DPIC -o .libs/topology-synthetic.o
"../include/hwloc/helper.h", line 46: warning: statement not reached
"../include/hwloc/helper.h", line 69: warning: statement not reached
"../include/private/private.h", line 197: warning: argument mismatch
libtool: compile:  suncc -DHAVE_CONFIG_H -I. -I../include/private -I../include/hwloc -I../include -I../include -g -c topology-synthetic.c -o topology-synthetic.o >/dev/null 2>&1
source='topology-xml.c' object='topology-xml.lo' libtool=yes \
	DEPDIR=.deps depmode=none /bin/bash ../config/depcomp \
	/bin/bash ../libtool --tag=CC   --mode=compile suncc -DHAVE_CONFIG_H -I. -I../include/private -I../include/hwloc  -I../include -I../include    -g -c -o topology-xml.lo topology-xml.c
libtool: compile:  suncc -DHAVE_CONFIG_H -I. -I../include/private -I../include/hwloc -I../include -I../include -g -c topology-xml.c  -KPIC -DPIC -o .libs/topology-xml.o
"../include/hwloc/helper.h", line 46: warning: statement not reached
"../include/hwloc/helper.h", line 69: warning: statement not reached
"../include/private/private.h", line 197: warning: argument mismatch
libtool: compile:  suncc -DHAVE_CONFIG_H -I. -I../include/private -I../include/hwloc -I../include -I../include -g -c topology-xml.c -o topology-xml.o >/dev/null 2>&1
source='bind.c' object='bind.lo' libtool=yes \
	DEPDIR=.deps depmode=none /bin/bash ../config/depcomp \
	/bin/bash ../libtool --tag=CC   --mode=compile suncc -DHAVE_CONFIG_H -I. -I../include/private -I../include/hwloc  -I../include -I../include    -g -c -o bind.lo bind.c
libtool: compile:  suncc -DHAVE_CONFIG_H -I. -I../include/private -I../include/hwloc -I../include -I../include -g -c bind.c  -KPIC -DPIC -o .libs/bind.o
"../include/hwloc/helper.h", line 46: warning: statement not reached
"../include/hwloc/helper.h", line 69: warning: statement not reached
"../include/private/private.h", line 197: warning: argument mismatch
libtool: compile:  suncc -DHAVE_CONFIG_H -I. -I../include/private -I../include/hwloc -I../include -I../include -g -c bind.c -o bind.o >/dev/null 2>&1
source='cpuset.c' object='cpuset.lo' libtool=yes \
	DEPDIR=.deps depmode=none /bin/bash ../config/depcomp \
	/bin/bash ../libtool --tag=CC   --mode=compile suncc -DHAVE_CONFIG_H -I. -I../include/private -I../include/hwloc  -I../include -I../include    -g -c -o cpuset.lo cpuset.c
libtool: compile:  suncc -DHAVE_CONFIG_H -I. -I../include/private -I../include/hwloc -I../include -I../include -g -c cpuset.c  -KPIC -DPIC -o .libs/cpuset.o
"../include/hwloc/helper.h", line 46: warning: statement not reached
"../include/hwloc/helper.h", line 69: warning: statement not reached
"../include/private/private.h", line 197: warning: argument mismatch
"cpuset.c", line 453: warning: implicit function declaration: ffsl
libtool: compile:  suncc -DHAVE_CONFIG_H -I. -I../include/private -I../include/hwloc -I../include -I../include -g -c cpuset.c -o cpuset.o >/dev/null 2>&1
source='topology-linux.c' object='topology-linux.lo' libtool=yes \
	DEPDIR=.deps depmode=none /bin/bash ../config/depcomp \
	/bin/bash ../libtool --tag=CC   --mode=compile suncc -DHAVE_CONFIG_H -I. -I../include/private -I../include/hwloc  -I../include -I../include    -g -c -o topology-linux.lo topology-linux.c
libtool: compile:  suncc -DHAVE_CONFIG_H -I. -I../include/private -I../include/hwloc -I../include -I../include -g -c topology-linux.c  -KPIC -DPIC -o .libs/topology-linux.o
"../include/hwloc/helper.h", line 46: warning: statement not reached
"../include/hwloc/helper.h", line 69: warning: statement not reached
"../include/private/private.h", line 197: warning: argument mismatch
"topology-linux.c", line 535: warning: initializer does not fit or is out of range: -1
"topology-linux.c", line 536: warning: initializer does not fit or is out of range: -1
"topology-linux.c", line 782: syntax error before or at: ...
"topology-linux.c", line 782: warning: null dimension: proc_physids
"topology-linux.c", line 783: syntax error before or at: ...
"topology-linux.c", line 783: warning: null dimension: osphysids
"topology-linux.c", line 784: syntax error before or at: ...
"topology-linux.c", line 784: warning: null dimension: proc_coreids
"topology-linux.c", line 785: syntax error before or at: ...
"topology-linux.c", line 785: warning: null dimension: oscoreids
"topology-linux.c", line 786: syntax error before or at: ...
"topology-linux.c", line 786: warning: null dimension: proc_osphysids
"topology-linux.c", line 787: syntax error before or at: ...
"topology-linux.c", line 787: warning: null dimension: proc_oscoreids
"topology-linux.c", line 788: syntax error before or at: ...
"topology-linux.c", line 788: warning: null dimension: core_osphysids
"topology-linux.c", line 802: warning: argument mismatch
"topology-linux.c", line 808: warning: argument mismatch
"topology-linux.c", line 888: warning: argument mismatch
"topology-linux.c", line 903: cannot recover from previous errors
cc: acomp failed for topology-linux.c
make[1]: *** [topology-linux.lo] Error 1
make[1]: Leaving directory `/radix-homes/balaji/tmp/hwloc/hwloc-0.9.1rc2/src'
make: *** [all-recursive] Error 1

