/opt/software/intel/impi/4.1.0.030/intel64/bin/mpiexec.hydra -machinefile machines.pYAvuK -n 32 -binding domain=core ../osu_impi/libexec/osu-micro-benchmarks/mpi/pt2pt/osu_mbw_mr -v -r=0
[5] DAPL startup(): trying to open default DAPL provider from dat registry: ofa-v2-mlx4_0-1
[3] DAPL startup(): trying to open default DAPL provider from dat registry: ofa-v2-mlx4_0-1
[6] DAPL startup(): trying to open default DAPL provider from dat registry: ofa-v2-mlx4_0-1
[10] DAPL startup(): trying to open default DAPL provider from dat registry: ofa-v2-mlx4_0-1
[0] DAPL startup(): trying to open default DAPL provider from dat registry: ofa-v2-mlx4_0-1
[2] DAPL startup(): trying to open default DAPL provider from dat registry: ofa-v2-mlx4_0-1
[7] DAPL startup(): trying to open default DAPL provider from dat registry: ofa-v2-mlx4_0-1
[8] DAPL startup(): trying to open default DAPL provider from dat registry: ofa-v2-mlx4_0-1
[9] DAPL startup(): trying to open default DAPL provider from dat registry: ofa-v2-mlx4_0-1
[11] DAPL startup(): trying to open default DAPL provider from dat registry: ofa-v2-mlx4_0-1
[14] DAPL startup(): trying to open default DAPL provider from dat registry: ofa-v2-mlx4_0-1
[15] DAPL startup(): trying to open default DAPL provider from dat registry: ofa-v2-mlx4_0-1
[1] DAPL startup(): trying to open default DAPL provider from dat registry: ofa-v2-mlx4_0-1
[4] DAPL startup(): trying to open default DAPL provider from dat registry: ofa-v2-mlx4_0-1
[12] DAPL startup(): trying to open default DAPL provider from dat registry: ofa-v2-mlx4_0-1
[13] DAPL startup(): trying to open default DAPL provider from dat registry: ofa-v2-mlx4_0-1
[22] DAPL startup(): trying to open default DAPL provider from dat registry: ofa-v2-mlx4_0-1
[20] DAPL startup(): trying to open default DAPL provider from dat registry: ofa-v2-mlx4_0-1
[21] DAPL startup(): trying to open default DAPL provider from dat registry: ofa-v2-mlx4_0-1
[23] DAPL startup(): trying to open default DAPL provider from dat registry: ofa-v2-mlx4_0-1
[29] DAPL startup(): trying to open default DAPL provider from dat registry: ofa-v2-mlx4_0-1
[18] DAPL startup(): trying to open default DAPL provider from dat registry: ofa-v2-mlx4_0-1
[24] DAPL startup(): trying to open default DAPL provider from dat registry: ofa-v2-mlx4_0-1
[26] DAPL startup(): trying to open default DAPL provider from dat registry: ofa-v2-mlx4_0-1
[28] DAPL startup(): trying to open default DAPL provider from dat registry: ofa-v2-mlx4_0-1
[19] DAPL startup(): trying to open default DAPL provider from dat registry: ofa-v2-mlx4_0-1
[30] DAPL startup(): trying to open default DAPL provider from dat registry: ofa-v2-mlx4_0-1
[16] DAPL startup(): trying to open default DAPL provider from dat registry: ofa-v2-mlx4_0-1
[17] DAPL startup(): trying to open default DAPL provider from dat registry: ofa-v2-mlx4_0-1
[25] DAPL startup(): trying to open default DAPL provider from dat registry: ofa-v2-mlx4_0-1
[27] DAPL startup(): trying to open default DAPL provider from dat registry: ofa-v2-mlx4_0-1
[31] DAPL startup(): trying to open default DAPL provider from dat registry: ofa-v2-mlx4_0-1
[8] MPI startup(): DAPL provider ofa-v2-mlx4_0-1
[2] MPI startup(): DAPL provider ofa-v2-mlx4_0-1
[8] MPI startup(): shm and dapl data transfer modes
[2] MPI startup(): shm and dapl data transfer modes
[10] MPI startup(): DAPL provider ofa-v2-mlx4_0-1
[10] MPI startup(): shm and dapl data transfer modes
[1] MPI startup(): DAPL provider ofa-v2-mlx4_0-1
[1] MPI startup(): shm and dapl data transfer modes
[12] MPI startup(): DAPL provider ofa-v2-mlx4_0-1
[14] MPI startup(): DAPL provider ofa-v2-mlx4_0-1
[15] MPI startup(): DAPL provider ofa-v2-mlx4_0-1
[12] MPI startup(): shm and dapl data transfer modes
[14] MPI startup(): shm and dapl data transfer modes
[15] MPI startup(): shm and dapl data transfer modes
[13] MPI startup(): DAPL provider ofa-v2-mlx4_0-1
[13] MPI startup(): shm and dapl data transfer modes
[3] MPI startup(): DAPL provider ofa-v2-mlx4_0-1
[0] MPI startup(): DAPL provider ofa-v2-mlx4_0-1
[3] MPI startup(): shm and dapl data transfer modes
[0] MPI startup(): shm and dapl data transfer modes
[7] MPI startup(): DAPL provider ofa-v2-mlx4_0-1
[4] MPI startup(): DAPL provider ofa-v2-mlx4_0-1
[5] MPI startup(): DAPL provider ofa-v2-mlx4_0-1
[5] MPI startup(): shm and dapl data transfer modes
[6] MPI startup(): DAPL provider ofa-v2-mlx4_0-1
[6] MPI startup(): shm and dapl data transfer modes
[4] MPI startup(): shm and dapl data transfer modes
[9] MPI startup(): DAPL provider ofa-v2-mlx4_0-1
[9] MPI startup(): shm and dapl data transfer modes
[7] MPI startup(): shm and dapl data transfer modes
[11] MPI startup(): DAPL provider ofa-v2-mlx4_0-1
[11] MPI startup(): shm and dapl data transfer modes
[31] MPI startup(): DAPL provider ofa-v2-mlx4_0-1
[31] MPI startup(): shm and dapl data transfer modes
[17] MPI startup(): DAPL provider ofa-v2-mlx4_0-1
[17] MPI startup(): shm and dapl data transfer modes
[22] MPI startup(): DAPL provider ofa-v2-mlx4_0-1
[22] MPI startup(): shm and dapl data transfer modes
[30] MPI startup(): DAPL provider ofa-v2-mlx4_0-1
[30] MPI startup(): shm and dapl data transfer modes
[16] MPI startup(): DAPL provider ofa-v2-mlx4_0-1
[29] MPI startup(): DAPL provider ofa-v2-mlx4_0-1
[16] MPI startup(): shm and dapl data transfer modes
[29] MPI startup(): shm and dapl data transfer modes
[23] MPI startup(): DAPL provider ofa-v2-mlx4_0-1
[23] MPI startup(): shm and dapl data transfer modes
[28] MPI startup(): DAPL provider ofa-v2-mlx4_0-1
[28] MPI startup(): shm and dapl data transfer modes
[18] MPI startup(): DAPL provider ofa-v2-mlx4_0-1
[20] MPI startup(): DAPL provider ofa-v2-mlx4_0-1
[18] MPI startup(): shm and dapl data transfer modes
[20] MPI startup(): shm and dapl data transfer modes
[19] MPI startup(): DAPL provider ofa-v2-mlx4_0-1
[19] MPI startup(): shm and dapl data transfer modes
[26] MPI startup(): DAPL provider ofa-v2-mlx4_0-1
[26] MPI startup(): shm and dapl data transfer modes
[27] MPI startup(): DAPL provider ofa-v2-mlx4_0-1
[24] MPI startup(): DAPL provider ofa-v2-mlx4_0-1
[25] MPI startup(): DAPL provider ofa-v2-mlx4_0-1
[24] MPI startup(): shm and dapl data transfer modes
[25] MPI startup(): shm and dapl data transfer modes
[27] MPI startup(): shm and dapl data transfer modes
[21] MPI startup(): DAPL provider ofa-v2-mlx4_0-1
[21] MPI startup(): shm and dapl data transfer modes
[0] MPI startup(): Rank    Pid      Node name  Pin cpu
[0] MPI startup(): 0       81929    node10     {0,16}
[0] MPI startup(): 1       81930    node10     {1,17}
[0] MPI startup(): 2       81931    node10     {2,18}
[0] MPI startup(): 3       81932    node10     {3,19}
[0] MPI startup(): 4       81933    node10     {4,20}
[0] MPI startup(): 5       81934    node10     {5,21}
[0] MPI startup(): 6       81935    node10     {6,22}
[0] MPI startup(): 7       81936    node10     {7,23}
[0] MPI startup(): 8       81937    node10     {8,24}
[0] MPI startup(): 9       81938    node10     {9,25}
[0] MPI startup(): 10      81939    node10     {10,26}
[0] MPI startup(): 11      81940    node10     {11,27}
[0] MPI startup(): 12      81941    node10     {12,28}
[0] MPI startup(): 13      81942    node10     {13,29}
[0] MPI startup(): 14      81943    node10     {14,30}
[0] MPI startup(): 15      81944    node10     {15,31}
[0] MPI startup(): 16      64747    node13     {0,16}
[0] MPI startup(): 17      64748    node13     {1,17}
[0] MPI startup(): 18      64749    node13     {2,18}
[0] MPI startup(): 19      64750    node13     {3,19}
[0] MPI startup(): 20      64751    node13     {4,20}
[0] MPI startup(): 21      64752    node13     {5,21}
[0] MPI startup(): 22      64753    node13     {6,22}
[0] MPI startup(): 23      64754    node13     {7,23}
[0] MPI startup(): 24      64755    node13     {8,24}
[0] MPI startup(): 25      64756    node13     {9,25}
[0] MPI startup(): 26      64757    node13     {10,26}
[0] MPI startup(): 27      64758    node13     {11,27}
[0] MPI startup(): 28      64759    node13     {12,28}
[0] MPI startup(): 29      64760    node13     {13,29}
[0] MPI startup(): 30      64761    node13     {14,30}
[0] MPI startup(): 31      64762    node13     {15,31}
# OSU MPI Multiple Bandwidth / Message Rate Test v4.4.1
# [ pairs: 16 ] [ window size: varied ]

# Uni-directional Bandwidth (MB/sec)
#                 8          16          32          64         128         256         512        1024
1             12.72       16.00       13.65       16.68       16.70       13.91        9.86        6.64
2             27.59       29.30       28.19       29.32       33.22       30.58       22.50       13.83
4             66.44       54.79       57.18       58.65       64.91       61.97       45.04       27.67
8             66.30       77.49       77.99       92.10      104.67       93.85       77.36       53.96
16           135.20      156.06      157.52      185.35      218.63      188.08      153.94      108.20
32           260.83      295.49      259.01      310.19      348.72      312.68      276.78      214.51
64           554.68      650.87      582.92      676.10      728.61      674.53      593.53      430.19
128         1029.96     1125.13      960.91     1050.01     1170.87     1104.25      987.76      800.70
256         1746.11     2291.26     2073.29     2118.06     2194.17     2114.97     1868.93     1589.52
512         2824.53     3641.97     3311.35     3413.25     3455.54     3416.65     3140.86     2811.61
1024        2610.38     3592.56     2937.56     3160.70     3263.35     3316.68     3303.54     3228.17
2048        1873.38     1878.58     1918.61     1866.07     1825.29     1826.03     1814.65     1804.30
4096        2734.16     2841.55     2802.13     2779.48     2755.59     2768.61     2771.90     2725.18
8192        3695.69     3653.19     3639.64     3636.14     3621.63     3624.03     3619.65     3612.37
16384       4482.13     4465.04     4437.18     4429.61     4423.10     4423.36     4429.50     4428.67
32768       5902.67     5900.87     5930.05     5931.85     5933.11     5942.88     5945.23     5944.79
65536       6222.99     6230.16     6240.36     6214.45     6220.25     6224.09     6217.32     6217.03
131072      6299.63     6303.41     6306.48     6307.48     6309.06     6310.82     6308.34     6305.65
262144      6345.03     6342.40     6345.46     6346.96     6347.42     6346.26     6344.69     6345.71
524288      6366.96     6361.73     6363.41     6363.85     6367.05     6367.02     6367.69     6364.02
1048576     6133.53     6143.67     6143.40     6135.36     6121.16     6108.19     6107.81     6108.22
2097152     6114.57     6118.85