cat hostlist
node13 slots=16
node195 slots=16

/gpfs/NETHOME/oivt1/nicevt/itf/sources/hpcx-v1.3.330-icc-OFED-1.5.4.1-redhat6.2-x86_64/ompi-mellanox-fca-v1.8.5/bin/mpirun -report-bindings -display-map -mca coll_hcoll_enable 1 -x HCOLL_MAIN_IB=mlx4_0:1 -x MXM_IB_PORTS=mlx4_0:1 -x MXM_SHM_KCOPY_MODE=off --mca pml yalla --map-by core --bind-to core --hostfile hostlist ../osu_ompi_hcoll/libexec/osu-micro-benchmarks/mpi/pt2pt/osu_mbw_mr -v -r=0
--------------------------------------------------------------------------
WARNING: a request was made to bind a process. While the system
supports binding the process itself, at least one node does NOT
support binding memory to the process location.

  Node:  node13

This usually is due to not having the required NUMA support installed
on the node. In some Linux distributions, the required support is
contained in the libnumactl and libnumactl-devel packages.
This is a warning only; your job will continue, though performance may be degraded.
--------------------------------------------------------------------------
 Data for JOB [55666,1] offset 0

 ========================   JOB MAP   ========================

 Data for node: node13	Num slots: 16	Max slots: 0	Num procs: 16
 	Process OMPI jobid: [55666,1] App: 0 Process rank: 0
 	Process OMPI jobid: [55666,1] App: 0 Process rank: 1
 	Process OMPI jobid: [55666,1] App: 0 Process rank: 2
 	Process OMPI jobid: [55666,1] App: 0 Process rank: 3
 	Process OMPI jobid: [55666,1] App: 0 Process rank: 4
 	Process OMPI jobid: [55666,1] App: 0 Process rank: 5
 	Process OMPI jobid: [55666,1] App: 0 Process rank: 6
 	Process OMPI jobid: [55666,1] App: 0 Process rank: 7
 	Process OMPI jobid: [55666,1] App: 0 Process rank: 8
 	Process OMPI jobid: [55666,1] App: 0 Process rank: 9
 	Process OMPI jobid: [55666,1] App: 0 Process rank: 10
 	Process OMPI jobid: [55666,1] App: 0 Process rank: 11
 	Process OMPI jobid: [55666,1] App: 0 Process rank: 12
 	Process OMPI jobid: [55666,1] App: 0 Process rank: 13
 	Process OMPI jobid: [55666,1] App: 0 Process rank: 14
 	Process OMPI jobid: [55666,1] App: 0 Process rank: 15

 Data for node: node195	Num slots: 16	Max slots: 0	Num procs: 16
 	Process OMPI jobid: [55666,1] App: 0 Process rank: 16
 	Process OMPI jobid: [55666,1] App: 0 Process rank: 17
 	Process OMPI jobid: [55666,1] App: 0 Process rank: 18
 	Process OMPI jobid: [55666,1] App: 0 Process rank: 19
 	Process OMPI jobid: [55666,1] App: 0 Process rank: 20
 	Process OMPI jobid: [55666,1] App: 0 Process rank: 21
 	Process OMPI jobid: [55666,1] App: 0 Process rank: 22
 	Process OMPI jobid: [55666,1] App: 0 Process rank: 23
 	Process OMPI jobid: [55666,1] App: 0 Process rank: 24
 	Process OMPI jobid: [55666,1] App: 0 Process rank: 25
 	Process OMPI jobid: [55666,1] App: 0 Process rank: 26
 	Process OMPI jobid: [55666,1] App: 0 Process rank: 27
 	Process OMPI jobid: [55666,1] App: 0 Process rank: 28
 	Process OMPI jobid: [55666,1] App: 0 Process rank: 29
 	Process OMPI jobid: [55666,1] App: 0 Process rank: 30
 	Process OMPI jobid: [55666,1] App: 0 Process rank: 31

 =============================================================
[1434458222.124386] [node13:68780:0]         sys.c:744  MXM  WARN  Conflicting CPU frequencies detected, using: 2901.00
[1434458222.124383] [node13:68783:0]         sys.c:744  MXM  WARN  Conflicting CPU frequencies detected, using: 2901.00
[1434458222.124392] [node13:68782:0]         sys.c:744  MXM  WARN  Conflicting CPU frequencies detected, using: 2901.00
[1434458222.124382] [node13:68786:0]         sys.c:744  MXM  WARN  Conflicting CPU frequencies detected, using: 2901.00
[1434458222.124408] [node13:68771:0]         sys.c:744  MXM  WARN  Conflicting CPU frequencies detected, using: 2901.00
[1434458222.124403] [node13:68772:0]         sys.c:744  MXM  WARN  Conflicting CPU frequencies detected, using: 2901.00
[1434458222.124409] [node13:68773:0]         sys.c:744  MXM  WARN  Conflicting CPU frequencies detected, using: 2901.00
[1434458222.124419] [node13:68774:0]         sys.c:744  MXM  WARN  Conflicting CPU frequencies detected, using: 2901.00
[1434458222.124403] [node13:68776:0]         sys.c:744  MXM  WARN  Conflicting CPU frequencies detected, using: 2901.00
[1434458222.124417] [node13:68775:0]         sys.c:744  MXM  WARN  Conflicting CPU frequencies detected, using: 2901.00
[1434458222.124405] [node13:68777:0]         sys.c:744  MXM  WARN  Conflicting CPU frequencies detected, using: 2901.00
[1434458222.124420] [node13:68778:0]         sys.c:744  MXM  WARN  Conflicting CPU frequencies detected, using: 2901.00
[1434458222.124390] [node13:68779:0]         sys.c:744  MXM  WARN  Conflicting CPU frequencies detected, using: 2901.00
[1434458222.124382] [node13:68781:0]         sys.c:744  MXM  WARN  Conflicting CPU frequencies detected, using: 2901.00
[1434458222.124660] [node13:68784:0]         sys.c:744  MXM  WARN  Conflicting CPU frequencies detected, using: 2901.00
[1434458222.124390] [node13:68785:0]         sys.c:744  MXM  WARN  Conflicting CPU frequencies detected, using: 2901.00
[1434458222.124894] [node195:34434:0]         sys.c:744  MXM  WARN  Conflicting CPU frequencies detected, using: 2901.00
[1434458222.124899] [node195:34435:0]         sys.c:744  MXM  WARN  Conflicting CPU frequencies detected, using: 2901.00
[1434458222.124899] [node195:34436:0]         sys.c:744  MXM  WARN  Conflicting CPU frequencies detected, using: 2901.00
[1434458222.124901] [node195:34438:0]         sys.c:744  MXM  WARN  Conflicting CPU frequencies detected, using: 2901.00
[1434458222.124891] [node195:34437:0]         sys.c:744  MXM  WARN  Conflicting CPU frequencies detected, using: 2901.00
[1434458222.124882] [node195:34455:0]         sys.c:744  MXM  WARN  Conflicting CPU frequencies detected, using: 2901.00
[1434458222.125185] [node195:34442:0]         sys.c:744  MXM  WARN  Conflicting CPU frequencies detected, using: 2901.00
[1434458222.124880] [node195:34453:0]         sys.c:744  MXM  WARN  Conflicting CPU frequencies detected, using: 2901.00
[1434458222.124901] [node195:34441:0]         sys.c:744  MXM  WARN  Conflicting CPU frequencies detected, using: 2901.00
[1434458222.124891] [node195:34439:0]         sys.c:744  MXM  WARN  Conflicting CPU frequencies detected, using: 2901.00
[1434458222.124896] [node195:34440:0]         sys.c:744  MXM  WARN  Conflicting CPU frequencies detected, using: 2901.00
[1434458222.124881] [node195:34443:0]         sys.c:744  MXM  WARN  Conflicting CPU frequencies detected, using: 2901.00
[1434458222.124873] [node195:34456:0]         sys.c:744  MXM  WARN  Conflicting CPU frequencies detected, using: 2901.00
[1434458222.124879] [node195:34457:0]         sys.c:744  MXM  WARN  Conflicting CPU frequencies detected, using: 2901.00
[1434458222.124855] [node195:34444:0]         sys.c:744  MXM  WARN  Conflicting CPU frequencies detected, using: 2901.00
[1434458222.124859] [node195:34445:0]         sys.c:744  MXM  WARN  Conflicting CPU frequencies detected, using: 2901.00
# OSU MPI Multiple Bandwidth / Message Rate Test v4.4.1
# [ pairs: 16 ] [ window size: varied ]

# Uni-directional Bandwidth (MB/sec)
#                 8          16          32          64         128         256         512        1024
1              1.92        1.84        1.88        2.02        2.24        1.97        1.94        1.94
2              4.36        4.23        3.75        3.67        3.83        3.85        3.87        3.75
4              8.10        8.69        8.84        8.28        7.36        7.59        7.68        7.48
8             13.89       14.93       17.23       17.88       16.25       14.77       14.92       14.95
16            28.29       27.77       28.02       31.25       31.25       30.05       28.96       29.82
32            65.49       60.18       55.59       56.09       57.64       60.10       58.45       57.89
64           125.99      127.23      126.16      114.45      107.10      119.49      115.61      113.40
128          199.17      219.79      234.18      225.58      210.11      210.54      212.03      208.99
256          394.38      395.96      417.91      433.84      437.99      407.69      402.71      402.40
512          773.63      752.44      757.14      744.32      762.60      740.31      727.58      723.72
1024        1469.63     1539.68     1529.40     1494.37     1479.69     1425.91     1406.91     1400.08
2048        2321.75     2503.27     2366.62     2232.35     2129.27     2095.95     1999.19     1957.68
4096        2768.60     2691.02     2621.86     2488.44     2476.72     2443.45     2411.75     2413.20
8192        3039.69     3035.16     2939.61     2885.81     2831.46     2823.74     2805.85     2805.74
16384       3375.87     3278.69     3148.26     3089.51     3105.71     3088.40     3032.29     3071.64
32768       3418.17     3270.92     3208.39     3213.39     3184.67     3182.54     3156.36     3145.87
65536       3303.57     3286.57     3236.42     3192.18     3215.61     3173.16     3195.24     3162.93
131072      3260.57     3263.55     3251.43     3202.62     3242.53     3246.73     3226.85     3208.59
262144      3744.44     3712.13     3724.84     3456.99     3313.23     3231.01     3196.82     3197.44
524288      3581.26     3574.07     3569.36     3341.38     3253.39     3204.04     3165.23     3158.77
1048576     3502.15     3499.30     3486.68     3329.61     3250.23     3189.96     3176.81