node10 slots=16
node195 slots=16
nnodes = 2

--------------------------------------------------------------------------
WARNING: a request was made to bind a process. While the system
supports binding the process itself, at least one node does NOT
support binding memory to the process location.

  Node:  node10

This usually is due to not having the required NUMA support installed
on the node. In some Linux distributions, the required support is
contained in the libnumactl and libnumactl-devel packages.
This is a warning only; your job will continue, though performance may be degraded.
--------------------------------------------------------------------------
 Data for JOB [28412,1] offset 0

 ========================   JOB MAP   ========================

 Data for node: node10	Num slots: 16	Max slots: 0	Num procs: 16
 	Process OMPI jobid: [28412,1] App: 0 Process rank: 0
 	Process OMPI jobid: [28412,1] App: 0 Process rank: 1
 	Process OMPI jobid: [28412,1] App: 0 Process rank: 2
 	Process OMPI jobid: [28412,1] App: 0 Process rank: 3
 	Process OMPI jobid: [28412,1] App: 0 Process rank: 4
 	Process OMPI jobid: [28412,1] App: 0 Process rank: 5
 	Process OMPI jobid: [28412,1] App: 0 Process rank: 6
 	Process OMPI jobid: [28412,1] App: 0 Process rank: 7
 	Process OMPI jobid: [28412,1] App: 0 Process rank: 8
 	Process OMPI jobid: [28412,1] App: 0 Process rank: 9
 	Process OMPI jobid: [28412,1] App: 0 Process rank: 10
 	Process OMPI jobid: [28412,1] App: 0 Process rank: 11
 	Process OMPI jobid: [28412,1] App: 0 Process rank: 12
 	Process OMPI jobid: [28412,1] App: 0 Process rank: 13
 	Process OMPI jobid: [28412,1] App: 0 Process rank: 14
 	Process OMPI jobid: [28412,1] App: 0 Process rank: 15

 Data for node: node195	Num slots: 16	Max slots: 0	Num procs: 16
 	Process OMPI jobid: [28412,1] App: 0 Process rank: 16
 	Process OMPI jobid: [28412,1] App: 0 Process rank: 17
 	Process OMPI jobid: [28412,1] App: 0 Process rank: 18
 	Process OMPI jobid: [28412,1] App: 0 Process rank: 19
 	Process OMPI jobid: [28412,1] App: 0 Process rank: 20
 	Process OMPI jobid: [28412,1] App: 0 Process rank: 21
 	Process OMPI jobid: [28412,1] App: 0 Process rank: 22
 	Process OMPI jobid: [28412,1] App: 0 Process rank: 23
 	Process OMPI jobid: [28412,1] App: 0 Process rank: 24
 	Process OMPI jobid: [28412,1] App: 0 Process rank: 25
 	Process OMPI jobid: [28412,1] App: 0 Process rank: 26
 	Process OMPI jobid: [28412,1] App: 0 Process rank: 27
 	Process OMPI jobid: [28412,1] App: 0 Process rank: 28
 	Process OMPI jobid: [28412,1] App: 0 Process rank: 29
 	Process OMPI jobid: [28412,1] App: 0 Process rank: 30
 	Process OMPI jobid: [28412,1] App: 0 Process rank: 31

 =============================================================
# OSU MPI Multiple Bandwidth / Message Rate Test v4.4.1
# [ pairs: 16 ] [ window size: varied ]

# Uni-directional Bandwidth (MB/sec)
#                 8          16          32          64         128         256         512        1024
1              9.56       11.91        8.25        7.00        6.31        5.76        6.28        6.33
2             17.05       22.43       16.64       14.81       12.99       12.14       12.67       12.70
4             34.16       44.86       33.72       29.67       26.47       24.42       25.40       25.32
8             67.39       86.53       68.31       58.57       53.07       49.17       50.38       50.40
16           141.67      172.10      136.60      119.64      105.96       97.96      100.98      100.76
32           274.56      349.58      268.78      235.58      202.32      199.13      191.97      186.04
64           376.71      482.81      440.38      395.18      297.26      299.11      290.47      283.60
128          600.25      755.97      561.46      412.22      353.11      328.62      326.42      322.63
256          760.44     1049.60     1009.50      876.84      744.17      650.13      645.69      639.63
512         1256.37     1694.31     1748.08     1413.70     1202.90     1014.67      971.95      949.29
1024        1966.61     2772.25     2886.81     2464.89     2091.51     1758.18     1751.17     1767.08
2048        1323.28     1362.11     1560.81     1832.78     1910.07     1931.06     1964.22     1987.00
4096        2059.01     2117.31     2361.21     2557.10     2576.40     2578.54     2599.68     2610.02
8192        2903.46     2876.30     3159.08     3357.93     3373.68     3378.62     3379.33     3378.17
16384       4755.11     4823.79     4848.88     4738.13     4701.62     4704.07     4758.98     4730.97
32768       5432.29     5471.23     5460.56     5404.20     5373.62     5376.62     5362.06     5384.87
65536       5792.86     5853.56     5823.25     5827.03     5811.78     5822.31     5810.06     5832.05
131072      6092.66     6110.26     6102.36     6115.33     6097.28     6106.54     6110.05     6097.63
262144      6215.36     6231.18     6238.58     6232.00     6236.24     6227.18     6225.56     6221.42
524288      6307.80     6314.39     6321.06     6318.14     6321.87     6318.08     6317.00     6315.09
1048576     6125.37     6128.19     6122.51     6118.18     6103.08     6093.71     6088.51     6089.40
