rm -f bin/*.o
rm -f src/*~
mpicxx -Wall -g -c -o bin/building.o src/building.cpp
mpicxx -Wall -g -c -o bin/complex.o src/complex.cpp
mpicxx -Wall -g -c -o bin/ComplexVector.o src/ComplexVector.cpp
mpicxx -Wall -g -c -o bin/environment.o src/environment.cpp
mpicxx -Wall -g -c -o bin/face.o src/face.cpp
mpicxx -Wall -g -c -o bin/image.o src/image.cpp
mpicxx -Wall -g -c -o bin/point.o src/point.cpp
mpicxx -Wall -g -c -o bin/ray.o src/ray.cpp
mpicxx -Wall -g -c -o bin/raylist.o src/raylist.cpp
mpicxx -Wall -g -c -o bin/raynode.o src/raynode.cpp
mpicxx -Wall -g -c -o bin/ray-trace.o src/ray-trace.cpp 
mpicxx -Wall -g -c -o bin/segment.o src/segment.cpp
mpicxx -Wall -g -o bin/ray-trace bin/building.o bin/complex.o bin/ComplexVector.o bin/environment.o bin/face.o bin/image.o bin/point.o bin/ray.o bin/raylist.o bin/raynode.o bin/ray-trace.o bin/segment.o

[denali:31245] *** Process received signal ***
[denali:31245] Signal: Segmentation fault (11)
[denali:31245] Signal code: Address not mapped (1)
[denali:31245] Failing at address: 0x18
[denali:31245] [ 0] /lib/tls/libpthread.so.0 [0x403b8d20]
[denali:31245] [ 1] /users/cluster/cdavid/local/lib/libmpi.so.0(MPI_Comm_size+0x103) [0x400a48b3]
[denali:31245] [ 2] ray-trace(main+0x11a) [0x805f8e8]
[denali:31245] [ 3] /lib/tls/libc.so.6(__libc_start_main+0xf8) [0x403d3768]
[denali:31243] *** Process received signal ***
[denali:31243] Signal: Segmentation fault (11)
[denali:31243] Signal code: Address not mapped (1)
[denali:31243] Failing at address: 0x18
[denali:31244] *** Process received signal ***
[denali:31243] [ 0] /lib/tls/libpthread.so.0 [0x403b8d20]
[denali:31243] [ 1] /users/cluster/cdavid/local/lib/libmpi.so.0(MPI_Comm_size+0x103) [0x400a48b3]
[denali:31243] [ 2] ray-trace(main+0x11a) [0x805f8e8]
[denali:31243] [ 3] /lib/tls/libc.so.6(__libc_start_main+0xf8) [0x403d3768]
[denali:31243] [ 4] ray-trace(_ZNSt8ios_base4InitD1Ev+0x35) [0x804f1a1]
[denali:31243] *** End of error message ***
[denali:31244] Signal: Segmentation fault (11)
[denali:31244] Signal code: Address not mapped (1)
[denali:31244] Failing at address: 0x18
[denali:31245] [ 4] ray-trace(_ZNSt8ios_base4InitD1Ev+0x35) [0x804f1a1]
[denali:31245] *** End of error message ***
[denali:31244] [ 0] /lib/tls/libpthread.so.0 [0x403b8d20]
[denali:31244] [ 1] /users/cluster/cdavid/local/lib/libmpi.so.0(MPI_Comm_size+0x103) [0x400a48b3]
[denali:31244] [ 2] ray-trace(main+0x11a) [0x805f8e8]
[denali:31244] [ 3] /lib/tls/libc.so.6(__libc_start_main+0xf8) [0x403d3768]
[denali:31244] [ 4] ray-trace(_ZNSt8ios_base4InitD1Ev+0x35) [0x804f1a1]
[denali:31244] *** End of error message ***
[denali:31246] *** Process received signal ***
[denali:31246] Signal: Segmentation fault (11)
[denali:31246] Signal code: Address not mapped (1)
[denali:31246] Failing at address: 0x18
[denali:31246] [ 0] /lib/tls/libpthread.so.0 [0x403b8d20]
[denali:31246] [ 1] /users/cluster/cdavid/local/lib/libmpi.so.0(MPI_Comm_size+0x103) [0x400a48b3]
[denali:31246] [ 2] ray-trace(main+0x11a) [0x805f8e8]
[denali:31246] [ 3] /lib/tls/libc.so.6(__libc_start_main+0xf8) [0x403d3768]
[denali:31246] [ 4] ray-trace(_ZNSt8ios_base4InitD1Ev+0x35) [0x804f1a1]
[denali:31246] *** End of error message ***
--------------------------------------------------------------------------
mpirun noticed that process rank 0 with PID 31243 on node denali exited on signal 11 (Segmentation fault).
--------------------------------------------------------------------------
