This file contains any messages produced by compilers while
running configure, to aid debugging if configure makes a mistake.

It was created by configure, which was
generated by GNU Autoconf 2.59.  Invocation command line was

  $ ./configure CC=mpicc CXX=mpic++ F77=mpif77

## --------- ##
## Platform. ##
## --------- ##

hostname = witch1
uname -m = x86_64
uname -r = 2.6.9-42.ELsmp
uname -s = Linux
uname -v = #1 SMP Wed Jul 12 23:32:02 EDT 2006

/usr/bin/uname -p = unknown
/bin/uname -X     = unknown

/bin/arch              = x86_64
/usr/bin/arch -k       = unknown
/usr/convex/getsysinfo = unknown
hostinfo               = unknown
/bin/machine           = unknown
/usr/bin/oslevel       = unknown
/bin/universe          = unknown

PATH: /home/USERS/sharonm/mtt/mtt_work_dir/installs/hZLD/install/bin
PATH: /opt/CollabNet_Subversion/bin
PATH: /home/MPI/mpi/bin
PATH: /opt/vltmpi/OPENIB/mpi/bin
PATH: /usr/kerberos/sbin
PATH: /usr/kerberos/bin
PATH: /usr/local/sbin
PATH: /usr/local/bin
PATH: /sbin
PATH: /bin
PATH: /usr/sbin
PATH: /usr/bin
PATH: /usr/X11R6/bin
PATH: /usr/local/ofed/bin
PATH: /usr/local/ofed/sbin
PATH: /usr/local/ofed/mpi/gcc/openmpi-1.1.1-1/bin
PATH: /usr/local/ofed/mpi/gcc/openmpi-1.1.1-1/bin
PATH: /usr/local/ofed/mpi/gcc/openmpi-1.1.1-1/bin
PATH: /root/bin
PATH: /opt/c3-4


## ----------- ##
## Core tests. ##
## ----------- ##

configure:1188: loading site script /usr/local/share/config.site
| # This file is a shell script that caches the results of configure
| # tests run on this system so they can be shared between configure
| # scripts and configure runs, see configure's option --config-cache.
| # It is not useful on other systems.  If it contains results you don't
| # want to keep, you may remove or edit it.
| #
| # config.status only pays attention to the cache file if you give it
| # the --recheck option to rerun configure.
| #
| # loading this file, other *unset* `ac_cv_foo' will be assigned the
| # following values.
| 
| ac_cv_accept_arg=${ac_cv_accept_arg=socklen_t}
| ac_cv_build=${ac_cv_build=x86_64-unknown-linux-gnu}
| ac_cv_build_alias=${ac_cv_build_alias=x86_64-unknown-linux-gnu}
| ac_cv_c_bigendian=${ac_cv_c_bigendian=no}
| ac_cv_c_compiler_gnu=${ac_cv_c_compiler_gnu=yes}
| ac_cv_c_const=${ac_cv_c_const=yes}
| ac_cv_cxx_compiler_gnu=${ac_cv_cxx_compiler_gnu=yes}
| ac_cv_exeext=${ac_cv_exeext=}
| ac_cv_func__doprnt=${ac_cv_func__doprnt=no}
| ac_cv_func_atexit=${ac_cv_func_atexit=yes}
| ac_cv_func_fork=${ac_cv_func_fork=yes}
| ac_cv_func_fork_works=${ac_cv_func_fork_works=yes}
| ac_cv_func_gethostbyname=${ac_cv_func_gethostbyname=yes}
| ac_cv_func_gettimeofday=${ac_cv_func_gettimeofday=yes}
| ac_cv_func_inet_ntop=${ac_cv_func_inet_ntop=yes}
| ac_cv_func_inet_pton=${ac_cv_func_inet_pton=yes}
| ac_cv_func_malloc_0_nonnull=${ac_cv_func_malloc_0_nonnull=yes}
| ac_cv_func_memcmp_working=${ac_cv_func_memcmp_working=yes}
| ac_cv_func_memset=${ac_cv_func_memset=yes}
| ac_cv_func_pthread_cancel=${ac_cv_func_pthread_cancel=no}
| ac_cv_func_select=${ac_cv_func_select=yes}
| ac_cv_func_select_args=${ac_cv_func_select_args='int,fd_set *,struct timeval *'}
| ac_cv_func_snprintf=${ac_cv_func_snprintf=yes}
| ac_cv_func_socket=${ac_cv_func_socket=yes}
| ac_cv_func_strchr=${ac_cv_func_strchr=yes}
| ac_cv_func_strerror=${ac_cv_func_strerror=yes}
| ac_cv_func_strftime=${ac_cv_func_strftime=yes}
| ac_cv_func_strtol=${ac_cv_func_strtol=yes}
| ac_cv_func_usleep=${ac_cv_func_usleep=yes}
| ac_cv_func_vfork=${ac_cv_func_vfork=yes}
| ac_cv_func_vfork_works=${ac_cv_func_vfork_works=yes}
| ac_cv_func_vprintf=${ac_cv_func_vprintf=yes}
| ac_cv_have_decl_AF_INET6=${ac_cv_have_decl_AF_INET6=no}
| ac_cv_have_decl_IP_ADD_MEMBERSHIP=${ac_cv_have_decl_IP_ADD_MEMBERSHIP=no}
| ac_cv_have_ipv6=${ac_cv_have_ipv6=no}
| ac_cv_have_true=${ac_cv_have_true=yes}
| ac_cv_header_arpa_inet_h=${ac_cv_header_arpa_inet_h=yes}
| ac_cv_header_inttypes_h=${ac_cv_header_inttypes_h=yes}
| ac_cv_header_libintl_h=${ac_cv_header_libintl_h=yes}
| ac_cv_header_memory_h=${ac_cv_header_memory_h=yes}
| ac_cv_header_netdb_h=${ac_cv_header_netdb_h=yes}
| ac_cv_header_netinet_in_h=${ac_cv_header_netinet_in_h=yes}
| ac_cv_header_stdc=${ac_cv_header_stdc=yes}
| ac_cv_header_stdint_h=${ac_cv_header_stdint_h=yes}
| ac_cv_header_stdlib_h=${ac_cv_header_stdlib_h=yes}
| ac_cv_header_string_h=${ac_cv_header_string_h=yes}
| ac_cv_header_strings_h=${ac_cv_header_strings_h=yes}
| ac_cv_header_sys_select_h=${ac_cv_header_sys_select_h=yes}
| ac_cv_header_sys_socket_h=${ac_cv_header_sys_socket_h=yes}
| ac_cv_header_sys_stat_h=${ac_cv_header_sys_stat_h=yes}
| ac_cv_header_sys_time_h=${ac_cv_header_sys_time_h=yes}
| ac_cv_header_sys_types_h=${ac_cv_header_sys_types_h=yes}
| ac_cv_header_syslog_h=${ac_cv_header_syslog_h=yes}
| ac_cv_header_time=${ac_cv_header_time=yes}
| ac_cv_header_unistd_h=${ac_cv_header_unistd_h=yes}
| ac_cv_header_vfork_h=${ac_cv_header_vfork_h=no}
| ac_cv_multicast=${ac_cv_multicast=no}
| ac_cv_objext=${ac_cv_objext=o}
| ac_cv_path_BZIP2_CMD=${ac_cv_path_BZIP2_CMD=/usr/bin/bzip2}
| ac_cv_path_GZIP_CMD=${ac_cv_path_GZIP_CMD=/bin/gzip}
| ac_cv_path_MAKEWHATIS=${ac_cv_path_MAKEWHATIS=/usr/bin/makewhatis}
| ac_cv_path_ac_pt_GPG=${ac_cv_path_ac_pt_GPG=/usr/bin/gpg}
| ac_cv_path_ac_pt_RPM=${ac_cv_path_ac_pt_RPM=/bin/rpm}
| ac_cv_path_ac_pt_RPMBUILD=${ac_cv_path_ac_pt_RPMBUILD=/usr/bin/rpmbuild}
| ac_cv_path_install=${ac_cv_path_install='/usr/bin/install -c'}
| ac_cv_prog_AWK=${ac_cv_prog_AWK=gawk}
| ac_cv_prog_CPP=${ac_cv_prog_CPP='gcc -E'}
| ac_cv_prog_PTHREAD_CC=${ac_cv_prog_PTHREAD_CC=gcc}
| ac_cv_prog_ac_ct_CC=${ac_cv_prog_ac_ct_CC=gcc}
| ac_cv_prog_ac_ct_CXX=${ac_cv_prog_ac_ct_CXX=g++}
| ac_cv_prog_ac_ct_RANLIB=${ac_cv_prog_ac_ct_RANLIB=ranlib}
| ac_cv_prog_cc_g=${ac_cv_prog_cc_g=yes}
| ac_cv_prog_cc_stdc=${ac_cv_prog_cc_stdc=}
| ac_cv_prog_cxx_g=${ac_cv_prog_cxx_g=yes}
| ac_cv_prog_egrep=${ac_cv_prog_egrep='grep -E'}
| ac_cv_prog_make_make_set=${ac_cv_prog_make_make_set=yes}
| ac_cv_sizeof_bool=${ac_cv_sizeof_bool=0}
| ac_cv_sizeof_int=${ac_cv_sizeof_int=4}
| ac_cv_sizeof_long=${ac_cv_sizeof_long=8}
| ac_cv_sizeof_long_long=${ac_cv_sizeof_long_long=8}
| ac_cv_sizeof_short=${ac_cv_sizeof_short=2}
| ac_cv_sizeof_unsigned_int=${ac_cv_sizeof_unsigned_int=4}
| ac_cv_sizeof_unsigned_long=${ac_cv_sizeof_unsigned_long=8}
| ac_cv_sizeof_unsigned_long_long=${ac_cv_sizeof_unsigned_long_long=8}
| ac_cv_sizeof_unsigned_short=${ac_cv_sizeof_unsigned_short=2}
| ac_cv_struct_tm=${ac_cv_struct_tm=time.h}
| ac_cv_type_bool=${ac_cv_type_bool=no}
| ac_cv_type_int=${ac_cv_type_int=yes}
| ac_cv_type_int16_t=${ac_cv_type_int16_t=yes}
| ac_cv_type_int32_t=${ac_cv_type_int32_t=yes}
| ac_cv_type_int64_t=${ac_cv_type_int64_t=yes}
| ac_cv_type_long=${ac_cv_type_long=yes}
| ac_cv_type_long_long=${ac_cv_type_long_long=yes}
| ac_cv_type_pid_t=${ac_cv_type_pid_t=yes}
| ac_cv_type_short=${ac_cv_type_short=yes}
| ac_cv_type_signal=${ac_cv_type_signal=void}
| ac_cv_type_size_t=${ac_cv_type_size_t=yes}
| ac_cv_type_ssize_t=${ac_cv_type_ssize_t=yes}
| ac_cv_type_struct_ip_mreq=${ac_cv_type_struct_ip_mreq=no}
| ac_cv_type_struct_sockaddr_in6=${ac_cv_type_struct_sockaddr_in6=no}
| ac_cv_type_struct_sockaddr_storage=${ac_cv_type_struct_sockaddr_storage=no}
| ac_cv_type_u_int16_t=${ac_cv_type_u_int16_t=yes}
| ac_cv_type_u_int32_t=${ac_cv_type_u_int32_t=yes}
| ac_cv_type_u_int64_t=${ac_cv_type_u_int64_t=yes}
| ac_cv_type_unsigned_int=${ac_cv_type_unsigned_int=yes}
| ac_cv_type_unsigned_long=${ac_cv_type_unsigned_long=yes}
| ac_cv_type_unsigned_long_long=${ac_cv_type_unsigned_long_long=yes}
| ac_cv_type_unsigned_short=${ac_cv_type_unsigned_short=yes}
| am_cv_CC_dependencies_compiler_type=${am_cv_CC_dependencies_compiler_type=gcc3}
| am_cv_CXX_dependencies_compiler_type=${am_cv_CXX_dependencies_compiler_type=gcc3}
| dist_cv_build_codename=${dist_cv_build_codename='Nahant Update 4'}
| dist_cv_build_cpu=${dist_cv_build_cpu=x86_64}
| dist_cv_build_distrib=${dist_cv_build_distrib='Red Hat Linux'}
| dist_cv_build_flavor=${dist_cv_build_flavor=redhat}
| dist_cv_build_issue_file=${dist_cv_build_issue_file=/etc/issue}
| dist_cv_build_lsb_file=${dist_cv_build_lsb_file=no}
| dist_cv_build_rel_file=${dist_cv_build_rel_file=/etc/redhat-release}
| dist_cv_build_release=${dist_cv_build_release=4}
| dist_cv_build_vendor=${dist_cv_build_vendor=redhat}
| dist_cv_host_codename=${dist_cv_host_codename='Nahant Update 4'}
| dist_cv_host_cpu=${dist_cv_host_cpu=x86_64}
| dist_cv_host_distrib=${dist_cv_host_distrib='Red Hat Linux'}
| dist_cv_host_flavor=${dist_cv_host_flavor=redhat}
| dist_cv_host_issue_file=${dist_cv_host_issue_file=/etc/issue}
| dist_cv_host_lsb_file=${dist_cv_host_lsb_file=no}
| dist_cv_host_rel_file=${dist_cv_host_rel_file=/etc/redhat-release}
| dist_cv_host_release=${dist_cv_host_release=4}
| dist_cv_host_vendor=${dist_cv_host_vendor=redhat}
configure:1188: loading site script /usr/local/etc/config.site
| # This file is a shell script that caches the results of configure
| # tests run on this system so they can be shared between configure
| # scripts and configure runs, see configure's option --config-cache.
| # It is not useful on other systems.  If it contains results you don't
| # want to keep, you may remove or edit it.
| #
| # config.status only pays attention to the cache file if you give it
| # the --recheck option to rerun configure.
| #
| # loading this file, other *unset* `ac_cv_foo' will be assigned the
| # following values.
| 
| ac_cv_accept_arg=${ac_cv_accept_arg=socklen_t}
| ac_cv_build=${ac_cv_build=x86_64-unknown-linux-gnu}
| ac_cv_build_alias=${ac_cv_build_alias=x86_64-unknown-linux-gnu}
| ac_cv_c_bigendian=${ac_cv_c_bigendian=no}
| ac_cv_c_compiler_gnu=${ac_cv_c_compiler_gnu=yes}
| ac_cv_c_const=${ac_cv_c_const=yes}
| ac_cv_cxx_compiler_gnu=${ac_cv_cxx_compiler_gnu=yes}
| ac_cv_exeext=${ac_cv_exeext=}
| ac_cv_func__doprnt=${ac_cv_func__doprnt=no}
| ac_cv_func_atexit=${ac_cv_func_atexit=yes}
| ac_cv_func_fork=${ac_cv_func_fork=yes}
| ac_cv_func_fork_works=${ac_cv_func_fork_works=yes}
| ac_cv_func_gethostbyname=${ac_cv_func_gethostbyname=yes}
| ac_cv_func_gettimeofday=${ac_cv_func_gettimeofday=yes}
| ac_cv_func_inet_ntop=${ac_cv_func_inet_ntop=yes}
| ac_cv_func_inet_pton=${ac_cv_func_inet_pton=yes}
| ac_cv_func_malloc_0_nonnull=${ac_cv_func_malloc_0_nonnull=yes}
| ac_cv_func_memcmp_working=${ac_cv_func_memcmp_working=yes}
| ac_cv_func_memset=${ac_cv_func_memset=yes}
| ac_cv_func_pthread_cancel=${ac_cv_func_pthread_cancel=no}
| ac_cv_func_select=${ac_cv_func_select=yes}
| ac_cv_func_select_args=${ac_cv_func_select_args='int,fd_set *,struct timeval *'}
| ac_cv_func_snprintf=${ac_cv_func_snprintf=yes}
| ac_cv_func_socket=${ac_cv_func_socket=yes}
| ac_cv_func_strchr=${ac_cv_func_strchr=yes}
| ac_cv_func_strerror=${ac_cv_func_strerror=yes}
| ac_cv_func_strftime=${ac_cv_func_strftime=yes}
| ac_cv_func_strtol=${ac_cv_func_strtol=yes}
| ac_cv_func_usleep=${ac_cv_func_usleep=yes}
| ac_cv_func_vfork=${ac_cv_func_vfork=yes}
| ac_cv_func_vfork_works=${ac_cv_func_vfork_works=yes}
| ac_cv_func_vprintf=${ac_cv_func_vprintf=yes}
| ac_cv_have_decl_AF_INET6=${ac_cv_have_decl_AF_INET6=no}
| ac_cv_have_decl_IP_ADD_MEMBERSHIP=${ac_cv_have_decl_IP_ADD_MEMBERSHIP=no}
| ac_cv_have_ipv6=${ac_cv_have_ipv6=no}
| ac_cv_have_true=${ac_cv_have_true=yes}
| ac_cv_header_arpa_inet_h=${ac_cv_header_arpa_inet_h=yes}
| ac_cv_header_inttypes_h=${ac_cv_header_inttypes_h=yes}
| ac_cv_header_libintl_h=${ac_cv_header_libintl_h=yes}
| ac_cv_header_memory_h=${ac_cv_header_memory_h=yes}
| ac_cv_header_netdb_h=${ac_cv_header_netdb_h=yes}
| ac_cv_header_netinet_in_h=${ac_cv_header_netinet_in_h=yes}
| ac_cv_header_stdc=${ac_cv_header_stdc=yes}
| ac_cv_header_stdint_h=${ac_cv_header_stdint_h=yes}
| ac_cv_header_stdlib_h=${ac_cv_header_stdlib_h=yes}
| ac_cv_header_string_h=${ac_cv_header_string_h=yes}
| ac_cv_header_strings_h=${ac_cv_header_strings_h=yes}
| ac_cv_header_sys_select_h=${ac_cv_header_sys_select_h=yes}
| ac_cv_header_sys_socket_h=${ac_cv_header_sys_socket_h=yes}
| ac_cv_header_sys_stat_h=${ac_cv_header_sys_stat_h=yes}
| ac_cv_header_sys_time_h=${ac_cv_header_sys_time_h=yes}
| ac_cv_header_sys_types_h=${ac_cv_header_sys_types_h=yes}
| ac_cv_header_syslog_h=${ac_cv_header_syslog_h=yes}
| ac_cv_header_time=${ac_cv_header_time=yes}
| ac_cv_header_unistd_h=${ac_cv_header_unistd_h=yes}
| ac_cv_header_vfork_h=${ac_cv_header_vfork_h=no}
| ac_cv_multicast=${ac_cv_multicast=no}
| ac_cv_objext=${ac_cv_objext=o}
| ac_cv_path_BZIP2_CMD=${ac_cv_path_BZIP2_CMD=/usr/bin/bzip2}
| ac_cv_path_GZIP_CMD=${ac_cv_path_GZIP_CMD=/bin/gzip}
| ac_cv_path_MAKEWHATIS=${ac_cv_path_MAKEWHATIS=/usr/bin/makewhatis}
| ac_cv_path_ac_pt_GPG=${ac_cv_path_ac_pt_GPG=/usr/bin/gpg}
| ac_cv_path_ac_pt_RPM=${ac_cv_path_ac_pt_RPM=/bin/rpm}
| ac_cv_path_ac_pt_RPMBUILD=${ac_cv_path_ac_pt_RPMBUILD=/usr/bin/rpmbuild}
| ac_cv_path_install=${ac_cv_path_install='/usr/bin/install -c'}
| ac_cv_prog_AWK=${ac_cv_prog_AWK=gawk}
| ac_cv_prog_CPP=${ac_cv_prog_CPP='gcc -E'}
| ac_cv_prog_PTHREAD_CC=${ac_cv_prog_PTHREAD_CC=gcc}
| ac_cv_prog_ac_ct_CC=${ac_cv_prog_ac_ct_CC=gcc}
| ac_cv_prog_ac_ct_CXX=${ac_cv_prog_ac_ct_CXX=g++}
| ac_cv_prog_ac_ct_RANLIB=${ac_cv_prog_ac_ct_RANLIB=ranlib}
| ac_cv_prog_cc_g=${ac_cv_prog_cc_g=yes}
| ac_cv_prog_cc_stdc=${ac_cv_prog_cc_stdc=}
| ac_cv_prog_cxx_g=${ac_cv_prog_cxx_g=yes}
| ac_cv_prog_egrep=${ac_cv_prog_egrep='grep -E'}
| ac_cv_prog_make_make_set=${ac_cv_prog_make_make_set=yes}
| ac_cv_sizeof_bool=${ac_cv_sizeof_bool=0}
| ac_cv_sizeof_int=${ac_cv_sizeof_int=4}
| ac_cv_sizeof_long=${ac_cv_sizeof_long=8}
| ac_cv_sizeof_long_long=${ac_cv_sizeof_long_long=8}
| ac_cv_sizeof_short=${ac_cv_sizeof_short=2}
| ac_cv_sizeof_unsigned_int=${ac_cv_sizeof_unsigned_int=4}
| ac_cv_sizeof_unsigned_long=${ac_cv_sizeof_unsigned_long=8}
| ac_cv_sizeof_unsigned_long_long=${ac_cv_sizeof_unsigned_long_long=8}
| ac_cv_sizeof_unsigned_short=${ac_cv_sizeof_unsigned_short=2}
| ac_cv_struct_tm=${ac_cv_struct_tm=time.h}
| ac_cv_type_bool=${ac_cv_type_bool=no}
| ac_cv_type_int=${ac_cv_type_int=yes}
| ac_cv_type_int16_t=${ac_cv_type_int16_t=yes}
| ac_cv_type_int32_t=${ac_cv_type_int32_t=yes}
| ac_cv_type_int64_t=${ac_cv_type_int64_t=yes}
| ac_cv_type_long=${ac_cv_type_long=yes}
| ac_cv_type_long_long=${ac_cv_type_long_long=yes}
| ac_cv_type_pid_t=${ac_cv_type_pid_t=yes}
| ac_cv_type_short=${ac_cv_type_short=yes}
| ac_cv_type_signal=${ac_cv_type_signal=void}
| ac_cv_type_size_t=${ac_cv_type_size_t=yes}
| ac_cv_type_ssize_t=${ac_cv_type_ssize_t=yes}
| ac_cv_type_struct_ip_mreq=${ac_cv_type_struct_ip_mreq=no}
| ac_cv_type_struct_sockaddr_in6=${ac_cv_type_struct_sockaddr_in6=no}
| ac_cv_type_struct_sockaddr_storage=${ac_cv_type_struct_sockaddr_storage=no}
| ac_cv_type_u_int16_t=${ac_cv_type_u_int16_t=yes}
| ac_cv_type_u_int32_t=${ac_cv_type_u_int32_t=yes}
| ac_cv_type_u_int64_t=${ac_cv_type_u_int64_t=yes}
| ac_cv_type_unsigned_int=${ac_cv_type_unsigned_int=yes}
| ac_cv_type_unsigned_long=${ac_cv_type_unsigned_long=yes}
| ac_cv_type_unsigned_long_long=${ac_cv_type_unsigned_long_long=yes}
| ac_cv_type_unsigned_short=${ac_cv_type_unsigned_short=yes}
| am_cv_CC_dependencies_compiler_type=${am_cv_CC_dependencies_compiler_type=gcc3}
| am_cv_CXX_dependencies_compiler_type=${am_cv_CXX_dependencies_compiler_type=gcc3}
| dist_cv_build_codename=${dist_cv_build_codename='Nahant Update 4'}
| dist_cv_build_cpu=${dist_cv_build_cpu=x86_64}
| dist_cv_build_distrib=${dist_cv_build_distrib='Red Hat Linux'}
| dist_cv_build_flavor=${dist_cv_build_flavor=redhat}
| dist_cv_build_issue_file=${dist_cv_build_issue_file=/etc/issue}
| dist_cv_build_lsb_file=${dist_cv_build_lsb_file=no}
| dist_cv_build_rel_file=${dist_cv_build_rel_file=/etc/redhat-release}
| dist_cv_build_release=${dist_cv_build_release=4}
| dist_cv_build_vendor=${dist_cv_build_vendor=redhat}
| dist_cv_host_codename=${dist_cv_host_codename='Nahant Update 4'}
| dist_cv_host_cpu=${dist_cv_host_cpu=x86_64}
| dist_cv_host_distrib=${dist_cv_host_distrib='Red Hat Linux'}
| dist_cv_host_flavor=${dist_cv_host_flavor=redhat}
| dist_cv_host_issue_file=${dist_cv_host_issue_file=/etc/issue}
| dist_cv_host_lsb_file=${dist_cv_host_lsb_file=no}
| dist_cv_host_rel_file=${dist_cv_host_rel_file=/etc/redhat-release}
| dist_cv_host_release=${dist_cv_host_release=4}
| dist_cv_host_vendor=${dist_cv_host_vendor=redhat}
configure:1339: checking for a BSD-compatible install
configure:1394: result: /usr/bin/install -c
configure:1405: checking whether build environment is sane
configure:1448: result: yes
configure:1513: checking for gawk
configure:1539: result: gawk
configure:1549: checking whether make sets $(MAKE)
configure:1569: result: yes
configure:1753: checking build system type
configure:1771: result: x86_64-unknown-linux-gnu
configure:1779: checking host system type
configure:1793: result: x86_64-unknown-linux-gnu
configure:1921: checking for gcc
configure:1947: result: gcc
configure:2191: checking for C compiler version
configure:2194: gcc --version </dev/null >&5
gcc (GCC) 3.4.6 20060404 (Red Hat 3.4.6-3)
Copyright (C) 2006 Free Software Foundation, Inc.
This is free software; see the source for copying conditions.  There is NO
warranty; not even for MERCHANTABILITY or FITNESS FOR A PARTICULAR PURPOSE.

configure:2197: $? = 0
configure:2199: gcc -v </dev/null >&5
Reading specs from /usr/lib/gcc/x86_64-redhat-linux/3.4.6/specs
Configured with: ../configure --prefix=/usr --mandir=/usr/share/man --infodir=/usr/share/info --enable-shared --enable-threads=posix --disable-checking --with-system-zlib --enable-__cxa_atexit --disable-libunwind-exceptions --enable-java-awt=gtk --host=x86_64-redhat-linux
Thread model: posix
gcc version 3.4.6 20060404 (Red Hat 3.4.6-3)
configure:2202: $? = 0
configure:2204: gcc -V </dev/null >&5
gcc: `-V' option must have argument
configure:2207: $? = 1
configure:2230: checking for C compiler default output file name
configure:2233: gcc    conftest.c  >&5
configure:2236: $? = 0
configure:2282: result: a.out
configure:2287: checking whether the C compiler works
configure:2293: ./a.out
configure:2296: $? = 0
configure:2313: result: yes
configure:2320: checking whether we are cross compiling
configure:2322: result: no
configure:2325: checking for suffix of executables
configure:2327: gcc -o conftest    conftest.c  >&5
configure:2330: $? = 0
configure:2355: result: 
configure:2361: checking for suffix of object files
configure:2407: result: o
configure:2411: checking whether we are using the GNU C compiler
configure:2467: result: yes
configure:2473: checking whether gcc accepts -g
configure:2524: result: yes
configure:2541: checking for gcc option to accept ANSI C
configure:2648: result: none needed
configure:2666: gcc -c -g -O2  conftest.c >&5
conftest.c:2: error: syntax error before "me"
configure:2672: $? = 1
configure: failed program was:
| #ifndef __cplusplus
|   choke me
| #endif
configure:2816: checking for style of include used by make
configure:2844: result: GNU
configure:2872: checking dependency style of gcc
configure:2962: result: gcc3
configure:3185: checking for C++ compiler version
configure:3188: mpic++ --version </dev/null >&5
g++ (GCC) 3.4.6 20060404 (Red Hat 3.4.6-3)
Copyright (C) 2006 Free Software Foundation, Inc.
This is free software; see the source for copying conditions.  There is NO
warranty; not even for MERCHANTABILITY or FITNESS FOR A PARTICULAR PURPOSE.

configure:3191: $? = 0
configure:3193: mpic++ -v </dev/null >&5
Reading specs from /usr/lib/gcc/x86_64-redhat-linux/3.4.6/specs
Configured with: ../configure --prefix=/usr --mandir=/usr/share/man --infodir=/usr/share/info --enable-shared --enable-threads=posix --disable-checking --with-system-zlib --enable-__cxa_atexit --disable-libunwind-exceptions --enable-java-awt=gtk --host=x86_64-redhat-linux
Thread model: posix
gcc version 3.4.6 20060404 (Red Hat 3.4.6-3)
configure:3196: $? = 0
configure:3198: mpic++ -V </dev/null >&5
g++: `-V' option must have argument
configure:3201: $? = 1
configure:3204: checking whether we are using the GNU C++ compiler
configure:3260: result: yes
configure:3266: checking whether mpic++ accepts -g
configure:3317: result: yes
configure:3359: mpic++ -c -g  conftest.cc >&5
configure:3365: $? = 0
configure:3369: test -z 
			 || test ! -s conftest.err
configure:3372: $? = 0
configure:3375: test -s conftest.o
configure:3378: $? = 0
configure:3404: mpic++ -c -g  conftest.cc >&5
conftest.cc: In function `int main()':
conftest.cc:14: error: `exit' was not declared in this scope
configure:3410: $? = 1
configure: failed program was:
| /* confdefs.h.  */
| 
| #define PACKAGE_NAME ""
| #define PACKAGE_TARNAME ""
| #define PACKAGE_VERSION ""
| #define PACKAGE_STRING ""
| #define PACKAGE_BUGREPORT ""
| #define OMPITEST_ARCH "x86_64-unknown-linux-gnu"
| /* end confdefs.h.  */
| 
| int
| main ()
| {
| exit (42);
|   ;
|   return 0;
| }
configure:3359: mpic++ -c -g  conftest.cc >&5
configure:3365: $? = 0
configure:3369: test -z 
			 || test ! -s conftest.err
configure:3372: $? = 0
configure:3375: test -s conftest.o
configure:3378: $? = 0
configure:3404: mpic++ -c -g  conftest.cc >&5
configure:3410: $? = 0
configure:3414: test -z 
			 || test ! -s conftest.err
configure:3417: $? = 0
configure:3420: test -s conftest.o
configure:3423: $? = 0
configure:3448: checking dependency style of mpic++
configure:3538: result: gcc3
configure:3571: checking for mpif77
configure:3587: found /home/USERS/sharonm/mtt/mtt_work_dir/installs/hZLD/install/bin/mpif77
configure:3598: result: yes
configure:3704: checking for Fortran 77 compiler version
configure:3707: mpif77 --version </dev/null >&5
GNU Fortran (GCC) 3.4.6 20060404 (Red Hat 3.4.6-3)
Copyright (C) 2006 Free Software Foundation, Inc.

GNU Fortran comes with NO WARRANTY, to the extent permitted by law.
You may redistribute copies of GNU Fortran
under the terms of the GNU General Public License.
For more information about these matters, see the file named COPYING
or type the command `info -f g77 Copying'.
configure:3710: $? = 0
configure:3712: mpif77 -v </dev/null >&5
Reading specs from /usr/lib/gcc/x86_64-redhat-linux/3.4.6/specs
Configured with: ../configure --prefix=/usr --mandir=/usr/share/man --infodir=/usr/share/info --enable-shared --enable-threads=posix --disable-checking --with-system-zlib --enable-__cxa_atexit --disable-libunwind-exceptions --enable-java-awt=gtk --host=x86_64-redhat-linux
Thread model: posix
gcc version 3.4.6 20060404 (Red Hat 3.4.6-3)
configure:3715: $? = 0
configure:3717: mpif77 -V </dev/null >&5
g77: `-V' option must have argument
configure:3720: $? = 1
configure:3728: checking whether we are using the GNU Fortran 77 compiler
configure:3742: mpif77 -c  conftest.F >&5
configure:3748: $? = 0
configure:3752: test -z 
			 || test ! -s conftest.err
configure:3755: $? = 0
configure:3758: test -s conftest.o
configure:3761: $? = 0
configure:3774: result: yes
configure:3780: checking whether mpif77 accepts -g
configure:3792: mpif77 -c -g conftest.f >&5
configure:3798: $? = 0
configure:3802: test -z 
			 || test ! -s conftest.err
configure:3805: $? = 0
configure:3808: test -s conftest.o
configure:3811: $? = 0
configure:3823: result: yes
configure:3895: checking for ranlib
configure:3922: result: ranlib
configure:3948: checking for mpi.h
configure:3959: $CC -c $CFLAGS $CPPFLAGS conftest.$ac_ext >&5
conftest.c:1:17: mpi.h: No such file or directory
configure:3965: here is the program that failed:
#include <mpi.h>
int
main(int argc, char* argv)
{ return 0; }
configure:3967: result: no
configure:3969: error: cannot continue -- cannot find <mpi.h>

## ---------------- ##
## Cache variables. ##
## ---------------- ##

ac_cv_accept_arg=socklen_t
ac_cv_build=x86_64-unknown-linux-gnu
ac_cv_build_alias=x86_64-unknown-linux-gnu
ac_cv_c_bigendian=no
ac_cv_c_compiler_gnu=yes
ac_cv_c_const=yes
ac_cv_cxx_compiler_gnu=yes
ac_cv_env_CC_set=set
ac_cv_env_CC_value=mpicc
ac_cv_env_CFLAGS_set=
ac_cv_env_CFLAGS_value=
ac_cv_env_CPPFLAGS_set=
ac_cv_env_CPPFLAGS_value=
ac_cv_env_CXXFLAGS_set=
ac_cv_env_CXXFLAGS_value=
ac_cv_env_CXX_set=set
ac_cv_env_CXX_value=mpic++
ac_cv_env_F77_set=set
ac_cv_env_F77_value=mpif77
ac_cv_env_FFLAGS_set=
ac_cv_env_FFLAGS_value=
ac_cv_env_LDFLAGS_set=
ac_cv_env_LDFLAGS_value=
ac_cv_env_build_alias_set=
ac_cv_env_build_alias_value=
ac_cv_env_host_alias_set=
ac_cv_env_host_alias_value=
ac_cv_env_target_alias_set=
ac_cv_env_target_alias_value=
ac_cv_exeext=
ac_cv_f77_compiler_gnu=yes
ac_cv_func__doprnt=no
ac_cv_func_atexit=yes
ac_cv_func_fork=yes
ac_cv_func_fork_works=yes
ac_cv_func_gethostbyname=yes
ac_cv_func_gettimeofday=yes
ac_cv_func_inet_ntop=yes
ac_cv_func_inet_pton=yes
ac_cv_func_malloc_0_nonnull=yes
ac_cv_func_memcmp_working=yes
ac_cv_func_memset=yes
ac_cv_func_pthread_cancel=no
ac_cv_func_select=yes
ac_cv_func_select_args='int,fd_set *,struct timeval *'
ac_cv_func_snprintf=yes
ac_cv_func_socket=yes
ac_cv_func_strchr=yes
ac_cv_func_strerror=yes
ac_cv_func_strftime=yes
ac_cv_func_strtol=yes
ac_cv_func_usleep=yes
ac_cv_func_vfork=yes
ac_cv_func_vfork_works=yes
ac_cv_func_vprintf=yes
ac_cv_have_decl_AF_INET6=no
ac_cv_have_decl_IP_ADD_MEMBERSHIP=no
ac_cv_have_ipv6=no
ac_cv_have_true=yes
ac_cv_header_arpa_inet_h=yes
ac_cv_header_inttypes_h=yes
ac_cv_header_libintl_h=yes
ac_cv_header_memory_h=yes
ac_cv_header_netdb_h=yes
ac_cv_header_netinet_in_h=yes
ac_cv_header_stdc=yes
ac_cv_header_stdint_h=yes
ac_cv_header_stdlib_h=yes
ac_cv_header_string_h=yes
ac_cv_header_strings_h=yes
ac_cv_header_sys_select_h=yes
ac_cv_header_sys_socket_h=yes
ac_cv_header_sys_stat_h=yes
ac_cv_header_sys_time_h=yes
ac_cv_header_sys_types_h=yes
ac_cv_header_syslog_h=yes
ac_cv_header_time=yes
ac_cv_header_unistd_h=yes
ac_cv_header_vfork_h=no
ac_cv_host=x86_64-unknown-linux-gnu
ac_cv_host_alias=x86_64-unknown-linux-gnu
ac_cv_multicast=no
ac_cv_objext=o
ac_cv_path_BZIP2_CMD=/usr/bin/bzip2
ac_cv_path_GZIP_CMD=/bin/gzip
ac_cv_path_MAKEWHATIS=/usr/bin/makewhatis
ac_cv_path_ac_pt_GPG=/usr/bin/gpg
ac_cv_path_ac_pt_RPM=/bin/rpm
ac_cv_path_ac_pt_RPMBUILD=/usr/bin/rpmbuild
ac_cv_path_install='/usr/bin/install -c'
ac_cv_prog_AWK=gawk
ac_cv_prog_CPP='gcc -E'
ac_cv_prog_HAVE_MPIF77=yes
ac_cv_prog_PTHREAD_CC=gcc
ac_cv_prog_ac_ct_CC=gcc
ac_cv_prog_ac_ct_CXX=g++
ac_cv_prog_ac_ct_RANLIB=ranlib
ac_cv_prog_cc_g=yes
ac_cv_prog_cc_stdc=
ac_cv_prog_cxx_g=yes
ac_cv_prog_egrep='grep -E'
ac_cv_prog_f77_g=yes
ac_cv_prog_make_make_set=yes
ac_cv_sizeof_bool=0
ac_cv_sizeof_int=4
ac_cv_sizeof_long=8
ac_cv_sizeof_long_long=8
ac_cv_sizeof_short=2
ac_cv_sizeof_unsigned_int=4
ac_cv_sizeof_unsigned_long=8
ac_cv_sizeof_unsigned_long_long=8
ac_cv_sizeof_unsigned_short=2
ac_cv_struct_tm=time.h
ac_cv_type_bool=no
ac_cv_type_int=yes
ac_cv_type_int16_t=yes
ac_cv_type_int32_t=yes
ac_cv_type_int64_t=yes
ac_cv_type_long=yes
ac_cv_type_long_long=yes
ac_cv_type_pid_t=yes
ac_cv_type_short=yes
ac_cv_type_signal=void
ac_cv_type_size_t=yes
ac_cv_type_ssize_t=yes
ac_cv_type_struct_ip_mreq=no
ac_cv_type_struct_sockaddr_in6=no
ac_cv_type_struct_sockaddr_storage=no
ac_cv_type_u_int16_t=yes
ac_cv_type_u_int32_t=yes
ac_cv_type_u_int64_t=yes
ac_cv_type_unsigned_int=yes
ac_cv_type_unsigned_long=yes
ac_cv_type_unsigned_long_long=yes
ac_cv_type_unsigned_short=yes
am_cv_CC_dependencies_compiler_type=gcc3
am_cv_CXX_dependencies_compiler_type=gcc3
dist_cv_build_codename='Nahant Update 4'
dist_cv_build_cpu=x86_64
dist_cv_build_distrib='Red Hat Linux'
dist_cv_build_flavor=redhat
dist_cv_build_issue_file=/etc/issue
dist_cv_build_lsb_file=no
dist_cv_build_rel_file=/etc/redhat-release
dist_cv_build_release=4
dist_cv_build_vendor=redhat
dist_cv_host_codename='Nahant Update 4'
dist_cv_host_cpu=x86_64
dist_cv_host_distrib='Red Hat Linux'
dist_cv_host_flavor=redhat
dist_cv_host_issue_file=/etc/issue
dist_cv_host_lsb_file=no
dist_cv_host_rel_file=/etc/redhat-release
dist_cv_host_release=4
dist_cv_host_vendor=redhat

## ----------------- ##
## Output variables. ##
## ----------------- ##

ACLOCAL='${SHELL} /home/USERS/sharonm/mtt/mtt_work_dir/installs/hZLD/tests/ibm/ibm/config/missing --run aclocal-1.9'
AMDEPBACKSLASH='\'
AMDEP_FALSE='#'
AMDEP_TRUE=''
AMTAR='${SHELL} /home/USERS/sharonm/mtt/mtt_work_dir/installs/hZLD/tests/ibm/ibm/config/missing --run tar'
AUTOCONF='${SHELL} /home/USERS/sharonm/mtt/mtt_work_dir/installs/hZLD/tests/ibm/ibm/config/missing --run autoconf'
AUTOHEADER='${SHELL} /home/USERS/sharonm/mtt/mtt_work_dir/installs/hZLD/tests/ibm/ibm/config/missing --run autoheader'
AUTOMAKE='${SHELL} /home/USERS/sharonm/mtt/mtt_work_dir/installs/hZLD/tests/ibm/ibm/config/missing --run automake-1.9'
AWK='gawk'
CC='gcc'
CCDEPMODE='depmode=gcc3'
CFLAGS='-g'
CLEANFILES='*~'
CPPFLAGS=''
CXX='mpic++'
CXXDEPMODE='depmode=gcc3'
CXXFLAGS='-g'
CYGPATH_W='echo'
DEFS=''
DEPDIR='.deps'
ECHO_C=''
ECHO_N='-n'
ECHO_T=''
EXEEXT=''
F77='mpif77'
F77_HAVE_INT8_FALSE=''
F77_HAVE_INT8_TRUE=''
F77_HAVE_REAL16_FALSE=''
F77_HAVE_REAL16_TRUE=''
FFLAGS=''
HAVE_MPICC=''
HAVE_MPICPP=''
HAVE_MPICXX=''
HAVE_MPIF77='yes'
HOSTFILE=''
INSTALL_DATA='${INSTALL} -m 644'
INSTALL_PROGRAM='${INSTALL}'
INSTALL_SCRIPT='${INSTALL}'
INSTALL_STRIP_PROGRAM='${SHELL} $(install_sh) -c -s'
LDFLAGS=''
LIBOBJS=''
LIBS=''
LTLIBOBJS=''
MAKEINFO='${SHELL} /home/USERS/sharonm/mtt/mtt_work_dir/installs/hZLD/tests/ibm/ibm/config/missing --run makeinfo'
MODES=''
MPIRUN=''
OBJEXT='o'
PACKAGE='ompitests'
PACKAGE_BUGREPORT=''
PACKAGE_NAME=''
PACKAGE_STRING=''
PACKAGE_TARNAME=''
PACKAGE_VERSION=''
PATH_SEPARATOR=':'
POST_MPIRUN=''
RANLIB='ranlib'
SET_MAKE=''
SHELL='/bin/sh'
START_TEST=''
STRIP=''
VERSION='1.2.3'
WANT_CXX_BUILD_FALSE=''
WANT_CXX_BUILD_TRUE=''
WANT_F77_BUILD_FALSE=''
WANT_F77_BUILD_TRUE=''
WANT_IO_BUILD_FALSE=''
WANT_IO_BUILD_TRUE=''
WANT_ONESIDED_BUILD_FALSE=''
WANT_ONESIDED_BUILD_TRUE=''
WANT_UNIMP_BUILD_FALSE=''
WANT_UNIMP_BUILD_TRUE=''
ac_ct_CC='gcc'
ac_ct_CXX=''
ac_ct_F77=''
ac_ct_RANLIB='ranlib'
ac_ct_STRIP=''
am__fastdepCC_FALSE='#'
am__fastdepCC_TRUE=''
am__fastdepCXX_FALSE='#'
am__fastdepCXX_TRUE=''
am__include='include'
am__leading_dot='.'
am__quote=''
am__tar='${AMTAR} chof - "$$tardir"'
am__untar='${AMTAR} xf -'
bindir='${exec_prefix}/bin'
build='x86_64-unknown-linux-gnu'
build_alias=''
build_cpu='x86_64'
build_os='linux-gnu'
build_vendor='unknown'
datadir='${prefix}/share'
exec_prefix='NONE'
host='x86_64-unknown-linux-gnu'
host_alias=''
host_cpu='x86_64'
host_os='linux-gnu'
host_vendor='unknown'
includedir='${prefix}/include'
infodir='${prefix}/info'
install_sh='/home/USERS/sharonm/mtt/mtt_work_dir/installs/hZLD/tests/ibm/ibm/config/install-sh'
libdir='${exec_prefix}/lib'
libexecdir='${exec_prefix}/libexec'
localstatedir='${prefix}/var'
mandir='${prefix}/man'
mkdir_p='mkdir -p --'
oldincludedir='/usr/include'
prefix='NONE'
program_transform_name='s,x,x,'
sbindir='${exec_prefix}/sbin'
sharedstatedir='${prefix}/com'
sysconfdir='${prefix}/etc'
target_alias=''

## ----------- ##
## confdefs.h. ##
## ----------- ##

#define OMPITEST_ARCH "x86_64-unknown-linux-gnu"
#define PACKAGE_BUGREPORT ""
#define PACKAGE_NAME ""
#define PACKAGE_STRING ""
#define PACKAGE_TARNAME ""
#define PACKAGE_VERSION ""
#endif
#ifdef __cplusplus
extern "C" void std::exit (int) throw (); using std::exit;

configure: exit 1
