[tux1:16402] mca: base: components_register: registering coll components
[tux1:16402] mca: base: components_register: found loaded component hierarch
[tux1:16402] mca: base: components_register: component hierarch register function successful
[tux1:16402] mca: base: components_register: found loaded component self
[tux1:16402] mca: base: components_register: component self register function successful
[tux1:16402] mca: base: components_register: found loaded component inter
[tux1:16402] mca: base: components_register: component inter register function successful
[tux1:16402] mca: base: components_register: found loaded component fca
[tux1:16402] mca: base: components_register: component fca register function successful
[tux1:16402] mca: base: components_register: found loaded component hcoll
[tux1:16402] mca: base: components_register: component hcoll register function successful
[tux1:16402] mca: base: components_register: found loaded component tuned
[tux1:16402] mca: base: components_register: component tuned register function successful
[tux1:16402] mca: base: components_register: found loaded component sm
[tux1:16402] mca: base: components_register: component sm register function successful
[tux1:16402] mca: base: components_register: found loaded component basic
[tux1:16402] mca: base: components_register: component basic register function successful
[tux1:16402] mca: base: components_register: found loaded component libnbc
[tux1:16402] mca: base: components_register: component libnbc register function successful
[tux1:16402] mca: base: components_open: opening coll components
[tux1:16402] mca: base: components_open: found loaded component hierarch
[tux1:16402] mca: base: components_open: found loaded component self
[tux1:16402] mca: base: components_open: found loaded component inter
[tux1:16402] mca: base: components_open: found loaded component fca
[tux1:16402] mca: base: components_open: component fca open function successful
[tux1:16402] mca: base: components_open: found loaded component hcoll
[tux1:16402] mca: base: components_open: component hcoll open function successful
[tux1:16402] mca: base: components_open: found loaded component tuned
[tux1:16402] mca: base: components_open: component tuned open function successful
[tux1:16402] mca: base: components_open: found loaded component sm
[tux1:16402] mca: base: components_open: found loaded component basic
[tux1:16402] mca: base: components_open: found loaded component libnbc
[tux1:16402] mca: base: components_open: component libnbc open function successful
[tux1:16403] mca: base: components_register: registering coll components
[tux1:16403] mca: base: components_register: found loaded component hierarch
[tux1:16403] mca: base: components_register: component hierarch register function successful
[tux1:16403] mca: base: components_register: found loaded component self
[tux1:16403] mca: base: components_register: component self register function successful
[tux1:16403] mca: base: components_register: found loaded component inter
[tux1:16403] mca: base: components_register: component inter register function successful
[tux1:16403] mca: base: components_register: found loaded component fca
[tux1:16403] mca: base: components_register: component fca register function successful
[tux1:16403] mca: base: components_register: found loaded component hcoll
[tux1:16403] mca: base: components_register: component hcoll register function successful
[tux1:16403] mca: base: components_register: found loaded component tuned
[tux1:16403] mca: base: components_register: component tuned register function successful
[tux1:16403] mca: base: components_register: found loaded component sm
[tux1:16403] mca: base: components_register: component sm register function successful
[tux1:16403] mca: base: components_register: found loaded component basic
[tux1:16403] mca: base: components_register: component basic register function successful
[tux1:16403] mca: base: components_register: found loaded component libnbc
[tux1:16403] mca: base: components_register: component libnbc register function successful
[tux1:16403] mca: base: components_open: opening coll components
[tux1:16403] mca: base: components_open: found loaded component hierarch
[tux1:16403] mca: base: components_open: found loaded component self
[tux1:16403] mca: base: components_open: found loaded component inter
[tux1:16403] mca: base: components_open: found loaded component fca
[tux1:16403] mca: base: components_open: component fca open function successful
[tux1:16403] mca: base: components_open: found loaded component hcoll
[tux1:16403] mca: base: components_open: component hcoll open function successful
[tux1:16403] mca: base: components_open: found loaded component tuned
[tux1:16403] mca: base: components_open: component tuned open function successful
[tux1:16403] mca: base: components_open: found loaded component sm
[tux1:16403] mca: base: components_open: found loaded component basic
[tux1:16403] mca: base: components_open: found loaded component libnbc
[tux1:16403] mca: base: components_open: component libnbc open function successful
[tux1:16403] coll:find_available: querying coll component hierarch
[tux1:16403] coll:find_available: coll component hierarch is available
[tux1:16403] coll:find_available: querying coll component self
[tux1:16403] coll:find_available: coll component self is available
[tux1:16403] coll:find_available: querying coll component inter
[tux1:16403] coll:find_available: coll component inter is available
[tux1:16403] coll:find_available: querying coll component fca
[tux1:16403] coll:find_available: coll component fca is available
[tux1:16403] coll:find_available: querying coll component hcoll
[tux1:16403] coll:find_available: coll component hcoll is available
[tux1:16403] coll:find_available: querying coll component tuned
[tux1:16403] coll:find_available: coll component tuned is available
[tux1:16403] coll:find_available: querying coll component sm
[tux1:16403] coll:sm:init_query: no other local procs; disqualifying myself
[tux1:16403] coll:find_available: coll component sm is not available
[tux1:16403] mca: base: close: component sm closed
[tux1:16403] mca: base: close: unloading component sm
[tux1:16402] coll:find_available: querying coll component hierarch
[tux1:16402] coll:find_available: coll component hierarch is available
[tux1:16402] coll:find_available: querying coll component self
[tux1:16402] coll:find_available: coll component self is available
[tux1:16402] coll:find_available: querying coll component inter
[tux1:16402] coll:find_available: coll component inter is available
[tux1:16402] coll:find_available: querying coll component fca
[tux1:16402] coll:find_available: coll component fca is available
[tux1:16402] coll:find_available: querying coll component hcoll
[tux1:16402] coll:find_available: coll component hcoll is available
[tux1:16402] coll:find_available: querying coll component tuned
[tux1:16402] coll:find_available: coll component tuned is available
[tux1:16402] coll:find_available: querying coll component sm
[tux1:16402] coll:sm:init_query: no other local procs; disqualifying myself
[tux1:16402] coll:find_available: coll component sm is not available
[tux1:16402] mca: base: close: component sm closed
[tux1:16402] mca: base: close: unloading component sm
[tux1:16403] coll:find_available: querying coll component basic
[tux1:16403] coll:find_available: coll component basic is available
[tux1:16403] coll:find_available: querying coll component libnbc
[tux1:16403] coll:find_available: coll component libnbc is available
[tux1:16402] coll:find_available: querying coll component basic
[tux1:16402] coll:find_available: coll component basic is available
[tux1:16402] coll:find_available: querying coll component libnbc
[tux1:16402] coll:find_available: coll component libnbc is available
[tux1:16403] coll:base:comm_select: new communicator: MPI_COMM_WORLD (cid 0)
[tux1:16403] coll:base:comm_select: Checking all available modules
[tux1:16403] coll:base:comm_select: component not available: hierarch
[tux1:16403] coll:base:comm_select: component not available: self
[tux1:16402] coll:base:comm_select: new communicator: MPI_COMM_WORLD (cid 0)
[tux1:16402] coll:base:comm_select: Checking all available modules
[tux1:16402] coll:base:comm_select: component not available: hierarch
[tux1:16402] coll:base:comm_select: component not available: self
[tux1:16402] coll:base:comm_select: component not available: inter
[tux1:16402] coll:base:comm_select: component not available: fca
[tux1:16403] coll:base:comm_select: component not available: inter
[tux1:16403] coll:base:comm_select: component not available: fca
[tux1:16402] coll:base:comm_select: component available: hcoll, priority: 90
[tux1:16402] coll:base:comm_select: component available: tuned, priority: 30
[tux1:16402] coll:base:comm_select: component available: basic, priority: 10
[tux1:16403] coll:base:comm_select: component available: hcoll, priority: 90
[tux1:16403] coll:base:comm_select: component available: tuned, priority: 30
[tux1:16403] coll:base:comm_select: component available: basic, priority: 10
[tux1:16402] coll:base:comm_select: component available: libnbc, priority: 10
[tux1:16403] coll:base:comm_select: component available: libnbc, priority: 10
[tux1:16402] coll:base:comm_select: new communicator: MPI_COMM_SELF (cid 1)
[tux1:16402] coll:base:comm_select: Checking all available modules
[tux1:16402] coll:base:comm_select: component not available: hierarch
[tux1:16403] coll:base:comm_select: new communicator: MPI_COMM_SELF (cid 1)
[tux1:16403] coll:base:comm_select: Checking all available modules
[tux1:16403] coll:base:comm_select: component not available: hierarch
[tux1:16402] coll:base:comm_select: component available: self, priority: 75
[tux1:16402] coll:base:comm_select: component not available: inter
[tux1:16403] coll:base:comm_select: component available: self, priority: 75
[tux1:16403] coll:base:comm_select: component not available: inter
[tux1:16403] coll:base:comm_select: component not available: fca
[tux1:16403] coll:base:comm_select: component not available: hcoll
[tux1:16403] coll:base:comm_select: component not available: tuned
[tux1:16403] coll:base:comm_select: component available: basic, priority: 10
[tux1:16403] coll:base:comm_select: component available: libnbc, priority: 10
[tux1:16402] coll:base:comm_select: component not available: fca
[tux1:16402] coll:base:comm_select: component not available: hcoll
[tux1:16402] coll:base:comm_select: component not available: tuned
[tux1:16402] coll:base:comm_select: component available: basic, priority: 10
[tux1:16402] coll:base:comm_select: component available: libnbc, priority: 10
tux1: Process 0 out of 2
tux1: Process 1 out of 2
[tux1:16403] mca: base: close: unloading component hierarch
[tux1:16402] mca: base: close: unloading component hierarch
[tux1:16402] mca: base: close: unloading component self
[tux1:16403] mca: base: close: unloading component self
[tux1:16402] mca: base: close: unloading component inter
[tux1:16403] mca: base: close: unloading component inter
[tux1:16403] mca: base: close: component fca closed
[tux1:16403] mca: base: close: unloading component fca
[tux1:16402] mca: base: close: component fca closed
[tux1:16402] mca: base: close: unloading component fca
[tux1:16403] mca: base: close: component hcoll closed
[tux1:16403] mca: base: close: unloading component hcoll
[tux1:16403] mca: base: close: component tuned closed
[tux1:16403] mca: base: close: unloading component tuned
[tux1:16403] mca: base: close: unloading component basic
[tux1:16403] mca: base: close: component libnbc closed
[tux1:16403] mca: base: close: unloading component libnbc
[tux1:16402] mca: base: close: component hcoll closed
[tux1:16402] mca: base: close: unloading component hcoll
[tux1:16402] mca: base: close: component tuned closed
[tux1:16402] mca: base: close: unloading component tuned
[tux1:16402] mca: base: close: unloading component basic
[tux1:16402] mca: base: close: component libnbc closed
[tux1:16402] mca: base: close: unloading component libnbc

