[tux1:15540] mca: base: components_register: registering coll components
[tux1:15540] mca: base: components_register: found loaded component ml
[tux1:15540] mca: base: components_register: component ml register function successful
[tux1:15540] mca: base: components_register: found loaded component hierarch
[tux1:15540] mca: base: components_register: component hierarch register function successful
[tux1:15540] mca: base: components_register: found loaded component self
[tux1:15540] mca: base: components_register: component self register function successful
[tux1:15540] mca: base: components_register: found loaded component inter
[tux1:15540] mca: base: components_register: component inter register function successful
[tux1:15540] mca: base: components_register: found loaded component fca
[tux1:15540] mca: base: components_register: component fca register function successful
[tux1:15540] mca: base: components_register: found loaded component hcoll
[tux1:15540] mca: base: components_register: component hcoll register function successful
[tux1:15540] mca: base: components_register: found loaded component tuned
[tux1:15540] mca: base: components_register: component tuned register function successful
[tux1:15540] mca: base: components_register: found loaded component sm
[tux1:15540] mca: base: components_register: component sm register function successful
[tux1:15540] mca: base: components_register: found loaded component basic
[tux1:15540] mca: base: components_register: component basic register function successful
[tux1:15540] mca: base: components_register: found loaded component libnbc
[tux1:15540] mca: base: components_register: component libnbc register function successful
[tux1:15540] mca: base: components_open: opening coll components
[tux1:15540] mca: base: components_open: found loaded component ml
[tux1:15540] mca: base: close: component ml closed
[tux1:15540] mca: base: close: unloading component ml
[tux1:15540] mca: base: components_open: found loaded component hierarch
[tux1:15540] mca: base: components_open: found loaded component self
[tux1:15540] mca: base: components_open: found loaded component inter
[tux1:15540] mca: base: components_open: found loaded component fca
[tux1:15540] mca: base: components_open: component fca open function successful
[tux1:15540] mca: base: components_open: found loaded component hcoll
[tux1:15540] mca: base: components_open: component hcoll open function successful
[tux1:15540] mca: base: components_open: found loaded component tuned
[tux1:15540] mca: base: components_open: component tuned open function successful
[tux1:15540] mca: base: components_open: found loaded component sm
[tux1:15540] mca: base: components_open: found loaded component basic
[tux1:15540] mca: base: components_open: found loaded component libnbc
[tux1:15540] mca: base: components_open: component libnbc open function successful
[tux1:15541] mca: base: components_register: registering coll components
[tux1:15541] mca: base: components_register: found loaded component ml
[tux1:15541] mca: base: components_register: component ml register function successful
[tux1:15541] mca: base: components_register: found loaded component hierarch
[tux1:15541] mca: base: components_register: component hierarch register function successful
[tux1:15541] mca: base: components_register: found loaded component self
[tux1:15541] mca: base: components_register: component self register function successful
[tux1:15541] mca: base: components_register: found loaded component inter
[tux1:15541] mca: base: components_register: component inter register function successful
[tux1:15541] mca: base: components_register: found loaded component fca
[tux1:15541] mca: base: components_register: component fca register function successful
[tux1:15541] mca: base: components_register: found loaded component hcoll
[tux1:15541] mca: base: components_register: component hcoll register function successful
[tux1:15541] mca: base: components_register: found loaded component tuned
[tux1:15541] mca: base: components_register: component tuned register function successful
[tux1:15541] mca: base: components_register: found loaded component sm
[tux1:15541] mca: base: components_register: component sm register function successful
[tux1:15541] mca: base: components_register: found loaded component basic
[tux1:15541] mca: base: components_register: component basic register function successful
[tux1:15541] mca: base: components_register: found loaded component libnbc
[tux1:15541] mca: base: components_register: component libnbc register function successful
[tux1:15541] mca: base: components_open: opening coll components
[tux1:15541] mca: base: components_open: found loaded component ml
[tux1:15541] mca: base: close: component ml closed
[tux1:15541] mca: base: close: unloading component ml
[tux1:15541] mca: base: components_open: found loaded component hierarch
[tux1:15541] mca: base: components_open: found loaded component self
[tux1:15541] mca: base: components_open: found loaded component inter
[tux1:15541] mca: base: components_open: found loaded component fca
[tux1:15541] mca: base: components_open: component fca open function successful
[tux1:15541] mca: base: components_open: found loaded component hcoll
[tux1:15541] mca: base: components_open: component hcoll open function successful
[tux1:15541] mca: base: components_open: found loaded component tuned
[tux1:15541] mca: base: components_open: component tuned open function successful
[tux1:15541] mca: base: components_open: found loaded component sm
[tux1:15541] mca: base: components_open: found loaded component basic
[tux1:15541] mca: base: components_open: found loaded component libnbc
[tux1:15541] mca: base: components_open: component libnbc open function successful
[tux1:15541] coll:find_available: querying coll component hierarch
[tux1:15541] coll:find_available: coll component hierarch is available
[tux1:15541] coll:find_available: querying coll component self
[tux1:15541] coll:find_available: coll component self is available
[tux1:15541] coll:find_available: querying coll component inter
[tux1:15541] coll:find_available: coll component inter is available
[tux1:15541] coll:find_available: querying coll component fca
[tux1:15541] coll:find_available: coll component fca is available
[tux1:15541] coll:find_available: querying coll component hcoll
[tux1:15541] coll:find_available: coll component hcoll is available
[tux1:15541] coll:find_available: querying coll component tuned
[tux1:15541] coll:find_available: coll component tuned is available
[tux1:15541] coll:find_available: querying coll component sm
[tux1:15540] coll:find_available: querying coll component hierarch
[tux1:15540] coll:find_available: coll component hierarch is available
[tux1:15540] coll:find_available: querying coll component self
[tux1:15540] coll:find_available: coll component self is available
[tux1:15540] coll:find_available: querying coll component inter
[tux1:15540] coll:find_available: coll component inter is available
[tux1:15540] coll:find_available: querying coll component fca
[tux1:15540] coll:find_available: coll component fca is available
[tux1:15540] coll:find_available: querying coll component hcoll
[tux1:15541] coll:sm:init_query: no other local procs; disqualifying myself
[tux1:15541] coll:find_available: coll component sm is not available
[tux1:15541] mca: base: close: component sm closed
[tux1:15541] mca: base: close: unloading component sm
[tux1:15540] coll:find_available: coll component hcoll is available
[tux1:15540] coll:find_available: querying coll component tuned
[tux1:15540] coll:find_available: coll component tuned is available
[tux1:15540] coll:find_available: querying coll component sm
[tux1:15540] coll:sm:init_query: no other local procs; disqualifying myself
[tux1:15540] coll:find_available: coll component sm is not available
[tux1:15540] mca: base: close: component sm closed
[tux1:15540] mca: base: close: unloading component sm
[tux1:15541] coll:find_available: querying coll component basic
[tux1:15541] coll:find_available: coll component basic is available
[tux1:15541] coll:find_available: querying coll component libnbc
[tux1:15541] coll:find_available: coll component libnbc is available
[tux1:15540] coll:find_available: querying coll component basic
[tux1:15540] coll:find_available: coll component basic is available
[tux1:15540] coll:find_available: querying coll component libnbc
[tux1:15540] coll:find_available: coll component libnbc is available
[tux1:15541] coll:base:comm_select: new communicator: MPI_COMM_WORLD (cid 0)
[tux1:15541] coll:base:comm_select: Checking all available modules
[tux1:15541] coll:base:comm_select: component not available: hierarch
[tux1:15541] coll:base:comm_select: component not available: self
[tux1:15540] coll:base:comm_select: new communicator: MPI_COMM_WORLD (cid 0)
[tux1:15540] coll:base:comm_select: Checking all available modules
[tux1:15540] coll:base:comm_select: component not available: hierarch
[tux1:15540] coll:base:comm_select: component not available: self
[tux1:15540] coll:base:comm_select: component not available: inter
[tux1:15540] coll:base:comm_select: component not available: fca
[tux1:15541] coll:base:comm_select: component not available: inter
[tux1:15541] coll:base:comm_select: component not available: fca
--------------------------------------------------------------------------
mpirun noticed that process rank 0 with PID 15540 on node tux1 exited on signal 11 (Segmentation fault).
--------------------------------------------------------------------------

