[login:128364] mca:base:select:(  plm) Querying component [rsh]
[login:128364] mca:base:select:(  plm) Query of component [rsh] set priority to 10
[login:128364] mca:base:select:(  plm) Querying component [slurm]
[login:128364] mca:base:select:(  plm) Skipping component [slurm]. Query failed to return a module
[login:128364] mca:base:select:(  plm) Querying component [isolated]
[login:128364] mca:base:select:(  plm) Query of component [isolated] set priority to 0
[login:128364] mca:base:select:(  plm) Selected component [rsh]
[login:128364] mca: base: components_register: registering oob components
[login:128364] mca: base: components_register: found loaded component tcp
[login:128364] mca: base: components_register: component tcp register function successful
[login:128364] mca: base: components_open: opening oob components
[login:128364] mca: base: components_open: found loaded component tcp
[login:128364] mca: base: components_open: component tcp open function successful
[login:128364] mca:oob:select: checking available component tcp
[login:128364] mca:oob:select: Querying component [tcp]
[login:128364] oob:tcp: component_available called
[login:128364] WORKING INTERFACE 1 KERNEL INDEX 1 FAMILY: V4
[login:128364] WORKING INTERFACE 2 KERNEL INDEX 2 FAMILY: V4
[login:128364] [[61846,0],0] oob:tcp:init adding 10.65.0.2 to our list of V4 connections
[login:128364] WORKING INTERFACE 3 KERNEL INDEX 3 FAMILY: V4
[login:128364] [[61846,0],0] oob:tcp:init adding 10.67.0.2 to our list of V4 connections
[login:128364] WORKING INTERFACE 4 KERNEL INDEX 4 FAMILY: V4
[login:128364] [[61846,0],0] oob:tcp:init adding 83.149.214.101 to our list of V4 connections
[login:128364] WORKING INTERFACE 5 KERNEL INDEX 6 FAMILY: V4
[login:128364] [[61846,0],0] oob:tcp:init adding 10.64.0.2 to our list of V4 connections
[login:128364] [[61846,0],0] TCP STARTUP
[login:128364] [[61846,0],0] attempting to bind to IPv4 port 0
[login:128364] [[61846,0],0] assigned IPv4 port 3499
[login:128364] mca:oob:select: Adding component to end
[login:128364] mca:oob:select: Found 1 active transports
[login:128364] mca: base: components_register: registering rml components
[login:128364] mca: base: components_register: found loaded component oob
[login:128364] mca: base: components_register: component oob has no register or open function
[login:128364] mca: base: components_open: opening rml components
[login:128364] mca: base: components_open: found loaded component oob
[login:128364] mca: base: components_open: component oob open function successful
[login:128364] orte_rml_base_select: initializing rml component oob
[login:128364] [[61846,0],0] posting recv
[login:128364] [[61846,0],0] posting persistent recv on tag 30 for peer [[WILDCARD],WILDCARD]
[login:128364] [[61846,0],0] posting recv
[login:128364] [[61846,0],0] posting persistent recv on tag 15 for peer [[WILDCARD],WILDCARD]
[login:128364] [[61846,0],0] posting recv
[login:128364] [[61846,0],0] posting persistent recv on tag 32 for peer [[WILDCARD],WILDCARD]
[login:128364] [[61846,0],0] posting recv
[login:128364] [[61846,0],0] posting persistent recv on tag 33 for peer [[WILDCARD],WILDCARD]
[login:128364] [[61846,0],0] posting recv
[login:128364] [[61846,0],0] posting persistent recv on tag 5 for peer [[WILDCARD],WILDCARD]
[login:128364] [[61846,0],0] posting recv
[login:128364] [[61846,0],0] posting persistent recv on tag 10 for peer [[WILDCARD],WILDCARD]
[login:128364] [[61846,0],0] posting recv
[login:128364] [[61846,0],0] posting persistent recv on tag 12 for peer [[WILDCARD],WILDCARD]
[login:128364] [[61846,0],0] posting recv
[login:128364] [[61846,0],0] posting persistent recv on tag 9 for peer [[WILDCARD],WILDCARD]
[login:128364] [[61846,0],0] posting recv
[login:128364] [[61846,0],0] posting persistent recv on tag 34 for peer [[WILDCARD],WILDCARD]
[login:128364] [[61846,0],0] posting recv
[login:128364] [[61846,0],0] posting persistent recv on tag 2 for peer [[WILDCARD],WILDCARD]
[login:128364] [[61846,0],0] posting recv
[login:128364] [[61846,0],0] posting persistent recv on tag 21 for peer [[WILDCARD],WILDCARD]
[login:128364] [[61846,0],0] posting recv
[login:128364] [[61846,0],0] posting persistent recv on tag 22 for peer [[WILDCARD],WILDCARD]
[login:128364] [[61846,0],0] posting recv
[login:128364] [[61846,0],0] posting persistent recv on tag 45 for peer [[WILDCARD],WILDCARD]
[login:128364] [[61846,0],0] posting recv
[login:128364] [[61846,0],0] posting persistent recv on tag 46 for peer [[WILDCARD],WILDCARD]
[login:128364] [[61846,0],0] posting recv
[login:128364] [[61846,0],0] posting persistent recv on tag 1 for peer [[WILDCARD],WILDCARD]
[login:128364] [[61846,0],0] posting recv
[login:128364] [[61846,0],0] posting persistent recv on tag 27 for peer [[WILDCARD],WILDCARD]
[login:128364] [[61846,0],0] plm:rsh: final template argv:
	/usr/bin/ssh <template> ( test ! -r ./.profile || . ./.profile; OPAL_PREFIX=/gpfs/NETHOME/oivt1/nicevt/itf/sources/hpcx-v1.3.330-icc-OFED-1.5.4.1-redhat6.2-x86_64/ompi-mellanox-v1.8 ; export OPAL_PREFIX; PATH=/gpfs/NETHOME/oivt1/nicevt/itf/sources/hpcx-v1.3.330-icc-OFED-1.5.4.1-redhat6.2-x86_64/ompi-mellanox-v1.8/bin:$PATH ; export PATH ; LD_LIBRARY_PATH=/gpfs/NETHOME/oivt1/nicevt/itf/sources/hpcx-v1.3.330-icc-OFED-1.5.4.1-redhat6.2-x86_64/ompi-mellanox-v1.8/lib:$LD_LIBRARY_PATH ; export LD_LIBRARY_PATH ; DYLD_LIBRARY_PATH=/gpfs/NETHOME/oivt1/nicevt/itf/sources/hpcx-v1.3.330-icc-OFED-1.5.4.1-redhat6.2-x86_64/ompi-mellanox-v1.8/lib:$DYLD_LIBRARY_PATH ; export DYLD_LIBRARY_PATH ;   /gpfs/NETHOME/oivt1/nicevt/itf/sources/hpcx-v1.3.330-icc-OFED-1.5.4.1-redhat6.2-x86_64/ompi-mellanox-v1.8/bin/orted -mca orte_debug_daemons "1" --hnp-topo-sig 2N:2S:2L3:16L2:16L1:16C:16H:x86_64 -mca ess "env" -mca orte_ess_jobid "4053139456" -mca orte_ess_vpid "<template>" -mca orte_ess_num_procs "2" -mca orte_hnp_uri "4053139456.0;tcp://10.65.0.2,10.67.0.2,83.149.214.101,10.64.0.2:3499" --tree-spawn --mca pml "cm" --mca mtl "mxm" -mca plm_base_verbose "5" -mca oob_base_verbose "10" -mca rml_base_verbose "10" -mca plm "rsh" --tree-spawn )
[node5:118184] mca:base:select:(  plm) Querying component [rsh]
[node5:118184] mca:base:select:(  plm) Query of component [rsh] set priority to 10
[node5:118184] mca:base:select:(  plm) Selected component [rsh]
[node5:118184] mca: base: components_register: registering oob components
[node5:118184] mca: base: components_register: found loaded component tcp
[node5:118184] mca: base: components_register: component tcp register function successful
[node5:118184] mca: base: components_open: opening oob components
[node5:118184] mca: base: components_open: found loaded component tcp
[node5:118184] mca: base: components_open: component tcp open function successful
[node5:118184] mca:oob:select: checking available component tcp
[node5:118184] mca:oob:select: Querying component [tcp]
[node5:118184] oob:tcp: component_available called
[node5:118184] WORKING INTERFACE 1 KERNEL INDEX 1 FAMILY: V4
[node5:118184] WORKING INTERFACE 2 KERNEL INDEX 2 FAMILY: V4
[node5:118184] [[61846,0],1] oob:tcp:init adding 10.65.0.105 to our list of V4 connections
[node5:118184] WORKING INTERFACE 3 KERNEL INDEX 6 FAMILY: V4
[node5:118184] [[61846,0],1] oob:tcp:init adding 10.64.0.105 to our list of V4 connections
[node5:118184] WORKING INTERFACE 4 KERNEL INDEX 7 FAMILY: V4
[node5:118184] [[61846,0],1] oob:tcp:init adding 10.67.0.105 to our list of V4 connections
[node5:118184] [[61846,0],1] TCP STARTUP
[node5:118184] [[61846,0],1] attempting to bind to IPv4 port 0
[node5:118184] [[61846,0],1] assigned IPv4 port 57057
[node5:118184] mca:oob:select: Adding component to end
[node5:118184] mca:oob:select: Found 1 active transports
[node5:118184] mca: base: components_register: registering rml components
[node5:118184] mca: base: components_register: found loaded component oob
[node5:118184] mca: base: components_register: component oob has no register or open function
[node5:118184] mca: base: components_open: opening rml components
[node5:118184] mca: base: components_open: found loaded component oob
[node5:118184] mca: base: components_open: component oob open function successful
[node5:118184] orte_rml_base_select: initializing rml component oob
Daemon [[61846,0],1] checking in as pid 118184 on host node5
[node5:118184] [[61846,0],1] orted: up and running - waiting for commands!
[node5:118184] [[61846,0],1] posting recv
[node5:118184] [[61846,0],1] posting persistent recv on tag 30 for peer [[WILDCARD],WILDCARD]
[node5:118184] [[61846,0],1] posting recv
[node5:118184] [[61846,0],1] posting persistent recv on tag 15 for peer [[WILDCARD],WILDCARD]
[node5:118184] [[61846,0],1] posting recv
[node5:118184] [[61846,0],1] posting persistent recv on tag 32 for peer [[WILDCARD],WILDCARD]
[node5:118184] [[61846,0],1] posting recv
[node5:118184] [[61846,0],1] posting persistent recv on tag 11 for peer [[WILDCARD],WILDCARD]
[node5:118184] [[61846,0],1] posting recv
[node5:118184] [[61846,0],1] posting persistent recv on tag 9 for peer [[WILDCARD],WILDCARD]
[node5:118184] [[61846,0],1] posting recv
[node5:118184] [[61846,0],1] posting persistent recv on tag 5 for peer [[WILDCARD],WILDCARD]
[node5:118184] [[61846,0],1]: set_addr to uri 4053139456.0;tcp://10.65.0.2,10.67.0.2,83.149.214.101,10.64.0.2:3499
[node5:118184] [[61846,0],1]:set_addr checking if peer [[61846,0],0] is reachable via component tcp
[node5:118184] [[61846,0],1] oob:tcp: working peer [[61846,0],0] address tcp://10.65.0.2,10.67.0.2,83.149.214.101,10.64.0.2:3499
[node5:118184] [[61846,0],1] PASSING ADDR 10.65.0.2 TO MODULE
[node5:118184] [[61846,0],1]:tcp set addr for peer [[61846,0],0]
[node5:118184] [[61846,0],1] PASSING ADDR 10.67.0.2 TO MODULE
[node5:118184] [[61846,0],1]:tcp set addr for peer [[61846,0],0]
[node5:118184] [[61846,0],1] PASSING ADDR 83.149.214.101 TO MODULE
[node5:118184] [[61846,0],1]:tcp set addr for peer [[61846,0],0]
[node5:118184] [[61846,0],1] PASSING ADDR 10.64.0.2 TO MODULE
[node5:118184] [[61846,0],1]:tcp set addr for peer [[61846,0],0]
[node5:118184] [[61846,0],1]: peer [[61846,0],0] is reachable via component tcp
[node5:118184] [[61846,0],1] posting recv
[node5:118184] [[61846,0],1] posting persistent recv on tag 3 for peer [[WILDCARD],WILDCARD]
[node5:118184] [[61846,0],1] posting recv
[node5:118184] [[61846,0],1] posting persistent recv on tag 21 for peer [[WILDCARD],WILDCARD]
[node5:118184] [[61846,0],1] posting recv
[node5:118184] [[61846,0],1] posting persistent recv on tag 45 for peer [[WILDCARD],WILDCARD]
[node5:118184] [[61846,0],1] posting recv
[node5:118184] [[61846,0],1] posting persistent recv on tag 46 for peer [[WILDCARD],WILDCARD]
[node5:118184] [[61846,0],1] posting recv
[node5:118184] [[61846,0],1] posting persistent recv on tag 1 for peer [[WILDCARD],WILDCARD]
[node5:118184] [[61846,0],1] OOB_SEND: rml_oob_send.c:199
[node5:118184] [[61846,0],1]:tcp:processing set_peer cmd
[node5:118184] [[61846,0],1]:tcp:processing set_peer cmd
[node5:118184] [[61846,0],1]:tcp:processing set_peer cmd
[node5:118184] [[61846,0],1]:tcp:processing set_peer cmd
[node5:118184] [[61846,0],1] oob:base:send to target [[61846,0],0]
[node5:118184] [[61846,0],1] oob:tcp:send_nb to peer [[61846,0],0]:10
[node5:118184] [[61846,0],1] tcp:send_nb to peer [[61846,0],0]
[node5:118184] [[61846,0],1]:[oob_tcp.c:478] post send to [[61846,0],0]
[node5:118184] [[61846,0],1]:[oob_tcp.c:415] processing send to peer [[61846,0],0]:10
[node5:118184] [[61846,0],1]:[oob_tcp.c:449] queue pending to [[61846,0],0]
[node5:118184] [[61846,0],1] tcp:send_nb: initiating connection to [[61846,0],0]
[node5:118184] [[61846,0],1]:[oob_tcp.c:463] connect to [[61846,0],0]
[node5:118184] [[61846,0],1] orte_tcp_peer_try_connect: attempting to connect to proc [[61846,0],0]
[node5:118184] [[61846,0],1] orte_tcp_peer_try_connect: attempting to connect to proc [[61846,0],0] on socket 10
[node5:118184] [[61846,0],1] orte_tcp_peer_try_connect: attempting to connect to proc [[61846,0],0] on 10.65.0.2:3499 - 0 retries
[node5:118184] [[61846,0],1] waiting for connect completion to [[61846,0],0] - activating send event
[node5:118184] [[61846,0],1] tcp:send_handler called to send to peer [[61846,0],0]
[node5:118184] [login:128364] [[61846,0],0] connection_handler: working connection (15, 0) 10.65.0.105:45228
[login:128364] [[61846,0],0] accept_connection: 10.65.0.105:45228
[login:128364] [[61846,0],0]:tcp:recv:handler called
[login:128364] [[61846,0],0] RECV CONNECT ACK FROM UNKNOWN ON SOCKET 15
[login:128364] [[61846,0],0] waiting for connect ack from UNKNOWN
[login:128364] [[61846,0],0] connect ack received from UNKNOWN
[login:128364] [[61846,0],0] connect-ack recvd from UNKNOWN
[login:128364] [[61846,0],0] mca_oob_tcp_recv_connect: connection from new peer
[login:128364] [[61846,0],0] connect-ack header from [[61846,0],1] is okay
[login:128364] [[61846,0],0] waiting for connect ack from [[61846,0],1]
[login:128364] [[61846,0],0] connect ack received from [[61846,0],1]
[login:128364] [[61846,0],0] connect-ack version from [[61846,0],1] matches ours
[login:128364] [[61846,0],0] connect-ack [[61846,0],1] authenticated
[login:128364] [[61846,0],0] tcp:peer_accept called for peer [[61846,0],1] in state UNKNOWN on socket 15
[login:128364] [[61846,0],0] SEND CONNECT ACK
[login:128364] [[61846,0],0] send blocking of 42 bytes to socket 15
[login:128364] [[61846,0],0] connect-ack sent to socket 15
[login:128364] [[61846,0],0]-[[61846,0],1] tcp_peer_connected on socket 15
[login:128364] [[61846,0],0]-[[61846,0],1] accepted: 10.65.0.2 - 10.65.0.105 nodelay 1 sndbuf 65536 rcvbuf 65536 flags 00000802
[login:128364] [[61846,0],0] tcp:set_module called for peer [[61846,0],1]
[login:128364] [[61846,0],0]:tcp:recv:handler called for peer [[61846,0],1]
[login:128364] [[61846,0],0]:tcp:recv:handler CONNECTED
[login:128364] [[61846,0],0]:tcp:recv:handler allocate new recv msg
[login:128364] [[61846,0],0]:tcp:recv:handler read hdr
[login:128364] [[61846,0],0]:tcp:recv:handler allocate data region of size 29468
[node5:118184] [[61846,0],1]-[[61846,0],0] connected: 10.65.0.105 - 10.65.0.[login:128364] [[61846,0],0]:tcp:recv:handler CONNECTED
[login:128364] [[61846,0],0]:tcp:recv:handler called for peer [[61846,0],1]
[login:128364] [[61846,0],0]:tcp:recv:handler CONNECTED
[login:128364] [[61846,0],0]:tcp:recv:handler called for peer [[61846,0],1]
[login:128364] [[61846,0],0]:tcp:recv:handler CONNECTED
[login:128364] [[61846,0],0] RECVD COMPLETE MESSAGE FROM [[61846,0],1] (ORIGIN [[61846,0],1]) OF 29468 BYTES FOR DEST [[61846,0],0] TAG 10
[login:128364] [[61846,0],0] DELIVERING TO RML
[login:128364] [[61846,0],0] Message posted at oob_tcp_sendrecv.c:533
[login:128364] [[61846,0],0]: set_addr to uri 4053139456.1;tcp://10.65.0.105,10.64.0.105,10.67.0.105:57057
[login:128364] [[61846,0],0]:set_addr checking if peer [[61846,0],1] is reachable via component tcp
[login:128364] [[61846,0],0] oob:tcp: working peer [[61846,0],1] address tcp://10.65.0.105,10.64.0.105,10.67.0.105:57057
[login:128364] [[61846,0],0] PASSING ADDR 10.65.0.105 TO MODULE
[login:128364] [[61846,0],0]:tcp set addr for peer [[61846,0],1]
[login:128364] [[61846,0],0] PASSING ADDR 10.64.0.105 TO MODULE
[login:128364] [[61846,0],0]:tcp set addr for peer [[61846,0],1]
[login:128364] [[61846,0],0] PASSING ADDR 10.67.0.105 TO MODULE
[login:128364] [[61846,0],0]:tcp set addr for peer [[61846,0],1]
[login:128364] [[61846,0],0]: peer [[61846,0],1] is reachable via component tcp
[login:128364] [[61846,0],0] OOB_SEND: rml_oob_send.c:199
[login:128364] [[61846,0],0]:tcp:processing set_peer cmd
[login:128364] [[61846,0],0]:tcp:processing set_peer cmd
[login:128364] [[61846,0],0]:tcp:processing set_peer cmd
[login:128364] [[61846,0],0] oob:base:send to target [[61846,0],1]
[login:128364] [[61846,0],0] oob:base:send known transport for peer [[61846,0],1]
[login:128364] [[61846,0],0] oob:tcp:send_nb to peer [[61846,0],1]:1
[login:128364] [[61846,0],0] tcp:send_nb to peer [[61846,0],1]
[login:128364] [[61846,0],0]:[oob_tcp.c:478] post send to [[61846,0],1]
[login:128364] [[61846,0],0]:[oob_tcp.c:415] processing send to peer [[61846,0],1]:1
[login:128364] [[61846,0],0] tcp:send_nb: already connected to [[61846,0],1] - queueing for send
[login:128364] [[61846,0],0]:[oob_tcp.c:442] queue send to [[61846,0],1]
[login:128364] [[61846,0],0] tcp:send_handler called to send to peer [[61846,0],1]
[login:128364] [[61846,0],0] tcp:send_handler SENDING TO [[61846,0],1]
[login:128364] [[61846,0],0] MESSAGE SEND COMPLETE TO [[61846,0],1] OF 194 BYTES ON SOCKET 15
[login:128364] [[61846,0],0]-[[61846,0],1] Send message complete at oob_tcp_sendrecv.c:223
[login:128364] [[61846,0],0]: set_addr to uri 4053139456.0;tcp://10.65.0.2,10.67.0.2,83.149.214.101,10.64.0.2:3499
[login:128364] [[61846,0],0]:set_addr peer [[61846,0],0] is me
[login:128364] [[61846,0],0]: set_addr to uri 4053139456.1;tcp://10.65.0.105,10.64.0.105,10.67.0.105:57057
[login:128364] [[61846,0],0]:set_addr checking if peer [[61846,0],1] is reachable via component tcp
[login:128364] [[61846,0],0] oob:tcp: working peer [[61846,0],1] address tcp://10.65.0.105,10.64.0.105,10.67.0.105:57057
[login:128364] [[61846,0],0] PASSING ADDR 10.65.0.105 TO MODULE
[login:128364] [[61846,0],0]:tcp set addr for peer [[61846,0],1]
[login:128364] [[61846,0],0] PASSING ADDR 10.64.0.105 TO MODULE
[login:128364] [[61846,0],0]:tcp set addr for peer [[61846,0],1]
[login:128364] [[61846,0],0] PASSING ADDR 10.67.0.105 TO MODULE
[login:128364] [[61846,0],0]:tcp set addr for peer [[61846,0],1]
[login:128364] [[61846,0],0]: peer [[61846,0],1] is reachable via component tcp
[login:128364] [[61846,0],0] OOB_SEND: rml_oob_send.c:199
[login:128364] [[61846,0],0]:tcp:processing set_peer cmd
[login:128364] [[61846,0],0]:tcp:processing set_peer cmd
[login:128364] [[61846,0],0]:tcp:processing set_peer cmd
[login:128364] [[61846,0],0] oob:base:send to target [[61846,0],1]
[login:128364] [[61846,0],0] oob:base:send known transport for peer [[61846,0],1]
[login:128364] [[61846,0],0] oob:tcp:send_nb to peer [[61846,0],1]:15
[login:128364] [[61846,0],0] tcp:send_nb to peer [[61846,0],1]
[login:128364] [[61846,0],0]:[oob_tcp.c:478] post send to [[61846,0],1]
[login:128364] [[61846,0],0] orted_cmd: received add_local_procs
[login:128364] [[61846,0],0]:[oob_tcp.c:415] processing send to peer [[61846,0],1]:15
[login:128364] [[61846,0],0] tcp:send_nb: already connected to [[61846,0],1] - queueing for send
[login:128364] [[61846,0],0]:[oob_tcp.c:442] queue send to [[61846,0],1]
[login:128364] [[61846,0],0] tcp:send_handler called to send to peer [[61846,0],1]
[login:128364] [[61846,0],0] tcp:send_handler SENDING TO [[61846,0],1]
[login:128364] [[61846,0],0] MESSAGE SEND COMPLETE TO [[61846,0],1] OF 1249 BYTES ON SOCKET 15
[login:128364] [[61846,0],0]-[[61846,0],1] Send message complete at oob_tcp_sendrecv.c:223
[node5:118184] [[61846,0],1]:tcp:recv:handler called for peer [[61846,0],0]
[node5:118184] [[61846,0],1]:tcp:recv:handler CONNECTED
[node5:118184] [[61846,0],1]:tcp:recv:handler allocate new recv msg
[node5:118184] [[61846,0],1]:tcp:recv:handler read hdr
[node5:118184] [[61846,0],1]:tcp:recv:handler allocate data region of size 1249
[node5:118184] [[61846,0],1]:tcp:recv:handler called for peer [[61846,0],0]
[node5:118184] [[61846,0],1]:tcp:recv:handler CONNECTED
[node5:118184] [[61846,0],1] RECVD COMPLETE MESSAGE FROM [[61846,0],0] (ORIGIN [[61846,0],0]) OF 1249 BYTES FOR DEST [[61846,0],1] TAG 15
[node5:118184] [[61846,0],1] DELIVERING TO RML
[node5:118184] [[61846,0],1] Message posted at oob_tcp_sendrecv.c:533
[node5:118184] [[61846,0],1]: set_addr to uri 4053139456.0;tcp://10.65.0.2,10.67.0.2,83.149.214.101,10.64.0.2:3499
[node5:118184] [[61846,0],1]:set_addr checking if peer [[61846,0],0] is reachable via component tcp
[node5:118184] [[61846,0],1] oob:tcp: working peer [[61846,0],0] address tcp://10.65.0.2,10.67.0.2,83.149.214.101,10.64.0.2:3499
[node5:118184] [[61846,0],1] PASSING ADDR 10.65.0.2 TO MODULE
[node5:118184] [[61846,0],1]:tcp set addr for peer [[61846,0],0]
[node5:118184] [[61846,0],1] PASSING ADDR 10.67.0.2 TO MODULE
[node5:118184] [[61846,0],1]:tcp set addr for peer [[61846,0],0]
[node5:118184] [[61846,0],1] PASSING ADDR 83.149.214.101 TO MODULE
[node5:118184] [[61846,0],1]:tcp set addr for peer [[61846,0],0]
[node5:118184] [[61846,0],1] PASSING ADDR 10.64.0.2 TO MODULE
[node5:118184] [[61846,0],1]:tcp set addr for peer [[61846,0],0]
[node5:118184] [[61846,0],1]: peer [[61846,0],0] is reachable via component tcp
[node5:118184] [[61846,0],1]: set_addr to uri 4053139456.1;tcp://10.65.0.105,10.64.0.105,10.67.0.105:57057
[node5:118184] [[61846,0],1]:set_addr peer [[61846,0],1] is me
[node5:118184] [[61846,0],1]:tcp:processing set_peer cmd
[node5:118184] [[61846,0],1]:tcp:processing set_peer cmd
[node5:118184] [[61846,0],1]:tcp:processing set_peer cmd
[node5:118184] [[61846,0],1]:tcp:processing set_peer cmd
[node5:118184] [[61846,0],1] orted_cmd: received add_local_procs
[login:128364] [[61846,0],0]:tcp:recv:handler called for peer [[61846,0],1]
[login:128364] [[61846,0],0]:tcp:recv:handler CONNECTED
[login:128364] [[61846,0],0]:tcp:recv:handler allocate new recv msg
[login:128364] [[61846,0],0]:tcp:recv:handler read hdr
[login:128364] [[61846,0],0]:tcp:recv:handler allocate data region of size 54
[login:128364] [[61846,0],0] RECVD COMPLETE MESSAGE FROM [[61846,0],1] (ORIGIN [[61846,0],1]) OF 54 BYTES FOR DEST [[61846,0],0] TAG 5
[login:128364] [[61846,0],0] DELIVERING TO RML
[login:128364] [[61846,0],0] Message posted at oob_tcp_sendrecv.c:533
[login:128364] [[61846,0],0] plm:base:receive update proc state command from [[61846,0],1]
[login:128364] [[61846,0],0] plm:base:receive got update_proc_state for job [61846,1]
[node5:118184] [[61846,0],1] OOB_SEND: rml_oob_send.c:199
[node5:118184] [[61846,0],1] oob:base:send to target [[61846,0],0]
[node5:118184] [[61846,0],1] oob:base:send known transport for peer [[61846,0],0]
[node5:118184] [[61846,0],1] oob:tcp:send_nb to peer [[61846,0],0]:5
[node5:118184] [[61846,0],1] tcp:send_nb to peer [[61846,0],0]
[node5:118184] [[61846,0],1]:[oob_tcp.c:478] post send to [[61846,0],0]
[node5:118184] [[61846,0],1]:[oob_tcp.c:415] processing send to peer [[61846,0],0]:5
[node5:118184] [[61846,0],1] tcp:send_nb: already connected to [[61846,0],0] - queueing for send
[node5:118184] [[61846,0],1]:[oob_tcp.c:442] queue send to [[61846,0],0]
[node5:118184] [[61846,0],1] tcp:send_handler called to send to peer [[61846,0],0]
[node5:118184] [[61846,0],1] tcp:send_handler SENDING TO [[61846,0],0]
[node5:118184] [[61846,0],1] MESSAGE SEND COMPLETE TO [[61846,0],0] OF 54 BYTES ON SOCKET 10
[node5:118184] [[61846,0],1]-[[61846,0],0] Send message complete at oob_tcp_sendrecv.c:223
[node5:118184] [[61846,0],1] OOB_SEND: rml_oob_send.c:199
[node5:118184] [[61846,0],1] oob:base:send to target [[61846,0],0]
[node5:118184] [[61846,0],1] oob:base:send known transport for peer [[61846,0],0]
[node5:118184] [[61846,0],1] oob:tcp:send_nb to peer [[61846,0],0]:2
[node5:118184] [[61846,0],1] tcp:send_nb to peer [[61846,0],0]
[node5:118184] [[61846,0],1]:[oob_tcp.c:478] post send to [[61846,0],0]
[node5:118184] [[61846,0],1]:[oob_tcp.c:415] processing send to peer [[61846,0],0]:2
[node5:118184] [[61846,0],1] tcp:send_nb: already connected to [[61846,0],0] - queueing for send
[node5:118184] [[61846,0],1]:[oob_tcp.c:442] queue send to [[61846,0],0]
[node5:118184] [[61846,0],1] tcp:send_handler called to send to peer [[61846,0],0]
[node5:118184] [[61846,0],1] tcp:send_handler SENDING TO [[61846,0],0]
[node5:118184] [[61846,0],1] MESSAGE SEND COMPLETE TO [[61846,0],0] OF 169 BYTES ON SOCKET 10
[node5:118184] [[61846,0],1]-[[61846,0],0] Send message complete at oob_tcp_sendrecv.c:223
[node5:118184] [[61846,0],1] OOB_SEND: rml_oob_send.c:199
[node5:118184] [[61846,0],1] oob:base:send to target [[61846,0],0]
[node5:118184] [[61846,0],1] oob:base:send known transport for peer [[61846,0],0]
[node5:118184] [[61846,0],1] oob:tcp:send_nb to peer [[61846,0],0]:2
[node5:118184] [[61846,0],1] tcp:send_nb to peer [[61846,0],0]
[node5:118184] [[61846,0],1]:[oob_tcp.c:478] post send to [[61846,0],0]
[node5:118184] [[61846,0],1]:[oob_tcp.c:415] processing send to peer [[61846,0],0]:2
[node5:118184] [[61846,0],1] tcp:send_nb: already connected to [[61846,0],0] - queueing for send
[node5:118184] [[61846,0],1]:[oob_tcp.c:442] queue send to [[61846,0],0]
[node5:118184] [[61846,0],1] tcp:send_handler called to send to peer [[61846,0],0]
[node5:118184] [[61846,0],1] tcp:send_handler SENDING TO [[61846,0],0]
[node5:118184] [[61846,0],1] MESSAGE SEND COMPLETE TO [[61846,0],0] OF 111 BYTES ON SOCKET 10
[node5:118184] [[61846,0],1]-[[61846,0],0] Send message complete at oob_tcp_sendrecv.c:223
[node5:118184] [[61846,0],1] OOB_SEND: rml_oob_send.c:199
[node5:118184] [[61846,0],1] oob:base:send to target [[61846,0],0]
[node5:118184] [[61846,0],1] oob:base:send known transport for peer [[61846,0],0]
[node5:118184] [[61846,0],1] oob:tcp:send_nb to peer [[61846,0],0]:2
[node5:118184] [[61846,0],1] tcp:send_nb to peer [[61846,0],0]
[node5:118184] [[61846,0],1]:[oob_tcp.c:478] post send to [[61846,0],0]
[nod[login:128364] [[61846,0],0]:tcp:recv:handler CONNECTED
[login:128364] [[61846,0],0]:tcp:recv:handler allocate new recv msg
[login:128364] [[61846,0],0]:tcp:recv:handler read hdr
[login:128364] [[61846,0],0]:tcp:recv:handler allocate data region of size 169
[login:128364] [[61846,0],0] RECVD COMPLETE MESSAGE FROM [[61846,0],1] (ORIGIN [[61846,0],1]) OF 169 BYTES FOR DEST [[61846,0],0] TAG 2
[login:128364] [[61846,0],0] DELIVERING TO RML
[login:128364] [[61846,0],0] Message posted at oob_tcp_sendrecv.c:533
[warn] Epoll ADD(4) on fd 2 failed.  Old events were 0; read change was 0 (none); write change was 1 (add): Operation not permitted
ost send to [[61846,0],0]
[node5:118184] [[61846,0],1]:[oob_tcp.c:415] processing send to peer [[61846,0],0]:2
[node5:118184] [[61846,0],1] tcp:send_nb: already connected to [[61846,0],0] - queueing for send
[node5:118184] [[61846,0],1]:[oob_tcp.c:442] queue send to [[61846,0],0]
[node5:118184] [[61846,0],1] tcp:send_handler called to send to peer [[61846,0],0]
[node5:118184] [[61846,0],1] tcp:send_handler SENDING TO [[61846,0],0]
[node5:118184] [[61846,0],1] MESSAGE SEND COMPLETE TO [[61846,0],0] OF 428 BYTES ON SOCKET 10
[node5:118184] [[61846,0],1]-[[61846,0],0] Send message complete at oob_tcp_sendrecv.c:223
[node5:118184] [[61846,0],1] OOB_SEND: rml_oob_send.c:199
[node5:118184] [[61846,0],1] oob:base:send to target [[61846,0],0]
[node5:118184] [[61846,0],1] oob:base:send known transport for peer [[61846,0],0]
[node5:118184] [[61846,0],1] oob:tcp:send_nb to peer [[61846,0],0]:2
[node5:118184] [[61846,0],1] tcp:send_nb to peer [[61846,0],0]
[node5:118184] [[61846,0],1]:[oob_tcp.c:478] post send to [[61846,0],0]
[node5:118184] [[61846,0],1]:[oob_tcp.c:415] processing send to peer [[61846,0],0]:2
[node5:118184] [[61846,0],1] tcp:send_nb: already connected to [[61846,0],0] - queueing for send
[node5:118184] [[61846,0],1]:[oob_tcp.c:442] queue send to [[61846,0],0]
[node5:118184] [[61846,0],1] tcp:send_handler called to send to peer [[61846,0],0]
[node5:118184] [[61846,0],1] tcp:send_handler SENDING TO [[61846,0],0]
[node5:118184] [[61846,0],1] MESSAGE SEND COMPLETE TO [[61846,0],0] OF 349 BYTES ON SOCKET 10
[node5:118184] [[61846,0],1]-[[61846,0],0] Send message complete at oob_tcp_sendrecv.c:223
[node5:118184] [[61846,0],1] OOB_SEND: rml_oob_send.c:199
[node5:118184] [[61846,0],1] oob:base:send to target [[61846,0],0]
[node5:118184] [[61846,0],1] oob:base:send known transport for peer [[61846,0],0]
[node5:118184] [[61846,0],1] oob:tcp:send_nb to peer [[61846,0],0]:2
[node5:118184] [[61846,0],1] tcp:send_nb to peer [[61846,0],0]
[node5:118184] [[61846,0],1]:[oob_tcp.c:478] post send to [[61846,0],0]
[node5:118184] [[61846,0],1]:[oob_tcp.c:415] processing send to peer [[61846,0],0]:2
[node5:118184] [[61846,0],1] tcp:send_nb: already connected to [[61846,0],0] - queueing for send
[node5:118184] [[61846,0],1]:[oob_tcp.c:442] queue send to [[61846,0],0]
[node5:118184] [[61846,0],1] tcp:send_handler called to send to peer [[61846,0],0]
[node5:118184] [[61846,0],1] tcp:send_handler SENDING TO [[61846,0],0]
[node5:118184] [[61846,0],1] MESSAGE SEND COMPLETE TO [[61846,0],0] OF 628 BYTES ON SOCKET 10
[node5:118184] [[61846,0],1]-[[61846,0],0] Send message complete at oob_tcp_sendrecv.c:223
[node5:118184] [[61846,0],1] OOB_SEND: rml_oob_send.c:199
[node5:118184] [[61846,0],1] oob:base:send to target [[61846,0],0]
[node5:118184] [[61846,0],1] oob:base:send known transport for peer [[61846,0],0]
[node5:118184] [[61846,0],1] oob:tcp:send_nb to peer [[61846,0],0]:2
[node5:118184] [[61846,0],1] tcp:send_nb to peer [[61846,0],0]
[node5:118184] [[61846,0],1]:[oob_tcp.c:478] post send to [[61846,0],0]
[node5:118184] [[61846,0],1]:[oob_tcp.c:415] processing send to peer [[61846,0],0]:2
[node5:118184] [[61846,0],1] tcp:send_nb: already connected to [[61846,0],0] - queueing for send
[node5:118184] [[61846,0],1]:[oob_tcp.c:442] queue send to [[61846,0],0]
[node5:118184] [[61846,0],1] tcp:send_handler called to send to peer [[61846,0],0]
[node5:118184] [[61846,0],1] tcp:send_handler SENDING TO [[61846,0],0]
[node5:118184] [[61846,0],1] MESSAGE SEND COMPLETE TO [[61846,0],0] OF 933 BYTES ON SOCKET 10
[node5:118184] [[61846,0],1]-[[61846,0],0] Send message complete at oob_tcp_sendrecv.c:223
[node5:118184] [[61846,0],1] OOB_SEND: rml_oob_send.c:199
[node5:118184] [[61846,0],1] oob:base:send to target [[61846,0],0]
[node5:118184] [[61846,0],1] oob:base:send known transport for peer [[61846,0],0]
[node5:118184] [[61846,0],1] oob:tcp:send_nb to peer [[61846,0],0]:2
[node5:118184] [[61846,0],1] tcp:send_nb to peer [[61846,0],0]
[node5:118184] [[61846,0],1]:[oob_tcp.c:478] post send to [[61846,0],0]
[node5:118184] [[61846,0],1]:[oob_tcp.c:415] processing send to peer [[61846,0],0]:2
[node5:118184] [[61846,0],1] tcp:send_nb: already connected to [[61846,0],0] - queueing for send
[node5:118184] [[61846,0],1]:[oob_tcp.c:442] queue send to [[61846,0],0]
[node5:118184] [[61846,0],1] tcp:send_handler called to send to peer [[61846,0],0]
[node5:118184] [[61846,0],1] tcp:send_handler SENDING TO [[61846,0],0]
[node5:118184] [[61846,0],1] MESSAGE SEND COMPLETE TO [[61846,0],0] OF 267 BYTES ON SOCKET 10
[node5:118184] [[61846,0],1]-[[61846,0],0] Send message complete at oob_tcp_sendrecv.c:223
[node5:118184] [[61846,0],1] connection_event_handler: working connection (12, 0) 10.65.0.105:41535
[node5:118184] [[61846,0],1] accept_connection: 10.65.0.105:41535
[node5:118184] [[61846,0],1] OOB_SEND: rml_oob_send.c:199
[node5:118184] [[61846,0],1] oob:base:send to target [[61846,0],0]
[node5:118184] [[61846,0],1] oob:base:send known transport for peer [[61846,0],0]
[node5:118184] [[61846,0],1] oob:tcp:send_nb to peer [[61846,0],0]:2
[node5:118184] [[61846,0],1] tcp:send_nb to peer [[61846,0],0]
[node5:118184] [[61846,0],1]:[oob_tcp.c:478] post send to [[61846,0],0]
[node5:118184] [[61846,0],1]:[oob_tcp.c:415] processing send to peer [[61846,0],0]:2
[node5:118184] [[61846,0],1] tcp:send_nb: already connected to [[61846,0],0] - queueing for send
[node5:118184] [[61846,0],1]:[oob_tcp.c:442] queue send to [[61846,0],0]
[node5:118184] [[61846,0],1] tcp:send_handler called to send to peer [[61846,0],0]
[node5:118184] [[61846,0],1] tcp:send_handler SENDING TO [[61846,0],0]
[node5:118184] [[61846,0],1] MESSAGE SEND COMPLETE TO [[61846,0],0] OF 613 BYTES ON SOCKET 10
[node5:118184] [[61846,0],1]-[[61846,0],0] Send message complete at oob_tcp_sendrecv.c:223
[node5:118184] [[61846,0],1]:tcp:recv:handler called
[node5:118184] [[61846,0],1] RECV CONNECT ACK FROM UNKNOWN ON SOCKET 12
[node5:118184] [[61846,0],1] waiting for connect ack from UNKNOWN
[node5:118184] [[61846,0],1] connect ack received from UNKNOWN
[node5:118184] [[61846,0],1] connect-ack recvd from UNKNOWN
[node5:118184] [[61846,0],1] mca_oob_tcp_recv_connect: connection from new peer
[node5:118184] [[61846,0],1] connect-ack header from [[61846,1],0] is okay
[node5:118184] [[61846,0],1] waiting for connect ack from [[61846,1],0]
[node5:118184] [[61846,0],1] connect ack received from [[61846,1],0]
[node5:118184] [[61846,0],1] connect-ack version from [[61846,1],0] matches ours
[node5:118184] [[61846,0],1] connect-ack [[61846,1],0] authenticated
[node5:118184] [[61846,0],1] tcp:peer_accept called for peer [[61846,1],0] in state UNKNOWN on socket 12
[node5:118184] [[61846,0],1] SEND CONNECT ACK
[node5:118184] [[61846,0],1] send blocking of 42 bytes to socket 12
[node5:118184] [[61846,0],1] connect-ack sent to socket 12
[node5:118184] [[61846,0],1]-[[61846,1],0] tcp_peer_connected on socket 12
[node5:118184] [[61846,0],1]-[[61846,1],0] accepted: 10.65.0.105 - 10.65.0.105 nodelay 1 sndbuf 65536 rcvbuf 65536 flags 00000802
[node5:118184] [[61846,0],1] tcp:set_module called for peer [[61846,1],0]
[node5:118184] [[61846,0],1] OOB_SEND: rml_oob_send.c:199
[node5:118184] [[61846,0],1] oob:base:send to target [[61846,0],0]
[node5:118184] [[61846,0],1] oob:base:send known transport for peer [[61846,0],0]
[node5:118184] [[61846,0],1] oob:tcp:send_nb to peer [[61846,0],0]:2
[node5:118184] [[61846,0],1] tcp:send_nb to peer [[61846,0],0]
[node5:118184] [[61846,0],1]:[oob_tcp.c:478] post send to [[61846,0],0]
[node5:118184] [[61846,0],1]:[oob_tcp.c:415] processing send to peer [[61846,0],0]:2
[node5:118184] [[61846,0],1] tcp:send_nb: already connected to [[61846,0],0] - queueing for send
[node5:118184] [[61846,0],1]:[oob_tcp.c:442] queue send to [[61846,0],0]
[node5:118184] [[61846,0],1] tcp:send_handler called to send to peer [[61846,0],0]
[node5:118184] [[61846,0],1] tcp:send_handler SENDING TO [[61846,0],0]
[node5:118184] [[61846,0],1] MESSAGE SEND COMPLETE TO [[61846,0],0] OF 422 BYTES ON SOCKET 10
[node5:118184] [[61846,0],1]-[[61846,0],0] Send message complete at oob_tcp_sendrecv.c:223
[node5:118184] [[61846,0],1] OOB_SEND: rml_oob_send.c:199
[node5:118184] [[61846,0],1] oob:base:send to target [[61846,0],0]
[node5:118184] [[61846,0],1] oob:base:send known transport for peer [[61846,0],0]
[node5:118184] [[61846,0],1] oob:tcp:send_nb to peer [[61846,0],0]:2
[node5:118184] [[61846,0],1] tcp:send_nb to peer [[61846,0],0]
[node5:118184] [[61846,0],1]:[oob_tcp.c:478] post send to [[61846,0],0]
[node5:118184] [[61846,0],1]:[oob_tcp.c:415] processing send to peer [[61846,0],0]:2
[node5:118184] [[61846,0],1] tcp:send_nb: already connected to [[61846,0],0] - queueing for send
[node5:118184] [[61846,0],1]:[oob_tcp.c:442] queue send to [[61846,0],0]
[node5:118184] [[61846,0],1] tcp:send_handler called to send to peer [[61846,0],0]
[node5:118184] [[61846,0],1] tcp:send_handler SENDING TO [[61846,0],0]
[node5:118184] [[61846,0],1] MESSAGE SEND COMPLETE TO [[61846,0],0] OF 731 BYTES ON SOCKET 10
[node5:118184] [[61846,0],1]-[[61846,0],0] Send message complete at oob_tcp_sendrecv.c:223
[node5:118184] [[61846,0],1]:tcp:recv:handler called for peer [[61846,1],0]
[node5:118184] [[61846,0],1]:tcp:recv:handler CONNECTED
[node5:118184] [[61846,0],1]:tcp:recv:handler allocate new recv msg
[node5:118184] [[61846,0],1]:tcp:recv:handler read hdr
[node5:118184] [[61846,0],1]:tcp:recv:handler allocate data region of size 79
[node5:118184] [[61846,0],1] RECVD COMPLETE MESSAGE FROM [[61846,1],0] (ORIG[login:128364] [[61846,0],0]:tcp:recv:handler CONNECTED
[login:128364] [[61846,0],0]:tcp:recv:handler allocate new recv msg
[login:128364] [[61846,0],0]:tcp:recv:handler read hdr
[login:128364] [[61846,0],0]:tcp:recv:handler allocate data region of size 111
[login:128364] [[61846,0],0] RECVD COMPLETE MESSAGE FROM [[61846,0],1] (ORIGIN [[61846,0],1]) OF 111 BYTES FOR DEST [[61846,0],0] TAG 2
[login:128364] [[61846,0],0] DELIVERING TO RML
[login:128364] [[61846,0],0] Message posted at oob_tcp_sendrecv.c:533
[login:128364] [[61846,0],0]:tcp:recv:handler called for peer [[61846,0],1]
[login:128364] [[61846,0],0]:tcp:recv:handler CONNECTED
[login:128364] [[61846,0],0]:tcp:recv:handler allocate new recv msg
[login:128364] [[61846,0],0]:tcp:recv:handler read hdr
[login:128364] [[61846,0],0]:tcp:recv:handler allocate data region of size 410
[login:128364] [[61846,0],0] RECVD COMPLETE MESSAGE FROM [[61846,0],1] (ORIGIN [[61846,0],1]) OF 410 BYTES FOR DEST [[61846,0],0] TAG 2
[login:128364] [[61846,0],0] DELIVERING TO RML
[login:128364] [[61846,0],0] Message posted at oob_tcp_sendrecv.c:533
[login:128364] [[61846,0],0]:tcp:recv:handler called for peer [[61846,0],1]
[login:128364] [[61846,0],0]:tcp:recv:handler CONNECTED
[login:128364] [[61846,0],0]:tcp:recv:handler allocate new recv msg
[login:128364] [[61846,0],0]:tcp:recv:handler read hdr
[login:128364] [[61846,0],0]:tcp:recv:handler allocate data region of size 143
[login:128364] [[61846,0],0] RECVD COMPLETE MESSAGE FROM [[61846,0],1] (ORIGIN [[61846,0],1]) OF 143 BYTES FOR DEST [[61846,0],0] TAG 2
[login:128364] [[61846,0],0] DELIVERING TO RML
[login:128364] [[61846,0],0] Message posted at oob_tcp_sendrecv.c:533
[login:128364] [[61846,0],0]:tcp:recv:handler called for peer [[61846,0],1]
[login:128364] [[61846,0],0]:tcp:recv:handler CONNECTED
[login:128364] [[61846,0],0]:tcp:recv:handler allocate new recv msg
[login:128364] [[61846,0],0]:tcp:recv:handler read hdr
[login:128364] [[61846,0],0]:tcp:recv:handler allocate data region of size 520
[login:128364] [[61846,0],0] RECVD COMPLETE MESSAGE FROM [[61846,0],1] (ORIGIN [[61846,0],1]) OF 520 BYTES FOR DEST [[61846,0],0] TAG 2
[login:128364] [[61846,0],0] DELIVERING TO RML
[login:128364] [[61846,0],0] Message posted at oob_tcp_sendrecv.c:533
[login:128364] [[61846,0],0]:tcp:recv:handler called for peer [[61846,0],1]
[login:128364] [[61846,0],0]:tcp:recv:handler CONNECTED
[login:128364] [[61846,0],0]:tcp:recv:handler allocate new recv msg
[login:128364] [[61846,0],0]:tcp:recv:handler read hdr
[login:128364] [[61846,0],0]:tcp:recv:handler allocate data region of size 187
[login:128364] [[61846,0],0] RECVD COMPLETE MESSAGE FROM [[61846,0],1] (ORIGIN [[61846,0],1]) OF 187 BYTES FOR DEST [[61846,0],0] TAG 2
[login:128364] [[61846,0],0] DELIVERING TO RML
[login:128364] [[61846,0],0] Message posted at oob_tcp_sendrecv.c:533
[login:128364] [[61846,0],0]:tcp:recv:handler called for peer [[61846,0],1]
[login:128364] [[61846,0],0]:tcp:recv:handler CONNECTED
[login:128364] [[61846,0],0]:tcp:recv:handler allocate new recv msg
[login:128364] [[61846,0],0]:tcp:recv:handler read hdr
[login:128364] [[61846,0],0]:tcp:recv:handler allocate data region of size 549
[login:128364] [[61846,0],0] RECVD COMPLETE MESSAGE FROM [[61846,0],1] (ORIGIN [[61846,0],1]) OF 549 BYTES FOR DEST [[61846,0],0] TAG 2
[login:128364] [[61846,0],0] DELIVERING TO RML
[login:128364] [[61846,0],0] Message posted at oob_tcp_sendrecv.c:533
[login:128364] [[61846,0],0]:tcp:recv:handler called for peer [[61846,0],1]
[login:128364] [[61846,0],0]:tcp:recv:handler CONNECTED
[login:128364] [[61846,0],0]:tcp:recv:handler allocate new recv msg
[login:128364] [[61846,0],0]:tcp:recv:handler read hdr
[login:128364] [[61846,0],0]:tcp:recv:handler allocate data region of size 428
[login:128364] [[61846,0],0] RECVD COMPLETE MESSAGE FROM [[61846,0],1] (ORIGIN [[61846,0],1]) OF 428 BYTES FOR DEST [[61846,0],0] TAG 2
[login:128364] [[61846,0],0] DELIVERING TO RML
[login:128364] [[61846,0],0] Message posted at oob_tcp_sendrecv.c:533
[login:128364] [[61846,0],0]:tcp:recv:handler called for peer [[61846,0],1]
[login:128364] [[61846,0],0]:tcp:recv:handler CONNECTED
[login:128364] [[61846,0],0]:tcp:recv:handler allocate new recv msg
[login:128364] [[61846,0],0]:tcp:recv:handler read hdr
[login:128364] [[61846,0],0]:tcp:recv:handler allocate data region of size 349
[login:128364] [[61846,0],0] RECVD COMPLETE MESSAGE FROM [[61846,0],1] (ORIGIN [[61846,0],1]) OF 349 BYTES FOR DEST [[61846,0],0] TAG 2
[login:128364] [[61846,0],0] DELIVERING TO RML
[login:128364] [[61846,0],0] Message posted at oob_tcp_sendrecv.c:533
[login:128364] [[61846,0],0]:tcp:recv:handler called for peer [[61846,0],1]
[login:128364] [[61846,0],0]:tcp:recv:handler CONNECTED
[login:128364] [[61846,0],0]:tcp:recv:handler allocate new recv msg
[login:128364] [[61846,0],0]:tcp:recv:handler read hdr
[login:128364] [[61846,0],0]:tcp:recv:handler allocate data region of size 628
[login:128364] [[61846,0],0] RECVD COMPLETE MESSAGE FROM [[61846,0],1] (ORIGIN [[61846,0],1]) OF 628 BYTES FOR DEST [[61846,0],0] TAG 2
[login:128364] [[61846,0],0] DELIVERING TO RML
[login:128364] [[61846,0],0] Message posted at oob_tcp_sendrecv.c:533
[login:128364] [[61846,0],0]:tcp:recv:handler called for peer [[61846,0],1]
[login:128364] [[61846,0],0]:tcp:recv:handler CONNECTED
[login:128364] [[61846,0],0]:tcp:recv:handler allocate new recv msg
[login:128364] [[61846,0],0]:tcp:recv:handler read hdr
[login:128364] [[61846,0],0]:tcp:recv:handler allocate data region of size 933
[login:128364] [[61846,0],0] RECVD COMPLETE MESSAGE FROM [[61846,0],1] (ORIGIN [[61846,0],1]) OF 933 BYTES FOR DEST [[61846,0],0] TAG 2
[login:128364] [[61846,0],0] DELIVERING TO RML
[login:128364] [[61846,0],0] Message posted at oob_tcp_sendrecv.c:533
[login:128364] [[61846,0],0]:tcp:recv:handler called for peer [[61846,0],1]
[login:128364] [[61846,0],0]:tcp:recv:handler CONNECTED
[login:128364] [[61846,0],0]:tcp:recv:handler allocate new recv msg
[login:128364] [[61846,0],0]:tcp:recv:handler read hdr
[login:128364] [[61846,0],0]:tcp:recv:handler allocate data region of size 267
[login:128364] [[61846,0],0] RECVD COMPLETE MESSAGE FROM [[61846,0],1] (ORIGIN [[61846,0],1]) OF 267 BYTES FOR DEST [[61846,0],0] TAG 2
[login:128364] [[61846,0],0] DELIVERING TO RML
[login:128364] [[61846,0],0] Message posted at oob_tcp_sendrecv.c:533
[login:128364] [[61846,0],0]:tcp:recv:handler called for peer [[61846,0],1]
[login:128364] [[61846,0],0]:tcp:recv:handler CONNECTED
[login:128364] [[61846,0],0]:tcp:recv:handler allocate new recv msg
[login:128364] [[61846,0],0]:tcp:recv:handler read hdr
[login:128364] [[61846,0],0]:tcp:recv:handler allocate data region of size 613
[login:128364] [[61846,0],0] RECVD COMPLETE MESSAGE FROM [[61846,0],1] (ORIGIN [[61846,0],1]) OF 613 BYTES FOR DEST [[61846,0],0] TAG 2
[login:128364] [[61846,0],0] DELIVERING TO RML
[login:128364] [[61846,0],0] Message posted at oob_tcp_sendrecv.c:533
[login:128364] [[61846,0],0]:tcp:recv:handler called for peer [[61846,0],1]
[login:128364] [[61846,0],0]:tcp:recv:handler CONNECTED
[login:128364] [[61846,0],0]:tcp:recv:handler allocate new recv msg
[login:128364] [[61846,0],0]:tcp:recv:handler read hdr
[login:128364] [[61846,0],0]:tcp:recv:handler allocate data region of size 422
[login:128364] [[61846,0],0] RECVD COMPLETE MESSAGE FROM [[61846,0],1] (ORIGIN [[61846,0],1]) OF 422 BYTES FOR DEST [[61846,0],0] TAG 2
[login:128364] [[61846,0],0] DELIVERING TO RML
[login:128364] [[61846,0],0] Message posted at oob_tcp_sendrecv.c:533
[login:128364] [[61846,0],0]:tcp:recv:handler called for peer [[61846,0],1]
[login:128364] [[61846,0],0]:tcp:recv:handler CONNECTED
[login:128364] [[61846,0],0]:tcp:recv:handler allocate new recv msg
[login:128364] [[61846,0],0]:tcp:recv:handler read hdr
[login:128364] [[61846,0],0]:tcp:recv:handler allocate data region of size 731
[login:128364] [[61846,0],0] RECVD COMPLETE MESSAGE FROM [[61846,0],1] (ORIGIN [[61846,0],1]) OF 731 BYTES FOR DEST [[61846,0],0] TAG 2
[login:128364] [[61846,0],0] DELIVERING TO RML
[login:128364] [[61846,0],0] Message posted at oob_tcp_sendrecv.c:533
[login:128364] [[61846,0],0]:tcp:recv:handler called for peer [[61846,0],1]
[login:128364] [[61846,0],0]:tcp:recv:handler CONNECTED
[login:128364] [[61846,0],0]:tcp:recv:handler allocate new recv msg
[login:128364] [[61846,0],0]:tcp:recv:handler read hdr
[login:128364] [[61846,0],0]:tcp:recv:handler allocate data region of size 433
[login:128364] [[61846,0],0] RECVD COMPLETE MESSAGE FROM [[61846,0],1] (ORIGIN [[61846,0],1]) OF 433 BYTES FOR DEST [[61846,0],0] TAG 2
[login:128364] [[61846,0],0] DELIVERING TO RML
[login:128364] [[61846,0],0] Message posted at oob_tcp_sendrecv.c:533
[login:128364] [[61846,0],0]:tcp:recv:handler called for peer [[61846,0],1]
[login:128364] [[61846,0],0]:tcp:recv:handler CONNECTED
[login:128364] [[61846,0],0]:tcp:recv:handler allocate new recv msg
[login:128364] [[61846,0],0]:tcp:recv:handler read hdr
[login:128364] [[61846,0],0]:tcp:recv:handler allocate data region of size 357
[login:128364] [[61846,0],0] RECVD COMPLETE MESSAGE FROM [[61846,0],1] (ORIGIN [[61846,0],1]) OF 357 BYTES FOR DEST [[61846,0],0] TAG 2
[login:128364] [[61846,0],0] DELIVERING TO RML
[login:128364] [[61846,0],0] Message posted at oob_tcp_sendrecv.c:533
[login:128364] [[61846,0],0]:tcp:recv:handler called for peer [[61846,0],1]
[login:128364] [[61846,0],0]:tcp:recv:handler CONNECTED
[login:128364] [[61846,0],0]:tcp:recv:handler allocate new recv msg
[login:128364] [[61846,0],0]:tcp:recv:handler read hdr
[login:128364] [[61846,0],0]:tcp:recv:handler allocate data region of size 277
[login:128364] [[61846,0],0] RECVD COMPLETE MESSAGE FROM [[61846,0],1] (ORIGIN [[61846,0],1]) OF 277 BYTES FOR DEST [[61846,0],0] TAG 2
[login:128364] [[61846,0],0] DELIVERING TO RML
[login:128364] [[61846,0],0] Message posted at oob_tcp_sendrecv.c:533
[login:128364] [[61846,0],0]:tcp:recv:handler called for peer [[61846,0],1]
[login:128364] [[61846,0],0]:tcp:recv:handler CONNECTED
[login:128364] [[61846,0],0]:tcp:recv:handler allocate new recv msg
[login:128364] [[61846,0],0]:tcp:recv:handler read hdr
[login:128364] [[61846,0],0]:tcp:recv:handler allocate data region of size 111
[login:128364] [[61846,0],0] RECVD COMPLETE MESSAGE FROM [[61846,0],1] (ORIGIN [[61846,0],1]) OF 111 BYTES FOR DEST [[61846,0],0] TAG 5
[login:128364] [[61846,0],0] DELIVERING TO RML
[login:128364] [[61846,0],0] Message posted at oob_tcp_sendrecv.c:533
  MPIR_being_debugged = 0
  MPIR_debug_state = 1
  MPIR_partial_attach_ok = 1
  MPIR_i_am_starter = 0
  MPIR_forward_output = 0
  MPIR_proctable_size = 1
  MPIR_proctable:
    (i, host, exe, pid) = (0, node5, /nethome/sakhoon/itf/tests/./hello, 118185)
MPIR_executable_path: NULL
MPIR_server_arguments: NULL
[login:128364] [[61846,0],0]:tcp:recv:handler called for peer [[61846,0],1]
[login:128364] [[61846,0],0]:tcp:recv:handler CONNECTED
[login:128364] [[61846,0],0]:tcp:recv:handler allocate new recv msg
[login:128364] [[61846,0],0]:tcp:recv:handler read hdr
[login:128364] [[61846,0],0]:tcp:recv:handler allocate data region of size 349
[login:128364] [[61846,0],0] RECVD COMPLETE MESSAGE FROM [[61846,0],1] (ORIGIN [[61846,0],1]) OF 349 BYTES FOR DEST [[61846,0],0] TAG 2
[login:128364] [[61846,0],0] DELIVERING TO RML
[login:128364] [[61846,0],0] Message posted at oob_tcp_sendrecv.c:533
[login:128364] [[61846,0],0]:tcp:recv:handler called for peer [[61846,0],1]
[login:128364] [[61846,0],0]:tcp:recv:handler CONNECTED
118184] [[61846,0],1] oob:base:send known transport for peer [[61846,0],0]
[node5:118184] [[61846,0],1] oob:tcp:send_nb to peer [[61846,0],0]:2
[node5:118184] [[61846,0],1] tcp:send_nb to peer [[61846,0],0]
[node5:118184] [[61846,0],1]:[oob_tcp.c:478] post send to [[61846,0],0]
[node5:118184] [[61846,0],1]:[oob_tcp.c:415] processing send to peer [[61846,0],0]:2
[node5:118184] [[61846,0],1] tcp:send_nb: already connected to [[61846,0],0] - queueing for send
[node5:118184] [[61846,0],1]:[oob_tcp.c:442] queue send to [[61846,0],0]
[node5:118184] [[61846,0],1]:tcp:recv:handler called for peer [[61846,1],0]
[node5:118184] [[61846,0],1]:tcp:recv:handler CONNECTED
[node5:118184] [[61846,0],1]:tcp:recv:handler allocate new recv msg
[node5:118184] [[61846,0],1]:tcp:recv:handler read hdr
[node5:118184] [[61846,0],1]:tcp:recv:handler allocate data region of size 623
[node5:118184] [[61846,0],1] RECVD COMPLETE MESSAGE FROM [[61846,1],0] (ORIGIN [[61846,1],0]) OF 623 BYTES FOR DEST [[61846,0],0] TAG 34
[node5:118184] [[61846,0],1] ROUTING TO [[61846,0],0] FROM HERE
[node5:118184] [[61846,0],1]:[oob_tcp_sendrecv.c:579] queue relay to [[61846,0],0]
[node5:118184] [[61846,0],1] tcp:send_handler called to send to peer [[61846,0],0]
[node5:118184] [[61846,0],1] tcp:send_handler SENDING TO [[61846,0],0]
[node5:118184] [[61846,0],1] MESSAGE SEND COMPLETE TO [[61846,0],0] OF 349 BYTES ON SOCKET 10
[node5:118184] [[61846,0],1]-[[61846,0],0] Send message complete at oob_tcp_sendrecv.c:223
[node5:118184] [[61846,0],1] OOB_SEND: rml_oob_send.c:199
[node5:118184] [[61846,0],1] oob:base:send to target [[61846,0],0]
[node5:118184] [[61846,0],1] oob:base:send known transport for peer [[61846,0],0]
[node5:118184] [[61846,0],1] oob:tcp:send_nb to peer [[61846,0],0]:2
[node5:118184] [[61846,0],1] tcp:send_nb to peer [[61846,0],0]
[node5:118184] [[61846,0],1]:[oob_tcp.c:478] post send to [[61846,0],0]
[node5:118184] [[61846,0],1]:[oob_tcp.c:415] processing send to peer [[61846,0],0]:2
[node5:118184] [[61846,0],1] tcp:send_nb: already connected to [[61846,0],0] - queueing for send
[node5:118184] [[61846,0],1]:[oob_tcp.c:442] queue send to [[61846,0],0]
[node5:118184] [[61846,0],1] tcp:send_handler called to send to peer [[61846,0],0]
[node5:118184] [[61846,0],1] tcp:send_handler SENDING TO [[61846,0],0]
[node5:118184] [[61846,0],1] MESSAGE RELAY COMPLETE TO [[61846,0],0] OF 623 BYTES ON SOCKET 10
[node5:118184] [[61846,0],1] OOB_SEND: rml_oob_send.c:199
[node5:118184] [[61846,0],1] oob:base:send to target [[61846,0],0]
[node5:118184] [[61846,0],1] oob:base:send known transport for peer [[61846,0],0]
[node5:118184] [[61846,0],1] oob:tcp:send_nb to peer [[61846,0],0]:2
[node5:118184] [[61846,0],1] tcp:send_nb to peer [[61846,0],0]
[node5:118184] [[61846,0],1]:[oob_tcp.c:478] post send to [[61846,0],0]
[node5:118184] [[61846,0],1]:[oob_tcp.c:415] processing send to peer [[61846,0],0]:2
[node5:118184] [[61846,0],1] tcp:send_nb: already connected to [[61846,0],0] - queueing for send
[node5:118184] [[61846,0],1]:[oob_tcp.c:442] queue send to [[61846,0],0]
[node5:118184] [[61846,0],1] tcp:send_handler called to send to peer [[61846,0],0]
[node5:118184] [[61846,0],1] tcp:send_handler SENDING TO [[61846,0],0]
[node5:118184] [[61846,0],1] MESSAGE SEND COMPLETE TO [[61846,0],0] OF 503 BYTES ON SOCKET 10
[node5:118184] [[61846,0],1]-[[61846,0],0] Send message complete at oob_tcp_sendrecv.c:223
[node5:118184] [[61846,0],1] tcp:send_handler called to send to peer [[61846,0],0]
[node5:118184] [[61846,0],1] tcp:send_handler SENDING TO [[61846,0],0]
[node5:118184] [[61846,0],1] MESSAGE SEND COMPLETE TO [[61846,0],0] OF 206 BYTES ON SOCKET 10
[node5:118184] [[61846,0],1]-[[61846,0],0] Send message complete at oob_tcp_sendrecv.c:223
[login:128364] [[61846,0],0]:tcp:recv:handler allocate new recv msg
[login:128364] [[61846,0],0]:tcp:recv:handler read hdr
[login:128364] [[61846,0],0]:tcp:recv:handler allocate data region of size 623
[login:128364] [[61846,0],0] RECVD COMPLETE MESSAGE FROM [[61846,0],1] (ORIGIN [[61846,1],0]) OF 623 BYTES FOR DEST [[61846,0],0] TAG 34
[login:128364] [[61846,0],0] DELIVERING TO RML
[login:128364] [[61846,0],0] Message posted at oob_tcp_sendrecv.c:533
--------------------------------------------------------------------------
A requested component was not found, or was unable to be opened.  This
means that this component is either not installed or is unable to be
used on your system (e.g., sometimes this means that shared libraries
that the component requires are unable to be found/loaded).  Note that
Open MPI stopped checking at the first component that it did not find.

Host:      node5
Framework: mtl
Component: mxm
--------------------------------------------------------------------------
[login:128364] [[61846,0],0]:tcp:recv:handler called for peer [[61846,0],1]
[login:128364] [[61846,0],0]:tcp:recv:handler CONNECTED
[login:128364] [[61846,0],0]:tcp:recv:handler allocate new recv msg
[login:128364] [[61846,0],0]:tcp:recv:handler read hdr
[login:128364] [[61846,0],0]:tcp:recv:handler allocate data region of size 503
[login:128364] [[61846,0],0] RECVD COMPLETE MESSAGE FROM [[61846,0],1] (ORIGIN [[61846,0],1]) OF 503 BYTES FOR DEST [[61846,0],0] TAG 2
[login:128364] [[61846,0],0] DELIVERING TO RML
[login:128364] [[61846,0],0] Message posted at oob_tcp_sendrecv.c:533
[login:128364] [[61846,0],0]:tcp:recv:handler called for peer [[61846,0],1]
[login:128364] [[61846,0],0]:tcp:recv:handler CONNECTED
[login:128364] [[61846,0],0]:tcp:recv:handler allocate new recv msg
[login:128364] [[61846,0],0]:tcp:recv:handler read hdr
[login:128364] [[61846,0],0]:tcp:recv:handler allocate data region of size 206
[login:128364] [[61846,0],0] RECVD COMPLETE MESSAGE FROM [[61846,0],1] (ORIGIN [[61846,0],1]) OF 206 BYTES FOR DEST [[61846,0],0] TAG 2
[login:128364] [[61846,0],0] DELIVERING TO RML
[login:128364] [[61846,0],0] Message posted at oob_tcp_sendrecv.c:533
[login:128364] [[61846,0],0]:tcp:recv:handler called for peer [[61846,0],1]
[login:128364] [[61846,0],0]:tcp:recv:handler CONNECTED
[login:128364] [[61846,0],0]:tcp:recv:handler allocate new recv msg
[login:128364] [[61846,0],0]:tcp:recv:handler read hdr
[login:128364] [[61846,0],0]:tcp:recv:handler allocate data region of size 402
[login:128364] [[61846,0],0] RECVD COMPLETE MESSAGE FROM [[61846,0],1] (ORIGIN [[61846,0],1]) OF 402 BYTES FOR DEST [[61846,0],0] TAG 2
[login:128364] [[61846,0],0] DELIVERING TO RML
[login:128364] [[61846,0],0] Message posted at oob_tcp_sendrecv.c:533
[login:128364] [[61846,0],0]:tcp:recv:handler called for peer [[61846,0],1]
[login:128364] [[61846,0],0]:tcp:recv:handler CONNECTED
[login:128364] [[61846,0],0]:tcp:recv:handler allocate new recv msg
[login:128364] [[61846,0],0]:tcp:recv:handler read hdr
[login:128364] [[61846,0],0]:tcp:recv:handler allocate data region of size 503
[login:128364] [[61846,0],0] RECVD COMPLETE MESSAGE FROM [[61846,0],1] (ORIGIN [[61846,0],1]) OF 503 BYTES FOR DEST [[61846,0],0] TAG 2
[login:128364] [[61846,0],0] DELIVERING TO RML
[login:128364] [[61846,0],0] Message posted at oob_tcp_sendrecv.c:533
[login:128364] [[61846,0],0]:tcp:recv:handler called for peer [[61846,0],1]
[login:128364] [[61846,0],0]:tcp:recv:handler CONNECTED
[login:128364] [[61846,0],0]:tcp:recv:handler allocate new recv msg
[login:128364] [[61846,0],0]:tcp:recv:handler read hdr
[login:128364] [[61846,0],0]:tcp:recv:handler allocate data region of size 737
[login:128364] [[61846,0],0] RECVD COMPLETE MESSAGE FROM [[61846,0],1] (ORIGIN [[61846,1],0]) OF 737 BYTES FOR DEST [[61846,0],0] TAG 34
[login:128364] [[61846,0],0] DELIVERING TO RML
[login:128364] [[61846,0],0] Message posted at oob_tcp_sendrecv.c:533
--------------------------------------------------------------------------
No available pml components were found!

This means that there are no components of this type installed on your
system or all the components reported that they could not be used.

This is a fatal error; your MPI process is likely to abort.  Check the
output of the "ompi_info" command and ensure that components of this
type are available on your system.  You may also wish to check the
value of the "component_path" MCA parameter and ensure that it has at
least one directory that contains valid MCA components.
--------------------------------------------------------------------------
[login:128364] [[61846,0],0]:tcp:recv:handler called for peer [[61846,0],1]
[login:128364] [[61846,0],0]:tcp:recv:handler CONNECTED
[login:128364] [[61846,0],0]:tcp:recv:handler allocate new recv msg
[login:128364] [[61846,0],0]:tcp:recv:handler read hdr
[login:128364] [[61846,0],0]:tcp:recv:handler allocate data region of size 206
[login:128364] [[61846,0],0] RECVD COMPLETE MESSAGE FROM [[61846,0],1] (ORIGIN [[61846,0],1]) OF 206 BYTES FOR DEST [[61846,0],0] TAG 2
[login:128364] [[61846,0],0] DELIVERING TO RML
[login:128364] [[61846,0],0] Message posted at oob_tcp_sendrecv.c:533
[login:128364] [[61846,0],0]:tcp:recv:handler called for peer [[61846,0],1]
[login:128364] [[61846,0],0]:tcp:recv:handler CONNECTED
[login:128364] [[61846,0],0]:tcp:recv:handler allocate new recv msg
[login:128364] [[61846,0],0]:tcp:recv:handler read hdr
[login:128364] [[61846,0],0]:tcp:recv:handler allocate data region of size 46
[login:128364] [[61846,0],0] RECVD COMPLETE MESSAGE FROM [[61846,0],1] (ORIGIN [[61846,0],1]) OF 46 BYTES FOR DEST [[61846,0],0] TAG 5
[login:128364] [[61846,0],0] DELIVERING TO RML
[login:128364] [[61846,0],0] Message posted at oob_tcp_sendrecv.c:533
[login:128364] [[61846,0],0] plm:base:receive update proc state command from [[61846,0],1]
[login:128364] [[61846,0],0] plm:base:receive got update_proc_state for job [61846,1]
-------------------------------------------------------
Primary job  terminated normally, but 1 process returned
a non-zero exit code.. Per user-direction, the job has been aborted.
-------------------------------------------------------
[login:128364] [[61846,0],0] OOB_SEND: rml_oob_send.c:199
[login:128364] [[61846,0],0] oob:base:send to target [[61846,0],1]
[login:128364] [[61846,0],0] oob:base:send known transport for peer [[61846,0],1]
[login:128364] [[61846,0],0] oob:tcp:send_nb to peer [[61846,0],1]:15
[login:128364] [[61846,0],0] tcp:send_nb to peer [[61846,0],1]
[login:128364] [[61846,0],0]:[oob_tcp.c:478] post send to [[61846,0],1]
[login:128364] [[61846,0],0] orted_cmd: received exit cmd
[login:128364] [[61846,0],0]:[oob_tcp.c:415] processing send to peer [[61846,0],1]:15
[login:128364] [[61846,0],0] tcp:send_nb: already connected to [[61846,0],1] - queueing for send
[login:128364] [[61846,0],0]:[oob_tcp.c:442] queue send to [[61846,0],1]
[login:128364] [[61846,0],0] tcp:send_handler called to send to peer [[61846,0],1]
[login:128364] [[61846,0],0] tcp:send_handler SENDING TO [[61846,0],1]
[login:128364] [[61846,0],0] MESSAGE SEND COMPLETE TO [[61846,0],1] OF 5 BYTES ON SOCKET 15
[login:128364] [[61846,0],0]-[[61846,0],1] Send message complete at oob_tcp_sendrecv.c:223
[node5:118184] [[61846,0],1]:tcp:recv:handler called for peer [[61846,0],0]
[node5:118184] [[61846,0],1]:tcp:recv:handler CONNECTED
[node5:118184] [[61846,0],1]:tcp:recv:handler allocate new recv msg
[node5:118184] [[61846,0],1]:tcp:recv:handler read hdr
[node5:118184] [[61846,0],1]:tcp:recv:handler allocate data region of size 5
[node5:118184] [[61846,0],1] RECVD COMPLETE MESSAGE FROM [[61846,0],0] (ORIGIN [[61846,0],0]) OF 5 BYTES FOR DEST [[61846,0],1] TAG 15
[node5:118184] [[61846,0],1] DELIVERING TO RML
[node5:118184] [[61846,0],1] Message posted at oob_tcp_sendrecv.c:533
[node5:118184] [[61846,0],1] orted_cmd: received exit cmd
[node5:118184] [[61846,0],1] orted_cmd: all routes and children gone - exiting
[node5:118184] mca: base: close: component oob closed
[node5:118184] mca: ba[login:128364] [[61846,0],0]:tcp:re[node5:118184] [[6184[login:128364] [[61846,0],0]:tcp:recv:handler allocate new recv msg
[login:128364] [[61846,0],0]:tcp:recv:handler read hdr
[login:128364] [[61846,0],0]-[[61846,0],1] mca_oob_tcp_msg_recv: peer closed connection
[login:128364] [[61846,0],0] tcp_peer_close for [[61846,0],1] sd 15 state CONNECTED
[login:128364] [[61846,0],0] tcp:lost connection called for peer [[61846,0],1]
--------------------------------------------------------------------------
mpirun detected that one or more processes exited with non-zero status, thus causing
the job to be terminated. The first process to do so was:

  Process name: [[61846,1],0]
  Exit code:    1
--------------------------------------------------------------------------
[node5:118185] mca: base: components_register: registering oob components
[node5:118185] mca: base: components_register: found loaded component tcp
[node5:118185] mca: base: components_register: component tcp register function successful
[node5:118185] mca: base: components_open: opening oob components
[node5:118185] mca: base: components_open: found loaded component tcp
[node5:118185] mca: base: components_open: component tcp open function successful
[node5:118185] mca:oob:select: checking available component tcp
[node5:118185] mca:oob:select: Querying component [tcp]
[node5:118185] oob:tcp: component_available called
[node5:118185] WORKING INTERFACE 1 KERNEL INDEX 1 FAMILY: V4
[node5:118185] WORKING INTERFACE 2 KERNEL INDEX 2 FAMILY: V4
[node5:118185] [[61846,1],0] oob:tcp:init adding 10.65.0.105 to our list of V4 connections
[node5:118185] WORKING INTERFACE 3 KERNEL INDEX 6 FAMILY: V4
[node5:118185] [[61846,1],0] oob:tcp:init adding 10.64.0.105 to our list of V4 connections
[node5:118185] WORKING INTERFACE 4 KERNEL INDEX 7 FAMILY: V4
[node5:118185] [[61846,1],0] oob:tcp:init adding 10.67.0.105 to our list of V4 connections
[node5:118185] [[61846,1],0] TCP STARTUP
[node5:118185] [[61846,1],0] attempting to bind to IPv4 port 0
[node5:118185] [[61846,1],0] assigned IPv4 port 53223
[node5:118185] mca:oob:select: Adding component to end
[node5:118185] mca:oob:select: Found 1 active transports
[node5:118185] mca: base: components_register: registering rml components
[node5:118185] mca: base: components_register: found loaded component oob
[node5:118185] mca: base: components_register: component oob has no register or open function
[node5:118185] mca: base: components_open: opening rml components
[node5:118185] mca: base: components_open: found loaded component oob
[node5:118185] mca: base: components_open: component oob open function successful
[node5:118185] orte_rml_base_select: initializing rml component oob
[node5:118185] [[61846,1],0] posting recv
[node5:118185] [[61846,1],0] posting persistent recv on tag 30 for peer [[WILDCARD],WILDCARD]
[node5:118185] [[61846,1],0] posting recv
[node5:118185] [[61846,1],0] posting persistent recv on tag 48 for peer [[WILDCARD],WILDCARD]
[node5:118185] [[61846,1],0] posting recv
[node5:118185] [[61846,1],0] posting persistent recv on tag 9 for peer [[WILDCARD],WILDCARD]
[node5:118185] [[61846,1],0]: set_addr to uri 4053139456.1;tcp://10.65.0.105,10.64.0.105,10.67.0.105:57057
[node5:118185] [[61846,1],0]:set_addr checking if peer [[61846,0],1] is reachable via component tcp
[node5:118185] [[61846,1],0] oob:tcp: working peer [[61846,0],1] address tcp://10.65.0.105,10.64.0.105,10.67.0.105:57057
[node5:118185] [[61846,1],0] PASSING ADDR 10.65.0.105 TO MODULE
[node5:118185] [[61846,1],0]:tcp set addr for peer [[61846,0],1]
[node5:118185] [[61846,1],0] PASSING ADDR 10.64.0.105 TO MODULE
[node5:118185] [[61846,1],0]:tcp set addr for peer [[61846,0],1]
[node5:118185] [[61846,1],0] PASSING ADDR 10.67.0.105 TO MODULE
[node5:118185] [[61846,1],0]:tcp set addr for peer [[61846,0],1]
[node5:118185] [[61846,1],0]: peer [[61846,0],1] is reachable via component tcp
[node5:118185] [[61846,1],0] posting recv
[node5:118185] [[61846,1],0] posting non-persistent recv on tag 20 for peer [[WILDCARD],WILDCARD]
[node5:118185] [[61846,1],0] OOB_SEND: rml_oob_send.c:199
[node5:118185] [[61846,1],0]:tcp:processing set_peer cmd
[node5:118185] [[61846,1],0]:tcp:processing set_peer cmd
[node5:118185] [[61846,1],0]:tcp:processing set_peer cmd
[node5:118185] [[61846,1],0] oob:base:send to target [[61846,0],1]
[node5:118185] [[61846,1],0] oob:tcp:send_nb to peer [[61846,0],1]:1
[node5:118185] [[61846,1],0] tcp:send_nb to peer [[61846,0],1]
[node5:118185] [[61846,1],0]:[oob_tcp.c:478] post send to [[61846,0],1]
[node5:118185] [[61846,1],0]:[oob_tcp.c:415] processing send to peer [[61846,0],1]:1
[node5:118185] [[61846,1],0]:[oob_tcp.c:449] queue pending to [[61846,0],1]
[node5:118185] [[61846,1],0] tcp:send_nb: initiating connection to [[61846,0],1]
[node5:118185] [[61846,1],0]:[oob_tcp.c:463] connect to [[61846,0],1]
[node5:118185] [[61846,1],0] orte_tcp_peer_try_connect: attempting to connect to proc [[61846,0],1]
[node5:118185] [[61846,1],0] orte_tcp_peer_try_connect: attempting to connect to proc [[61846,0],1] on socket 13
[node5:118185] [[61846,1],0] orte_tcp_peer_try_connect: attempting to connect to proc [[61846,0],1] on 10.65.0.105:57057 - 0 retries
[node5:118185] [[61846,1],0] waiting for connect completion to [[61846,0],1] - activating send event
[node5:118185] [[61846,1],0] tcp:send_handler called to send to peer [[61846,0],1]
[node5:118185] [[61846,1],0] tcp:send_handler CONNECTING
[node5:118185] [[61846,1],0]:tcp:complete_connect called for peer [[61846,0],1] on socket 13
[node5:118185] [[61846,1],0] tcp_peer_complete_connect: sending ack to [[61846,0],1]
[node5:118185] [[61846,1],0] SEND CONNECT ACK
[node5:118185] [[61846,1],0] send blocking of 42 bytes to socket 13
[node5:118185] [[61846,1],0] connect-ack sent to socket 13
[node5:118185] [[61846,1],0] tcp_peer_complete_connect: setting read event on connection to [[61846,0],1]
[node5:118185] [[61846,1],0]:tcp:recv:handler called for peer [[61846,0],1]
[node5:118185] [[61846,1],0] RECV CONNECT ACK FROM [[61846,0],1] ON SOCKET 13
[node5:118185] [[61846,1],0] waiting for connect ack from [[61846,0],1]
[node5:118185] [[61846,1],0] connect ack received from [[61846,0],1]
[node5:118185] [[61846,1],0] connect-ack recvd from [[61846,0],1]
[node5:118185] [[61846,1],0] connect-ack header from [[61846,0],1] is okay
[node5:118185] [[61846,1],0] waiting for connect ack from [[61846,0],1]
[node5:118185] [[61846,1],0] connect ack received from [[61846,0],1]
[node5:118185] [[61846,1],0] connect-ack version from [[61846,0],1] matches ours
[node5:118185] [[61846,1],0] connect-ack [[61846,0],1] authenticated
[node5:118185] [[61846,1],0]-[[61846,0],1] tcp_peer_connected on socket 13
[node5:118185] [[61846,1],0]-[[61846,0],1] connected: 10.65.0.105 - 10.65.0.105 nodelay 1 sndbuf 65536 rcvbuf 65536 flags 00000802
[node5:118185] [[61846,1],0]:tcp:recv:handler starting send/recv events
[node5:118185] [[61846,1],0] tcp:set_module called for peer [[61846,0],1]
[node5:118185] [[61846,1],0] tcp:send_handler called to send to peer [[61846,0],1]
[node5:118185] [[61846,1],0] tcp:send_handler SENDING TO [[61846,0],1]
[node5:118185] [[61846,1],0] MESSAGE SEND COMPLETE TO [[61846,0],1] OF 79 BYTES ON SOCKET 13
[node5:118185] [[61846,1],0]-[[61846,0],1] Send message complete at oob_tcp_sendrecv.c:223
[node5:118185] [[61846,1],0]:tcp:recv:handler called for peer [[61846,0],1]
[node5:118185] [[61846,1],0]:tcp:recv:handler CONNECTED
[node5:118185] [[61846,1],0]:tcp:recv:handler allocate new recv msg
[node5:118185] [[61846,1],0]:tcp:recv:handler read hdr
[node5:118185] [[61846,1],0]:tcp:recv:handler allocate data region of size 29500
[node5:118185] [[61846,1],0] RECVD COMPLETE MESSAGE FROM [[61846,0],1] (ORIGIN [[61846,0],1]) OF 29500 BYTES FOR DEST [[61846,1],0] TAG 20
[node5:118185] [[61846,1],0] DELIVERING TO RML
[node5:118185] [[61846,1],0] Message posted at oob_tcp_sendrecv.c:533
[node5:118185] [[61846,1],0] OOB_SEND: rml_oob_send.c:199
[node5:118185] [[61846,1],0] oob:base:send to target [[61846,0],0]
[node5:118185] [[61846,1],0] oob:base:send unknown peer [[61846,0],0]
[node5:118185] [[61846,1],0] oob:tcp:send_nb to peer [[61846,0],0]:34
[node5:118185] [[61846,1],0] tcp:send_nb to peer [[61846,0],0]
[node5:118185] [[61846,1],0]:[oob_tcp.c:478] post send to [[61846,0],0]
[node5:118185] [[61846,1],0]:[oob_tcp.c:415] processing send to peer [[61846,0],0]:34
[node5:118185] [[61846,1],0] tcp:send_nb: already connected to [[61846,0],1] - queueing for send
[node5:118185] [[61846,1],0]:[oob_tcp.c:442] queue send to [[61846,0],0]
[node5:118185] [[61846,1],0] tcp:send_handler called to send to peer [[61846,0],1]
[node5:118185] [[61846,1],0] tcp:send_handler SENDING TO [[61846,0],1]
[node5:118185] [[61846,1],0] MESSAGE SEND COMPLETE TO [[61846,0],1] OF 623 BYTES ON SOCKET 13
[node5:118185] [[61846,1],0]-[[61846,0],0] Send message complete at oob_tcp_sendrecv.c:223
[node5:118185] PML cm cannot be selected
[node5:118185] [[61846,1],0] OOB_SEND: rml_oob_send.c:199
[node5:118185] [[61846,1],0] oob:base:send to target [[61846,0],0]
[node5:118185] [[61846,1],0] oob:base:send known transport for peer [[61846,0],0]
[node5:118185] [[61846,1],0] oob:tcp:send_nb to peer [[61846,0],0]:34
[node5:118185] [[61846,1],0] tcp:send_nb to peer [[61846,0],0]
[node5:118185] [[61846,1],0]:[oob_tcp.c:478] post send to [[61846,0],0]
[node5:118185] [[61846,1],0]:[oob_tcp.c:415] processing send to peer [[61846,0],0]:34
[node5:118185] [[61846,1],0] tcp:send_nb: already connected to [[61846,0],1] - queueing for send
[node5:118185] [[61846,1],0]:[oob_tcp.c:442] queue send to [[61846,0],0]
[node5:118185] [[61846,1],0] tcp:send_handler called to send to peer [[61846,0],1]
[node5:118185] [[61846,1],0] tcp:send_handler SENDING TO [[61846,0],1]
[node5:118185] [[61846,1],0] MESSAGE SEND COMPLETE TO [[61846,0],1] OF 737 BYTES ON SOCKET 13
[node5:118185] [[61846,1],0]-[[61846,0],0] Send message complete at oob_tcp_sendrecv.c:223
[login:128364] mca: base: close: component oob closed
[login:128364] mca: base: close: unloading component oob
[login:128364] [[61846,0],0] TCP SHUTDOWN
[login:128364] [[61846,0],0] RELEASING PEER OBJ [[61846,0],1]
[login:128364] mca: base: close: component tcp closed
[login:128364] mca: base: close: unloading component tcp
