[login:129171] mca:base:select:(  plm) Querying component [rsh]
[login:129171] mca:base:select:(  plm) Query of component [rsh] set priority to 10
[login:129171] mca:base:select:(  plm) Querying component [slurm]
[login:129171] mca:base:select:(  plm) Skipping component [slurm]. Query failed to return a module
[login:129171] mca:base:select:(  plm) Querying component [isolated]
[login:129171] mca:base:select:(  plm) Query of component [isolated] set priority to 0
[login:129171] mca:base:select:(  plm) Selected component [rsh]
[login:129171] mca: base: components_register: registering oob components
[login:129171] mca: base: components_register: found loaded component tcp
[login:129171] mca: base: components_register: component tcp register function successful
[login:129171] mca: base: components_open: opening oob components
[login:129171] mca: base: components_open: found loaded component tcp
[login:129171] mca: base: components_open: component tcp open function successful
[login:129171] mca:oob:select: checking available component tcp
[login:129171] mca:oob:select: Querying component [tcp]
[login:129171] oob:tcp: component_available called
[login:129171] WORKING INTERFACE 1 KERNEL INDEX 1 FAMILY: V4
[login:129171] WORKING INTERFACE 2 KERNEL INDEX 2 FAMILY: V4
[login:129171] [[64617,0],0] oob:tcp:init adding 10.65.0.2 to our list of V4 connections
[login:129171] WORKING INTERFACE 3 KERNEL INDEX 3 FAMILY: V4
[login:129171] [[64617,0],0] oob:tcp:init adding 10.67.0.2 to our list of V4 connections
[login:129171] WORKING INTERFACE 4 KERNEL INDEX 4 FAMILY: V4
[login:129171] [[64617,0],0] oob:tcp:init adding 83.149.214.101 to our list of V4 connections
[login:129171] WORKING INTERFACE 5 KERNEL INDEX 6 FAMILY: V4
[login:129171] [[64617,0],0] oob:tcp:init adding 10.64.0.2 to our list of V4 connections
[login:129171] [[64617,0],0] TCP STARTUP
[login:129171] [[64617,0],0] attempting to bind to IPv4 port 0
[login:129171] [[64617,0],0] assigned IPv4 port 1300
[login:129171] mca:oob:select: Adding component to end
[login:129171] mca:oob:select: Found 1 active transports
[login:129171] mca: base: components_register: registering rml components
[login:129171] mca: base: components_register: found loaded component oob
[login:129171] mca: base: components_register: component oob has no register or open function
[login:129171] mca: base: components_open: opening rml components
[login:129171] mca: base: components_open: found loaded component oob
[login:129171] mca: base: components_open: component oob open function successful
[login:129171] orte_rml_base_select: initializing rml component oob
[login:129171] [[64617,0],0] posting recv
[login:129171] [[64617,0],0] posting persistent recv on tag 30 for peer [[WILDCARD],WILDCARD]
[login:129171] [[64617,0],0] posting recv
[login:129171] [[64617,0],0] posting persistent recv on tag 15 for peer [[WILDCARD],WILDCARD]
[login:129171] [[64617,0],0] posting recv
[login:129171] [[64617,0],0] posting persistent recv on tag 32 for peer [[WILDCARD],WILDCARD]
[login:129171] [[64617,0],0] posting recv
[login:129171] [[64617,0],0] posting persistent recv on tag 33 for peer [[WILDCARD],WILDCARD]
[login:129171] [[64617,0],0] posting recv
[login:129171] [[64617,0],0] posting persistent recv on tag 5 for peer [[WILDCARD],WILDCARD]
[login:129171] [[64617,0],0] posting recv
[login:129171] [[64617,0],0] posting persistent recv on tag 10 for peer [[WILDCARD],WILDCARD]
[login:129171] [[64617,0],0] posting recv
[login:129171] [[64617,0],0] posting persistent recv on tag 12 for peer [[WILDCARD],WILDCARD]
[login:129171] [[64617,0],0] posting recv
[login:129171] [[64617,0],0] posting persistent recv on tag 9 for peer [[WILDCARD],WILDCARD]
[login:129171] [[64617,0],0] posting recv
[login:129171] [[64617,0],0] posting persistent recv on tag 34 for peer [[WILDCARD],WILDCARD]
[login:129171] [[64617,0],0] posting recv
[login:129171] [[64617,0],0] posting persistent recv on tag 2 for peer [[WILDCARD],WILDCARD]
[login:129171] [[64617,0],0] posting recv
[login:129171] [[64617,0],0] posting persistent recv on tag 21 for peer [[WILDCARD],WILDCARD]
[login:129171] [[64617,0],0] posting recv
[login:129171] [[64617,0],0] posting persistent recv on tag 22 for peer [[WILDCARD],WILDCARD]
[login:129171] [[64617,0],0] posting recv
[login:129171] [[64617,0],0] posting persistent recv on tag 45 for peer [[WILDCARD],WILDCARD]
[login:129171] [[64617,0],0] posting recv
[login:129171] [[64617,0],0] posting persistent recv on tag 46 for peer [[WILDCARD],WILDCARD]
[login:129171] [[64617,0],0] posting recv
[login:129171] [[64617,0],0] posting persistent recv on tag 1 for peer [[WILDCARD],WILDCARD]
[login:129171] [[64617,0],0] posting recv
[login:129171] [[64617,0],0] posting persistent recv on tag 27 for peer [[WILDCARD],WILDCARD]
[login:129171] [[64617,0],0] plm:rsh: final template argv:
	/usr/bin/ssh <template> ( test ! -r ./.profile || . ./.profile; OPAL_PREFIX=/gpfs/NETHOME/oivt1/nicevt/itf/sources/hpcx-v1.3.330-icc-OFED-1.5.4.1-redhat6.2-x86_64/ompi-mellanox-v1.8 ; export OPAL_PREFIX; PATH=/gpfs/NETHOME/oivt1/nicevt/itf/sources/hpcx-v1.3.330-icc-OFED-1.5.4.1-redhat6.2-x86_64/ompi-mellanox-v1.8/bin:$PATH ; export PATH ; LD_LIBRARY_PATH=/gpfs/NETHOME/oivt1/nicevt/itf/sources/hpcx-v1.3.330-icc-OFED-1.5.4.1-redhat6.2-x86_64/ompi-mellanox-v1.8/lib:$LD_LIBRARY_PATH ; export LD_LIBRARY_PATH ; DYLD_LIBRARY_PATH=/gpfs/NETHOME/oivt1/nicevt/itf/sources/hpcx-v1.3.330-icc-OFED-1.5.4.1-redhat6.2-x86_64/ompi-mellanox-v1.8/lib:$DYLD_LIBRARY_PATH ; export DYLD_LIBRARY_PATH ;   /gpfs/NETHOME/oivt1/nicevt/itf/sources/hpcx-v1.3.330-icc-OFED-1.5.4.1-redhat6.2-x86_64/ompi-mellanox-v1.8/bin/orted -mca orte_debug_daemons "1" --hnp-topo-sig 2N:2S:2L3:16L2:16L1:16C:16H:x86_64 -mca ess "env" -mca orte_ess_jobid "4234739712" -mca orte_ess_vpid "<template>" -mca orte_ess_num_procs "2" -mca orte_hnp_uri "4234739712.0;tcp://10.65.0.2,10.67.0.2,83.149.214.101,10.64.0.2:1300" --tree-spawn -mca pml "yalla" -mca plm_base_verbose "5" -mca oob_base_verbose "10" -mca rml_base_verbose "10" -mca plm "rsh" --tree-spawn )
[node5:119442] mca:base:select:(  plm) Querying component [rsh]
[node5:119442] mca:base:select:(  plm) Query of component [rsh] set priority to 10
[node5:119442] mca:base:select:(  plm) Selected component [rsh]
[node5:119442] mca: base: components_register: registering oob components
[node5:119442] mca: base: components_register: found loaded component tcp
[node5:119442] mca: base: components_register: component tcp register function successful
[node5:119442] mca: base: components_open: opening oob components
[node5:119442] mca: base: components_open: found loaded component tcp
[node5:119442] mca: base: components_open: component tcp open function successful
[node5:119442] mca:oob:select: checking available component tcp
[node5:119442] mca:oob:select: Querying component [tcp]
[node5:119442] oob:tcp: component_available called
[node5:119442] WORKING INTERFACE 1 KERNEL INDEX 1 FAMILY: V4
[node5:119442] WORKING INTERFACE 2 KERNEL INDEX 2 FAMILY: V4
[node5:119442] [[64617,0],1] oob:tcp:init adding 10.65.0.105 to our list of V4 connections
[node5:119442] WORKING INTERFACE 3 KERNEL INDEX 6 FAMILY: V4
[node5:119442] [[64617,0],1] oob:tcp:init adding 10.64.0.105 to our list of V4 connections
[node5:119442] WORKING INTERFACE 4 KERNEL INDEX 7 FAMILY: V4
[node5:119442] [[64617,0],1] oob:tcp:init adding 10.67.0.105 to our list of V4 connections
[node5:119442] [[64617,0],1] TCP STARTUP
[node5:119442] [[64617,0],1] attempting to bind to IPv4 port 0
[node5:119442] [[64617,0],1] assigned IPv4 port 48644
[node5:119442] mca:oob:select: Adding component to end
[node5:119442] mca:oob:select: Found 1 active transports
[node5:119442] mca: base: components_register: registering rml components
[node5:119442] mca: base: components_register: found loaded component oob
[node5:119442] mca: base: components_register: component oob has no register or open function
[node5:119442] mca: base: components_open: opening rml components
[node5:119442] mca: base: components_open: found loaded component oob
[node5:119442] mca: base: components_open: component oob open function successful
[node5:119442] orte_rml_base_select: initializing rml component oob
Daemon [[64617,0],1] checking in as pid 119442 on host node5
[node5:119442] [[64617,0],1] orted: up and running - waiting for commands!
[node5:119442] [[64617,0],1] posting recv
[node5:119442] [[64617,0],1] posting persistent recv on tag 30 for peer [[WILDCARD],WILDCARD]
[node5:119442] [[64617,0],1] posting recv
[node5:119442] [[64617,0],1] posting persistent recv on tag 15 for peer [[WILDCARD],WILDCARD]
[node5:119442] [[64617,0],1] posting recv
[node5:119442] [[64617,0],1] posting persistent recv on tag 32 for peer [[WILDCARD],WILDCARD]
[node5:119442] [[64617,0],1] posting recv
[node5:119442] [[64617,0],1] posting persistent recv on tag 11 for peer [[WILDCARD],WILDCARD]
[node5:119442] [[64617,0],1] posting recv
[node5:119442] [[64617,0],1] posting persistent recv on tag 9 for peer [[WILDCARD],WILDCARD]
[node5:119442] [[64617,0],1] posting recv
[node5:119442] [[64617,0],1] posting persistent recv on tag 5 for peer [[WILDCARD],WILDCARD]
[node5:119442] [[64617,0],1]: set_addr to uri 4234739712.0;tcp://10.65.0.2,10.67.0.2,83.149.214.101,10.64.0.2:1300
[node5:119442] [[64617,0],1]:set_addr checking if peer [[64617,0],0] is reachable via component tcp
[node5:119442] [[64617,0],1] oob:tcp: working peer [[64617,0],0] address tcp://10.65.0.2,10.67.0.2,83.149.214.101,10.64.0.2:1300
[node5:119442] [[64617,0],1] PASSING ADDR 10.65.0.2 TO MODULE
[node5:119442] [[64617,0],1]:tcp set[login:129171] [[64617,0],0] connection_handler: working connection (15, 0) 10.65.0.105:51875
[login:129171] [[64617,0],0] accept_connection: 10.65.0.105:51875
[login:129171] [[64617,0],0]:tcp:recv:handler called
[login:129171] [[64617,0],0] RECV CONNECT ACK FROM UNKNOWN ON SOCKET 15
[login:129171] [[64617,0],0] waiting for connect ack from UNKNOWN
[login:129171] [[64617,0],0] connect ack received from UNKNOWN
[login:129171] [[64617,0],0] connect-ack recvd from UNKNOWN
[login:129171] [[64617,0],0] mca_oob_tcp_recv_connect: connection from new peer
[login:129171] [[64617,0],0] connect-ack header from [[64617,0],1] is okay
[login:129171] [[64617,0],0] waiting for connect ack from [[64617,0],1]
[login:129171] [[64617,0],0] connect ack received from [[64617,0],1]
[login:129171] [[64617,0],0] connect-ack version from [[64617,0],1] matches ours
[login:129171] [[64617,0],0] connect-ack [[64617,0],1] authenticated
[login:129171] [[64617,0],0] tcp:peer_accept called for peer [[64617,0],1] in state UNKNOWN on socket 15
[login:129171] [[64617,0],0] SEND CONNECT ACK
[login:129171] [[64617,0],0] send blocking of 42 bytes to socket 15
[login:129171] [[64617,0],0] connect-ack sent to socket 15
[login:129171] [[64617,0],0]-[[64617,0],1] tcp_peer_connected on socket 15
[login:129171] [[64617,0],0]-[[64617,0],1] accepted: 10.65.0.2 - 10.65.0.105 nodelay 1 sndbuf 65536 rcvbuf 65536 flags 00000802
[login:129171] [[64617,0],0] tcp:set_module called for peer [[64617,0],1]
[login:129171] [[64617,0],0]:tcp:recv:handler called for peer [[64617,0],1]
[login:129171] [[64617,0],0]:tcp:recv:handler CONNECTED
[login:129171] [[64617,0],0]:tcp:recv:handler allocate new recv msg
[login:129171] [[64617,0],0]:tcp:recv:handler read hdr
[login:129171] [[64617,0],0]:tcp:recv:handler allocate data region of size 29468
[login:129171] [[64617,0],0]:tcp:recv:handler called for peer [[64617,0],1]
[login:129171] [[64617,0],0]:tcp:recv:handler CONNECTED
[login:129171] [[64617,0],0]:tcp:recv:handler called for peer [[64617,0],1]
[login:129171] [[64617,0],0]:tcp:recv:handler CONNECTED
[login:129171] [[64617,0],0]:tcp:recv:handler called for peer [[64617,0],1]
[login:129171] [[64617,0],0]:tcp:recv:handler CONNECTED
[login:129171] [[64617,0],0]:tcp:recv:handler called for peer [[64617,0],1]
[login:129171] [[64617,0],0]:tcp:recv:handler CONNECTED
[login:129171] [[64617,0],0]:tcp:recv:handler called for peer [[64617,0],1]
[login:129171] [[64617,0],0]:tcp:recv:handler CONNECTED
[login:129171] [[64617,0],0]:tcp:recv:handler called for peer [[64617,0],1]
[login:129171] [[64617,0],0]:tcp:recv:handler CONNECTED
[login:129171] [[64617,0],0]:tcp:recv:handler called for peer [[64617,0],1]
[login:129171] [[64617,0],0]:tcp:recv:handler CONNECTED
[login:129171] [[64617,0],0] RECVD COMPLETE MESSAGE FROM [[64617,0],1] (ORIGIN [[64617,0],1]) OF 29468 BYTES FOR DEST [[64617,0],0] TAG 10
[login:129171] [[64617,0],0] DELIVERING TO RML
[login:129171] [[64617,0],0] Message posted at oob_tcp_sendrecv.c:533
[login:129171] [[64617,0],0]: set_addr to uri 4234739712.1;tcp://10.65.0.105,10.64.0.105,10.67.0.105:48644
[login:129171] [[64617,0],0]:set_addr checking if peer [[64617,0],1] is reachable via component tcp
[login:129171] [[64617,0],0] oob:tcp: working peer [[64617,0],1] address tcp://10.65.0.105,10.64.0.105,10.67.0.105:48644
[login:129171] [[64617,0],0] PASSING ADDR 10.65.0.105 TO MODULE
[login:129171] [[64617,0],0]:tcp set addr for peer [[64617,0],1]
[login:129171] [[64617,0],0] PASSING ADDR 10.64.0.105 TO MODULE
[login:129171] [[64617,0],0]:tcp set addr for peer [[64617,0],1]
[login:129171] [[64617,0],0] PASSING ADDR 10.67.0.105 TO MODULE
[login:129171] [[64617,0],0]:tcp set addr for peer [[64617,0],1]
[login:129171] [[64617,0],0]: peer [[64617,0],1] is reachable via component tcp
[login:129171] [[64617,0],0] OOB_SEND: rml_oob_send.c:199
[login:129171] [[64617,0],0]:tcp:processing set_peer cmd
[login:129171] [[64617,0],0]:tcp:processing set_peer cmd
[login:129171] [[64617,0],0]:tcp:processing set_peer cmd
[login:129171] [[64617,0],0] oob:base:send to target [[64617,0],1]
[login:129171] [[64617,0],0] oob:base:send known transport for peer [[64617,0],1]
[login:129171] [[64617,0],0] oob:tcp:send_nb to peer [[64617,0],1]:1
[login:129171] [[64617,0],0] tcp:send_nb to peer [[64617,0],1]
[login:129171] [[64617,0],0]:[oob_tcp.c:478] post send to [[64617,0],1]
[login:129171] [[64617,0],0]:[oob_tcp.c:415] processing send to peer [[64617,0],1]:1
[login:129171] [[64617,0],0] tcp:send_nb: already connected to [[64617,0],1] - queueing for send
[login:129171] [[64617,0],0]:[oob_tcp.c:442] queue send to [[64617,0],1]
[login:129171] [[64617,0],0] tcp:send_handler called to send to peer [[64617,0],1]
[login:129171] [[64617,0],0] tcp:send_handler SENDING TO [[64617,0],1]
[login:129171] [[64617,0],0] MESSAGE SEND COMPLETE TO [[64617,0],1] OF 194 BYTES ON SOCKET 15
[login:129171] [[64617,0],0]-[[64617,0],1] Send message complete at oob_tcp_sendrecv.c:223
[node5:119442] [[64617,0],1]:tcp:recv:handler called for peer [[64617,0],0]
[node5:119442] [[64617,0],1]:tcp:recv:handler CONNECTED
[node5:119442] [[64617,0],1]:tcp:recv:handler allocate new recv msg
[node5:119442] [[64617,0],1]:tcp:recv:handler read hdr
[node5:119442] [[64617,0],1]:tcp:recv:handler allocate data region of size 194
[node5:119442] [[64617,0],1] RECVD COMPLETE MESSAGE FROM [[64617,0],0] (ORIGIN [[64617,0],0]) OF 194 BYTES FOR DEST [[64617,0],1] TAG 1
[node5:119442] [[64617,0],1] DELIVERING TO RML
[node5:119442] [[64617,0],1] Message posted at oob_tcp_sendrecv.c:533
[node5:119442] [[64617,0],1] orted_cmd: received tree_spawn
[login:129171] [[64617,0],0]: set_addr to uri 4234739712.0;tcp://10.65.0.2,10.67.0.2,83.149.214.101,10.64.0.2:1300
[login:129171] [[64617,0],0]:set_addr peer [[64617,0],0] is me
[login:129171] [[64617,0],0]: set_addr to uri 4234739712.1;tcp://10.65.0.105,10.64.0.105,10.67.0.105:48644
[login:129171] [[64617,0],0]:set_addr checking if peer [[64617,0],1] is reachable via component tcp
[login:129171] [[64617,0],0] oob:tcp: working peer [[64617,0],1] address tcp://10.65.0.105,10.64.0.105,10.67.0.105:48644
[login:129171] [[64617,0],0] PASSING ADDR 10.65.0.105 TO MODULE
[login:129171] [[64617,0],0]:tcp set addr for peer [[64617,0],1]
[login:129171] [[64617,0],0] PASSING ADDR 10.64.0.105 TO MODULE
[login:129171] [[64617,0],0]:tcp set addr for peer [[64617,0],1]
[login:129171] [[64617,0],0] PASSING ADDR 10.67.0.105 TO MODULE
[login:129171] [[64617,0],0]:tcp set addr for peer [[64617,0],1]
[login:129171] [[64617,0],0]: peer [[64617,0],1] is reachable via component tcp
[login:129171] [[64617,0],0] OOB_SEND: rml_oob_send.c:199
[login:129171] [[64617,0],0]:tcp:processing set_peer cmd
[login:129171] [[64617,0],0]:tcp:processing set_peer cmd
[login:129171] [[64617,0],0]:tcp:processing set_peer cmd
[login:129171] [[64617,0],0] oob:base:send to target [[64617,0],1]
[login:129171] [[64617,0],0] oob:base:send known transport for peer [[64617,0],1]
[login:129171] [[64617,0],0] oob:tcp:send_nb to peer [[64617,0],1]:15
[login:129171] [[64617,0],0] tcp:send_nb to peer [[64617,0],1]
[login:129171] [[64617,0],0]:[oob_tcp.c:478] post send to [[64617,0],1]
[login:129171] [[64617,0],0] orted_cmd: received add_local_procs
[login:129171] [[64617,0],0]:[oob_tcp.c:415] processing send to peer [[64617,0],1]:15
[login:129171] [[64617,0],0] tcp:send_nb: already connected to [[64617,0],1] - queueing for send
[login:129171] [[64617,0],0]:[oob_tcp.c:442] queue send to [[64617,0],1]
[login:129171] [[64617,0],0] tcp:send_handler called to send to peer [[64617,0],1]
[login:129171] [[64617,0],0] tcp:send_handler SENDING TO [[64617,0],1]
[login:129171] [[64617,0],0] MESSAGE SEND COMPLETE TO [[64617,0],1] OF 1231 BYTES ON SOCKET 15
[login:129171] [[64617,0],0]-[[64617,0],1] Send message complete at oob_tcp_sendrecv.c:223
[node5:119442] [[64617,0],1]:tcp:recv:handler called for peer [[64617,0],0]
[node5:119442] [[64617,0],1]:tcp:recv:handler CONNECTED
[node5:119442] [[64617,0],1]:tcp:recv:handler allocate new recv msg
[node5:119442] [[64617,0],1]:tcp:recv:handler read hdr
[node5:119442] [[64617,0],1]:tcp:recv:handler allocate data region of size 1231
[node5:119442] [[64617,0],1]:tcp:recv:handler called for peer [[64617,0],0]
[node5:119442] [[64617,0],1]:tcp:recv:handler CONNECTED
[node5:119442] [[64617,0],1] RECVD COMPLETE MESSAGE FROM [[64617,0],0] (ORIGIN [[64617,0],0]) OF 1231 BYTES FOR DEST [[64617,0],1] TAG 15
[node5:119442] [[64617,0],1] DELIVERING TO RML
[node5:119442] [[64617,0],1] Message posted at oob_tcp_sendrecv.c:533
[node5:119442] [[64617,0],1]: set_addr to uri 4234739712.0;tcp://10.65.0.2,10.67.0.2,83.149.214.101,10.64.0.2:1300
[node5:119442] [[64617,0],1]:set_addr checking if peer [[64617,0],0] is reachable via component tcp
[node5:119442] [[64617,0],1] oob:tcp: working peer [[64617,0],0] address tcp://10.65.0.2,10.67.0.2,83.149.214.101,10.64.0.2:1300
[node5:119442] [[64617,0],1] PASSING ADDR 10.65.0.2 TO MODULE
[node5:119442] [[64617,0],1]:tcp set addr for peer [[64617,0],0]
[node5:119442] [[64617,0],1] PASSING ADDR 10.67.0.2 TO MODULE
[node5:119442] [[64617,0],1]:tcp set addr for peer [[64617,0],0]
[node5:119442] [[64617,0],1] PASSING ADDR 83.149.214.101 TO MODULE
[node5:119442] [[64617,0],1]:tcp set addr for peer [[64617,0],0]
[node5:119442] [[64617,0],1] PASSING ADDR 10.64.0.2 TO MODULE
[node5:119442] [[64617,0],1]:tcp set addr for peer [[64617,0],0]
[node5:119442] [[64617,0],1]: peer [[64617,0],0] is reachable via component tcp
[node5:119442] [[64617,0],1]: set_addr to uri 4234739712.1;tcp://10.65.0.105,10.64.0.105,10.67.0.105:48644
[node5:119442] [[64617,0],1]:set_addr peer [[64617,0],1] is me
[node5:119442] [[64617,0],1]:tcp:processing set_peer cmd
[node5:119442] [[64617,0],1]:tcp:processing set_peer cmd
[node5:119442] [[64617,0],1]:tcp:processing set_peer cmd
[node5:119442] [[64617,0],1]:tcp:processing set_peer cmd
[node5:119442] [[64617,0],1] orted_cmd: received add_local_procs
[login:129171] [[64617,0],0]:tcp:recv:handler called for peer [[64617,0],1]
[login:129171] [[64617,0],0]:tcp:recv:handler CONNECTED
[login:129171] [[64617,0],0]:tcp:recv:handler allocate new recv msg
[login:129171] [[64617,0],0]:tcp:recv:handler read hdr
[login:129171] [[64617,0],0]:tcp:recv:handler allocate data region of size 54
[login:129171] [[64617,0],0] RECVD COMPLETE MESSAGE FROM [[64617,0],1] (ORIGIN [[64617,0],1]) OF 54 BYTES FOR DEST [[64617,0],0] TAG 5
[login:129171] [[64617,0],0] DELIVERING TO RML
[login:129171] [[64617,0],0] Message posted at oob_tcp_sendrecv.c:533
[login:129171] [[64617,0],0] plm:base:receive update proc state command from [[64617,0],1]
[login:129171] [[64617,0],0] plm:base:receive got update_proc_state for job [64617,1]
[login:129171] [[64617,0],0]:tcp:recv:handler called for peer [[64617,0],1]
[login:129171] [[64617,0],0]:tcp:recv:handler CONNECTED
[login:129171] [[64617,0],0]:tcp:recv:handler allocate new recv msg
[login:129171] [[64617,0],0]:tcp:recv:handler read hdr
[login:129171] [[64617,0],0]:tcp:recv:handler allocate data region of size 169
[login:129171] [[64617,0],0] RECVD COMPLETE MESSAGE FROM [[64617,0],1] (ORIGIN [[64617,0],1]) OF 169 BYTES FOR DEST [[64617,0],0] TAG 2
[login:129171] [[64617,0],0] DELIVERING TO RML
[login:129171] [[64617,0],0] Message posted at oob_tcp_sendrecv.c:533
[warn] Epoll ADD(4) on fd 2 failed.  Old events were 0; read change was 0 (none); write change was 1 (add): Operation not permitted
[login:129171] [[64617,0],0]:tcp:recv:handler called for peer [[64617,0],1]
[login:129171] [[64617,0],0]:tcp:recv:handler CONNECTED
[login:129171] [[64617,0],0]:tcp:recv:handler allocate new recv msg
[login:129171] [[64617,0],0]:tcp:recv:handler read hdr
[login:129171] [[64617,0],0]:tcp:recv:handler allocate data region of size 111
[login:129171] [[64617,0],0] RECVD COMPLETE MESSAGE FROM [[64617,0],1] (ORIGIN [[64617,0],1]) OF 111 BYTES FOR DEST [[64617,0],0] TAG 2
[login:129171] [[64617,0],0] DELIVERING TO RML
[login:129171] [[64617,0],0] Message posted at oob_tcp_sendrecv.c:533
[login:129171] [[64617,0],0]:tcp:recv:handler called for peer [[64617,0],1]
[login:129171] [[64617,0],0]:tcp:recv:handler CONNECTED
[login:129171] [[64617,0],0]:tcp:recv:handler allocate new recv msg
[login:129171] [[64617,0],0]:tcp:recv:handler read hdr
[login:129171] [[64617,0],0]:tcp:recv:handler allocate data region of size 410
[login:129171] [[64617,0],0] RECVD COMPLETE MESSAGE FROM [[64617,0],1] (ORIGIN [[64617,0],1]) OF 410 BYTES FOR DEST [[64617,0],0] TAG 2
[login:129171] [[64617,0],0] DELIVERING TO RML
[login:129171] [[64617,0],0] Message posted at oob_tcp_sendrecv.c:533
[login:129171] [[64617,0],0]:tcp:recv:handler called for peer [[64617,0],1]
[login:129171] [[64617,0],0]:tcp:recv:handler CONNECTED
[login:129171] [[64617,0],0]:tcp:recv:handler allocate new recv msg
[login:129171] [[64617,0],0]:tcp:recv:handler read hdr
[login:129171] [[64617,0],0]:tcp:recv:handler allocate data region of size 82
[login:129171] [[64617,0],0] RECVD COMPLETE MESSAGE FROM [[64617,0],1] (ORIGIN [[64617,0],1]) OF 82 BYTES FOR DEST [[64617,0],0] TAG 2
[login:129171] [[64617,0],0] DELIVERING TO RML
[login:129171] [[64617,0],0] Message posted at oob_tcp_sendrecv.c:533
[login:129171] [[64617,0],0]:tcp:recv:handler called for peer [[64617,0],1]
[login:129171] [[64617,0],0]:tcp:recv:handler CONNECTED
[login:129171] [[64617,0],0]:tcp:recv:handler allocate new recv msg
[login:129171] [[64617,0],0]:tcp:recv:handler read hdr
[login:129171] [[64617,0],0]:tcp:recv:handler allocate data region of size 477
[login:129171] [[64617,0],0] RECVD COMPLETE MESSAGE FROM [[64617,0],1] (ORIGIN [[64617,0],1]) OF 477 BYTES FOR DEST [[64617,0],0] TAG 2
[login:129171] [[64617,0],0] DELIVERING TO RML
[login:129171] [[64617,0],0] Message posted at oob_tcp_sendrecv.c:533
[login:129171] [[64617,0],0]:tcp:recv:handler called for peer [[64617,0],1]
[login:129171] [[64617,0],0]:tcp:recv:handler CONNECTED
[login:129171] [[64617,0],0]:tcp:recv:handler allocate new recv msg
[login:129171] [[64617,0],0]:tcp:recv:handler read hdr
[login:129171] [[64617,0],0]:tcp:recv:handler allocate data region of size 291
[login:129171] [[64617,0],0] RECVD COMPLETE MESSAGE FROM [[64617,0],1] (ORIGIN [[64617,0],1]) OF 291 BYTES FOR DEST [[64617,0],0] TAG 2
[login:129171] [[64617,0],0] DELIVERING TO RML
[login:129171] [[64617,0],0] Message posted at oob_tcp_sendrecv.c:533
[login:129171] [[64617,0],0]:tcp:recv:handler called for peer [[64617,0],1]
[login:129171] [[64617,0],0]:tcp:recv:handler CONNECTED
[login:129171] [[64617,0],0]:tcp:recv:handler allocate new recv msg
[login:129171] [[64617,0],0]:tcp:recv:handler read hdr
[login:129171] [[64617,0],0]:tcp:recv:handler allocate data region of size 95
[login:129171] [[64617,0],0] RECVD COMPLETE MESSAGE FROM [[64617,0],1] (ORIGIN [[64617,0],1]) OF 95 BYTES FOR DEST [[64617,0],0] TAG 2
[login:129171] [[64617,0],0] DELIVERING TO RML
[login:129171] [[64617,0],0] Message posted at oob_tcp_sendrecv.c:533
[login:129171] [[64617,0],0]:tcp:recv:handler called for peer [[64617,0],1]
[login:129171] [[64617,0],0]:tcp:recv:handler CONNECTED
[login:129171] [[64617,0],0]:tcp:recv:handler allocate new recv msg
[login:129171] [[64617,0],0]:tcp:recv:handler read hdr
[login:129171] [[64617,0],0]:tcp:recv:handler allocate data region of size 95
[login:129171] [[64617,0],0] RECVD COMPLETE MESSAGE FROM [[64617,0],1] (ORIGIN [[64617,0],1]) OF 95 BYTES FOR DEST [[64617,0],0] TAG 2
[login:129171] [[64617,0],0] DELIVERING TO RML
[login:129171] [[64617,0],0] Message posted at oob_tcp_sendrecv.c:533
[login:129171] [[64617,0],0]:tcp:recv:handler called for peer [[64617,0],1]
[login:129171] [[64617,0],0]:tcp:recv:handler CONNECTED
[login:129171] [[64617,0],0]:tcp:recv:handler allocate new recv msg
[login:129171] [[64617,0],0]:tcp:recv:handler read hdr
[login:129171] [[64617,0],0]:tcp:recv:handler allocate data region of size 115
[login:129171] [[64617,0],0] RECVD COMPLETE MESSAGE FROM [[64617,0],1] (ORIGIN [[64617,0],1]) OF 115 BYTES FOR DEST [[64617,0],0] TAG 2
[login:129171] [[64617,0],0] DELIVERING TO RML
[login:129171] [[64617,0],0] Message posted at oob_tcp_sendrecv.c:533
[login:129171] [[64617,0],0]:tcp:recv:handler called for peer [[64617,0],1]
4617,0],1] oob:base:send to target [[64617,0],0]
[node5:119442] [[64617,0],1] oob:base:send known transport for peer [[64617,0],0]
[node5:119442] [[64617,0],1] oob:tcp:send_nb to peer [[64617,0],0]:2
[node5:119442] [[64617,0],1] tcp:send_nb to peer [[64617,0],0]
[node5:119442] [[64617,0],1]:[oob_tcp.c:478] post send to [[64617,0],0]
[node5:119442] [[64617,0],1]:[oob_tcp.c:415] processing send to peer [[64617,0],0]:2
[node5:119442] [[64617,0],1] tcp:send_nb: already connected to [[64617,0],0] - queueing for send
[node5:119442] [[64617,0],1]:[oob_tcp.c:442] queue send to [[64617,0],0]
[node5:119442] [[64617,0],1] tcp:send_handler called to send to peer [[64617,0],0]
[node5:119442] [[64617,0],1] tcp:send_handler SENDING TO [[64617,0],0]
[node5:119442] [[64617,0],1] MESSAGE SEND COMPLETE TO [[64617,0],0] OF 169 BYTES ON SOCKET 10
[node5:119442] [[64617,0],1]-[[64617,0],0] Send message complete at oob_tcp_sendrecv.c:223
[node5:119442] [[64617,0],1] OOB_SEND: rml_oob_send.c:199
[node5:119442] [[64617,0],1] oob:base:send to target [[64617,0],0]
[node5:119442] [[64617,0],1] oob:base:send known transport for peer [[64617,0],0]
[node5:119442] [[64617,0],1] oob:tcp:send_nb to peer [[64617,0],0]:2
[node5:119442] [[64617,0],1] tcp:send_nb to peer [[64617,0],0]
[node5:119442] [[64617,0],1]:[oob_tcp.c:478] post send to [[64617,0],0]
[node5:119442] [[64617,0],1]:[oob_tcp.c:415] processing send to peer [[64617,0],0]:2
[node5:119442] [[64617,0],1] tcp:send_nb: already connected to [[64617,0],0] - queueing for send
[node5:119442] [[64617,0],1]:[oob_tcp.c:442] queue send to [[64617,0],0]
[node5:119442] [[64617,0],1] tcp:send_handler called to send to peer [[64617,0],0]
[node5:119442] [[64617,0],1] tcp:send_handler SENDING TO [[64617,0],0]
[node5:119442] [[64617,0],1] MESSAGE SEND COMPLETE TO [[64617,0],0] OF 111 BYTES ON SOCKET 10
[node5:119442] [[64617,0],1]-[[64617,0],0] Send message complete at oob_tcp_sendrecv.c:223
[node5:119442] [[64617,0],1] OOB_SEND: rml_oob_send.c:199
[node5:119442] [[64617,0],1] oob:base:send to target [[64617,0],0]
[node5:119442] [[64617,0],1] oob:base:send known transport for peer [[64617,0],0]
[node5:119442] [[64617,0],1] oob:tcp:send_nb to peer [[64617,0],0]:2
[node5:119442] [[64617,0],1] tcp:send_nb to peer [[64617,0],0]
[node5:119442] [[64617,0],1]:[oob_tcp.c:478] post send to [[64617,0],0]
[node5:119442] [[64617,0],1]:[oob_tcp.c:415] processing send to peer [[64617,0],0]:2
[node5:119442] [[64617,0],1] tcp:send_nb: already connected to [[64617,0],0] - queueing for send
[node5:119442] [[64617,0],1]:[oob_tcp.c:442] queue send to [[64617,0],0]
[node5:119442] [[64617,0],1] tcp:send_handler called to send to peer [[64617,0],0]
[node5:119442] [[64617,0],1] tcp:send_handler SENDING TO [[64617,0],0]
[node5:119442] [[64617,0],1] MESSAGE SEND COMPLETE TO [[64617,0],0] OF 410 BYTES ON SOCKET 10
[node5:119442] [[64617,0],1]-[[64617,0],0] Send message complete at oob_tcp_sendrecv.c:223
[node5:119442] [[64617,0],1] OOB_SEND: rml_oob_send.c:199
[node5:119442] [[64617,0],1] oob:base:send to target [[64617,0],0]
[node5:119442] [[64617,0],1] oob:base:send known transport for peer [[64617,0],0]
[node5:119442] [[64617,0],1] oob:tcp:send_nb to peer [[64617,0],0]:2
[node5:119442] [[64617,0],1] tcp:send_nb to peer [[64617,0],0]
[node5:119442] [[64617,0],1]:[oob_tcp.c:478] post send to [[64617,0],0]
[node5:119442] [[64617,0],1]:[oob_tcp.c:415] processing send to peer [[64617,0],0]:2
[node5:119442] [[64617,0],1] tcp:send_nb: already connected to [[64617,0],0] - queueing for send
[node5:119442] [[64617,0],1]:[oob_tcp.c:442] queue send to [[64617,0],0]
[node5:119442] [[64617,0],1] tcp:send_handler called to send to peer [[64617,0],0]
[node5:119442] [[64617,0],1] tcp:send_handler SENDING TO [[64617,0],0]
[node5:119442] [[64617,0],1] MESSAGE SEND COMPLETE TO [[64617,0],0] OF 82 BYTES ON SOCKET 10
[node5:119442] [[64617,0],1]-[[64617,0],0] Send message complete at oob_tcp_sendrecv.c:223
[node5:119442] [[64617,0],1] OOB_SEND: rml_oob_send.c:199
[node5:119442] [[64617,0],1] oob:base:send to target [[64617,0],0]
[node5:119442] [[64617,0],1] oob:base:send known transport for peer [[64617,0],0]
[node5:119442] [[64617,0],1] oob:tcp:send_nb to peer [[64617,0],0]:2
[node5:119442] [[64617,0],1] tcp:send_nb to peer [[64617,0],0]
[node5:119442] [[64617,0],1]:[oob_tcp.c:478] post send to [[64617,0],0]
[node5:119442] [[64617,0],1]:[oob_tcp.c:415] processing send to peer [[64617,0],0]:2
[node5:119442] [[64617,0],1] tcp:send_nb: already connected to [[64617,0],0] - queueing for send
[node5:119442] [[64617,0],1]:[oob_tcp.c:442] queue send to [[64617,0],0]
[node5:119442] [[64617,0],1] tcp:send_handler called to send to peer [[64617,0],0]
[node5:119442] [[64617,0],1] tcp:send_handler SENDING TO [[64617,0],0]
[node5:119442] [[64617,0],1] MESSAGE SEND COMPLETE TO [[64617,0],0] OF 477 BYTES ON SOCKET 10
[node5:119442] [[64617,0],1]-[[64617,0],0] Send message complete at oob_tcp_sendrecv.c:223
[node5:119442] [[64617,0],1] OOB_SEND: rml_oob_send.c:199
[node5:119442] [[64617,0],1] oob:base:send to target [[64617,0],0]
[node5:119442] [[64617,0],1] oob:base:send known transport for peer [[64617,0],0]
[node5:119442] [[64617,0],1] oob:tcp:send_nb to peer [[64617,0],0]:2
[node5:119442] [[64617,0],1] tcp:send_nb to peer [[64617,0],0]
[node5:119442] [[64617,0],1]:[oob_tcp.c:478] post send to [[64617,0],0]
[node5:119442] [[64617,0],1]:[oob_tcp.c:415] processing send to peer [[64617,0],0]:2
[node5:119442] [[64617,0],1] tcp:send_nb: already connected to [[64617,0],0] - queueing for send
[node5:119442] [[64617,0],1]:[oob_tcp.c:442] queue send to [[64617,0],0]
[node5:119442] [[64617,0],1] tcp:send_handler called to send to peer [[64617,0],0]
[node5:119442] [[64617,0],1] tcp:send_handler SENDING TO [[64617,0],0]
[node5:119442] [[64617,0],1] MESSAGE SEND COMPLETE TO [[64617,0],0] OF 291 BYTES ON SOCKET 10
[node5:119442] [[64617,0],1]-[[64617,0],0] Send message complete at oob_tcp_sendrecv.c:223
[node5:119442] [[64617,0],1] OOB_SEND: rml_oob_send.c:199
[node5:119442] [[64617,0],1] oob:base:send to target [[64617,0],0]
[node5:119442] [[64617,0],1] oob:base:send known transport for peer [[64617,0],0]
[node5:119442] [[64617,0],1] oob:tcp:send_nb to peer [[64617,0],0]:2
[node5:119442] [[64617,0],1] tcp:send_nb to peer [[64617,0],0]
[node5:119442] [[64617,0],1]:[oob_tcp.c:478] post send to [[64617,0],0]
[node5:119442] [[64617,0],1]:[oob_tcp.c:415] processing send to peer [[64617,0],0]:2
[node5:119442] [[64617,0],1] tcp:send_nb: already connected to [[64617,0],0] - queueing for send
[node5:119442] [[64617,0],1]:[oob_tcp.c:442] queue send to [[64617,0],0]
[node5:119442] [[64617,0],1] tcp:send_handler called to send to peer [[64617,0],0]
[node5:119442] [[64617,0],1] tcp:send_handler SENDING TO [[64617,0],0]
[node5:119442] [[64617,0],1] MESSAGE SEND COMPLETE TO [[64617,0],0] OF 95 BYTES ON SOCKET 10
[node5:119442] [[64617,0],1]-[[64617,0],0] Send message complete at oob_tcp_sendrecv.c:223
[node5:119442] [[64617,0],1] OOB_SEND: rml_oob_send.c:199
[node5:119442] [[64617,0],1] oob:base:send to target [[64617,0],0]
[node5:119442] [[64617,0],1] oob:base:send known transport for peer [[64617,0],0]
[node5:119442] [[64617,0],1] oob:tcp:send_nb to peer [[64617,0],0]:2
[node5:119442] [[64617,0],1] tcp:send_nb to peer [[64617,0],0]
[node5:119442] [[64617,0],1]:[oob_tcp.c:478] post send to [[64617,0],0]
[node5:119442] [[64617,0],1]:[oob_tcp.c:415] processing send to peer [[64617,0],0]:2
[node5:119442] [[64617,0],1] tcp:send_nb: already connected to [[64617,0],0] - queueing for send
[node5:119442] [[64617,0],1]:[oob_tcp.c:442] queue send to [[64617,0],0]
[node5:119442] [[64617,0],1] tcp:send_handler called to send to peer [[64617,0],0]
[node5:119442] [[64617,0],1] tcp:send_handler SENDING TO [[64617,0],0]
[node5:119442] [[64617,0],1] MESSAGE SEND COMPLETE TO [[64617,0],0] OF 95 BYTES ON SOCKET 10
[node5:119442] [[64617,0],1]-[[64617,0],0] Send message complete at oob_tcp_sendrecv.c:223
[node5:119442] [[64617,0],1] OOB_SEND: rml_oob_send.c:199
[node5:119442] [[64617,0],1] oob:base:send to target [[64617,0],0]
[node5:119442] [[64617,0],1] oob:base:send known transport for peer [[64617,0],0]
[node5:119442] [[64617,0],1] oob:tcp:send_nb to peer [[64617,0],0]:2
[node5:119442] [[64617,0],1] tcp:send_nb to peer [[64617,0],0]
[node5:119442] [[64617,0],1]:[oob_tcp.c:478] post send to [[64617,0],0]
[node5:119442] [[64617,0],1]:[oob_tcp.c:415] processing send to peer [[64617,0],0]:2
[node5:119442] [[64617,0],1] tcp:send_nb: already connected to [[64617,0],0] - queueing for send
[node5:119442] [[64617,0],1]:[oob_tcp.c:442] queue send to [[64617,0],0]
[node5:119442] [[64617,0],1] tcp:send_handler called to send to peer [[64617,0],0]
[node5:119442] [[64617,0],1] tcp:send_handler SENDING TO [[64617,0],0]
[node5:119442] [[64617,0],1] MESSAGE SEND COMPLETE TO [[64617,0],0] OF 115 BYTES ON SOCKET 10
[node5:119442] [[64617,0],1]-[[64617,0],0] Send message complete at oob_tcp_sendrecv.c:223
[node5:119442] [[64617,0],1] OOB_SEND: rml_oob_send.c:199
[node5:119442] [[64617,0],1] oob:base:send to target [[64617,0],0]
[node5:119442] [[64617,0],1] oob:base:send known transport for peer [[64617,0],0]
[node5:119442] [[64617,0],1] oob:tcp:send_nb to peer [[64617,0],0]:2
[node5:119442] [[64617,0],1] tcp:send_nb to peer [[64617,0],0]
[node5:119442] [[64617,0],1]:[oob_tcp.c:478] post send to [[64617,0],0]
[node5:119442] [[64617,0],1]:[oob_tcp.c:415] processing send to peer [[64617,0],0]:2
[node5:119442] [[64617,0],1] tcp:send_nb: already connected to [[64617,0],0] - queueing for send
[node5:119442] [[64617,0],1]:[oob_tcp.c:442] queue send to [[64617,0],0]
[node5:119442] [[64617,0],1] tcp:send_handler called to send to peer [[64617,0],0]
[node5:119442] [[64617,0],1] tcp:send_handler SENDING TO [[64617,0],0]
[node5:119442] [[64617,0],1] MESSAGE SEND COMPLETE TO [[64617,0],0] OF 239 BYTES ON SOCKET 10
[node5:119442] [[64617,0],1]-[[64617,0],0] Send message complete at oob_tcp_sendrecv.c:223
[node5:119442] [[64617,0],1] OOB_SEND: rml_oob_send.c:199
[node5:119442] [[64617,0],1] oob:base:send to target [[64617,0],0]
[node5:119442] [[64617,0],1] oob:base:send known transport for peer [[64617,0],0]
[node5:119442] [[64617,0],1] oob:tcp:send_nb to peer [[64617,0],0]:2
[node5:119442] [[64617,0],1] tcp:send_nb to peer [[64617,0],0]
[node5:119442] [[64617,0],1]:[oob_tcp.c:478] post send to [[64617,0],0]
[node5:119442] [[64617,0],1]:[oob_tcp.c:415] processing send to peer [[64617,0],0]:2
[node5:119442] [[64617,0],1] tcp:send_nb: already connected to [[64617,0],0] - queueing for send
[node5:119442] [[64617,0],1]:[oob_tcp.c:442] queue send to [[64617,0],0]
[node5:119442] [[64617,0],1] tcp:send_handler called to send to peer [[64617,0],0]
[node5:119442] [[64617,0],1] tcp:send_handler SENDING TO [[64617,0],0]
[node5:119442] [[64617,0],1] MESSAGE SEND COMPLETE TO [[64617,0],0] OF 89 BYTES ON SOCKET 10
[node5:119442] [[64617,0],1]-[[64617,0],0] Send message complete at oob_tcp_sendrecv.c:223
[login:129171] [[64617,0],0]:tcp:recv:handler CONNECTED
[login:129171] [[64617,0],0]:tcp:recv:handler allocate new recv msg
[login:129171] [[64617,0],0]:tcp:recv:handler read hdr
[login:129171] [[64617,0],0]:tcp:recv:handler allocate data region of size 239
[login:129171] [[64617,0],0] RECVD COMPLETE MESSAGE FROM [[64617,0],1] (ORIGIN [[64617,0],1]) OF 239 BYTES FOR DEST [[64617,0],0] TAG 2
[login:129171] [[64617,0],0] DELIVERING TO RML
[login:129171] [[64617,0],0] Message posted at oob_tcp_sendrecv.c:533
[login:129171] [[64617,0],0]:tcp:recv:handler called for peer [[64617,0],1]
[login:129171] [[64617,0],0]:tcp:recv:handler CONNECTED
[login:129171] [[64617,0],0]:tcp:recv:handler allocate new recv msg
[login:129171] [[64617,0],0]:tcp:recv:handler read hdr
[login:129171] [[64617,0],0]:tcp:recv:handler allocate data region of size 89
[login:129171] [[64617,0],0] RECVD COMPLETE MESSAGE FROM [[64617,0],1] (ORIGIN [[64617,0],1]) OF 89 BYTES FOR DEST [[64617,0],0] TAG 2
[login:129171] [[64617,0],0] DELIVERING TO RML
[login:129171] [[64617,0],0] Message posted at oob_tcp_sendrecv.c:533
[login:129171] [[64617,0],0]:tcp:recv:handler called for peer [[64617,0],1]
[login:129171] [[64617,0],0]:tcp:recv:handler CONNECTED
[login:129171] [[64617,0],0]:tcp:recv:handler allocate new recv msg
[login:129171] [[64617,0],0]:tcp:recv:handler read hdr
[login:129171] [[64617,0],0]:tcp:recv:handler allocate data region of size 63
[login:129171] [[64617,0],0] RECVD COMPLETE MESSAGE FROM [[64617,0],1] (ORIGIN [[64617,0],1]) OF 63 BYTES FOR DEST [[64617,0],0] TAG 2
[login:129171] [[64617,0],0] DELIVERING TO RML
[login:129171] [[64617,0],0] Message posted at oob_tcp_sendrecv.c:533
[login:129171] [[64617,0],0]:tcp:recv:handler called for peer [[64617,0],1]
[node5:119442] [[64617,0],1] OOB_SEND: rml_oob_send.c:19[login:129171] [[64617,0],0]:tcp:recv:handler allocate new recv msg
[login:129171] [[64617,0],0]:tcp:recv:handler read hdr
[login:129171] [[64617,0],0]:tcp:recv:handler allocate data region of size 115
[login:129171] [[64617,0],0] RECVD COMPLETE MESSAGE FROM [[64617,0],1] (ORIGIN [[64617,0],1]) OF 115 BYTES FOR DEST [[64617,0],0] TAG 2
[login:129171] [[64617,0],0] DELIVERING TO RML
[login:129171] [[64617,0],0] Message posted at oob_tcp_sendrecv.c:533
[login:129171] [[64617,0],0]:tcp:recv:handler called for peer [[64617,0],1]
[login:129171] [[64617,0],0]:tcp:recv:handler CONNECTED
[login:129171] [[64617,0],0]:tcp:recv:handler allocate new recv msg
[login:129171] [[64617,0],0]:tcp:recv:handler read hdr
[login:129171] [[64617,0],0]:tcp:recv:handler allocate data region of size 63
[login:129171] [[64617,0],0] RECVD COMPLETE MESSAGE FROM [[64617,0],1] (ORIGIN [[64617,0],1]) OF 63 BYTES FOR DEST [[64617,0],0] TAG 2
[login:129171] [[64617,0],0] DELIVERING TO RML
[login:129171] [[64617,0],0] Message posted at oob_tcp_sendrecv.c:533
[login:129171] [[64617,0],0]:tcp:recv:handler called for peer [[64617,0],1]
[login:129171] [[64617,0],0]:tcp:recv:handler CONNECTED
[login:129171] [[64617,0],0]:tcp:recv:handler allocate new recv msg
[login:129171] [[64617,0],0]:tcp:recv:handler read hdr
[login:129171] [[64617,0],0]:tcp:recv:handler allocate data region of size 115
[login:129171] [[64617,0],0] RECVD COMPLETE MESSAGE FROM [[64617,0],1] (ORIGIN [[64617,0],1]) OF 115 BYTES FOR DEST [[64617,0],0] TAG 2
[login:129171] [[64617,0],0] DELIVERING TO RML
[login:129171] [[64617,0],0] Message posted at oob_tcp_sendrecv.c:533
[login:129171] [[64617,0],0]:tcp:recv:handler called for peer [[64617,0],1]
[login:129171] [[64617,0],0]:tcp:recv:handler CONNECTED
[login:129171] [[64617,0],0]:tcp:recv:handler allocate new recv msg
[login:129171] [[64617,0],0]:tcp:recv:handler read hdr
[login:129171] [[64617,0],0]:tcp:recv:handler allocate data region of size 156
[login:129171] [[64617,0],0] RECVD COMPLETE MESSAGE FROM [[64617,0],1] (ORIGIN [[64617,0],1]) OF 156 BYTES FOR DEST [[64617,0],0] TAG 2
[login:129171] [[64617,0],0] DELIVERING TO RML
[login:129171] [[64617,0],0] Message posted at oob_tcp_sendrecv.c:533
[login:129171] [[64617,0],0]:tcp:recv:handler called for peer [[64617,0],1]
[login:129171] [[64617,0],0]:tcp:recv:handler CONNECTED
[login:129171] [[64617,0],0]:tcp:recv:handler allocate new recv msg
[login:129171] [[64617,0],0]:tcp:recv:handler read hdr
[login:129171] [[64617,0],0]:tcp:recv:handler allocate data region of size 542
[login:129171] [[64617,0],0] RECVD COMPLETE MESSAGE FROM [[64617,0],1] (ORIGIN [[64617,0],1]) OF 542 BYTES FOR DEST [[64617,0],0] TAG 2
[login:129171] [[64617,0],0] DELIVERING TO RML
[login:129171] [[64617,0],0] Message posted at oob_tcp_sendrecv.c:533
[login:129171] [[64617,0],0]:tcp:recv:handler called for peer [[64617,0],1]
[login:129171] [[64617,0],0]:tcp:recv:handler CONNECTED
[login:129171] [[64617,0],0]:tcp:recv:handler allocate new recv msg
[login:129171] [[64617,0],0]:tcp:recv:handler read hdr
[login:129171] [[64617,0],0]:tcp:recv:handler allocate data region of size 1096
[login:129171] [[64617,0],0] RECVD COMPLETE MESSAGE FROM [[64617,0],1] (ORIGIN [[64617,0],1]) OF 1096 BYTES FOR DEST [[64617,0],0] TAG 2
[login:129171] [[64617,0],0] DELIVERING TO RML
[login:129171] [[64617,0],0] Message posted at oob_tcp_sendrecv.c:533
[login:129171] [[64617,0],0]:tcp:recv:handler called for peer [[64617,0],1]
[login:129171] [[64617,0],0]:tcp:recv:handler CONNECTED
[login:129171] [[64617,0],0]:tcp:recv:handler allocate new recv msg
[login:129171] [[64617,0],0]:tcp:recv:handler read hdr
[login:129171] [[64617,0],0]:tcp:recv:handler allocate data region of size 518
[login:129171] [[64617,0],0] RECVD COMPLETE MESSAGE FROM [[64617,0],1] (ORIGIN [[64617,0],1]) OF 518 BYTES FOR DEST [[64617,0],0] TAG 2
[login:129171] [[64617,0],0] DELIVERING TO RML
[login:129171] [[64617,0],0] Message posted at oob_tcp_sendrecv.c:533
[login:129171] [[64617,0],0]:tcp:recv:handler called for peer [[64617,0],1]
[login:129171] [[64617,0],0]:tcp:recv:handler CONNECTED
[login:129171] [[64617,0],0]:tcp:recv:handler allocate new recv msg
[login:129171] [[64617,0],0]:tcp:recv:handler read hdr
[login:129171] [[64617,0],0]:tcp:recv:handler allocate data region of size 719
[login:129171] [[64617,0],0] RECVD COMPLETE MESSAGE FROM [[64617,0],1] (ORIGIN [[64617,0],1]) OF 719 BYTES FOR DEST [[64617,0],0] TAG 2
[login:129171] [[64617,0],0] DELIVERING TO RML
[login:129171] [[64617,0],0] Message posted at oob_tcp_sendrecv.c:533
[login:129171] [[64617,0],0]:tcp:recv:handler called for peer [[64617,0],1]
[login:129171] [[64617,0],0]:tcp:recv:handler CONNECTED
[login:129171] [[64617,0],0]:tcp:recv:handler allocate new recv msg
[login:129171] [[64617,0],0]:tcp:recv:handler read hdr
[login:129171] [[64617,0],0]:tcp:recv:handler allocate data region of size 457
[login:129171] [[64617,0],0] RECVD COMPLETE MESSAGE FROM [[64617,0],1] (ORIGIN [[64617,0],1]) OF 457 BYTES FOR DEST [[64617,0],0] TAG 2
[login:129171] [[64617,0],0] DELIVERING TO RML
[login:129171] [[64617,0],0] Message posted at oob_tcp_sendrecv.c:533
[login:129171] [[64617,0],0]:tcp:recv:handler called for peer [[64617,0],1]
[login:129171] [[64617,0],0]:tcp:recv:handler CONNECTED
[login:129171] [[64617,0],0]:tcp:recv:handler allocate new recv msg
[login:129171] [[64617,0],0]:tcp:recv:handler read hdr
[login:129171] [[64617,0],0]:tcp:recv:handler allocate data region of size 518
[login:129171] [[64617,0],0] RECVD COMPLETE MESSAGE FROM [[64617,0],1] (ORIGIN [[64617,0],1]) OF 518 BYTES FOR DEST [[64617,0],0] TAG 2
[login:129171] [[64617,0],0] DELIVERING TO RML
[login:129171] [[64617,0],0] Message posted at oob_tcp_sendrecv.c:533
[login:129171] [[64617,0],0]:tcp:recv:handler called for peer [[64617,0],1]
[login:129171] [[64617,0],0]:tcp:recv:handler CONNECTED
[login:129171] [[64617,0],0]:tcp:recv:handler allocate new recv msg
[login:129171] [[64617,0],0]:tcp:recv:handler read hdr
[login:129171] [[64617,0],0]:tcp:recv:handler allocate data region of size 505
[login:129171] [[64617,0],0]:tcp:recv:handler called for peer [[64617,0],1]
[login:129171] [[64617,0],0]:tcp:recv:handler CONNECTED
119442] [[64617,0],1] oob:base:send known transport for peer [[64617,0],0]
[node5:119442] [[64617,0],1] oob:tcp:send_nb to peer [[64617,0],0]:2
[node5:119442] [[64617,0],1] tcp:send_nb to peer [[64617,0],0]
[node5:119442] [[64617,0],1]:[oob_tcp.c:478] post send to [[64617,0],0]
[node5:119442] [[64617,0],1]:[oob_tcp.c:415] processing send to peer [[64617,0],0]:2
[node5:119442] [[64617,0],1] tcp:send_nb: already connected to [[64617,0],0] - queueing for send
[node5:119442] [[64617,0],1]:[oob_tcp.c:442] queue send to [[64617,0],0]
[node5:119442] [[64617,0],1] tcp:send_handler called to send to peer [[64617,0],0]
[node5:119442] [[64617,0],1] tcp:send_handler SENDING TO [[64617,0],0]
[node5:119442] [[64617,0],1] MESSAGE SEND COMPLETE TO [[64617,0],0] OF 156 BYTES ON SOCKET 10
[node5:119442] [[64617,0],1]-[[64617,0],0] Send message complete at oob_tcp_sendrecv.c:223
[node5:119442] [[64617,0],1] OOB_SEND: rml_oob_send.c:199
[node5:119442] [[64617,0],1] oob:base:send to target [[64617,0],0]
[node5:119442] [[64617,0],1] oob:base:send known transport for peer [[64617,0],0]
[node5:119442] [[64617,0],1] oob:tcp:send_nb to peer [[64617,0],0]:2
[node5:119442] [[64617,0],1] tcp:send_nb to peer [[64617,0],0]
[node5:119442] [[64617,0],1]:[oob_tcp.c:478] post send to [[64617,0],0]
[node5:119442] [[64617,0],1]:[oob_tcp.c:415] processing send to peer [[64617,0],0]:2
[node5:119442] [[64617,0],1] tcp:send_nb: already connected to [[64617,0],0] - queueing for send
[node5:119442] [[64617,0],1]:[oob_tcp.c:442] queue send to [[64617,0],0]
[node5:119442] [[64617,0],1] tcp:send_handler called to send to peer [[64617,0],0]
[node5:119442] [[64617,0],1] tcp:send_handler SENDING TO [[64617,0],0]
[node5:119442] [[64617,0],1] MESSAGE SEND COMPLETE TO [[64617,0],0] OF 542 BYTES ON SOCKET 10
[node5:119442] [[64617,0],1]-[[64617,0],0] Send message complete at oob_tcp_sendrecv.c:223
[node5:119442] [[64617,0],1] OOB_SEND: rml_oob_send.c:199
[node5:119442] [[64617,0],1] oob:base:send to target [[64617,0],0]
[node5:119442] [[64617,0],1] oob:base:send known transport for peer [[64617,0],0]
[node5:119442] [[64617,0],1] oob:tcp:send_nb to peer [[64617,0],0]:2
[node5:119442] [[64617,0],1] tcp:send_nb to peer [[64617,0],0]
[node5:119442] [[64617,0],1]:[oob_tcp.c:478] post send to [[64617,0],0]
[node5:119442] [[64617,0],1]:[oob_tcp.c:415] processing send to peer [[64617,0],0]:2
[node5:119442] [[64617,0],1] tcp:send_nb: already connected to [[64617,0],0] - queueing for send
[node5:119442] [[64617,0],1]:[oob_tcp.c:442] queue send to [[64617,0],0]
[node5:119442] [[64617,0],1] tcp:send_handler called to send to peer [[64617,0],0]
[node5:119442] [[64617,0],1] tcp:send_handler SENDING TO [[64617,0],0]
[node5:119442] [[64617,0],1] MESSAGE SEND COMPLETE TO [[64617,0],0] OF 1096 BYTES ON SOCKET 10
[node5:119442] [[64617,0],1]-[[64617,0],0] Send message complete at oob_tcp_sendrecv.c:223
[node5:119442] [[64617,0],1] OOB_SEND: rml_oob_send.c:199
[node5:119442] [[64617,0],1] oob:base:send to target [[64617,0],0]
[node5:119442] [[64617,0],1] oob:base:send known transport for peer [[64617,0],0]
[node5:119442] [[64617,0],1] oob:tcp:send_nb to peer [[64617,0],0]:2
[node5:119442] [[64617,0],1] tcp:send_nb to peer [[64617,0],0]
[node5:119442] [[64617,0],1]:[oob_tcp.c:478] post send to [[64617,0],0]
[node5:119442] [[64617,0],1]:[oob_tcp.c:415] processing send to peer [[64617,0],0]:2
[node5:119442] [[64617,0],1] tcp:send_nb: already connected to [[64617,0],0] - queueing for send
[node5:119442] [[64617,0],1]:[oob_tcp.c:442] queue send to [[64617,0],0]
[node5:119442] [[64617,0],1] tcp:send_handler called to send to peer [[64617,0],0]
[node5:119442] [[64617,0],1] tcp:send_handler SENDING TO [[64617,0],0]
[node5:119442] [[64617,0],1] MESSAGE SEND COMPLETE TO [[64617,0],0] OF 518 BYTES ON SOCKET 10
[node5:119442] [[64617,0],1]-[[64617,0],0] Send message complete at oob_tcp_sendrecv.c:223
[node5:119442] [[64617,0],1] connection_event_handler: working connection (12, 0) 10.65.0.105:60346
[node5:119442] [[64617,0],1] accept_connection: 10.65.0.105:60346
[node5:119442] [[64617,0],1] OOB_SEND: rml_oob_send.c:199
[node5:119442] [[64617,0],1] oob:base:send to target [[64617,0],0]
[node5:119442] [[64617,0],1] oob:base:send known transport for peer [[64617,0],0]
[node5:119442] [[64617,0],1] oob:tcp:send_nb to peer [[64617,0],0]:2
[node5:119442] [[64617,0],1] tcp:send_nb to peer [[64617,0],0]
[node5:119442] [[64617,0],1]:[oob_tcp.c:478] post send to [[64617,0],0]
[node5:119442] [[64617,0],1]:[oob_tcp.c:415] processing send to peer [[64617,0],0]:2
[node5:119442] [[64617,0],1] tcp:send_nb: already connected to [[64617,0],0] - queueing for send
[node5:119442] [[64617,0],1]:[oob_tcp.c:442] queue send to [[64617,0],0]
[node5:119442] [[64617,0],1] tcp:send_handler called to send to peer [[64617,0],0]
[node5:119442] [[64617,0],1] tcp:send_handler SENDING TO [[64617,0],0]
[node5:119442] [[64617,0],1] MESSAGE SEND COMPLETE TO [[64617,0],0] OF 719 BYTES ON SOCKET 10
[node5:119442] [[64617,0],1]-[[64617,0],0] Send message complete at oob_tcp_sendrecv.c:223
[node5:119442] [[64617,0],1]:tcp:recv:handler called
[node5:119442] [[64617,0],1] RECV CONNECT ACK FROM UNKNOWN ON SOCKET 12
[node5:119442] [[64617,0],1] waiting for connect ack from UNKNOWN
[node5:119442] [[64617,0],1] connect ack received from UNKNOWN
[node5:119442] [[64617,0],1] connect-ack recvd from UNKNOWN
[node5:119442] [[64617,0],1] mca_oob_tcp_recv_connect: connection from new peer
[node5:119442] [[64617,0],1] connect-ack header from [[64617,1],0] is okay
[node5:119442] [[64617,0],1] waiting for connect ack from [[64617,1],0]
[node5:119442] [[64617,0],1] connect ack received from [[64617,1],0]
[node5:119442] [[64617,0],1] connect-ack version from [[64617,1],0] matches ours
[node5:119442] [[64617,0],1] connect-ack [[64617,1],0] authenticated
[node5:119442] [[64617,0],1] tcp:peer_accept called for peer [[64617,1],0] in state UNKNOWN on socket 12
[node5:119442] [[64617,0],1] SEND CONNECT ACK
[node5:119442] [[64617,0],1] send blocking of 42 bytes to socket 12
[node5:119442] [[64617,0],1] connect-ack sent to socket 12
[node5:119442] [[64617,0],1]-[[64617,1],0] tcp_peer_connected on socket 12
[node5:119442] [[64617,0],1]-[[64617,1],0] accepted: 10.65.0.105 - 10.65.0.105 nodelay 1 sndbuf 65536 rcvbuf 65536 flags 00000802
[node5:119442] [[64617,0],1] tcp:set_module called for peer [[64617,1],0]
[node5:119442] [[64617,0],1] OOB_SEND: rml_oob_send.c:199
[node5:119442] [[64617,0],1] oob:base:send to target [[64617,0],0]
[node5:119442] [[64617,0],1] oob:base:send known transport for peer [[64617,0],0]
[node5:119442] [[64617,0],1] oob:tcp:send_nb to peer [[64617,0],0]:2
[node5:119442] [[64617,0],1] tcp:send_nb to peer [[64617,0],0]
[node5:119442] [[64617,0],1]:[oob_tcp.c:478] post send to [[64617,0],0]
[node5:119442] [[64617,0],1]:[oob_tcp.c:415] processing send to peer [[64617,0],0]:2
[node5:119442] [[64617,0],1] tcp:send_nb: already connected to [[64617,0],0] - queueing for send
[node5:119442] [[64617,0],1]:[oob_tcp.c:442] queue send to [[64617,0],0]
[node5:119442] [[64617,0],1] tcp:send_handler called to send to peer [[64617,0],0]
[node5:119442] [[64617,0],1] tcp:send_handler SENDING TO [[64617,0],0]
[node5:119442] [[64617,0],1] MESSAGE SEND COMPLETE TO [[64617,0],0] OF 457 BYTES ON SOCKET 10
[node5:119442] [[64617,0],1]-[[64617,0],0] Send message complete at oob_tcp_sendrecv.c:223
[node5:119442] [[64617,0],1] OOB_SEND: rml_oob_send.c:199
[node5:119442] [[64617,0],1] oob:base:send to target [[64617,0],0]
[node5:119442] [[64617,0],1] oob:base:send known transport for peer [[64617,0],0]
[node5:119442] [[64617,0],1] oob:tcp:send_nb to peer [[64617,0],0]:2
[node5:119442] [[64617,0],1] tcp:send_nb to peer [[64617,0],0]
[node5:119442] [[64617,0],1]:[oob_tcp.c:478] post send to [[64617,0],0]
[node5:119442] [[64617,0],1]:[oob_tcp.c:415] processing send to peer [[64617,0],0]:2
[node5:119442] [[64617,0],1] tcp:send_nb: already connected to [[64617,0],0] - queueing for send
[node5:119442] [[64617,0],1]:[oob_tcp.c:442] queue send to [[64617,0],0]
[node5:119442] [[64617,0],1] tcp:send_handler called to send to peer [[64617,0],0]
[node5:119442] [[64617,0],1] tcp:send_handler SENDING TO [[64617,0],0]
[node5:119442] [[64617,0],1] MESSAGE SEND COMPLETE TO [[64617,0],0] OF 518 BYTES ON SOCKET 10
[node5:119442] [[64617,0],1]-[[64617,0],0] Send message complete at oob_tcp_sendrecv.c:223
[node5:119442] [[64617,0],1]:tcp:recv:handler called for peer [[64617,1],0]
[node5:119442] [[64617,0],1]:tcp:recv:handler CONNECTED
[node5:119442] [[64617,0],1]:tcp:recv:handler allocate new recv msg
[node5:119442] [[64617,0],1]:tcp:recv:handler read hdr
[node5:119442] [[64617,0],1]:tcp:recv:handler allocate data region of size 79
[node5:119442] [[64617,0],1] RECVD COMPLETE MESSAGE FROM [[64617,1],0] (ORIGIN [[64617,1],0]) OF 79 BYTES FOR DEST [[64617,0],1] TAG 1
[node5:119442] [[64617,0],1] DELIVERING TO RML
[node5:119442] [[64617,0],1] Message posted at oob_tcp_sendrecv.c:533
[node5:119442] [[64617,0],1] OOB_SEND: rml_oob_send.c:199
[node5:119442] [[64617,0],1] orted_recv: received sync+nidmap from local proc [[64617,1],0]
[node5:119442] [[64617,0],1] oob:base:send to target [[64617,0],0]
[node5:119442] [[64617,0],1] oob:base:send known transport for peer [[64617,0],0]
[node5:119442] [[64617,0],1] oob:tcp:send_nb to peer [[64617,0],0]:2
[node5:119442] [[64617,0],1] tcp:send_nb to peer [[64617,0],0]
[node5:119442] [[64617,0],1]:[oob_tcp.c:478] post send to [[64617,0],0]
[node5:119442] [[64617,0],1] OOB_SEND: rml_oob_send.c:199
[node5:119442] [[64617,0],1]:[oob_tcp.c:415] processing send to peer [[64617,0],0]:2
[node5:119442] [[64617,0],1] tcp:send_nb: already connected to [[64617,0],0] - queueing for send
[node5:119442] [[64617,0],1]:[oob_tcp.c:442] queue send to [[64617,0],0]
[node5:119442] [[64617,0],1] oob:base:send to target [[64617,1],0]
[node5:119442] [[64617,0],1] oob:base:send known transport for peer [[64617,1],0]
[node5:119442] [[64617,0],1] oob:tcp:send_nb to peer [[64617,1],0]:20
[node5:119442] [[64617,0],1] tcp:send_nb to peer [[64617,1],0]
[node5:119442] [[64617,0],1]:[oob_tcp.c:478] post send to [[64617,1],0]
[node5:119442] [[64617,0],1]:[oob_tcp.c:415] processing send to peer [[64617,1],0]:20
[node5:119442] [[64617,0],1] tcp:send_nb: already connected to [[64617,1],0] - queueing for send
[node5:119442] [[64617,0],1]:[oob_tcp.c:442] queue send to [[64617,1],0]
[node5:119442] [[64617,0],1] tcp:send_handler called to send to peer [[64617,0],0]
[node5:119442] [[64617,0],1] tcp:send_handler SENDING TO [[64617,0],0]
[node5:119442] [[64617,0],1] MESSAGE SEND COMPLETE TO [[64617,0],0] OF 505 BYTES ON SOCKET 10
[node5:119442] [[64617,0],1]-[[64617,0],0] Send message complete at oob_tcp_sendrecv.c:223
[node5:119442] [[64617,0],1] tcp:send_handler called to send to peer [[64617,1],0]
[node5:119442] [[64617,0],1] tcp:send_handler SENDING TO [[64617,1],0]
[node5:119442] [[64617,0],1] MESSAGE SEND COMPLETE TO [[64617,1],0] OF 29500 BYTES ON SOCKET 12
[node5:119442] [[64617,0],1]-[[64617,1],0] Send message complete at oob_tcp_sendrecv.c:223
[node5:119442] [[64617,0],1] OOB_SEND: rml_oob_send.c:199
[node5:119442] [[64617,0],1] oob:base:send to target [[64617,0],0]
[node5:119442] [[64617,0],1] oob:base:send known transport for peer [[64617,0],0]
[node5:119442] [[64617,0],1] oob:tcp:send_nb to peer [[64617,0],0]:2
[node5:119442] [[64617,0],1] tcp:send_nb to peer [[64617,0],0]
[node5:119442] [[64617,0],1]:[oob_tcp.c:478] post send to [[64617,0],0]
[node5:119442] [[64617,0],1]:[oob_tcp.c:415] processing send to peer [[64617,0],0]:2
[node5:119442] [[64617,0],1] tcp:send_nb: already connected to [[64617,0],0] - queueing for send
[node5:119442] [[64617,0],1]:[oob_tcp.c:442] queue send to [[64617,0],0]
[node5:119442] [[64617,0],1] tcp:send_handler called to send to peer [[64617,0],0]
[node5:119442] [[64617,0],1] tcp:send_handler SENDING TO [[64617,0],0]
[node5:119442] [[64617,0],1] MESSAGE SEND COMPLETE TO [[64617,0],0] OF 357 BYTES ON SOCKET 10
[node5:119442] [[64617,0],1]-[[64617,0],0] Send message complete at oob_tcp_sendrecv.c:223
[node5:119442] [[64617,0],1] OOB_SEND: rml_oob_send.c:199
[node5:119[login:129171] [[64617,0],0]:tcp:recv:handler called for peer [[64617,0],1]
[login:129171] [[64617,0],0]:tcp:recv:handler CONNECTED
[login:129171] [[64617,0],0]:tcp:recv:handler allocate new recv msg
[login:129171] [[64617,0],0]:tcp:recv:handler read hdr
[login:129171] [[64617,0],0]:tcp:recv:handler allocate data region of size 357
[login:129171] [[64617,0],0] RECVD COMPLETE MESSAGE FROM [[64617,0],1] (ORIGIN [[64617,0],1]) OF 357 BYTES FOR DEST [[64617,0],0] TAG 2
[login:129171] [[64617,0],0] DELIVERING TO RML
[login:129171] [[64617,0],0] Message posted at oob_tcp_sendrecv.c:533
[login:129171] [[64617,0],0]:tcp:recv:handler called for peer [[64617,0],1]
[login:129171] [[64617,0],0]:tcp:recv:handler CONNECTED
[login:129171] [[64617,0],0]:tcp:recv:handler allocate new recv msg
[login:129171] [[64617,0],0]:tcp:recv:handler read hdr
[login:129171] [[64617,0],0]:tcp:recv:handler allocate data region of size 277
[login:129171] [[64617,0],0] RECVD COMPLETE MESSAGE FROM [[64617,0],1] (ORIGIN [[64617,0],1]) OF 277 BYTES FOR DEST [[64617,0],0] TAG 2
[login:129171] [[64617,0],0] DELIVERING TO RML
[login:129171] [[64617,0],0] Message posted at oob_tcp_sendrecv.c:533
[login:129171] [[64617,0],0]:tcp:recv:handler called for peer [[64617,0],1]
[login:129171] [[64617,0],0]:tcp:recv:handler CONNECTED
[login:129171] [[64617,0],0]:tcp:recv:handler allocate new recv msg
[login:129171] [[64617,0],0]:tcp:recv:handler read hdr
[login:129171] [[64617,0],0]:tcp:recv:handler allocate data region of size 111
[login:129171] [[64617,0],0] RECVD COMPLETE MESSAGE FROM [[64617,0],1] (ORIGIN [[64617,0],1]) OF 111 BYTES FOR DEST [[64617,0],0] TAG 5
[login:129171] [[64617,0],0] DELIVERING TO RML
[login:129171] [[64617,0],0] Message posted at oob_tcp_sendrecv.c:533
  MPIR_being_debugged = 0
  MPIR_debug_state = 1
  MPIR_partial_attach_ok = 1
  MPIR_i_am_starter = 0
  MPIR_forward_output = 0
  MPIR_proctable_size = 1
  MPIR_proctable:
    (i, host, exe, pid) = (0, node5, /nethome/sakhoon/itf/tests/./hello, 119443)
MPIR_executable_path: NULL
MPIR_server_arguments: NULL
[login:129171] [[64617,0],0]:tcp:recv:handler called for peer [[64617,0],1]
[login:129171] [[64617,0],0]:tcp:recv:handler CONNECTED
[login:129171] [[64617,0],0]:tcp:recv:handler allocate new recv msg
[login:129171] [[64617,0],0]:tcp:recv:handler read hdr
[node5:119442] [[64617,0],1] OOB_SEND: rml_oob_send.c:199
[node5:119442] [[646[login:129171] [[64617,0],0] RECVD COMPLETE MESSAGE FROM [[64617,0],1] (ORIGIN [[64617,0],1]) OF 79 BYTES FOR DEST [[64617,0],0] TAG 2
[login:129171] [[64617,0],0] DELIVERING TO RML
[login:129171] [[64617,0],0] Message posted at oob_tcp_sendrecv.c:533
[login:129171] [[64617,0],0]:tcp:recv:handler called for peer [[64617,0],1]
[login:129171] [[64617,0],0]:tcp:recv:handler CONNECTED
[login:129171] [[64617,0],0]:tcp:recv:handler allocate new recv msg
[login:129171] [[64617,0],0]:tcp:recv:handler read hdr
[login:129171] [[64617,0],0]:tcp:recv:handler allocate data region of size 773
[login:129171] [[64617,0],0] RECVD COMPLETE MESSAGE FROM [[64617,0],1] (ORIGIN [[64617,0],1]) OF 773 BYTES FOR DEST [[64617,0],0] TAG 2
[login:129171] [[64617,0],0] DELIVERING TO RML
[login:129171] [[64617,0],0] Message posted at oob_tcp_sendrecv.c:533
[login:129171] [[64617,0],0]:tcp:recv:handler called for peer [[64617,0],1]
[login:129171] [[64617,0],0]:tcp:recv:handler CONNECTED
[login:129171] [[64617,0],0]:tcp:recv:handler allocate new recv msg
[login:129171] [[64617,0],0]:tcp:recv:handler read hdr
[login:129171] [[64617,0],0]:tcp:recv:handler allocate data region of size 625
[node5:119442] [[64617,0],1] oob:tcp:send_nb to peer [[64617,0],0]:2
[node5:119442] [[64617,0],1] tcp:send_nb to peer [[64617,0],0]
[node[login:129171] [[64617,0],0] DELIVERING TO RML
[login:129171] [[64617,0],0] Message posted at oob_tcp_sendrecv.c:533
ssing send to peer [[64617,0],0]:2
[node5:119442] [[64617,0],1] tcp:send_nb: already connected to [[64617,0],0] - queueing for send
[node5:119442] [[64617,0],1]:[oob_tcp.c:442] queue send to [[64617,0],0]
[node5:119442] [[64617,0],1] tcp:send_handler called to send to peer [[64617,0],0]
[node5:119442] [[64617,0],1] tcp:send_handler SENDING TO [[64617,0],0]
[node5:119442] [[64617,0],1] MESSAGE SEND COMPLETE TO [[64617,0],0] OF 94 BYTES ON SOCKET 10
[node5:119442] [[64617,0],1]-[[64617,0],0] Send message complete at oob_tcp_sendrecv.c:223
[node5:119442] [[64617,0],1] OOB_SEND: rml_oob_send.c:199
[node5:119442] [[64617,0],1] oob:base:send to target [[64617,0],0]
[node5:119442] [[64617,0],1] oob:base:send known transport for peer [[64617,0],0]
[node5:119442] [[64617,0],1] oob:tcp:send_nb to peer [[64617,0],0]:2
[node5:119442] [[64617,0],1] tcp:send_nb to peer [[64617,0],0]
[node5:119442] [[64617,0],1]:[oob_tcp.c:478] post send to [[64617,0],0]
[node5:119442] [[64617,0],1]:[oob_tcp.c:415] processing send to peer [[64617,0],0]:2
[node5:119442] [[64617,0],1] tcp:send_nb: already connected to [[64617,0],0] - queueing for send
[node5:119442] [[64617,0],1]:[oob_tcp.c:442] queue send to [[64617,0],0]
[node5:119442] [[64617,0],1] tcp:send_handler called to send to peer [[64617,0],0]
[node5:119442] [[64617,0],1] tcp:send_handler SENDING TO [[64617,0],0]
[node5:119442] [[64617,0],1] MESSAGE SEND COMPLETE TO [[64617,0],0] OF 58 BYTES ON SOCKET 10
[node5:119442] [[64617,0],1]-[[64617,0],0] Send message complete at oob_tcp_sendrecv.c:223
[node5:119442] [[64617,0],1] OOB_SEND: rml_oob_send.c:199
[node5:119442] [[64617,0],1] oob:base:send to target [[64617,0],0]
[node5:119442] [[64617,0],1] oob:base:send known transport for peer [[64617,0],0]
[node5:119442] [[64617,0],1] oob:tcp:send_nb to peer [[64617,0],0]:2
[node5:119442] [[64617,0],1] tcp:send_nb to peer [[64617,0],0]
[node5:119442] [[64617,0],1]:[oob_tcp.c:478] post send to [[64617,0],0]
[node5:119442] [[64617,0],1]:[oob_tcp.c:415] processing send to peer [[64617,0],0]:2
[node5:119442] [[64617,0],1] tcp:send_nb: already connected to [[64617,0],0] - queueing for send
[node5:119442] [[64617,0],1]:[oob_tcp.c:442] queue send to [[64617,0],0]
[node5:119442] [[64617,0],1] tcp:send_handler called to send to peer [[64617,0],0]
[node5:119442] [[64617,0],1] tcp:send_handler SENDING TO [[64617,0],0]
[node5:119442] [[64617,0],1] MESSAGE SEND COMPLETE TO [[64617,0],0] OF 88 BYTES ON SOCKET 10
[node5:119442] [[64617,0],1]-[[64617,0],0] Send message complete at oob_tcp_sendrecv.c:223
[node5:119442] [[64617,0],1] OOB_SEND: rml_oob_send.c:199
[node5:119442] [[64617,0],1] oob:base:send to target [[64617,0],0]
[node5:119442] [[64617,0],1] oob:base:send known transport for peer [[64617,0],0]
[node5:119442] [[64617,0],1] oob:tcp:send_nb to peer [[64617,0],0]:2
[node5:119442] [[64617,0],1] tcp:send_nb to peer [[64617,0],0]
[node5:119442] [[64617,0],1]:[oob_tcp.c:478] post send to [[64617,0],0]
[node5:119442] [[64617,0],1]:[oob_tcp.c:415] processing send to peer [[64617,0],0]:2
[node5:119442] [[64617,0],1] tcp:send_nb: already connected to [[64617,0],0] - queueing for send
[node5:119442] [[64617,0],1]:[oob_tcp.c:442] queue send to [[64617,0],0]
[node5:119442] [[64617,0],1] tcp:send_handler called to send to peer [[64617,0],0]
[node5:119442] [[64617,0],1] tcp:send_handler SENDING TO [[64617,0],0]
[node5:119442] [[64617,0],1] MESSAGE SEND COMPLETE TO [[64617,0],0] OF 173 BYTES ON SOCKET 10
[node5:119442] [[64617,0],1]-[[64617,0],0] Send message complete at oob_tcp_sendrecv.c:223
[node5:119442] [[64617,0],1]:tcp:recv:handler called for peer [[64617,1],0]
[node5:119442] [[64617,0],1]:tcp:recv:handler CONNECTED
[node5:119442] [[64617,0],1]:tcp:recv:handler allocate new recv msg
[node5:119442] [[64617,0],1]:tcp:recv:handler read hdr
[node5:119442] [[64617,0],1]:tcp:recv:handler allocate data region of size 685
[node5:119442] [[64617,0],1] RECVD COMPLETE MESSAGE FROM [[64617,1],0] (ORIGIN [[64617,1],0]) OF 685 BYTES FOR DEST [[64617,0],0] TAG 34
[node5:119442] [[64617,0],1] ROUTING TO [[64617,0],0] FROM HERE
[node5:119442] [[64617,0],1]:[oob_tcp_sendrecv.c:579] queue relay to [[64617,0],0]
[node5:119442] [[64617,0],1] OOB_SEND: rml_oob_send.c:199
[node5:119442] [[64617,0],1] oob:base:send to target [[64617,0],0]
[node5:119442] [[64617,0],1] oob:base:send known transport for peer [[64617,0],0]
[node5:119442] [[64617,0],1] oob:tcp:send_nb to peer [[64617,0],0]:2
[node5:119442] [[64617,0],1] tcp:send_nb to peer [[64617,0],0]
[node5:119442] [[64617,0],1]:[oob_tcp.c:478] post send to [[64617,0],0]
[node5:119442] [[64617,0],1]:[oob_tcp.c:415] processing send to peer [[64617,0],0]:2
[node5:119442] [[64617,0],1] tcp:send_nb: already connected to [[64617,0],0] - queueing for send
[node5:119442] [[64617,0],1]:[oob_tcp.c:442] queue send to [[64617,0],0]
[node5:119442] [[64617,0],1] tcp:send_handler called to send to peer [[64617,0],0]
[node5:119442] [[64617,0],1] tcp:send_handler SENDING TO [[64617,0],0]
[node5:119442] [[64617,0],1] MESSAGE RELAY COMPLETE TO [[64617,0],0] OF 685 BYTES ON SOCKET 10
[node5:119442] [[64617,0],1] OOB_SEND: rml_oob_send.c:199
[node5:119442] [[64617,0],1] oob:base:send to target [[64617,0],0]
[node5:119442] [[64617,0],1] oob:base:send known transport for peer [[64617,0],0]
[node5:119442] [[64617,0],1] oob:tcp:send_nb to peer [[64617,0],0]:2
[node5:119442] [[64617,0],1] tcp:send_nb to peer [[64617,0],0]
[node5:119442] [[64617,0],1]:[oob_tcp.c:478] post send to [[64617,0],0]
[node5:119442] [[64617,0],1]:[oob_tcp.c:415] processing send to peer [[64617,0],0]:2
[node5:119442] [[64617,0],1] tcp:send_nb: already connected to [[64617,0],0] - queueing for send
[node5:119442] [[64617,0],1]:[oob_tcp.c:442] queue send to [[64617,0],0]
[node5:119442] [[64617,0],1] tcp:send_handler called to send to peer [[64617,0],0]
[node5:119442] [[64617,0],1] tcp:send_handler SENDING TO [[64617,0],0]
[node5:119442] [[64617,0],1] MESSAGE SEND COM[login:129171] [[64617,0],0]:tcp:recv:handler allocate data region of size 206
[login:129171] [[64617,0],0] RECVD COMPLETE MESSAGE FROM [[64617,0],1] (ORIGIN [[64617,0],1]) OF 206 BYTES FOR DEST [[64617,0],0] TAG 2
[login:129171] [[64617,0],0] DELIVERING TO RML
[login:129171] [[64617,0],0] Message posted at oob_tcp_sendrecv.c:533
[login:129171] [[64617,0],0]:tcp:recv:handler called for peer [[64617,0],1]
[login:129171] [[64617,0],0]:tcp:recv:handler CONNECTED
[login:129171] [[64617,0],0]:tcp:recv:handler allocate new recv msg
[login:129171] [[64617,0],0]:tcp:recv:handler read hdr
[login:129171] [[64617,0],0]:tcp:recv:handler allocate data region of size 79
[login:129171] [[64617,0],0] RECVD COMPLETE MESSAGE FROM [[64617,0],1] (ORIGIN [[64617,0],1]) OF 79 BYTES FOR DEST [[64617,0],0] TAG 2
[login:129171] [[64617,0],0] DELIVERING TO RML
[login:129171] [[64617,0],0] Message posted at oob_tcp_sendrecv.c:533
[login:129171] [[64617,0],0]:tcp:recv:handler called for peer [[64617,0],1]
[login:129171] [[64617,0],0]:tcp:recv:handler CONNECTED
[login:129171] [[64617,0],0]:tcp:recv:handler allocate new recv msg
[login:129171] [[64617,0],0]:tcp:recv:handler read hdr
[login:129171] [[64617,0],0]:tcp:recv:handler allocate data region of size 55
[login:129171] [[64617,0],0] RECVD COMPLETE MESSAGE FROM [[64617,0],1] (ORIGIN [[64617,0],1]) OF 55 BYTES FOR DEST [[64617,0],0] TAG 2
[login:129171] [[64617,0],0] DELIVERING TO RML
[login:129171] [[64617,0],0] Message posted at oob_tcp_sendrecv.c:533
[login:129171] [[64617,0],0]:tcp:recv:handler called for peer [[64617,0],1]
[login:129171] [[64617,0],0]:tcp:recv:handler CONNECTED
[login:129171] [[64617,0],0]:tcp:recv:handler allocate new recv msg
[login:129171] [[64617,0],0]:tcp:recv:handler read hdr
[login:129171] [[64617,0],0]:tcp:recv:handler allocate data region of size 48
[login:129171] [[64617,0],0] RECVD COMPLETE MESSAGE FROM [[64617,0],1] (ORIGIN [[64617,0],1]) OF 48 BYTES FOR DEST [[64617,0],0] TAG 2
[login:129171] [[64617,0],0] DELIVERING TO RML
[login:129171] [[64617,0],0] Message posted at oob_tcp_sendrecv.c:533
[login:129171] [[64617,0],0]:tcp:recv:handler called for peer [[64617,0],1]
[login:129171] [[64617,0],0]:tcp:recv:handler CONNECTED
[login:129171] [[64617,0],0]:tcp:recv:handler allocate new recv msg
[login:129171] [[64617,0],0]:tcp:recv:handler read hdr
[login:129171] [[64617,0],0]:tcp:recv:handler allocate data region of size 94
[login:129171] [[64617,0],0] RECVD COMPLETE MESSAGE FROM [[64617,0],1] (ORIGIN [[64617,0],1]) OF 94 BYTES FOR DEST [[64617,0],0] TAG 2
[login:129171] [[64617,0],0] DELIVERING TO RML
[login:129171] [[64617,0],0] Message posted at oob_tcp_sendrecv.c:533
[login:129171] [[64617,0],0]:tcp:recv:handler called for peer [[64617,0],1]
[login:129171] [[64617,0],0]:tcp:recv:handler CONNECTED
[login:129171] [[64617,0],0]:tcp:recv:handler allocate new recv msg
[login:129171] [[64617,0],0]:tcp:recv:handler read hdr
[login:129171] [[64617,0],0]:tcp:recv:handler allocate data region of size 58
[login:129171] [[64617,0],0] RECVD COMPLETE MESSAGE FROM [[64617,0],1] (ORIGIN [[64617,0],1]) OF 58 BYTES FOR DEST [[64617,0],0] TAG 2
[login:129171] [[64617,0],0] DELIVERING TO RML
[login:129171] [[64617,0],0] Message posted at oob_tcp_sendrecv.c:533
[login:129171] [[64617,0],0]:tcp:recv:handler called for peer [[64617,0],1]
[login:129171] [[64617,0],0]:tcp:recv:handler CONNECTED
[login:129171] [[64617,0],0]:tcp:recv:handler allocate new recv msg
[login:129171] [[64617,0],0]:tcp:recv:handler read hdr
[login:129171] [[64617,0],0]:tcp:recv:handler allocate data region of size 88
[login:129171] [[64617,0],0] RECVD COMPLETE MESSAGE FROM [[64617,0],1] (ORIGIN [[64617,0],1]) OF 88 BYTES FOR DEST [[64617,0],0] TAG 2
[login:129171] [[64617,0],0] DELIVERING TO RML
[login:129171] [[64617,0],0] Message posted at oob_tcp_sendrecv.c:533
[login:129171] [[64617,0],0]:tcp:recv:handler called for peer [[64617,0],1]
[login:129171] [[64617,0],0]:tcp:recv:handler CONNECTED
[login:129171] [[64617,0],0]:tcp:recv:handler allocate new recv msg
[login:129171] [[64617,0],0]:tcp:recv:handler read hdr
[login:129171] [[64617,0],0]:tcp:recv:handler allocate data region of size 173
[login:129171] [[64617,0],0] RECVD COMPLETE MESSAGE FROM [[64617,0],1] (ORIGIN [[64617,0],1]) OF 173 BYTES FOR DEST [[64617,0],0] TAG 2
[login:129171] [[64617,0],0] DELIVERING TO RML
[login:129171] [[64617,0],0] Message posted at oob_tcp_sendrecv.c:533
[login:129171] [[64617,0],0]:tcp:recv:handler called for peer [[64617,0],1]
[login:129171] [[64617,0],0]:tcp:recv:handler CONNECTED
[login:129171] [[64617,0],0]:tcp:recv:handler allocate new recv msg
[login:129171] [[64617,0],0]:tcp:recv:handler read hdr
[login:129171] [[64617,0],0]:tcp:recv:handler allocate data region of size 685
[login:129171] [[64617,0],0] RECVD COMPLETE MESSAGE FROM [[64617,0],1] (ORIGIN [[64617,1],0]) OF 685 BYTES FOR DEST [[64617,0],0] TAG 34
[login:129171] [[64617,0],0] DELIVERING TO RML
[login:129171] [[64617,0],0] Message posted at oob_tcp_sendrecv.c:533
--------------------------------------------------------------------------
It looks like MPI_INIT failed for some reason; your parallel process is
likely to abort.  There are many reasons that a parallel process can
fail during MPI_INIT; some of which are due to configuration or environment
problems.  This failure appears to be an internal failure; here's some
additional information (which may only be relevant to an Open MPI
developer):

  mca_pml_base_open() failed
  --> Returned "Not found" (-13) instead of "Success" (0)
--------------------------------------------------------------------------
[login:129171] [[64617,0],0]:tcp:recv:handler called for peer [[64617,0],1]
[login:129171] [[64617,0],0]:tcp:recv:handler CONNECTED
[login:129171] [[64617,0],0]:tcp:recv:handler allocate new recv msg
[login:129171] [[64617,0],0]:tcp:recv:handler read hdr
[login:129171] [[64617,0],0]:tcp:recv:handler allocate data region of size 566
[login:129171] [[64617,0],0] RECVD COMPLETE MESSAGE FROM [[64617,0],1] (ORIGIN [[64617,0],1]) OF 566 BYTES FOR DEST [[64617,0],0] TAG 2
[login:129171] [[64617,0],0] DELIVERING TO RML
[login:129171] [[64617,0],0] Message posted at oob_tcp_sendrecv.c:533
[login:129171] [[64617,0],0]:tcp:recv:handler called for peer [[64617,0],1]
[login:129171] [[64617,0],0]:tcp:recv:handler CONNECTED
[login:129171] [[64617,0],0]:tcp:recv:handler allocate new recv msg
[login:129171] [[64617,0],0]:tcp:recv:handler read hdr
[login:129171] [[64617,0],0]:tcp:recv:handler allocate data region of size 206
[login:129171] [[64617,0],0] RECVD COMPLETE MESSAGE FROM [[64617,0],1] (ORIGIN [[64617,0],1]) OF 206 BYTES FOR DEST [[64617,0],0] TAG 2
[login:129171] [[64617,0],0] DELIVERING TO RML
[login:129171] [[64617,0],0] Message posted at oob_tcp_sendrecv.c:533
[login:129171] [[64617,0],0]:tcp:recv:handler called for peer [[64617,0],1]
[login:129171] [[64617,0],0]:tcp:recv:handler CONNECTED
[login:129171] [[64617,0],0]:tcp:recv:handler allocate new recv msg
[login:129171] [[64617,0],0]:tcp:recv:handler read hdr
[login:129171] [[64617,0],0]:tcp:recv:handler allocate data region of size 190
[login:129171] [[64617,0],0] RECVD COMPLETE MESSAGE FROM [[64617,0],1] (ORIGIN [[64617,0],1]) OF 190 BYTES FOR DEST [[64617,0],0] TAG 2
[login:129171] [[64617,0],0] DELIVERING TO RML
[login:129171] [[64617,0],0] Message posted at oob_tcp_sendrecv.c:533
[login:129171] [[64617,0],0]:tcp:recv:handler called for peer [[64617,0],1]
[login:129171] [[64617,0],0]:tcp:recv:handler CONNECTED
[login:129171] [[64617,0],0]:tcp:recv:handler allocate new recv msg
[login:129171] [[64617,0],0]:tcp:recv:handler read hdr
[login:129171] [[64617,0],0]:tcp:recv:handler allocate data region of size 46
[login:129171] [[64617,0],0] RECVD COMPLETE MESSAGE FROM [[64617,0],1] (ORIGIN [[64617,0],1]) OF 46 BYTES FOR DEST [[64617,0],0] TAG 5
[login:129171] [[64617,0],0] DELIVERING TO RML
[login:129171] [[64617,0],0] Message posted at oob_tcp_sendrecv.c:533
[login:129171] [[64617,0],0] plm:base:receive update proc state command from [[64617,0],1]
[login:129171] [[64617,0],0] plm:base:receive got update_proc_state for job [64617,1]
-------------------------------------------------------
Primary job  terminated normally, but 1 process returned
a non-zero exit code.. Per user-direction, the job has been aborted.
-------------------------------------------------------
[login:129171] [[64617,0],0] OOB_SEND: rml_oob_send.c:199
[login:129171] [[64617,0],0] oob:base:send to target [[64617,0],1]
[login:129171] [[64617,0],0] oob:base:send known transport for peer [[64617,0],1]
[login:129171] [[64617,0],0] oob:tcp:send_nb to peer [[64617,0],1]:15
[login:129171] [[64617,0],0] tcp:send_nb to peer [[64617,0],1]
[login:129171] [[64617,0],0]:[oob_tcp.c:478] post send to [[64617,0],1]
[login:129171] [[64617,0],0] orted_cmd: received exit cmd
[login:129171] [[64617,0],0]:[oob_tcp.c:415] processing send to peer [[64617,0],1]:15
[login:129171] [[64617,0],0] tcp:send_nb: already connected to [[64617,0],1] - queueing for send
[login:129171] [[64617,0],0]:[oob_tcp.c:442] queue send to [[64617,0],1]
[login:129171] [[64617,0],0] tcp:send_handler called to send to peer [[64617,0],1]
[login:129171] [[64617,0],0] tcp:send_handler SENDING TO [[64617,0],1]
[login:129171] [[64617,0],0] MESSAGE SEND COMPLETE TO [[64617,0],1] OF 5 BYTES ON SOCKET 15
[login:129171] [[64617,0],0]-[[64617,0],1] Send message complete at oob_tcp_sendrecv.c:223
[node5:119442] [[64617,0],1]:tcp:recv:handler called for peer [[64617,0],0]
[node5:119442] [[64617,0],1]:tcp:recv:handler CONNECTED
[node5:119442] [[64617,0],1]:tcp:recv:handler allocate new recv msg
[node5:119442] [[64617,0],1]:tcp:recv:handler read hdr
[node5:119442] [[64617,0],1]:tcp:recv:handler allocate data region of size 5
[node5:119442] [[64617,0],1] RECVD COMPLETE MESSAGE FROM [[64617,0],0] (ORIG[login:129171] [[64617,0],0]:tcp:recv:handler CONNECTED
[login:129171] [[64617,0],0]:tcp:recv:handler allocate new recv msg
[login:129171] [[64617,0],0]:tcp:recv:handler read hdr
[login:129171] [[64617,0],0]-[[64617,0],1] mca_oob_tcp_msg_recv: peer closed connection
[login:129171] [[64617,0],0] tcp_peer_close for [[64617,0],1] sd 15 state CONNECTED
[login:129171] [[64617,0],0] tcp:lost connection called for peer [[64617,0],1]
--------------------------------------------------------------------------
mpirun detected that one or more processes exited with non-zero status, thus causing
the job to be terminated. The first process to do so was:

  Process name: [[64617,1],0]
  Exit code:    1
--------------------------------------------------------------------------
[node5:119443] mca: base: components_register: registering oob components
[node5:119443] mca: base: components_register: found loaded component tcp
[node5:119443] mca: base: components_register: component tcp register function successful
[node5:119443] mca: base: components_open: opening oob components
[node5:119443] mca: base: components_open: found loaded component tcp
[node5:119443] mca: base: components_open: component tcp open function successful
[node5:119443] mca:oob:select: checking available component tcp
[node5:119443] mca:oob:select: Querying component [tcp]
[node5:119443] oob:tcp: component_available called
[node5:119443] WORKING INTERFACE 1 KERNEL INDEX 1 FAMILY: V4
[node5:119443] WORKING INTERFACE 2 KERNEL INDEX 2 FAMILY: V4
[node5:119443] [[64617,1],0] oob:tcp:init adding 10.65.0.105 to our list of V4 connections
[node5:119443] WORKING INTERFACE 3 KERNEL INDEX 6 FAMILY: V4
[node5:119443] [[64617,1],0] oob:tcp:init adding 10.64.0.105 to our list of V4 connections
[node5:119443] WORKING INTERFACE 4 KERNEL INDEX 7 FAMILY: V4
[node5:119443] [[64617,1],0] oob:tcp:init adding 10.67.0.105 to our list of V4 connections
[node5:119443] [[64617,1],0] TCP STARTUP
[node5:119443] [[64617,1],0] attempting to bind to IPv4 port 0
[node5:119443] [[64617,1],0] assigned IPv4 port 57001
[node5:119443] mca:oob:select: Adding component to end
[node5:119443] mca:oob:select: Found 1 active transports
[node5:119443] mca: base: components_register: registering rml components
[node5:119443] mca: base: components_register: found loaded component oob
[node5:119443] mca: base: components_register: component oob has no register or open function
[node5:119443] mca: base: components_open: opening rml components
[node5:119443] mca: base: components_open: found loaded component oob
[node5:119443] mca: base: components_open: component oob open function successful
[node5:119443] orte_rml_base_select: initializing rml component oob
[node5:119443] [[64617,1],0] posting recv
[node5:119443] [[64617,1],0] posting persistent recv on tag 30 for peer [[WILDCARD],WILDCARD]
[node5:119443] [[64617,1],0] posting recv
[node5:119443] [[64617,1],0] posting persistent recv on tag 48 for peer [[WILDCARD],WILDCARD]
[node5:119443] [[64617,1],0] posting recv
[node5:119443] [[64617,1],0] posting persistent recv on tag 9 for peer [[WILDCARD],WILDCARD]
[node5:119443] [[64617,1],0]: set_addr to uri 4234739712.1;tcp://10.65.0.105,10.64.0.105,10.67.0.105:48644
[node5:119443] [[64617,1],0]:set_addr checking if peer [[64617,0],1] is reachable via component tcp
[node5:119443] [[64617,1],0] oob:tcp: working peer [[64617,0],1] address tcp://10.65.0.105,10.64.0.105,10.67.0.105:48644
[node5:119443] [[64617,1],0] PASSING ADDR 10.65.0.105 TO MODULE
[node5:119443] [[64617,1],0]:tcp set addr for peer [[64617,0],1]
[node5:119443] [[64617,1],0] PASSING ADDR 10.64.0.105 TO MODULE
[node5:119443] [[64617,1],0]:tcp set addr for peer [[64617,0],1]
[node5:119443] [[64617,1],0] PASSING ADDR 10.67.0.105 TO MODULE
[node5:119443] [[64617,1],0]:tcp set addr for peer [[64617,0],1]
[node5:119443] [[64617,1],0]: peer [[64617,0],1] is reachable via component tcp
[node5:119443] [[64617,1],0] posting recv
[node5:119443] [[64617,1],0] posting non-persistent recv on tag 20 for peer [[WILDCARD],WILDCARD]
[node5:119443] [[64617,1],0] OOB_SEND: rml_oob_send.c:199
[node5:119443] [[64617,1],0]:tcp:processing set_peer cmd
[node5:119443] [[64617,1],0]:tcp:processing set_peer cmd
[node5:119443] [[64617,1],0]:tcp:processing set_peer cmd
[node5:119443] [[64617,1],0] oob:base:send to target [[64617,0],1]
[node5:119443] [[64617,1],0] oob:tcp:send_nb to peer [[64617,0],1]:1
[node5:119443] [[64617,1],0] tcp:send_nb to peer [[64617,0],1]
[node5:119443] [[64617,1],0]:[oob_tcp.c:478] post send to [[64617,0],1]
[node5:119443] [[64617,1],0]:[oob_tcp.c:415] processing send to peer [[64617,0],1]:1
[node5:119443] [[64617,1],0]:[oob_tcp.c:449] queue pending to [[64617,0],1]
[node5:119443] [[64617,1],0] tcp:send_nb: initiating connection to [[64617,0],1]
[node5:119443] [[64617,1],0]:[oob_tcp.c:463] connect to [[64617,0],1]
[node5:119443] [[64617,1],0] orte_tcp_peer_try_connect: attempting to connect to proc [[64617,0],1]
[node5:119443] [[64617,1],0] orte_tcp_peer_try_connect: attempting to connect to proc [[64617,0],1] on socket 13
[node5:119443] [[64617,1],0] orte_tcp_peer_try_connect: attempting to connect to proc [[64617,0],1] on 10.65.0.105:48644 - 0 retries
[node5:119443] [[64617,1],0] waiting for connect completion to [[64617,0],1] - activating send event
[node5:119443] [[64617,1],0] tcp:send_handler called to send to peer [[64617,0],1]
[node5:119443] [[64617,1],0] tcp:send_handler CONNECTING
[node5:119443] [[64617,1],0]:tcp:complete_connect called for peer [[64617,0],1] on socket 13
[node5:119443] [[64617,1],0] tcp_peer_complete_connect: sending ack to [[64617,0],1]
[node5:119443] [[64617,1],0] SEND CONNECT ACK
[node5:119443] [[64617,1],0] send blocking of 42 bytes to socket 13
[node5:119443] [[64617,1],0] connect-ack sent to socket 13
[node5:119443] [[64617,1],0] tcp_peer_complete_connect: setting read event on connection to [[64617,0],1]
[node5:119443] [[64617,1],0]:tcp:recv:handler called for peer [[64617,0],1]
[node5:119443] [[64617,1],0] RECV CONNECT ACK FROM [[64617,0],1] ON SOCKET 13
[node5:119443] [[64617,1],0] waiting for connect ack from [[64617,0],1]
[node5:119443] [[64617,1],0] connect ack received from [[64617,0],1]
[node5:119443] [[64617,1],0] connect-ack recvd from [[64617,0],1]
[node5:119443] [[64617,1],0] connect-ack header from [[64617,0],1] is okay
[node5:119443] [[64617,1],0] waiting for connect ack from [[64617,0],1]
[node5:119443] [[64617,1],0] connect ack received from [[64617,0],1]
[node5:119443] [[64617,1],0] connect-ack version from [[64617,0],1] matches ours
[node5:119443] [[64617,1],0] connect-ack [[64617,0],1] authenticated
[node5:119443] [[64617,1],0]-[[64617,0],1] tcp_peer_connected on socket 13
[node5:119443] [[64617,1],0]-[[64617,0],1] connected: 10.65.0.105 - 10.65.0.105 nodelay 1 sndbuf 65536 rcvbuf 65536 flags 00000802
[node5:119443] [[64617,1],0]:tcp:recv:handler starting send/recv events
[node5:119443] [[64617,1],0] tcp:set_module called for peer [[64617,0],1]
[node5:119443] [[64617,1],0] tcp:send_handler called to send to peer [[64617,0],1]
[node5:119443] [[64617,1],0] tcp:send_handler SENDING TO [[64617,0],1]
[node5:119443] [[64617,1],0] MESSAGE SEND COMPLETE TO [[64617,0],1] OF 79 BYTES ON SOCKET 13
[node5:119443] [[64617,1],0]-[[64617,0],1] Send message complete at oob_tcp_sendrecv.c:223
[node5:119443] [[64617,1],0]:tcp:recv:handler called for peer [[64617,0],1]
[node5:119443] [[64617,1],0]:tcp:recv:handler CONNECTED
[node5:119443] [[64617,1],0]:tcp:recv:handler allocate new recv msg
[node5:119443] [[64617,1],0]:tcp:recv:handler read hdr
[node5:119443] [[64617,1],0]:tcp:recv:handler allocate data region of size 29500
[node5:119443] [[64617,1],0] RECVD COMPLETE MESSAGE FROM [[64617,0],1] (ORIGIN [[64617,0],1]) OF 29500 BYTES FOR DEST [[64617,1],0] TAG 20
[node5:119443] [[64617,1],0] DELIVERING TO RML
[node5:119443] [[64617,1],0] Message posted at oob_tcp_sendrecv.c:533
[node5:119443] [[64617,1],0] OOB_SEND: rml_oob_send.c:199
[node5:119443] [[64617,1],0] oob:base:send to target [[64617,0],0]
[node5:119443] [[64617,1],0] oob:base:send unknown peer [[64617,0],0]
[node5:119443] [[64617,1],0] oob:tcp:send_nb to peer [[64617,0],0]:34
[node5:119443] [[64617,1],0] tcp:send_nb to peer [[64617,0],0]
[node5:119443] [[64617,1],0]:[oob_tcp.c:478] post send to [[64617,0],0]
[node5:119443] [[64617,1],0]:[oob_tcp.c:415] processing send to peer [[64617,0],0]:34
[node5:119443] [[64617,1],0] tcp:send_nb: already connected to [[64617,0],1] - queueing for send
[node5:119443] [[64617,1],0]:[oob_tcp.c:442] queue send to [[64617,0],0]
[node5:119443] [[64617,1],0] tcp:send_handler called to send to peer [[64617,0],1]
[node5:119443] [[64617,1],0] tcp:send_handler SENDING TO [[64617,0],1]
[node5:119443] [[64617,1],0] MESSAGE SEND COMPLETE TO [[64617,0],1] OF 625 BYTES ON SOCKET 13
[node5:119443] [[64617,1],0]-[[64617,0],0] Send message complete at oob_tcp_sendrecv.c:223
[node5:119443] [[64617,1],0] OOB_SEND: rml_oob_send.c:199
*** An error occurred in MPI_Init
*** on a NULL communicator
*** MPI_ERRORS_ARE_FATAL (processes in this communicator will now abort,
***    and potentially your MPI job)
[node5:119443] [[64617,1],0] oob:base:send to target [[64617,0],0]
[node5:119443] [[64617,1],0] oob:base:send known transport for peer [[64617,0],0]
[node5:119443] [[64617,1],0] oob:tcp:send_nb to peer [[64617,0],0]:34
[node5:119443] [[64617,1],0] tcp:send_nb to peer [[64617,0],0]
[node5:119443] [[64617,1],0]:[oob_tcp.c:478] post send to [[64617,0],0]
[node5:119443] [[64617,1],0]:[oob_tcp.c:415] processing send to peer [[64617,0],0]:34
[node5:119443] [[64617,1],0] tcp:send_nb: already connected to [[64617,0],1] - queueing for send
[node5:119443] [[64617,1],0]:[oob_tcp.c:442] queue send to [[64617,0],0]
[node5:119443] [[64617,1],0] tcp:send_handler called to send to peer [[64617,0],1]
[node5:119443] [[64617,1],0] tcp:send_handler SENDING TO [[64617,0],1]
[node5:119443] [[64617,1],0] MESSAGE SEND COMPLETE TO [[64617,0],1] OF 685 BYTES ON SOCKET 13
[node5:119443] [[64617,1],0]-[[64617,0],0] Send message complete at oob_tcp_sendrecv.c:223
[node5:119443] Local abort before MPI_INIT completed successfully; not able to aggregate error messages, and not able to guarantee that all other processes were killed!
[login:129171] mca: base: close: component oob closed
[login:129171] mca: base: close: unloading component oob
[login:129171] [[64617,0],0] TCP SHUTDOWN
[login:129171] [[64617,0],0] RELEASING PEER OBJ [[64617,0],1]
[login:129171] mca: base: close: component tcp closed
[login:129171] mca: base: close: unloading component tcp
