Machine (P#0 total=657386776KB DMIProductName=PIO-2042G-LTRF-OEM DMIProductVersion=1234567890 DMIBoardVendor=Supermicro DMIBoardName=H8QGL DMIBoardVersion=1234567890 DMIBoardAssetTag=1234567890 DMIChassisVendor=Supermicro DMIChassisType=1 DMIChassisVersion=1234567890 DMIChassisAssetTag=1234567890 DMIBIOSVendor="American Megatrends Inc." DMIBIOSVersion="3.5       " DMIBIOSDate=01/28/2015 DMISysVendor=Supermicro Backend=Linux hwlocVersion=1.11.0rc1 ProcessName=lstopo-no-graphics)
  Group0 L#0 (total=128924796KB)
    Package L#0 (P#0 total=62866736KB CPUModel="AMD Opteron(tm) Processor 6380")
      NUMANode L#0 (P#0 local=29837704KB total=29837704KB)
        L3Cache L#0 (size=6144KB linesize=64 ways=48)
          L2Cache L#0 (size=2048KB linesize=64 ways=16)
            L1iCache L#0 (size=64KB linesize=64 ways=2)
              L1dCache L#0 (size=16KB linesize=64 ways=4)
                Core L#0 (P#0)
                  PU L#0 (P#0)
              L1dCache L#1 (size=16KB linesize=64 ways=4)
                Core L#1 (P#1)
                  PU L#1 (P#1)
          L2Cache L#1 (size=2048KB linesize=64 ways=16)
            L1iCache L#1 (size=64KB linesize=64 ways=2)
              L1dCache L#2 (size=16KB linesize=64 ways=4)
                Core L#2 (P#2)
                  PU L#2 (P#2)
              L1dCache L#3 (size=16KB linesize=64 ways=4)
                Core L#3 (P#3)
                  PU L#3 (P#3)
          L2Cache L#2 (size=2048KB linesize=64 ways=16)
            L1iCache L#2 (size=64KB linesize=64 ways=2)
              L1dCache L#4 (size=16KB linesize=64 ways=4)
                Core L#4 (P#4)
                  PU L#4 (P#4)
              L1dCache L#5 (size=16KB linesize=64 ways=4)
                Core L#5 (P#5)
                  PU L#5 (P#5)
          L2Cache L#3 (size=2048KB linesize=64 ways=16)
            L1iCache L#3 (size=64KB linesize=64 ways=2)
              L1dCache L#6 (size=16KB linesize=64 ways=4)
                Core L#6 (P#6)
                  PU L#6 (P#6)
              L1dCache L#7 (size=16KB linesize=64 ways=4)
                Core L#7 (P#7)
                  PU L#7 (P#7)
        Bridge Host->PCI L#0 (P#0 buses=0000:[00-03])
          Bridge PCI->PCI (P#32 busid=0000:00:02.0 id=1002:5a16 class=0604(PCI_B) buses=0000:[03-03])
            PCI 10de:13c0 (P#12288 busid=0000:03:00.0 class=0300(VGA))
              GPU L#0 "card0"
          Bridge PCI->PCI (P#208 busid=0000:00:0d.0 id=1002:5a1e class=0604(PCI_B) buses=0000:[02-02])
            PCI 8086:10c9 (P#8192 busid=0000:02:00.0 class=0200(Ether))
              Network L#1 (Address=00:25:90:5a:ce:46) "eth0"
            PCI 8086:10c9 (P#8193 busid=0000:02:00.1 class=0200(Ether))
              Network L#2 (Address=00:25:90:5a:ce:47) "eth1"
          PCI 1002:4390 (P#272 busid=0000:00:11.0 class=0106(SATA))
            Block(Disk) L#3 (LinuxDeviceID=8:0 Vendor=Seagate Model=ST1000NM0033-9ZM173 Revision=SN04 SerialNumber=Z1W36ZCD Type=Disk) "sda"
          PCI 1002:439c (P#321 busid=0000:00:14.1 class=0101(IDE))
          Bridge PCI->PCI (P#324 busid=0000:00:14.4 id=1002:4384 class=0604(PCI_B) buses=0000:[01-01])
            PCI 102b:0532 (P#4160 busid=0000:01:04.0 class=0300(VGA))
      NUMANode L#1 (P#1 local=33029032KB total=33029032KB)
        L3Cache L#1 (size=6144KB linesize=64 ways=48)
          L2Cache L#4 (size=2048KB linesize=64 ways=16)
            L1iCache L#4 (size=64KB linesize=64 ways=2)
              L1dCache L#8 (size=16KB linesize=64 ways=4)
                Core L#8 (P#0)
                  PU L#8 (P#8)
              L1dCache L#9 (size=16KB linesize=64 ways=4)
                Core L#9 (P#1)
                  PU L#9 (P#9)
          L2Cache L#5 (size=2048KB linesize=64 ways=16)
            L1iCache L#5 (size=64KB linesize=64 ways=2)
              L1dCache L#10 (size=16KB linesize=64 ways=4)
                Core L#10 (P#2)
                  PU L#10 (P#10)
              L1dCache L#11 (size=16KB linesize=64 ways=4)
                Core L#11 (P#3)
                  PU L#11 (P#11)
          L2Cache L#6 (size=2048KB linesize=64 ways=16)
            L1iCache L#6 (size=64KB linesize=64 ways=2)
              L1dCache L#12 (size=16KB linesize=64 ways=4)
                Core L#12 (P#4)
                  PU L#12 (P#12)
              L1dCache L#13 (size=16KB linesize=64 ways=4)
                Core L#13 (P#5)
                  PU L#13 (P#13)
          L2Cache L#7 (size=2048KB linesize=64 ways=16)
            L1iCache L#7 (size=64KB linesize=64 ways=2)
              L1dCache L#14 (size=16KB linesize=64 ways=4)
                Core L#14 (P#6)
                  PU L#14 (P#14)
              L1dCache L#15 (size=16KB linesize=64 ways=4)
                Core L#15 (P#7)
                  PU L#15 (P#15)
    Package L#1 (P#1 total=66058060KB CPUModel="AMD Opteron(tm) Processor 6380                 ")
      NUMANode L#2 (P#2 local=33029028KB total=33029028KB)
        L3Cache L#2 (size=6144KB linesize=64 ways=48)
          L2Cache L#8 (size=2048KB linesize=64 ways=16)
            L1iCache L#8 (size=64KB linesize=64 ways=2)
              L1dCache L#16 (size=16KB linesize=64 ways=4)
                Core L#16 (P#0)
                  PU L#16 (P#16)
              L1dCache L#17 (size=16KB linesize=64 ways=4)
                Core L#17 (P#1)
                  PU L#17 (P#17)
          L2Cache L#9 (size=2048KB linesize=64 ways=16)
            L1iCache L#9 (size=64KB linesize=64 ways=2)
              L1dCache L#18 (size=16KB linesize=64 ways=4)
                Core L#18 (P#2)
                  PU L#18 (P#18)
              L1dCache L#19 (size=16KB linesize=64 ways=4)
                Core L#19 (P#3)
                  PU L#19 (P#19)
          L2Cache L#10 (size=2048KB linesize=64 ways=16)
            L1iCache L#10 (size=64KB linesize=64 ways=2)
              L1dCache L#20 (size=16KB linesize=64 ways=4)
                Core L#20 (P#4)
                  PU L#20 (P#20)
              L1dCache L#21 (size=16KB linesize=64 ways=4)
                Core L#21 (P#5)
                  PU L#21 (P#21)
          L2Cache L#11 (size=2048KB linesize=64 ways=16)
            L1iCache L#11 (size=64KB linesize=64 ways=2)
              L1dCache L#22 (size=16KB linesize=64 ways=4)
                Core L#22 (P#6)
                  PU L#22 (P#22)
              L1dCache L#23 (size=16KB linesize=64 ways=4)
                Core L#23 (P#7)
                  PU L#23 (P#23)
      NUMANode L#3 (P#3 local=33029032KB total=33029032KB)
        L3Cache L#3 (size=6144KB linesize=64 ways=48)
          L2Cache L#12 (size=2048KB linesize=64 ways=16)
            L1iCache L#12 (size=64KB linesize=64 ways=2)
              L1dCache L#24 (size=16KB linesize=64 ways=4)
                Core L#24 (P#0)
                  PU L#24 (P#24)
              L1dCache L#25 (size=16KB linesize=64 ways=4)
                Core L#25 (P#1)
                  PU L#25 (P#25)
          L2Cache L#13 (size=2048KB linesize=64 ways=16)
            L1iCache L#13 (size=64KB linesize=64 ways=2)
              L1dCache L#26 (size=16KB linesize=64 ways=4)
                Core L#26 (P#2)
                  PU L#26 (P#26)
              L1dCache L#27 (size=16KB linesize=64 ways=4)
                Core L#27 (P#3)
                  PU L#27 (P#27)
          L2Cache L#14 (size=2048KB linesize=64 ways=16)
            L1iCache L#14 (size=64KB linesize=64 ways=2)
              L1dCache L#28 (size=16KB linesize=64 ways=4)
                Core L#28 (P#4)
                  PU L#28 (P#28)
              L1dCache L#29 (size=16KB linesize=64 ways=4)
                Core L#29 (P#5)
                  PU L#29 (P#29)
          L2Cache L#15 (size=2048KB linesize=64 ways=16)
            L1iCache L#15 (size=64KB linesize=64 ways=2)
              L1dCache L#30 (size=16KB linesize=64 ways=4)
                Core L#30 (P#6)
                  PU L#30 (P#30)
              L1dCache L#31 (size=16KB linesize=64 ways=4)
                Core L#31 (P#7)
                  PU L#31 (P#31)
  Group0 L#1 (total=132116120KB)
    Package L#2 (P#2 total=66058060KB CPUModel="AMD Opteron(tm) Processor 6380                 ")
      NUMANode L#4 (P#4 local=33029028KB total=33029028KB)
        L3Cache L#4 (size=6144KB linesize=64 ways=48)
          L2Cache L#16 (size=2048KB linesize=64 ways=16)
            L1iCache L#16 (size=64KB linesize=64 ways=2)
              L1dCache L#32 (size=16KB linesize=64 ways=4)
                Core L#32 (P#0)
                  PU L#32 (P#32)
              L1dCache L#33 (size=16KB linesize=64 ways=4)
                Core L#33 (P#1)
                  PU L#33 (P#33)
          L2Cache L#17 (size=2048KB linesize=64 ways=16)
            L1iCache L#17 (size=64KB linesize=64 ways=2)
              L1dCache L#34 (size=16KB linesize=64 ways=4)
                Core L#34 (P#2)
                  PU L#34 (P#34)
              L1dCache L#35 (size=16KB linesize=64 ways=4)
                Core L#35 (P#3)
                  PU L#35 (P#35)
          L2Cache L#18 (size=2048KB linesize=64 ways=16)
            L1iCache L#18 (size=64KB linesize=64 ways=2)
              L1dCache L#36 (size=16KB linesize=64 ways=4)
                Core L#36 (P#4)
                  PU L#36 (P#36)
              L1dCache L#37 (size=16KB linesize=64 ways=4)
                Core L#37 (P#5)
                  PU L#37 (P#37)
          L2Cache L#19 (size=2048KB linesize=64 ways=16)
            L1iCache L#19 (size=64KB linesize=64 ways=2)
              L1dCache L#38 (size=16KB linesize=64 ways=4)
                Core L#38 (P#6)
                  PU L#38 (P#38)
              L1dCache L#39 (size=16KB linesize=64 ways=4)
                Core L#39 (P#7)
                  PU L#39 (P#39)
        Bridge Host->PCI L#4 (P#1 buses=0001:[00-03])
          Bridge PCI->PCI (P#1048608 busid=0001:00:02.0 id=1002:5a16 class=0604(PCI_B) buses=0001:[03-03])
            PCI 10de:13c0 (P#1060864 busid=0001:03:00.0 class=0300(VGA))
              GPU L#4 "card1"
          Bridge PCI->PCI (P#1048784 busid=0001:00:0d.0 id=1002:5a1e class=0604(PCI_B) buses=0001:[02-02])
            PCI 8086:10c9 (P#1056768 busid=0001:02:00.0 class=0200(Ether))
              Network L#5 (Address=00:25:90:5a:ce:4c) "eth2"
            PCI 8086:10c9 (P#1056769 busid=0001:02:00.1 class=0200(Ether))
              Network L#6 (Address=00:25:90:5a:ce:4d) "eth3"
          PCI 1002:4390 (P#1048848 busid=0001:00:11.0 class=0106(SATA))
            Block(Disk) L#7 (LinuxDeviceID=8:16 Vendor=Seagate Model=ST1000NM0033-9ZM173 Revision=SN04 SerialNumber=Z1W37137 Type=Disk) "sdb"
      NUMANode L#5 (P#5 local=33029032KB total=33029032KB)
        L3Cache L#5 (size=6144KB linesize=64 ways=48)
          L2Cache L#20 (size=2048KB linesize=64 ways=16)
            L1iCache L#20 (size=64KB linesize=64 ways=2)
              L1dCache L#40 (size=16KB linesize=64 ways=4)
                Core L#40 (P#0)
                  PU L#40 (P#40)
              L1dCache L#41 (size=16KB linesize=64 ways=4)
                Core L#41 (P#1)
                  PU L#41 (P#41)
          L2Cache L#21 (size=2048KB linesize=64 ways=16)
            L1iCache L#21 (size=64KB linesize=64 ways=2)
              L1dCache L#42 (size=16KB linesize=64 ways=4)
                Core L#42 (P#2)
                  PU L#42 (P#42)
              L1dCache L#43 (size=16KB linesize=64 ways=4)
                Core L#43 (P#3)
                  PU L#43 (P#43)
          L2Cache L#22 (size=2048KB linesize=64 ways=16)
            L1iCache L#22 (size=64KB linesize=64 ways=2)
              L1dCache L#44 (size=16KB linesize=64 ways=4)
                Core L#44 (P#4)
                  PU L#44 (P#44)
              L1dCache L#45 (size=16KB linesize=64 ways=4)
                Core L#45 (P#5)
                  PU L#45 (P#45)
          L2Cache L#23 (size=2048KB linesize=64 ways=16)
            L1iCache L#23 (size=64KB linesize=64 ways=2)
              L1dCache L#46 (size=16KB linesize=64 ways=4)
                Core L#46 (P#6)
                  PU L#46 (P#46)
              L1dCache L#47 (size=16KB linesize=64 ways=4)
                Core L#47 (P#7)
                  PU L#47 (P#47)
    Package L#3 (P#3 total=66058060KB CPUModel="AMD Opteron(tm) Processor 6380                 ")
      NUMANode L#6 (P#6 local=33029028KB total=33029028KB)
        L3Cache L#6 (size=6144KB linesize=64 ways=48)
          L2Cache L#24 (size=2048KB linesize=64 ways=16)
            L1iCache L#24 (size=64KB linesize=64 ways=2)
              L1dCache L#48 (size=16KB linesize=64 ways=4)
                Core L#48 (P#0)
                  PU L#48 (P#48)
              L1dCache L#49 (size=16KB linesize=64 ways=4)
                Core L#49 (P#1)
                  PU L#49 (P#49)
          L2Cache L#25 (size=2048KB linesize=64 ways=16)
            L1iCache L#25 (size=64KB linesize=64 ways=2)
              L1dCache L#50 (size=16KB linesize=64 ways=4)
                Core L#50 (P#2)
                  PU L#50 (P#50)
              L1dCache L#51 (size=16KB linesize=64 ways=4)
                Core L#51 (P#3)
                  PU L#51 (P#51)
          L2Cache L#26 (size=2048KB linesize=64 ways=16)
            L1iCache L#26 (size=64KB linesize=64 ways=2)
              L1dCache L#52 (size=16KB linesize=64 ways=4)
                Core L#52 (P#4)
                  PU L#52 (P#52)
              L1dCache L#53 (size=16KB linesize=64 ways=4)
                Core L#53 (P#5)
                  PU L#53 (P#53)
          L2Cache L#27 (size=2048KB linesize=64 ways=16)
            L1iCache L#27 (size=64KB linesize=64 ways=2)
              L1dCache L#54 (size=16KB linesize=64 ways=4)
                Core L#54 (P#6)
                  PU L#54 (P#54)
              L1dCache L#55 (size=16KB linesize=64 ways=4)
                Core L#55 (P#7)
                  PU L#55 (P#55)
      NUMANode L#7 (P#7 local=33029032KB total=33029032KB)
        L3Cache L#7 (size=6144KB linesize=64 ways=48)
          L2Cache L#28 (size=2048KB linesize=64 ways=16)
            L1iCache L#28 (size=64KB linesize=64 ways=2)
              L1dCache L#56 (size=16KB linesize=64 ways=4)
                Core L#56 (P#0)
                  PU L#56 (P#56)
              L1dCache L#57 (size=16KB linesize=64 ways=4)
                Core L#57 (P#1)
                  PU L#57 (P#57)
          L2Cache L#29 (size=2048KB linesize=64 ways=16)
            L1iCache L#29 (size=64KB linesize=64 ways=2)
              L1dCache L#58 (size=16KB linesize=64 ways=4)
                Core L#58 (P#2)
                  PU L#58 (P#58)
              L1dCache L#59 (size=16KB linesize=64 ways=4)
                Core L#59 (P#3)
                  PU L#59 (P#59)
          L2Cache L#30 (size=2048KB linesize=64 ways=16)
            L1iCache L#30 (size=64KB linesize=64 ways=2)
              L1dCache L#60 (size=16KB linesize=64 ways=4)
                Core L#60 (P#4)
                  PU L#60 (P#60)
              L1dCache L#61 (size=16KB linesize=64 ways=4)
                Core L#61 (P#5)
                  PU L#61 (P#61)
          L2Cache L#31 (size=2048KB linesize=64 ways=16)
            L1iCache L#31 (size=64KB linesize=64 ways=2)
              L1dCache L#62 (size=16KB linesize=64 ways=4)
                Core L#62 (P#6)
                  PU L#62 (P#62)
              L1dCache L#63 (size=16KB linesize=64 ways=4)
                Core L#63 (P#7)
                  PU L#63 (P#63)
  Group0 L#2 (total=132116120KB)
    Package L#4 (P#4 total=66058060KB CPUModel="AMD Opteron(tm) Processor 6380                 ")
      NUMANode L#8 (P#8 local=33029028KB total=33029028KB)
        L3Cache L#8 (size=6144KB linesize=64 ways=48)
          L2Cache L#32 (size=2048KB linesize=64 ways=16)
            L1iCache L#32 (size=64KB linesize=64 ways=2)
              L1dCache L#64 (size=16KB linesize=64 ways=4)
                Core L#64 (P#0)
                  PU L#64 (P#64)
              L1dCache L#65 (size=16KB linesize=64 ways=4)
                Core L#65 (P#1)
                  PU L#65 (P#65)
          L2Cache L#33 (size=2048KB linesize=64 ways=16)
            L1iCache L#33 (size=64KB linesize=64 ways=2)
              L1dCache L#66 (size=16KB linesize=64 ways=4)
                Core L#66 (P#2)
                  PU L#66 (P#66)
              L1dCache L#67 (size=16KB linesize=64 ways=4)
                Core L#67 (P#3)
                  PU L#67 (P#67)
          L2Cache L#34 (size=2048KB linesize=64 ways=16)
            L1iCache L#34 (size=64KB linesize=64 ways=2)
              L1dCache L#68 (size=16KB linesize=64 ways=4)
                Core L#68 (P#4)
                  PU L#68 (P#68)
              L1dCache L#69 (size=16KB linesize=64 ways=4)
                Core L#69 (P#5)
                  PU L#69 (P#69)
          L2Cache L#35 (size=2048KB linesize=64 ways=16)
            L1iCache L#35 (size=64KB linesize=64 ways=2)
              L1dCache L#70 (size=16KB linesize=64 ways=4)
                Core L#70 (P#6)
                  PU L#70 (P#70)
              L1dCache L#71 (size=16KB linesize=64 ways=4)
                Core L#71 (P#7)
                  PU L#71 (P#71)
        Bridge Host->PCI L#7 (P#2 buses=0002:[00-02])
          Bridge PCI->PCI (P#2097360 busid=0002:00:0d.0 id=1002:5a1e class=0604(PCI_B) buses=0002:[02-02])
            PCI 8086:10c9 (P#2105344 busid=0002:02:00.0 class=0200(Ether))
              Network L#8 (Address=00:25:90:5c:d7:78) "eth7"
            PCI 8086:10c9 (P#2105345 busid=0002:02:00.1 class=0200(Ether))
              Network L#9 (Address=00:25:90:5c:d7:79) "eth6"
          PCI 1002:4390 (P#2097424 busid=0002:00:11.0 class=0106(SATA))
            Block(Disk) L#10 (LinuxDeviceID=8:32 Vendor=Seagate Model=ST1000NM0033-9ZM173 Revision=SN04 SerialNumber=Z1W39TR6 Type=Disk) "sdc"
      NUMANode L#9 (P#9 local=33029032KB total=33029032KB)
        L3Cache L#9 (size=6144KB linesize=64 ways=48)
          L2Cache L#36 (size=2048KB linesize=64 ways=16)
            L1iCache L#36 (size=64KB linesize=64 ways=2)
              L1dCache L#72 (size=16KB linesize=64 ways=4)
                Core L#72 (P#0)
                  PU L#72 (P#72)
              L1dCache L#73 (size=16KB linesize=64 ways=4)
                Core L#73 (P#1)
                  PU L#73 (P#73)
          L2Cache L#37 (size=2048KB linesize=64 ways=16)
            L1iCache L#37 (size=64KB linesize=64 ways=2)
              L1dCache L#74 (size=16KB linesize=64 ways=4)
                Core L#74 (P#2)
                  PU L#74 (P#74)
              L1dCache L#75 (size=16KB linesize=64 ways=4)
                Core L#75 (P#3)
                  PU L#75 (P#75)
          L2Cache L#38 (size=2048KB linesize=64 ways=16)
            L1iCache L#38 (size=64KB linesize=64 ways=2)
              L1dCache L#76 (size=16KB linesize=64 ways=4)
                Core L#76 (P#4)
                  PU L#76 (P#76)
              L1dCache L#77 (size=16KB linesize=64 ways=4)
                Core L#77 (P#5)
                  PU L#77 (P#77)
          L2Cache L#39 (size=2048KB linesize=64 ways=16)
            L1iCache L#39 (size=64KB linesize=64 ways=2)
              L1dCache L#78 (size=16KB linesize=64 ways=4)
                Core L#78 (P#6)
                  PU L#78 (P#78)
              L1dCache L#79 (size=16KB linesize=64 ways=4)
                Core L#79 (P#7)
                  PU L#79 (P#79)
    Package L#5 (P#5 total=66058060KB CPUModel="AMD Opteron(tm) Processor 6380                 ")
      NUMANode L#10 (P#10 local=33029028KB total=33029028KB)
        L3Cache L#10 (size=6144KB linesize=64 ways=48)
          L2Cache L#40 (size=2048KB linesize=64 ways=16)
            L1iCache L#40 (size=64KB linesize=64 ways=2)
              L1dCache L#80 (size=16KB linesize=64 ways=4)
                Core L#80 (P#0)
                  PU L#80 (P#80)
              L1dCache L#81 (size=16KB linesize=64 ways=4)
                Core L#81 (P#1)
                  PU L#81 (P#81)
          L2Cache L#41 (size=2048KB linesize=64 ways=16)
            L1iCache L#41 (size=64KB linesize=64 ways=2)
              L1dCache L#82 (size=16KB linesize=64 ways=4)
                Core L#82 (P#2)
                  PU L#82 (P#82)
              L1dCache L#83 (size=16KB linesize=64 ways=4)
                Core L#83 (P#3)
                  PU L#83 (P#83)
          L2Cache L#42 (size=2048KB linesize=64 ways=16)
            L1iCache L#42 (size=64KB linesize=64 ways=2)
              L1dCache L#84 (size=16KB linesize=64 ways=4)
                Core L#84 (P#4)
                  PU L#84 (P#84)
              L1dCache L#85 (size=16KB linesize=64 ways=4)
                Core L#85 (P#5)
                  PU L#85 (P#85)
          L2Cache L#43 (size=2048KB linesize=64 ways=16)
            L1iCache L#43 (size=64KB linesize=64 ways=2)
              L1dCache L#86 (size=16KB linesize=64 ways=4)
                Core L#86 (P#6)
                  PU L#86 (P#86)
              L1dCache L#87 (size=16KB linesize=64 ways=4)
                Core L#87 (P#7)
                  PU L#87 (P#87)
      NUMANode L#11 (P#11 local=33029032KB total=33029032KB)
        L3Cache L#11 (size=6144KB linesize=64 ways=48)
          L2Cache L#44 (size=2048KB linesize=64 ways=16)
            L1iCache L#44 (size=64KB linesize=64 ways=2)
              L1dCache L#88 (size=16KB linesize=64 ways=4)
                Core L#88 (P#0)
                  PU L#88 (P#88)
              L1dCache L#89 (size=16KB linesize=64 ways=4)
                Core L#89 (P#1)
                  PU L#89 (P#89)
          L2Cache L#45 (size=2048KB linesize=64 ways=16)
            L1iCache L#45 (size=64KB linesize=64 ways=2)
              L1dCache L#90 (size=16KB linesize=64 ways=4)
                Core L#90 (P#2)
                  PU L#90 (P#90)
              L1dCache L#91 (size=16KB linesize=64 ways=4)
                Core L#91 (P#3)
                  PU L#91 (P#91)
          L2Cache L#46 (size=2048KB linesize=64 ways=16)
            L1iCache L#46 (size=64KB linesize=64 ways=2)
              L1dCache L#92 (size=16KB linesize=64 ways=4)
                Core L#92 (P#4)
                  PU L#92 (P#92)
              L1dCache L#93 (size=16KB linesize=64 ways=4)
                Core L#93 (P#5)
                  PU L#93 (P#93)
          L2Cache L#47 (size=2048KB linesize=64 ways=16)
            L1iCache L#47 (size=64KB linesize=64 ways=2)
              L1dCache L#94 (size=16KB linesize=64 ways=4)
                Core L#94 (P#6)
                  PU L#94 (P#94)
              L1dCache L#95 (size=16KB linesize=64 ways=4)
                Core L#95 (P#7)
                  PU L#95 (P#95)
  Group0 L#3 (total=132116120KB)
    Package L#6 (P#6 total=66058060KB CPUModel="AMD Opteron(tm) Processor 6380                 ")
      NUMANode L#12 (P#12 local=33029028KB total=33029028KB)
        L3Cache L#12 (size=6144KB linesize=64 ways=48)
          L2Cache L#48 (size=2048KB linesize=64 ways=16)
            L1iCache L#48 (size=64KB linesize=64 ways=2)
              L1dCache L#96 (size=16KB linesize=64 ways=4)
                Core L#96 (P#0)
                  PU L#96 (P#96)
              L1dCache L#97 (size=16KB linesize=64 ways=4)
                Core L#97 (P#1)
                  PU L#97 (P#97)
          L2Cache L#49 (size=2048KB linesize=64 ways=16)
            L1iCache L#49 (size=64KB linesize=64 ways=2)
              L1dCache L#98 (size=16KB linesize=64 ways=4)
                Core L#98 (P#2)
                  PU L#98 (P#98)
              L1dCache L#99 (size=16KB linesize=64 ways=4)
                Core L#99 (P#3)
                  PU L#99 (P#99)
          L2Cache L#50 (size=2048KB linesize=64 ways=16)
            L1iCache L#50 (size=64KB linesize=64 ways=2)
              L1dCache L#100 (size=16KB linesize=64 ways=4)
                Core L#100 (P#4)
                  PU L#100 (P#100)
              L1dCache L#101 (size=16KB linesize=64 ways=4)
                Core L#101 (P#5)
                  PU L#101 (P#101)
          L2Cache L#51 (size=2048KB linesize=64 ways=16)
            L1iCache L#51 (size=64KB linesize=64 ways=2)
              L1dCache L#102 (size=16KB linesize=64 ways=4)
                Core L#102 (P#6)
                  PU L#102 (P#102)
              L1dCache L#103 (size=16KB linesize=64 ways=4)
                Core L#103 (P#7)
                  PU L#103 (P#103)
        Bridge Host->PCI L#9 (P#3 buses=0003:[00-02])
          Bridge PCI->PCI (P#3145936 busid=0003:00:0d.0 id=1002:5a1e class=0604(PCI_B) buses=0003:[02-02])
            PCI 8086:10c9 (P#3153920 busid=0003:02:00.0 class=0200(Ether))
              Network L#11 (Address=00:25:90:5c:d7:72) "eth8"
            PCI 8086:10c9 (P#3153921 busid=0003:02:00.1 class=0200(Ether))
              Network L#12 (Address=00:25:90:5c:d7:73) "eth9"
          PCI 1002:4390 (P#3146000 busid=0003:00:11.0 class=0106(SATA))
            Block(Disk) L#13 (LinuxDeviceID=8:48 Vendor=Seagate Model=ST1000NM0033-9ZM173 Revision=SN04 SerialNumber=Z1W39SJQ Type=Disk) "sdd"
      NUMANode L#13 (P#13 local=33029032KB total=33029032KB)
        L3Cache L#13 (size=6144KB linesize=64 ways=48)
          L2Cache L#52 (size=2048KB linesize=64 ways=16)
            L1iCache L#52 (size=64KB linesize=64 ways=2)
              L1dCache L#104 (size=16KB linesize=64 ways=4)
                Core L#104 (P#0)
                  PU L#104 (P#104)
              L1dCache L#105 (size=16KB linesize=64 ways=4)
                Core L#105 (P#1)
                  PU L#105 (P#105)
          L2Cache L#53 (size=2048KB linesize=64 ways=16)
            L1iCache L#53 (size=64KB linesize=64 ways=2)
              L1dCache L#106 (size=16KB linesize=64 ways=4)
                Core L#106 (P#2)
                  PU L#106 (P#106)
              L1dCache L#107 (size=16KB linesize=64 ways=4)
                Core L#107 (P#3)
                  PU L#107 (P#107)
          L2Cache L#54 (size=2048KB linesize=64 ways=16)
            L1iCache L#54 (size=64KB linesize=64 ways=2)
              L1dCache L#108 (size=16KB linesize=64 ways=4)
                Core L#108 (P#4)
                  PU L#108 (P#108)
              L1dCache L#109 (size=16KB linesize=64 ways=4)
                Core L#109 (P#5)
                  PU L#109 (P#109)
          L2Cache L#55 (size=2048KB linesize=64 ways=16)
            L1iCache L#55 (size=64KB linesize=64 ways=2)
              L1dCache L#110 (size=16KB linesize=64 ways=4)
                Core L#110 (P#6)
                  PU L#110 (P#110)
              L1dCache L#111 (size=16KB linesize=64 ways=4)
                Core L#111 (P#7)
                  PU L#111 (P#111)
    Package L#7 (P#7 total=66058060KB CPUModel="AMD Opteron(tm) Processor 6380                 ")
      NUMANode L#14 (P#14 local=33029028KB total=33029028KB)
        L3Cache L#14 (size=6144KB linesize=64 ways=48)
          L2Cache L#56 (size=2048KB linesize=64 ways=16)
            L1iCache L#56 (size=64KB linesize=64 ways=2)
              L1dCache L#112 (size=16KB linesize=64 ways=4)
                Core L#112 (P#0)
                  PU L#112 (P#112)
              L1dCache L#113 (size=16KB linesize=64 ways=4)
                Core L#113 (P#1)
                  PU L#113 (P#113)
          L2Cache L#57 (size=2048KB linesize=64 ways=16)
            L1iCache L#57 (size=64KB linesize=64 ways=2)
              L1dCache L#114 (size=16KB linesize=64 ways=4)
                Core L#114 (P#2)
                  PU L#114 (P#114)
              L1dCache L#115 (size=16KB linesize=64 ways=4)
                Core L#115 (P#3)
                  PU L#115 (P#115)
          L2Cache L#58 (size=2048KB linesize=64 ways=16)
            L1iCache L#58 (size=64KB linesize=64 ways=2)
              L1dCache L#116 (size=16KB linesize=64 ways=4)
                Core L#116 (P#4)
                  PU L#116 (P#116)
              L1dCache L#117 (size=16KB linesize=64 ways=4)
                Core L#117 (P#5)
                  PU L#117 (P#117)
          L2Cache L#59 (size=2048KB linesize=64 ways=16)
            L1iCache L#59 (size=64KB linesize=64 ways=2)
              L1dCache L#118 (size=16KB linesize=64 ways=4)
                Core L#118 (P#6)
                  PU L#118 (P#118)
              L1dCache L#119 (size=16KB linesize=64 ways=4)
                Core L#119 (P#7)
                  PU L#119 (P#119)
      NUMANode L#15 (P#15 local=33029032KB total=33029032KB)
        L3Cache L#15 (size=6144KB linesize=64 ways=48)
          L2Cache L#60 (size=2048KB linesize=64 ways=16)
            L1iCache L#60 (size=64KB linesize=64 ways=2)
              L1dCache L#120 (size=16KB linesize=64 ways=4)
                Core L#120 (P#0)
                  PU L#120 (P#120)
              L1dCache L#121 (size=16KB linesize=64 ways=4)
                Core L#121 (P#1)
                  PU L#121 (P#121)
          L2Cache L#61 (size=2048KB linesize=64 ways=16)
            L1iCache L#61 (size=64KB linesize=64 ways=2)
              L1dCache L#122 (size=16KB linesize=64 ways=4)
                Core L#122 (P#2)
                  PU L#122 (P#122)
              L1dCache L#123 (size=16KB linesize=64 ways=4)
                Core L#123 (P#3)
                  PU L#123 (P#123)
          L2Cache L#62 (size=2048KB linesize=64 ways=16)
            L1iCache L#62 (size=64KB linesize=64 ways=2)
              L1dCache L#124 (size=16KB linesize=64 ways=4)
                Core L#124 (P#4)
                  PU L#124 (P#124)
              L1dCache L#125 (size=16KB linesize=64 ways=4)
                Core L#125 (P#5)
                  PU L#125 (P#125)
          L2Cache L#63 (size=2048KB linesize=64 ways=16)
            L1iCache L#63 (size=64KB linesize=64 ways=2)
              L1dCache L#126 (size=16KB linesize=64 ways=4)
                Core L#126 (P#6)
                  PU L#126 (P#126)
              L1dCache L#127 (size=16KB linesize=64 ways=4)
                Core L#127 (P#7)
                  PU L#127 (P#127)
  Group0 L#4 (total=132113620KB)
    Package L#8 (P#8 total=66058060KB CPUModel="AMD Opteron(tm) Processor 6380                 ")
      NUMANode L#16 (P#16 local=33029028KB total=33029028KB)
        L3Cache L#16 (size=6144KB linesize=64 ways=48)
          L2Cache L#64 (size=2048KB linesize=64 ways=16)
            L1iCache L#64 (size=64KB linesize=64 ways=2)
              L1dCache L#128 (size=16KB linesize=64 ways=4)
                Core L#128 (P#0)
                  PU L#128 (P#128)
              L1dCache L#129 (size=16KB linesize=64 ways=4)
                Core L#129 (P#1)
                  PU L#129 (P#129)
          L2Cache L#65 (size=2048KB linesize=64 ways=16)
            L1iCache L#65 (size=64KB linesize=64 ways=2)
              L1dCache L#130 (size=16KB linesize=64 ways=4)
                Core L#130 (P#2)
                  PU L#130 (P#130)
              L1dCache L#131 (size=16KB linesize=64 ways=4)
                Core L#131 (P#3)
                  PU L#131 (P#131)
          L2Cache L#66 (size=2048KB linesize=64 ways=16)
            L1iCache L#66 (size=64KB linesize=64 ways=2)
              L1dCache L#132 (size=16KB linesize=64 ways=4)
                Core L#132 (P#4)
                  PU L#132 (P#132)
              L1dCache L#133 (size=16KB linesize=64 ways=4)
                Core L#133 (P#5)
                  PU L#133 (P#133)
          L2Cache L#67 (size=2048KB linesize=64 ways=16)
            L1iCache L#67 (size=64KB linesize=64 ways=2)
              L1dCache L#134 (size=16KB linesize=64 ways=4)
                Core L#134 (P#6)
                  PU L#134 (P#134)
              L1dCache L#135 (size=16KB linesize=64 ways=4)
                Core L#135 (P#7)
                  PU L#135 (P#135)
        Bridge Host->PCI L#11 (P#4 buses=0004:[00-03])
          Bridge PCI->PCI (P#4194336 busid=0004:00:02.0 id=1002:5a16 class=0604(PCI_B) buses=0004:[03-03])
            PCI 10de:13c0 (P#4206592 busid=0004:03:00.0 class=0300(VGA))
              GPU L#14 "card2"
          Bridge PCI->PCI (P#4194512 busid=0004:00:0d.0 id=1002:5a1e class=0604(PCI_B) buses=0004:[02-02])
            PCI 8086:10c9 (P#4202496 busid=0004:02:00.0 class=0200(Ether))
              Network L#15 (Address=00:25:90:5a:ce:56) "eth4"
            PCI 8086:10c9 (P#4202497 busid=0004:02:00.1 class=0200(Ether))
              Network L#16 (Address=00:25:90:5a:ce:57) "eth5"
          PCI 1002:4390 (P#4194576 busid=0004:00:11.0 class=0106(SATA))
            Block(Disk) L#17 (LinuxDeviceID=8:64 Vendor=Seagate Model=ST1000NM0033-9ZM173 Revision=SN04 SerialNumber=Z1W36ZJY Type=Disk) "sde"
      NUMANode L#17 (P#17 local=33029032KB total=33029032KB)
        L3Cache L#17 (size=6144KB linesize=64 ways=48)
          L2Cache L#68 (size=2048KB linesize=64 ways=16)
            L1iCache L#68 (size=64KB linesize=64 ways=2)
              L1dCache L#136 (size=16KB linesize=64 ways=4)
                Core L#136 (P#0)
                  PU L#136 (P#136)
              L1dCache L#137 (size=16KB linesize=64 ways=4)
                Core L#137 (P#1)
                  PU L#137 (P#137)
          L2Cache L#69 (size=2048KB linesize=64 ways=16)
            L1iCache L#69 (size=64KB linesize=64 ways=2)
              L1dCache L#138 (size=16KB linesize=64 ways=4)
                Core L#138 (P#2)
                  PU L#138 (P#138)
              L1dCache L#139 (size=16KB linesize=64 ways=4)
                Core L#139 (P#3)
                  PU L#139 (P#139)
          L2Cache L#70 (size=2048KB linesize=64 ways=16)
            L1iCache L#70 (size=64KB linesize=64 ways=2)
              L1dCache L#140 (size=16KB linesize=64 ways=4)
                Core L#140 (P#4)
                  PU L#140 (P#140)
              L1dCache L#141 (size=16KB linesize=64 ways=4)
                Core L#141 (P#5)
                  PU L#141 (P#141)
          L2Cache L#71 (size=2048KB linesize=64 ways=16)
            L1iCache L#71 (size=64KB linesize=64 ways=2)
              L1dCache L#142 (size=16KB linesize=64 ways=4)
                Core L#142 (P#6)
                  PU L#142 (P#142)
              L1dCache L#143 (size=16KB linesize=64 ways=4)
                Core L#143 (P#7)
                  PU L#143 (P#143)
    Package L#9 (P#9 total=66055560KB CPUModel="AMD Opteron(tm) Processor 6380                 ")
      NUMANode L#18 (P#18 local=33029028KB total=33029028KB)
        L3Cache L#18 (size=6144KB linesize=64 ways=48)
          L2Cache L#72 (size=2048KB linesize=64 ways=16)
            L1iCache L#72 (size=64KB linesize=64 ways=2)
              L1dCache L#144 (size=16KB linesize=64 ways=4)
                Core L#144 (P#0)
                  PU L#144 (P#144)
              L1dCache L#145 (size=16KB linesize=64 ways=4)
                Core L#145 (P#1)
                  PU L#145 (P#145)
          L2Cache L#73 (size=2048KB linesize=64 ways=16)
            L1iCache L#73 (size=64KB linesize=64 ways=2)
              L1dCache L#146 (size=16KB linesize=64 ways=4)
                Core L#146 (P#2)
                  PU L#146 (P#146)
              L1dCache L#147 (size=16KB linesize=64 ways=4)
                Core L#147 (P#3)
                  PU L#147 (P#147)
          L2Cache L#74 (size=2048KB linesize=64 ways=16)
            L1iCache L#74 (size=64KB linesize=64 ways=2)
              L1dCache L#148 (size=16KB linesize=64 ways=4)
                Core L#148 (P#4)
                  PU L#148 (P#148)
              L1dCache L#149 (size=16KB linesize=64 ways=4)
                Core L#149 (P#5)
                  PU L#149 (P#149)
          L2Cache L#75 (size=2048KB linesize=64 ways=16)
            L1iCache L#75 (size=64KB linesize=64 ways=2)
              L1dCache L#150 (size=16KB linesize=64 ways=4)
                Core L#150 (P#6)
                  PU L#150 (P#150)
              L1dCache L#151 (size=16KB linesize=64 ways=4)
                Core L#151 (P#7)
                  PU L#151 (P#151)
      NUMANode L#19 (P#19 local=33026532KB total=33026532KB)
        L3Cache L#19 (size=6144KB linesize=64 ways=48)
          L2Cache L#76 (size=2048KB linesize=64 ways=16)
            L1iCache L#76 (size=64KB linesize=64 ways=2)
              L1dCache L#152 (size=16KB linesize=64 ways=4)
                Core L#152 (P#0)
                  PU L#152 (P#152)
              L1dCache L#153 (size=16KB linesize=64 ways=4)
                Core L#153 (P#1)
                  PU L#153 (P#153)
          L2Cache L#77 (size=2048KB linesize=64 ways=16)
            L1iCache L#77 (size=64KB linesize=64 ways=2)
              L1dCache L#154 (size=16KB linesize=64 ways=4)
                Core L#154 (P#2)
                  PU L#154 (P#154)
              L1dCache L#155 (size=16KB linesize=64 ways=4)
                Core L#155 (P#3)
                  PU L#155 (P#155)
          L2Cache L#78 (size=2048KB linesize=64 ways=16)
            L1iCache L#78 (size=64KB linesize=64 ways=2)
              L1dCache L#156 (size=16KB linesize=64 ways=4)
                Core L#156 (P#4)
                  PU L#156 (P#156)
              L1dCache L#157 (size=16KB linesize=64 ways=4)
                Core L#157 (P#5)
                  PU L#157 (P#157)
          L2Cache L#79 (size=2048KB linesize=64 ways=16)
            L1iCache L#79 (size=64KB linesize=64 ways=2)
              L1dCache L#158 (size=16KB linesize=64 ways=4)
                Core L#158 (P#6)
                  PU L#158 (P#158)
              L1dCache L#159 (size=16KB linesize=64 ways=4)
                Core L#159 (P#7)
                  PU L#159 (P#159)
depth 0:	1 Machine (type #1)
 depth 1:	5 Group0 (type #7)
  depth 2:	10 Package (type #3)
   depth 3:	20 NUMANode (type #2)
    depth 4:	20 L3Cache (type #4)
     depth 5:	80 L2Cache (type #4)
      depth 6:	80 L1iCache (type #4)
       depth 7:	160 L1dCache (type #4)
        depth 8:	160 Core (type #5)
         depth 9:	160 PU (type #6)
Special depth -3:	14 Bridge (type #9)
Special depth -4:	20 PCI Device (type #10)
Special depth -5:	18 OS Device (type #11)
relative latency matrix between NUMANodes (depth 3) by logical indexes:
  index     0     1     2     3     4     5     6     7     8     9    10    11    12    13    14    15    16    17    18    19
      0 1.000 1.600 1.600 2.200 16.000 16.000 16.000 16.000 16.000 16.000 16.000 16.000 16.000 16.000 16.000 16.000 16.000 16.000 16.000 16.000
      1 1.600 1.000 2.200 1.600 16.000 16.000 16.000 16.000 16.000 16.000 16.000 16.000 16.000 16.000 16.000 16.000 16.000 16.000 16.000 16.000
      2 1.600 2.200 1.000 1.600 16.000 16.000 16.000 16.000 16.000 16.000 16.000 16.000 16.000 16.000 16.000 16.000 16.000 16.000 16.000 16.000
      3 2.200 1.600 1.600 1.000 16.000 16.000 16.000 16.000 16.000 16.000 16.000 16.000 16.000 16.000 16.000 16.000 16.000 16.000 16.000 16.000
      4 16.000 16.000 16.000 16.000 1.000 1.600 1.600 2.200 16.000 16.000 16.000 16.000 16.000 16.000 16.000 16.000 16.000 16.000 16.000 16.000
      5 16.000 16.000 16.000 16.000 1.600 1.000 2.200 1.600 16.000 16.000 16.000 16.000 16.000 16.000 16.000 16.000 16.000 16.000 16.000 16.000
      6 16.000 16.000 16.000 16.000 1.600 2.200 1.000 1.600 16.000 16.000 16.000 16.000 16.000 16.000 16.000 16.000 16.000 16.000 16.000 16.000
      7 16.000 16.000 16.000 16.000 2.200 1.600 1.600 1.000 16.000 16.000 16.000 16.000 16.000 16.000 16.000 16.000 16.000 16.000 16.000 16.000
      8 16.000 16.000 16.000 16.000 16.000 16.000 16.000 16.000 1.000 1.600 1.600 2.200 16.000 16.000 16.000 16.000 16.000 16.000 16.000 16.000
      9 16.000 16.000 16.000 16.000 16.000 16.000 16.000 16.000 1.600 1.000 2.200 1.600 16.000 16.000 16.000 16.000 16.000 16.000 16.000 16.000
     10 16.000 16.000 16.000 16.000 16.000 16.000 16.000 16.000 1.600 2.200 1.000 1.600 16.000 16.000 16.000 16.000 16.000 16.000 16.000 16.000
     11 16.000 16.000 16.000 16.000 16.000 16.000 16.000 16.000 2.200 1.600 1.600 1.000 16.000 16.000 16.000 16.000 16.000 16.000 16.000 16.000
     12 16.000 16.000 16.000 16.000 16.000 16.000 16.000 16.000 16.000 16.000 16.000 16.000 1.000 1.600 1.600 2.200 16.000 16.000 16.000 16.000
     13 16.000 16.000 16.000 16.000 16.000 16.000 16.000 16.000 16.000 16.000 16.000 16.000 1.600 1.000 2.200 1.600 16.000 16.000 16.000 16.000
     14 16.000 16.000 16.000 16.000 16.000 16.000 16.000 16.000 16.000 16.000 16.000 16.000 1.600 2.200 1.000 1.600 16.000 16.000 16.000 16.000
     15 16.000 16.000 16.000 16.000 16.000 16.000 16.000 16.000 16.000 16.000 16.000 16.000 2.200 1.600 1.600 1.000 16.000 16.000 16.000 16.000
     16 16.000 16.000 16.000 16.000 16.000 16.000 16.000 16.000 16.000 16.000 16.000 16.000 16.000 16.000 16.000 16.000 1.000 1.600 1.600 2.200
     17 16.000 16.000 16.000 16.000 16.000 16.000 16.000 16.000 16.000 16.000 16.000 16.000 16.000 16.000 16.000 16.000 1.600 1.000 2.200 1.600
     18 16.000 16.000 16.000 16.000 16.000 16.000 16.000 16.000 16.000 16.000 16.000 16.000 16.000 16.000 16.000 16.000 1.600 2.200 1.000 1.600
     19 16.000 16.000 16.000 16.000 16.000 16.000 16.000 16.000 16.000 16.000 16.000 16.000 16.000 16.000 16.000 16.000 2.200 1.600 1.600 1.000
Topology not from this system
