
###
### Configuring hwloc distribution tarball
### Startup tests
###
checking build system type... x86_64-unknown-linux-gnu
checking host system type... x86_64-unknown-linux-gnu
checking target system type... x86_64-unknown-linux-gnu
checking for a BSD-compatible install... /usr/bin/install -c
checking whether build environment is sane... yes
checking for a thread-safe mkdir -p... /bin/mkdir -p
checking for gawk... gawk
checking whether make sets $(MAKE)... yes
checking how to create a ustar tar archive... gnutar
checking for hwloc version... 1.0.2rc3r2398
checking for gcc... pgcc
checking for C compiler default output file name... a.out
checking whether the C compiler works... yes
checking whether we are cross compiling... no
checking for suffix of executables... 
checking for suffix of object files... o
checking whether we are using the GNU C compiler... no
checking whether pgcc accepts -g... yes
checking for pgcc option to accept ISO C89... none needed
checking for style of include used by make... GNU
checking dependency style of pgcc... none
checking whether pgcc and cc understand -c and -o together... yes
checking how to run the C preprocessor... pgcc -E
checking for grep that handles long lines and -e... /bin/grep
checking for egrep... /bin/grep -E
checking for ANSI C header files... yes
checking for sys/types.h... yes
checking for sys/stat.h... yes
checking for stdlib.h... yes
checking for string.h... yes
checking for memory.h... yes
checking for strings.h... yes
checking for inttypes.h... yes
checking for stdint.h... yes
checking for unistd.h... yes
checking for pkg-config... /usr/bin/pkg-config
checking pkg-config is at least version 0.9.0... yes

###
### Configuring hwloc core
###
checking hwloc building mode... standalone
configure: hwloc builddir: /home/balaji/software/mpich2/trunk/trunk/src/pm/hydra/tools/bind/hwloc/hwloc-1.0.2
configure: hwloc srcdir: /home/balaji/software/mpich2/trunk/trunk/src/pm/hydra/tools/bind/hwloc/hwloc-1.0.2
checking if want hwloc maintainer support... enabled (SVN checkout default)
checking for hwloc directory prefix... (none)
checking for hwloc symbol prefix... hwloc_
checking for pgcc option to accept ISO C99... none needed
checking minix/config.h usability... no
checking minix/config.h presence... no
checking for minix/config.h... no
checking whether it is safe to define __EXTENSIONS__... yes
checking size of void *... 8
checking which OS support to include... Linux
checking which CPU support to include... x86_64
checking whether diff accepts -u... -u
checking size of unsigned long... 8
checking size of unsigned int... 4
checking for __attribute__... yes
checking for __attribute__(aligned)... yes
checking for __attribute__(always_inline)... yes
checking for __attribute__(cold)... yes
checking for __attribute__(const)... yes
checking for __attribute__(deprecated)... yes
checking for __attribute__(format)... no
checking for __attribute__(hot)... yes
checking for __attribute__(malloc)... yes
checking for __attribute__(may_alias)... yes
checking for __attribute__(no_instrument_function)... yes
checking for __attribute__(nonnull)... no
checking for __attribute__(noreturn)... yes
checking for __attribute__(packed)... yes
checking for __attribute__(pure)... yes
checking for __attribute__(sentinel)... no
checking for __attribute__(unused)... yes
checking for __attribute__(warn_unused_result)... no
checking for __attribute__(weak_alias)... yes
checking if pgcc supports -fvisibility... no
checking enable symbol visibility... no
checking for inline compatibility keyword... __inline__
checking for strncasecmp... yes
checking whether function strncasecmp is declared... yes
checking for stdint.h... (cached) yes
checking for wchar_t... yes
checking for putwc... yes
checking locale.h usability... yes
checking locale.h presence... yes
checking for locale.h... yes
checking for setlocale... yes
checking langinfo.h usability... yes
checking langinfo.h presence... yes
checking for langinfo.h... yes
checking for nl_langinfo... yes
checking curses.h usability... yes
checking curses.h presence... yes
checking for curses.h... yes
checking for term.h... yes
checking for library containing tparm... -ltermcap
checking for KAFFINITY... no
checking for PROCESSOR_CACHE_TYPE... no
checking for CACHE_DESCRIPTOR... no
checking for LOGICAL_PROCESSOR_RELATIONSHIP... no
checking for SYSTEM_LOGICAL_PROCESSOR_INFORMATION... no
checking for GROUP_AFFINITY... no
checking for PROCESSOR_RELATIONSHIP... no
checking for NUMA_NODE_RELATIONSHIP... no
checking for CACHE_RELATIONSHIP... no
checking for PROCESSOR_GROUP_INFO... no
checking for GROUP_RELATIONSHIP... no
checking for SYSTEM_LOGICAL_PROCESSOR_INFORMATION_EX... no
checking for main in -lgdi32... no
checking windows.h usability... no
checking windows.h presence... no
checking for windows.h... no
checking sys/lgrp_user.h usability... no
checking sys/lgrp_user.h presence... no
checking for sys/lgrp_user.h... no
checking kstat.h usability... no
checking kstat.h presence... no
checking for kstat.h... no
checking infiniband/verbs.h usability... no
checking infiniband/verbs.h presence... no
checking for infiniband/verbs.h... no
checking whether _SC_NPROCESSORS_ONLN is declared... yes
checking whether _SC_NPROCESSORS_CONF is declared... yes
checking whether _SC_NPROC_ONLN is declared... no
checking whether _SC_NPROC_CONF is declared... no
checking whether _SC_LARGE_PAGESIZE is declared... no
checking mach/mach_host.h usability... no
checking mach/mach_host.h presence... no
checking for mach/mach_host.h... no
checking mach/mach_init.h usability... no
checking mach/mach_init.h presence... no
checking for mach/mach_init.h... no
checking sys/param.h usability... yes
checking sys/param.h presence... yes
checking for sys/param.h... yes
checking for sys/sysctl.h... yes
checking whether CTL_HW is declared... no
checking whether HW_NCPU is declared... no
checking for sysctl... yes
checking for sysctlbyname... no
checking for pthread_t... yes
checking whether function sched_setaffinity is declared... yes
checking for old prototype of sched_setaffinity... no
checking for working CPU_SET... no
checking for working CPU_SET_S... yes
checking for KERRIGHED... no
checking for lib... no
checking for bash... /bin/bash
checking for ffs... yes
checking whether function ffs is declared... yes
checking for ffsl... yes
checking whether function ffsl is declared... yes
checking for fls... no
checking for flsl... no
checking for clz... no
checking for clzl... no
checking for openat... yes
checking whether numa_bitmask_alloc is declared... no
checking pthread_np.h usability... no
checking pthread_np.h presence... no
checking for pthread_np.h... no
checking whether pthread_setaffinity_np is declared... yes
checking whether pthread_getaffinity_np is declared... yes
checking for sched_setaffinity... yes
checking for sys/cpuset.h... no
checking for library containing pthread_getthrds_np... no
checking for cpuid... yes
checking for X... libraries , headers 

###
### Configuring hwloc documentation
###
checking if this is a developer build... yes
checking for doxygen... no
checking for pdflatex... /usr/bin/pdflatex
checking for makeindex... /usr/bin/makeindex
checking for fig2dev... no
checking if can build doxygen docs... no
checking for w3m... /usr/bin/w3m
checking for lynx... no
checking if can build top-level README... yes
checking if will build doxygen docs... no
checking if will install doxygen docs... no
checking whether to enable "picky" compiler mode... no (default)

###
### Configuring hwloc command line utilities
###
checking for CAIRO... no
checking for XML... no

###
### Configuring hwloc tests
###
checking for a sed that does not truncate output... /bin/sed
checking for fgrep... /bin/grep -F
checking for non-GNU ld... /usr/bin/ld
checking if the linker (/usr/bin/ld) is GNU ld... yes
checking for BSD- or MS-compatible name lister (nm)... /usr/bin/nm -B
checking the name lister (/usr/bin/nm -B) interface... BSD nm
checking whether ln -s works... yes
checking the maximum length of command line arguments... 98304
checking whether the shell understands some XSI constructs... yes
checking whether the shell understands "+="... yes
checking for /usr/bin/ld option to reload object files... -r
checking for objdump... objdump
checking how to recognize dependent libraries... pass_all
checking for ar... ar
checking for strip... strip
checking for ranlib... ranlib
checking command to parse /usr/bin/nm -B output from pgcc object... ok
checking for dlfcn.h... yes
checking for objdir... .libs
checking for pgcc option to produce PIC... -fpic -DPIC
checking if pgcc PIC flag -fpic -DPIC works... yes
checking if pgcc static flag -Bstatic works... yes
checking if pgcc supports -c -o file.o... yes
checking if pgcc supports -c -o file.o... (cached) yes
checking whether the pgcc linker (/usr/bin/ld -m elf_x86_64) supports shared libraries... yes
checking dynamic linker characteristics... GNU/Linux ld.so
checking how to hardcode library paths into programs... immediate
checking whether stripping libraries is possible... yes
checking if libtool supports shared libraries... yes
checking whether to build shared libraries... yes
checking whether to build static libraries... no
configure: creating ./config.status
config.status: creating Makefile
config.status: creating include/Makefile
config.status: creating src/Makefile
config.status: creating doc/Makefile
config.status: creating doc/doxygen-config.cfg
config.status: creating utils/Makefile
config.status: creating hwloc.pc
config.status: creating tests/Makefile
config.status: creating tests/linux/Makefile
config.status: creating tests/xml/Makefile
config.status: creating tests/ports/Makefile
config.status: creating tests/linux/gather-topology.sh
config.status: creating tests/linux/test-topology.sh
config.status: creating tests/xml/test-topology.sh
config.status: creating utils/test-hwloc-distrib.sh
config.status: creating include/private/config.h
config.status: include/private/config.h is unchanged
config.status: creating include/hwloc/config.h
config.status: include/hwloc/config.h is unchanged
config.status: linking src/topology.c to tests/ports/topology.c
config.status: linking src/traversal.c to tests/ports/traversal.c
config.status: linking src/topology-synthetic.c to tests/ports/topology-synthetic.c
config.status: linking src/topology-solaris.c to tests/ports/topology-solaris.c
config.status: linking src/topology-aix.c to tests/ports/topology-aix.c
config.status: linking src/topology-osf.c to tests/ports/topology-osf.c
config.status: linking src/topology-windows.c to tests/ports/topology-windows.c
config.status: linking src/topology-darwin.c to tests/ports/topology-darwin.c
config.status: linking src/topology-freebsd.c to tests/ports/topology-freebsd.c
config.status: linking src/topology-hpux.c to tests/ports/topology-hpux.c
config.status: executing depfiles commands
config.status: executing chmoding-scripts commands
config.status: executing libtool commands


