+ mpirun -np 4 /Network/Servers/xserve1.rb.rad-e.wpafb.af.mil/Volumes/VAACsan/Users/grismemj/LeopardTest/avus/test/avus
[shagrat:06137] *** Process received signal ***
[shagrat:06137] Signal: Segmentation fault (11)
[shagrat:06137] Signal code: Address not mapped (1)
[shagrat:06137] Failing at address: 0x113526fb8
[shagrat:06137] [ 0] 2   libSystem.B.dylib                   0x00000000833648da _sigtramp + 26
[shagrat:06137] [ 1] 3   mca_btl_sm.so                       0x000000000077b120 mca_btl_sm + 0
[shagrat:06137] [ 2] 4   libmpi.0.dylib                      0x000000000030a221 ompi_convertor_pack + 257
[shagrat:06137] [ 3] 5   mca_btl_sm.so                       0x0000000000777aaf mca_btl_sm_prepare_src + 367
[shagrat:06137] [ 4] 6   mca_pml_ob1.so                      0x0000000000764b64 mca_pml_ob1_send_request_schedule_exclusive + 388
[shagrat:06137] [ 5] 7   mca_btl_sm.so                       0x000000000077a038 mca_btl_sm_component_progress + 2648
[shagrat:06137] [ 6] 8   mca_bml_r2.so                       0x000000000076d53a mca_bml_r2_progress + 58
[shagrat:06137] [ 7] 9   libopen-pal.0.dylib                 0x000000000041ba4a opal_progress + 170
[shagrat:06137] [ 8] 10  libmpi.0.dylib                      0x0000000000307485 ompi_request_wait_all + 709
[shagrat:06137] [ 9] 11  libmpi.0.dylib                      0x000000000033954e MPI_Waitall + 206
[shagrat:06137] [10] 12  libmpi_f77.0.dylib                  0x000000000027501b mpi_waitall_f + 107
[shagrat:06137] [11] 13  avus                                0x00000000000804a7 updateint_ + 6603
[shagrat:06137] [12] 14  avus                                0x00000000000123ed setup_ + 3205
[shagrat:06137] [13] 15  avus                                0x0000000000001a08 start + 264
[shagrat:06137] [14] 16  avus                                0x0000000000001921 start + 33
[shagrat:06137] *** End of error message ***
[shagrat:06138] *** Process received signal ***
[shagrat:06138] Signal: Segmentation fault (11)
[shagrat:06138] Signal code: Address not mapped (1)
[shagrat:06138] Failing at address: 0x10a5ddfb8
[shagrat:06138] [ 0] 2   libSystem.B.dylib                   0x00000000833648da _sigtramp + 26
[shagrat:06138] [ 1] 3   mca_btl_sm.so                       0x000000000077b120 mca_btl_sm + 0
[shagrat:06138] [ 2] 4   libmpi.0.dylib                      0x000000000030a221 ompi_convertor_pack + 257
[shagrat:06138] [ 3] 5   mca_btl_sm.so                       0x0000000000777aaf mca_btl_sm_prepare_src + 367
[shagrat:06138] [ 4] 6   mca_pml_ob1.so                      0x0000000000764b64 mca_pml_ob1_send_request_schedule_exclusive + 388
[shagrat:06138] [ 5] 7   mca_btl_sm.so                       0x000000000077a038 mca_btl_sm_component_progress + 2648
[shagrat:06138] [ 6] 8   mca_bml_r2.so                       0x000000000076d53a mca_bml_r2_progress + 58
[shagrat:06138] [ 7] 9   libopen-pal.0.dylib                 0x000000000041ba4a opal_progress + 170
[shagrat:06138] [ 8] 10  libmpi.0.dylib                      0x0000000000307498 ompi_request_wait_all + 728
[shagrat:06138] [ 9] 11  libmpi.0.dylib                      0x000000000033954e MPI_Waitall + 206
[shagrat:06138] [10] 12  libmpi_f77.0.dylib                  0x000000000027501b mpi_waitall_f + 107
[shagrat:06138] [11] 13  avus                                0x00000000000804a7 updateint_ + 6603
[shagrat:06138] [12] 14  avus                                0x00000000000123ed setup_ + 3205
[shagrat:06138] [13] 15  avus                                0x0000000000001a08 start + 264
[shagrat:06138] [14] 16  avus                                0x0000000000001921 start + 33
[shagrat:06138] *** End of error message ***
[shagrat:06136] *** Process received signal ***
[shagrat:06136] Signal: Segmentation fault (11)
[shagrat:06136] Signal code: Address not mapped (1)
[shagrat:06136] Failing at address: 0x11392bfb8
[shagrat:06136] [ 0] 2   libSystem.B.dylib                   0x00000000833648da _sigtramp + 26
[shagrat:06136] [ 1] 3   ???                                 0x0000000000000000 0x0 + 0
[shagrat:06136] [ 2] 4   libmpi.0.dylib                      0x000000000030a221 ompi_convertor_pack + 257
[shagrat:06136] [ 3] 5   mca_btl_sm.so                       0x0000000000777aaf mca_btl_sm_prepare_src + 367
[shagrat:06136] [ 4] 6   mca_pml_ob1.so                      0x0000000000764b64 mca_pml_ob1_send_request_schedule_exclusive + 388
[shagrat:06136] [ 5] 7   mca_btl_sm.so                       0x000000000077a038 mca_btl_sm_component_progress + 2648
[shagrat:06136] [ 6] 8   mca_bml_r2.so                       0x000000000076d53a mca_bml_r2_progress + 58
[shagrat:06136] [ 7] 9   libopen-pal.0.dylib                 0x000000000041ba4a opal_progress + 170
[shagrat:06136] [ 8] 10  libmpi.0.dylib                      0x0000000000307485 ompi_request_wait_all + 709
[shagrat:06136] [ 9] 11  libmpi.0.dylib                      0x000000000033954e MPI_Waitall + 206
[shagrat:06136] [10] 12  libmpi_f77.0.dylib                  0x000000000027501b mpi_waitall_f + 107
[shagrat:06136] [11] 13  avus                                0x00000000000804a7 updateint_ + 6603
[shagrat:06136] [12] 14  avus                                0x00000000000123ed setup_ + 3205
[shagrat:06136] [13] 15  avus                                0x0000000000001a08 start + 264
[shagrat:06136] [14] 16  avus                                0x0000000000001921 start + 33
[shagrat:06136] *** End of error message ***
[shagrat:06139] *** Process received signal ***
[shagrat:06139] Signal: Segmentation fault (11)
[shagrat:06139] Signal code: Address not mapped (1)
[shagrat:06139] Failing at address: 0x10a615fb8
[shagrat:06139] [ 0] 2   libSystem.B.dylib                   0x00000000833648da _sigtramp + 26
[shagrat:06139] [ 1] 3   mca_btl_sm.so                       0x000000000077b120 mca_btl_sm + 0
[shagrat:06139] [ 2] 4   libmpi.0.dylib                      0x000000000030a221 ompi_convertor_pack + 257
[shagrat:06139] [ 3] 5   mca_btl_sm.so                       0x0000000000777aaf mca_btl_sm_prepare_src + 367
[shagrat:06139] [ 4] 6   mca_pml_ob1.so                      0x0000000000764b64 mca_pml_ob1_send_request_schedule_exclusive + 388
[shagrat:06139] [ 5] 7   mca_btl_sm.so                       0x000000000077a038 mca_btl_sm_component_progress + 2648
[shagrat:06139] [ 6] 8   mca_bml_r2.so                       0x000000000076d53a mca_bml_r2_progress + 58
[shagrat:06139] [ 7] 9   libopen-pal.0.dylib                 0x000000000041ba4a opal_progress + 170
[shagrat:06139] [ 8] 10  libmpi.0.dylib                      0x0000000000307485 ompi_request_wait_all + 709
[shagrat:06139] [ 9] 11  libmpi.0.dylib                      0x000000000033954e MPI_Waitall + 206
[shagrat:06139] [10] 12  libmpi_f77.0.dylib                  0x000000000027501b mpi_waitall_f + 107
[shagrat:06139] [11] 13  avus                                0x00000000000804a7 updateint_ + 6603
[shagrat:06139] [12] 14  avus                                0x00000000000123ed setup_ + 3205
[shagrat:06139] [13] 15  avus                                0x0000000000001a08 start + 264
[shagrat:06139] [14] 16  avus                                0x0000000000001921 start + 33
[shagrat:06139] *** End of error message ***
