Making all in src
make[1]: Entering directory `/vlsci/VLSCI/samuel/HWLOC/hwloc-1.4/src'
  CC     topology.lo
"/vlsci/VLSCI/samuel/HWLOC/hwloc-1.4/include/hwloc.h", line 1245.28: 1506-1385 (W) The attribute "pure" is not a valid type attribute.
  CC     traversal.lo
"/vlsci/VLSCI/samuel/HWLOC/hwloc-1.4/include/hwloc.h", line 1245.28: 1506-1385 (W) The attribute "pure" is not a valid type attribute.
  CC     distances.lo
"/vlsci/VLSCI/samuel/HWLOC/hwloc-1.4/include/hwloc.h", line 1245.28: 1506-1385 (W) The attribute "pure" is not a valid type attribute.
"distances.c", line 63.26: 1506-404 (W) restrict can only qualify a pointer type.
"distances.c", line 121.42: 1506-404 (W) restrict can only qualify a pointer type.
"distances.c", line 268.40: 1506-404 (W) restrict can only qualify a pointer type.
  CC     topology-synthetic.lo
"/vlsci/VLSCI/samuel/HWLOC/hwloc-1.4/include/hwloc.h", line 1245.28: 1506-1385 (W) The attribute "pure" is not a valid type attribute.
  CC     topology-xml.lo
"/vlsci/VLSCI/samuel/HWLOC/hwloc-1.4/include/hwloc.h", line 1245.28: 1506-1385 (W) The attribute "pure" is not a valid type attribute.
  CC     bind.lo
"/vlsci/VLSCI/samuel/HWLOC/hwloc-1.4/include/hwloc.h", line 1245.28: 1506-1385 (W) The attribute "pure" is not a valid type attribute.
  CC     cpuset.lo
"/vlsci/VLSCI/samuel/HWLOC/hwloc-1.4/include/hwloc.h", line 1245.28: 1506-1385 (W) The attribute "pure" is not a valid type attribute.
  CC     misc.lo
"/vlsci/VLSCI/samuel/HWLOC/hwloc-1.4/include/hwloc.h", line 1245.28: 1506-1385 (W) The attribute "pure" is not a valid type attribute.
  CC     topology-linux.lo
"/vlsci/VLSCI/samuel/HWLOC/hwloc-1.4/include/hwloc.h", line 1245.28: 1506-1385 (W) The attribute "pure" is not a valid type attribute.
"topology-linux.c", line 304.33: 1506-280 (W) Function argument assignment between types "unsigned int" and "struct {...}*" is not allowed.
"topology-linux.c", line 304.27: 1506-098 (E) Missing argument(s).
"topology-linux.c", line 392.32: 1506-280 (W) Function argument assignment between types "unsigned int" and "struct {...}*" is not allowed.
"topology-linux.c", line 392.26: 1506-098 (E) Missing argument(s).
"topology-linux.c", line 725.40: 1506-280 (W) Function argument assignment between types "unsigned int" and "struct {...}*" is not allowed.
"topology-linux.c", line 725.34: 1506-098 (E) Missing argument(s).
"topology-linux.c", line 817.40: 1506-280 (W) Function argument assignment between types "unsigned int" and "struct {...}*" is not allowed.
"topology-linux.c", line 817.34: 1506-098 (E) Missing argument(s).
  CC     topology-x86.lo
"/vlsci/VLSCI/samuel/HWLOC/hwloc-1.4/include/hwloc.h", line 1245.28: 1506-1385 (W) The attribute "pure" is not a valid type attribute.
  CCLD   libhwloc.la
make[1]: Leaving directory `/vlsci/VLSCI/samuel/HWLOC/hwloc-1.4/src'
Making all in include
make[1]: Entering directory `/vlsci/VLSCI/samuel/HWLOC/hwloc-1.4/include'
make[1]: Nothing to be done for `all'.
make[1]: Leaving directory `/vlsci/VLSCI/samuel/HWLOC/hwloc-1.4/include'
Making all in utils
make[1]: Entering directory `/vlsci/VLSCI/samuel/HWLOC/hwloc-1.4/utils'
  CC     lstopo-lstopo.o
"/vlsci/VLSCI/samuel/HWLOC/hwloc-1.4/include/hwloc.h", line 1245.28: 1506-1385 (W) The attribute "pure" is not a valid type attribute.
  CC     lstopo-lstopo-color.o
  CC     lstopo-lstopo-text.o
"/vlsci/VLSCI/samuel/HWLOC/hwloc-1.4/include/hwloc.h", line 1245.28: 1506-1385 (W) The attribute "pure" is not a valid type attribute.
  CC     lstopo-lstopo-draw.o
"/vlsci/VLSCI/samuel/HWLOC/hwloc-1.4/include/hwloc.h", line 1245.28: 1506-1385 (W) The attribute "pure" is not a valid type attribute.
  CC     lstopo-lstopo-fig.o
  CC     lstopo-lstopo-xml.o
"/vlsci/VLSCI/samuel/HWLOC/hwloc-1.4/include/hwloc.h", line 1245.28: 1506-1385 (W) The attribute "pure" is not a valid type attribute.
  CC     lstopo-lstopo-cairo.o
"lstopo-cairo.c", line 529.19: 1506-356 (W) Compilation unit is empty.
  CCLD   lstopo
  CC     hwloc-assembler.o
"/vlsci/VLSCI/samuel/HWLOC/hwloc-1.4/include/hwloc.h", line 1245.28: 1506-1385 (W) The attribute "pure" is not a valid type attribute.
  CCLD   hwloc-assembler
  CC     hwloc-calc.o
"/vlsci/VLSCI/samuel/HWLOC/hwloc-1.4/include/hwloc.h", line 1245.28: 1506-1385 (W) The attribute "pure" is not a valid type attribute.
  CCLD   hwloc-calc
  CC     hwloc-bind.o
"/vlsci/VLSCI/samuel/HWLOC/hwloc-1.4/include/hwloc.h", line 1245.28: 1506-1385 (W) The attribute "pure" is not a valid type attribute.
  CCLD   hwloc-bind
  CC     hwloc-distances.o
"/vlsci/VLSCI/samuel/HWLOC/hwloc-1.4/include/hwloc.h", line 1245.28: 1506-1385 (W) The attribute "pure" is not a valid type attribute.
  CCLD   hwloc-distances
  CC     hwloc-distrib.o
"/vlsci/VLSCI/samuel/HWLOC/hwloc-1.4/include/hwloc.h", line 1245.28: 1506-1385 (W) The attribute "pure" is not a valid type attribute.
  CCLD   hwloc-distrib
  CC     hwloc-ps.o
"/vlsci/VLSCI/samuel/HWLOC/hwloc-1.4/include/hwloc.h", line 1245.28: 1506-1385 (W) The attribute "pure" is not a valid type attribute.
  CCLD   hwloc-ps
make[1]: Leaving directory `/vlsci/VLSCI/samuel/HWLOC/hwloc-1.4/utils'
Making all in tests
make[1]: Entering directory `/vlsci/VLSCI/samuel/HWLOC/hwloc-1.4/tests'
Making all in ports
make[2]: Entering directory `/vlsci/VLSCI/samuel/HWLOC/hwloc-1.4/tests/ports'
make[2]: Nothing to be done for `all'.
make[2]: Leaving directory `/vlsci/VLSCI/samuel/HWLOC/hwloc-1.4/tests/ports'
Making all in xml
make[2]: Entering directory `/vlsci/VLSCI/samuel/HWLOC/hwloc-1.4/tests/xml'
make[2]: Nothing to be done for `all'.
make[2]: Leaving directory `/vlsci/VLSCI/samuel/HWLOC/hwloc-1.4/tests/xml'
Making all in linux
make[2]: Entering directory `/vlsci/VLSCI/samuel/HWLOC/hwloc-1.4/tests/linux'
Making all in gather
make[3]: Entering directory `/vlsci/VLSCI/samuel/HWLOC/hwloc-1.4/tests/linux/gather'
make[3]: Nothing to be done for `all'.
make[3]: Leaving directory `/vlsci/VLSCI/samuel/HWLOC/hwloc-1.4/tests/linux/gather'
make[3]: Entering directory `/vlsci/VLSCI/samuel/HWLOC/hwloc-1.4/tests/linux'
make[3]: Nothing to be done for `all-am'.
make[3]: Leaving directory `/vlsci/VLSCI/samuel/HWLOC/hwloc-1.4/tests/linux'
make[2]: Leaving directory `/vlsci/VLSCI/samuel/HWLOC/hwloc-1.4/tests/linux'
make[2]: Entering directory `/vlsci/VLSCI/samuel/HWLOC/hwloc-1.4/tests'
make[2]: Nothing to be done for `all-am'.
make[2]: Leaving directory `/vlsci/VLSCI/samuel/HWLOC/hwloc-1.4/tests'
make[1]: Leaving directory `/vlsci/VLSCI/samuel/HWLOC/hwloc-1.4/tests'
Making all in doc
make[1]: Entering directory `/vlsci/VLSCI/samuel/HWLOC/hwloc-1.4/doc'
make  all-am
make[2]: Entering directory `/vlsci/VLSCI/samuel/HWLOC/hwloc-1.4/doc'
make[2]: Nothing to be done for `all-am'.
make[2]: Leaving directory `/vlsci/VLSCI/samuel/HWLOC/hwloc-1.4/doc'
make[1]: Leaving directory `/vlsci/VLSCI/samuel/HWLOC/hwloc-1.4/doc'
make[1]: Entering directory `/vlsci/VLSCI/samuel/HWLOC/hwloc-1.4'
make[1]: Nothing to be done for `all-am'.
make[1]: Leaving directory `/vlsci/VLSCI/samuel/HWLOC/hwloc-1.4'

