eth0      Link encap:Ethernet  HWaddr 00:e0:81:73:c1:14
          UP BROADCAST MULTICAST  MTU:1500  Metric:1
          RX packets:0 errors:0 dropped:0 overruns:0 frame:0
          TX packets:0 errors:0 dropped:0 overruns:0 carrier:0
          collisions:0 txqueuelen:1000
          RX bytes:0 (0.0 B)  TX bytes:0 (0.0 B)
          Interrupt:247 Base address:0xa000

eth1      Link encap:Ethernet  HWaddr 00:e0:81:73:c1:15
          inet addr:146.254.22.200  Bcast:146.254.23.255  Mask:255.255.252.0
          inet6 addr: fe80::2e0:81ff:fe73:c115/64 Scope:Link
          UP BROADCAST RUNNING MULTICAST  MTU:1500  Metric:1
          RX packets:1296218 errors:0 dropped:0 overruns:0 frame:0
          TX packets:924460 errors:0 dropped:0 overruns:0 carrier:0
          collisions:0 txqueuelen:1000
          RX bytes:132616511 (126.4 MB)  TX bytes:975866988 (930.6 MB)
          Interrupt:248 Base address:0xc000

lo        Link encap:Local Loopback
          inet addr:127.0.0.1  Mask:255.0.0.0
          inet6 addr: ::1/128 Scope:Host
          UP LOOPBACK RUNNING  MTU:16436  Metric:1
          RX packets:1292074 errors:0 dropped:0 overruns:0 frame:0
          TX packets:1292074 errors:0 dropped:0 overruns:0 carrier:0
          collisions:0 txqueuelen:0
          RX bytes:974349012 (929.2 MB)  TX bytes:974349012 (929.2 MB)
