Machine (P#0 total=129236992KB Backend=Linux)
  NUMANode L#0 (P#0 local=31195136KB total=31195136KB)
    L3Cache L#0 (32768KB line=128)
      L2Cache L#0 (4096KB line=128)
        L1Cache L#0 (64KB line=128)
          Core L#0 (P#0)
            PU L#0 (P#0)
            PU L#1 (P#1)
        L1Cache L#1 (64KB line=128)
          Core L#1 (P#2)
            PU L#2 (P#2)
            PU L#3 (P#3)
    L3Cache L#1 (32768KB line=128)
      L2Cache L#1 (4096KB line=128)
        L1Cache L#2 (64KB line=128)
          Core L#2 (P#4)
            PU L#4 (P#4)
            PU L#5 (P#5)
        L1Cache L#3 (64KB line=128)
          Core L#3 (P#6)
            PU L#6 (P#6)
            PU L#7 (P#7)
    L3Cache L#2 (32768KB line=128)
      L2Cache L#2 (4096KB line=128)
        L1Cache L#4 (64KB line=128)
          Core L#4 (P#8)
            PU L#8 (P#8)
            PU L#9 (P#9)
        L1Cache L#5 (64KB line=128)
          Core L#5 (P#10)
            PU L#10 (P#10)
            PU L#11 (P#11)
    L3Cache L#3 (32768KB line=128)
      L2Cache L#3 (4096KB line=128)
        L1Cache L#6 (64KB line=128)
          Core L#6 (P#12)
            PU L#12 (P#12)
            PU L#13 (P#13)
        L1Cache L#7 (64KB line=128)
          Core L#7 (P#14)
            PU L#14 (P#14)
            PU L#15 (P#15)
  NUMANode L#1 (P#1 local=32768000KB total=32768000KB)
    L3Cache L#4 (32768KB line=128)
      L2Cache L#4 (4096KB line=128)
        L1Cache L#8 (64KB line=128)
          Core L#8 (P#16)
            PU L#16 (P#16)
            PU L#17 (P#17)
        L1Cache L#9 (64KB line=128)
          Core L#9 (P#18)
            PU L#18 (P#18)
            PU L#19 (P#19)
    L3Cache L#5 (32768KB line=128)
      L2Cache L#5 (4096KB line=128)
        L1Cache L#10 (64KB line=128)
          Core L#10 (P#20)
            PU L#20 (P#20)
            PU L#21 (P#21)
        L1Cache L#11 (64KB line=128)
          Core L#11 (P#22)
            PU L#22 (P#22)
            PU L#23 (P#23)
    L3Cache L#6 (32768KB line=128)
      L2Cache L#6 (4096KB line=128)
        L1Cache L#12 (64KB line=128)
          Core L#12 (P#24)
            PU L#24 (P#24)
            PU L#25 (P#25)
        L1Cache L#13 (64KB line=128)
          Core L#13 (P#26)
            PU L#26 (P#26)
            PU L#27 (P#27)
    L3Cache L#7 (32768KB line=128)
      L2Cache L#7 (4096KB line=128)
        L1Cache L#14 (64KB line=128)
          Core L#14 (P#28)
            PU L#28 (P#28)
            PU L#29 (P#29)
        L1Cache L#15 (64KB line=128)
          Core L#15 (P#30)
            PU L#30 (P#30)
            PU L#31 (P#31)
  NUMANode L#2 (P#2 local=32768000KB total=32768000KB)
    L3Cache L#8 (32768KB line=128)
      L2Cache L#8 (4096KB line=128)
        L1Cache L#16 (64KB line=128)
          Core L#16 (P#32)
            PU L#32 (P#32)
            PU L#33 (P#33)
        L1Cache L#17 (64KB line=128)
          Core L#17 (P#34)
            PU L#34 (P#34)
            PU L#35 (P#35)
    L3Cache L#9 (32768KB line=128)
      L2Cache L#9 (4096KB line=128)
        L1Cache L#18 (64KB line=128)
          Core L#18 (P#36)
            PU L#36 (P#36)
            PU L#37 (P#37)
        L1Cache L#19 (64KB line=128)
          Core L#19 (P#38)
            PU L#38 (P#38)
            PU L#39 (P#39)
    L3Cache L#10 (32768KB line=128)
      L2Cache L#10 (4096KB line=128)
        L1Cache L#20 (64KB line=128)
          Core L#20 (P#40)
            PU L#40 (P#40)
            PU L#41 (P#41)
        L1Cache L#21 (64KB line=128)
          Core L#21 (P#42)
            PU L#42 (P#42)
            PU L#43 (P#43)
    L3Cache L#11 (32768KB line=128)
      L2Cache L#11 (4096KB line=128)
        L1Cache L#22 (64KB line=128)
          Core L#22 (P#44)
            PU L#44 (P#44)
            PU L#45 (P#45)
        L1Cache L#23 (64KB line=128)
          Core L#23 (P#46)
            PU L#46 (P#46)
            PU L#47 (P#47)
  NUMANode L#3 (P#3 local=32505856KB total=32505856KB)
    L3Cache L#12 (32768KB line=128)
      L2Cache L#12 (4096KB line=128)
        L1Cache L#24 (64KB line=128)
          Core L#24 (P#48)
            PU L#48 (P#48)
            PU L#49 (P#49)
        L1Cache L#25 (64KB line=128)
          Core L#25 (P#50)
            PU L#50 (P#50)
            PU L#51 (P#51)
    L3Cache L#13 (32768KB line=128)
      L2Cache L#13 (4096KB line=128)
        L1Cache L#26 (64KB line=128)
          Core L#26 (P#52)
            PU L#52 (P#52)
            PU L#53 (P#53)
        L1Cache L#27 (64KB line=128)
          Core L#27 (P#54)
            PU L#54 (P#54)
            PU L#55 (P#55)
    L3Cache L#14 (32768KB line=128)
      L2Cache L#14 (4096KB line=128)
        L1Cache L#28 (64KB line=128)
          Core L#28 (P#56)
            PU L#56 (P#56)
            PU L#57 (P#57)
        L1Cache L#29 (64KB line=128)
          Core L#29 (P#58)
            PU L#58 (P#58)
            PU L#59 (P#59)
    L3Cache L#15 (32768KB line=128)
      L2Cache L#15 (4096KB line=128)
        L1Cache L#30 (64KB line=128)
          Core L#30 (P#60)
            PU L#60 (P#60)
            PU L#61 (P#61)
        L1Cache L#31 (64KB line=128)
          Core L#31 (P#62)
            PU L#62 (P#62)
            PU L#63 (P#63)
depth 0:	1 Machine (type #1)
 depth 1:	4 NUMANodes (type #2)
  depth 2:	16 Caches (type #4)
   depth 3:	16 Caches (type #4)
    depth 4:	32 Caches (type #4)
     depth 5:	32 Cores (type #5)
      depth 6:	64 PUs (type #6)
Topology not from this system
