Making all in config
make[1]: Entering directory `/blackhole/prog_2011/MPI/open_mpi_pgi/openmpi-1.4.5/config'
make[1]: Nothing to be done for `all'.
make[1]: Leaving directory `/blackhole/prog_2011/MPI/open_mpi_pgi/openmpi-1.4.5/config'
Making all in contrib
make[1]: Entering directory `/blackhole/prog_2011/MPI/open_mpi_pgi/openmpi-1.4.5/contrib'
make[1]: Nothing to be done for `all'.
make[1]: Leaving directory `/blackhole/prog_2011/MPI/open_mpi_pgi/openmpi-1.4.5/contrib'
Making all in opal
make[1]: Entering directory `/blackhole/prog_2011/MPI/open_mpi_pgi/openmpi-1.4.5/opal'
Making all in include
make[2]: Entering directory `/blackhole/prog_2011/MPI/open_mpi_pgi/openmpi-1.4.5/opal/include'
make  all-am
make[3]: Entering directory `/blackhole/prog_2011/MPI/open_mpi_pgi/openmpi-1.4.5/opal/include'
make[3]: Leaving directory `/blackhole/prog_2011/MPI/open_mpi_pgi/openmpi-1.4.5/opal/include'
make[2]: Leaving directory `/blackhole/prog_2011/MPI/open_mpi_pgi/openmpi-1.4.5/opal/include'
Making all in libltdl
make[2]: Entering directory `/blackhole/prog_2011/MPI/open_mpi_pgi/openmpi-1.4.5/opal/libltdl'
make  all-am
make[3]: Entering directory `/blackhole/prog_2011/MPI/open_mpi_pgi/openmpi-1.4.5/opal/libltdl'
source='loaders/dlopen.c' object='dlopen.lo' libtool=yes \
DEPDIR=.deps depmode=none /bin/sh ./config/depcomp \
/bin/sh ./libtool  --tag=CC   --mode=compile pgcc -DHAVE_CONFIG_H -I.  -DLT_CONFIG_H='<config.h>' -DLTDL -I. -I. -Ilibltdl -I./libltdl -I./libltdl -D_REENTRANT  -O -DNDEBUG   -c -o dlopen.lo `test -f 'loaders/dlopen.c' || echo './'`loaders/dlopen.c
libtool: compile:  pgcc -DHAVE_CONFIG_H -I. "-DLT_CONFIG_H=<config.h>" -DLTDL -I. -I. -Ilibltdl -I./libltdl -I./libltdl -D_REENTRANT -O -DNDEBUG -c loaders/dlopen.c  -fpic -DPIC -o .libs/dlopen.o
/bin/sh ./libtool --tag=CC   --mode=link pgcc  -O -DNDEBUG   -module -avoid-version  -o dlopen.la  dlopen.lo -ldl -ldl -lnsl -lutil  -lpthread
libtool: link: ar cru .libs/dlopen.a .libs/dlopen.o 
libtool: link: ranlib .libs/dlopen.a
libtool: link: ( cd ".libs" && rm -f "dlopen.la" && ln -s "../dlopen.la" "dlopen.la" )
source='loaders/preopen.c' object='libltdlc_la-preopen.lo' libtool=yes \
DEPDIR=.deps depmode=none /bin/sh ./config/depcomp \
/bin/sh ./libtool  --tag=CC   --mode=compile pgcc -DHAVE_CONFIG_H -I.  -DLTDLOPEN=libltdlc -DLT_CONFIG_H='<config.h>' -DLTDL -I. -I. -Ilibltdl -I./libltdl -I./libltdl -D_REENTRANT  -O -DNDEBUG   -c -o libltdlc_la-preopen.lo `test -f 'loaders/preopen.c' || echo './'`loaders/preopen.c
libtool: compile:  pgcc -DHAVE_CONFIG_H -I. -DLTDLOPEN=libltdlc "-DLT_CONFIG_H=<config.h>" -DLTDL -I. -I. -Ilibltdl -I./libltdl -I./libltdl -D_REENTRANT -O -DNDEBUG -c loaders/preopen.c  -fpic -DPIC -o .libs/libltdlc_la-preopen.o
source='lt__alloc.c' object='libltdlc_la-lt__alloc.lo' libtool=yes \
DEPDIR=.deps depmode=none /bin/sh ./config/depcomp \
/bin/sh ./libtool  --tag=CC   --mode=compile pgcc -DHAVE_CONFIG_H -I.  -DLTDLOPEN=libltdlc -DLT_CONFIG_H='<config.h>' -DLTDL -I. -I. -Ilibltdl -I./libltdl -I./libltdl -D_REENTRANT  -O -DNDEBUG   -c -o libltdlc_la-lt__alloc.lo `test -f 'lt__alloc.c' || echo './'`lt__alloc.c
libtool: compile:  pgcc -DHAVE_CONFIG_H -I. -DLTDLOPEN=libltdlc "-DLT_CONFIG_H=<config.h>" -DLTDL -I. -I. -Ilibltdl -I./libltdl -I./libltdl -D_REENTRANT -O -DNDEBUG -c lt__alloc.c  -fpic -DPIC -o .libs/libltdlc_la-lt__alloc.o
source='lt_dlloader.c' object='libltdlc_la-lt_dlloader.lo' libtool=yes \
DEPDIR=.deps depmode=none /bin/sh ./config/depcomp \
/bin/sh ./libtool  --tag=CC   --mode=compile pgcc -DHAVE_CONFIG_H -I.  -DLTDLOPEN=libltdlc -DLT_CONFIG_H='<config.h>' -DLTDL -I. -I. -Ilibltdl -I./libltdl -I./libltdl -D_REENTRANT  -O -DNDEBUG   -c -o libltdlc_la-lt_dlloader.lo `test -f 'lt_dlloader.c' || echo './'`lt_dlloader.c
libtool: compile:  pgcc -DHAVE_CONFIG_H -I. -DLTDLOPEN=libltdlc "-DLT_CONFIG_H=<config.h>" -DLTDL -I. -I. -Ilibltdl -I./libltdl -I./libltdl -D_REENTRANT -O -DNDEBUG -c lt_dlloader.c  -fpic -DPIC -o .libs/libltdlc_la-lt_dlloader.o
source='lt_error.c' object='libltdlc_la-lt_error.lo' libtool=yes \
DEPDIR=.deps depmode=none /bin/sh ./config/depcomp \
/bin/sh ./libtool  --tag=CC   --mode=compile pgcc -DHAVE_CONFIG_H -I.  -DLTDLOPEN=libltdlc -DLT_CONFIG_H='<config.h>' -DLTDL -I. -I. -Ilibltdl -I./libltdl -I./libltdl -D_REENTRANT  -O -DNDEBUG   -c -o libltdlc_la-lt_error.lo `test -f 'lt_error.c' || echo './'`lt_error.c
libtool: compile:  pgcc -DHAVE_CONFIG_H -I. -DLTDLOPEN=libltdlc "-DLT_CONFIG_H=<config.h>" -DLTDL -I. -I. -Ilibltdl -I./libltdl -I./libltdl -D_REENTRANT -O -DNDEBUG -c lt_error.c  -fpic -DPIC -o .libs/libltdlc_la-lt_error.o
source='ltdl.c' object='libltdlc_la-ltdl.lo' libtool=yes \
DEPDIR=.deps depmode=none /bin/sh ./config/depcomp \
/bin/sh ./libtool  --tag=CC   --mode=compile pgcc -DHAVE_CONFIG_H -I.  -DLTDLOPEN=libltdlc -DLT_CONFIG_H='<config.h>' -DLTDL -I. -I. -Ilibltdl -I./libltdl -I./libltdl -D_REENTRANT  -O -DNDEBUG   -c -o libltdlc_la-ltdl.lo `test -f 'ltdl.c' || echo './'`ltdl.c
libtool: compile:  pgcc -DHAVE_CONFIG_H -I. -DLTDLOPEN=libltdlc "-DLT_CONFIG_H=<config.h>" -DLTDL -I. -I. -Ilibltdl -I./libltdl -I./libltdl -D_REENTRANT -O -DNDEBUG -c ltdl.c  -fpic -DPIC -o .libs/libltdlc_la-ltdl.o
PGC-W-0089-Array name used in logical expression (ltdl.c: 1268)
PGC/x86-64 Linux 10.0-0: compilation completed with warnings
source='slist.c' object='libltdlc_la-slist.lo' libtool=yes \
DEPDIR=.deps depmode=none /bin/sh ./config/depcomp \
/bin/sh ./libtool  --tag=CC   --mode=compile pgcc -DHAVE_CONFIG_H -I.  -DLTDLOPEN=libltdlc -DLT_CONFIG_H='<config.h>' -DLTDL -I. -I. -Ilibltdl -I./libltdl -I./libltdl -D_REENTRANT  -O -DNDEBUG   -c -o libltdlc_la-slist.lo `test -f 'slist.c' || echo './'`slist.c
libtool: compile:  pgcc -DHAVE_CONFIG_H -I. -DLTDLOPEN=libltdlc "-DLT_CONFIG_H=<config.h>" -DLTDL -I. -I. -Ilibltdl -I./libltdl -I./libltdl -D_REENTRANT -O -DNDEBUG -c slist.c  -fpic -DPIC -o .libs/libltdlc_la-slist.o
source='lt__strl.c' object='lt__strl.lo' libtool=yes \
DEPDIR=.deps depmode=none /bin/sh ./config/depcomp \
/bin/sh ./libtool --tag=CC   --mode=compile pgcc -DHAVE_CONFIG_H -I.  -DLT_CONFIG_H='<config.h>' -DLTDL -I. -I. -Ilibltdl -I./libltdl -I./libltdl -D_REENTRANT  -O -DNDEBUG   -c -o lt__strl.lo lt__strl.c
libtool: compile:  pgcc -DHAVE_CONFIG_H -I. "-DLT_CONFIG_H=<config.h>" -DLTDL -I. -I. -Ilibltdl -I./libltdl -I./libltdl -D_REENTRANT -O -DNDEBUG -c lt__strl.c  -fpic -DPIC -o .libs/lt__strl.o
/bin/sh ./libtool --tag=CC   --mode=link pgcc  -O -DNDEBUG   -no-undefined -dlpreopen dlopen.la   -o libltdlc.la  libltdlc_la-preopen.lo libltdlc_la-lt__alloc.lo libltdlc_la-lt_dlloader.lo libltdlc_la-lt_error.lo libltdlc_la-ltdl.lo libltdlc_la-slist.lo lt__strl.lo -ldl -lnsl -lutil  -lpthread
libtool: link: rm -f .libs/libltdlc.nm .libs/libltdlc.nmS .libs/libltdlc.nmT
libtool: link: (cd .libs && pgcc -O -DNDEBUG -c  -fpic -DPIC "libltdlcS.c")
libtool: link: rm -f ".libs/libltdlcS.c" ".libs/libltdlc.nm" ".libs/libltdlc.nmS" ".libs/libltdlc.nmT"
libtool: link: (cd .libs/libltdlc.lax/dlopen.a && ar x "/blackhole/prog_2011/MPI/open_mpi_pgi/openmpi-1.4.5/opal/libltdl/./.libs/dlopen.a")
libtool: link: ar cru .libs/libltdlc.a .libs/libltdlc_la-preopen.o .libs/libltdlc_la-lt__alloc.o .libs/libltdlc_la-lt_dlloader.o .libs/libltdlc_la-lt_error.o .libs/libltdlc_la-ltdl.o .libs/libltdlc_la-slist.o .libs/lt__strl.o .libs/libltdlcS.o  .libs/libltdlc.lax/dlopen.a/dlopen.o 
libtool: link: ranlib .libs/libltdlc.a
libtool: link: rm -fr .libs/libltdlc.lax
libtool: link: ( cd ".libs" && rm -f "libltdlc.la" && ln -s "../libltdlc.la" "libltdlc.la" )
make[3]: Leaving directory `/blackhole/prog_2011/MPI/open_mpi_pgi/openmpi-1.4.5/opal/libltdl'
make[2]: Leaving directory `/blackhole/prog_2011/MPI/open_mpi_pgi/openmpi-1.4.5/opal/libltdl'
Making all in asm
make[2]: Entering directory `/blackhole/prog_2011/MPI/open_mpi_pgi/openmpi-1.4.5/opal/asm'
source='asm.c' object='asm.lo' libtool=yes \
DEPDIR=.deps depmode=none /bin/sh ../../config/depcomp \
/bin/sh ../../libtool --tag=CC   --mode=compile pgcc -DHAVE_CONFIG_H -I. -I../../opal/include -I../../orte/include -I../../ompi/include -I../../opal/mca/paffinity/linux/plpa/src/libplpa   -I../..  -D_REENTRANT  -O -DNDEBUG   -c -o asm.lo asm.c
libtool: compile:  pgcc -DHAVE_CONFIG_H -I. -I../../opal/include -I../../orte/include -I../../ompi/include -I../../opal/mca/paffinity/linux/plpa/src/libplpa -I../.. -D_REENTRANT -O -DNDEBUG -c asm.c  -fpic -DPIC -o .libs/asm.o
rm -f atomic-asm.S
ln -s "../../opal/asm/generated/atomic-amd64-linux-nongas.s" atomic-asm.S
source='atomic-asm.S' object='atomic-asm.lo' libtool=yes \
DEPDIR=.deps depmode=none /bin/sh ../../config/depcomp \
/bin/sh ../../libtool   --mode=compile pgcc -DHAVE_CONFIG_H -I. -I../../opal/include -I../../orte/include -I../../ompi/include -I../../opal/mca/paffinity/linux/plpa/src/libplpa   -I../..  -D_REENTRANT  -O -DNDEBUG  -c -o atomic-asm.lo atomic-asm.S
libtool: compile:  pgcc -DHAVE_CONFIG_H -I. -I../../opal/include -I../../orte/include -I../../ompi/include -I../../opal/mca/paffinity/linux/plpa/src/libplpa -I../.. -D_REENTRANT -O -DNDEBUG -c atomic-asm.S  -fpic -DPIC -o .libs/atomic-asm.o
/bin/sh ../../libtool --tag=CC   --mode=link pgcc  -O -DNDEBUG    -export-dynamic   -o libasm.la  asm.lo atomic-asm.lo  -lnsl -lutil  -lpthread
libtool: link: ar cru .libs/libasm.a .libs/asm.o .libs/atomic-asm.o 
libtool: link: ranlib .libs/libasm.a
libtool: link: ( cd ".libs" && rm -f "libasm.la" && ln -s "../libasm.la" "libasm.la" )
make[2]: Leaving directory `/blackhole/prog_2011/MPI/open_mpi_pgi/openmpi-1.4.5/opal/asm'
Making all in etc
make[2]: Entering directory `/blackhole/prog_2011/MPI/open_mpi_pgi/openmpi-1.4.5/opal/etc'
make[2]: Nothing to be done for `all'.
make[2]: Leaving directory `/blackhole/prog_2011/MPI/open_mpi_pgi/openmpi-1.4.5/opal/etc'
Making all in event
make[2]: Entering directory `/blackhole/prog_2011/MPI/open_mpi_pgi/openmpi-1.4.5/opal/event'
Making all in compat
make[3]: Entering directory `/blackhole/prog_2011/MPI/open_mpi_pgi/openmpi-1.4.5/opal/event/compat'
Making all in sys
make[4]: Entering directory `/blackhole/prog_2011/MPI/open_mpi_pgi/openmpi-1.4.5/opal/event/compat/sys'
make[4]: Nothing to be done for `all'.
make[4]: Leaving directory `/blackhole/prog_2011/MPI/open_mpi_pgi/openmpi-1.4.5/opal/event/compat/sys'
make[4]: Entering directory `/blackhole/prog_2011/MPI/open_mpi_pgi/openmpi-1.4.5/opal/event/compat'
make[4]: Nothing to be done for `all-am'.
make[4]: Leaving directory `/blackhole/prog_2011/MPI/open_mpi_pgi/openmpi-1.4.5/opal/event/compat'
make[3]: Leaving directory `/blackhole/prog_2011/MPI/open_mpi_pgi/openmpi-1.4.5/opal/event/compat'
make[3]: Entering directory `/blackhole/prog_2011/MPI/open_mpi_pgi/openmpi-1.4.5/opal/event'
source='event.c' object='event.lo' libtool=yes \
DEPDIR=.deps depmode=none /bin/sh ../../config/depcomp \
/bin/sh ../../libtool --tag=CC   --mode=compile pgcc -DHAVE_CONFIG_H -I. -I../../opal/include -I../../orte/include -I../../ompi/include -I../../opal/mca/paffinity/linux/plpa/src/libplpa  -I../../opal/event/compat -I../..  -D_REENTRANT  -O -DNDEBUG   -c -o event.lo event.c
libtool: compile:  pgcc -DHAVE_CONFIG_H -I. -I../../opal/include -I../../orte/include -I../../ompi/include -I../../opal/mca/paffinity/linux/plpa/src/libplpa -I../../opal/event/compat -I../.. -D_REENTRANT -O -DNDEBUG -c event.c  -fpic -DPIC -o .libs/event.o
PGC-W-0221-Redefinition of symbol CPU_SET (/opt/pgi/linux86-64/10.0/include/sched.h: 20)
PGC-W-0221-Redefinition of symbol CPU_CLR (/opt/pgi/linux86-64/10.0/include/sched.h: 21)
PGC-W-0221-Redefinition of symbol CPU_ISSET (/opt/pgi/linux86-64/10.0/include/sched.h: 22)
PGC-W-0221-Redefinition of symbol CPU_ZERO (/opt/pgi/linux86-64/10.0/include/sched.h: 23)
PGC/x86-64 Linux 10.0-0: compilation completed with warnings
source='log.c' object='log.lo' libtool=yes \
DEPDIR=.deps depmode=none /bin/sh ../../config/depcomp \
/bin/sh ../../libtool --tag=CC   --mode=compile pgcc -DHAVE_CONFIG_H -I. -I../../opal/include -I../../orte/include -I../../ompi/include -I../../opal/mca/paffinity/linux/plpa/src/libplpa  -I../../opal/event/compat -I../..  -D_REENTRANT  -O -DNDEBUG   -c -o log.lo log.c
libtool: compile:  pgcc -DHAVE_CONFIG_H -I. -I../../opal/include -I../../orte/include -I../../ompi/include -I../../opal/mca/paffinity/linux/plpa/src/libplpa -I../../opal/event/compat -I../.. -D_REENTRANT -O -DNDEBUG -c log.c  -fpic -DPIC -o .libs/log.o
PGC-W-0221-Redefinition of symbol CPU_SET (/opt/pgi/linux86-64/10.0/include/sched.h: 20)
PGC-W-0221-Redefinition of symbol CPU_CLR (/opt/pgi/linux86-64/10.0/include/sched.h: 21)
PGC-W-0221-Redefinition of symbol CPU_ISSET (/opt/pgi/linux86-64/10.0/include/sched.h: 22)
PGC-W-0221-Redefinition of symbol CPU_ZERO (/opt/pgi/linux86-64/10.0/include/sched.h: 23)
PGC/x86-64 Linux 10.0-0: compilation completed with warnings
source='evutil.c' object='evutil.lo' libtool=yes \
DEPDIR=.deps depmode=none /bin/sh ../../config/depcomp \
/bin/sh ../../libtool --tag=CC   --mode=compile pgcc -DHAVE_CONFIG_H -I. -I../../opal/include -I../../orte/include -I../../ompi/include -I../../opal/mca/paffinity/linux/plpa/src/libplpa  -I../../opal/event/compat -I../..  -D_REENTRANT  -O -DNDEBUG   -c -o evutil.lo evutil.c
libtool: compile:  pgcc -DHAVE_CONFIG_H -I. -I../../opal/include -I../../orte/include -I../../ompi/include -I../../opal/mca/paffinity/linux/plpa/src/libplpa -I../../opal/event/compat -I../.. -D_REENTRANT -O -DNDEBUG -c evutil.c  -fpic -DPIC -o .libs/evutil.o
PGC-W-0221-Redefinition of symbol PF_INET6 (/usr/include/bits/socket.h: 86)
PGC-W-0221-Redefinition of symbol AF_UNSPEC (/usr/include/bits/socket.h: 117)
PGC-W-0221-Redefinition of symbol AF_INET6 (/usr/include/bits/socket.h: 129)
PGC/x86-64 Linux 10.0-0: compilation completed with warnings
source='signal.c' object='signal.lo' libtool=yes \
DEPDIR=.deps depmode=none /bin/sh ../../config/depcomp \
/bin/sh ../../libtool --tag=CC   --mode=compile pgcc -DHAVE_CONFIG_H -I. -I../../opal/include -I../../orte/include -I../../ompi/include -I../../opal/mca/paffinity/linux/plpa/src/libplpa  -I../../opal/event/compat -I../..  -D_REENTRANT  -O -DNDEBUG   -c -o signal.lo signal.c
libtool: compile:  pgcc -DHAVE_CONFIG_H -I. -I../../opal/include -I../../orte/include -I../../ompi/include -I../../opal/mca/paffinity/linux/plpa/src/libplpa -I../../opal/event/compat -I../.. -D_REENTRANT -O -DNDEBUG -c signal.c  -fpic -DPIC -o .libs/signal.o
PGC-W-0221-Redefinition of symbol PF_INET6 (/usr/include/bits/socket.h: 86)
PGC-W-0221-Redefinition of symbol AF_UNSPEC (/usr/include/bits/socket.h: 117)
PGC-W-0221-Redefinition of symbol AF_INET6 (/usr/include/bits/socket.h: 129)
PGC-W-0221-Redefinition of symbol CPU_SET (/opt/pgi/linux86-64/10.0/include/sched.h: 20)
PGC-W-0221-Redefinition of symbol CPU_CLR (/opt/pgi/linux86-64/10.0/include/sched.h: 21)
PGC-W-0221-Redefinition of symbol CPU_ISSET (/opt/pgi/linux86-64/10.0/include/sched.h: 22)
PGC-W-0221-Redefinition of symbol CPU_ZERO (/opt/pgi/linux86-64/10.0/include/sched.h: 23)
PGC/x86-64 Linux 10.0-0: compilation completed with warnings
source='poll.c' object='poll.lo' libtool=yes \
DEPDIR=.deps depmode=none /bin/sh ../../config/depcomp \
/bin/sh ../../libtool --tag=CC   --mode=compile pgcc -DHAVE_CONFIG_H -I. -I../../opal/include -I../../orte/include -I../../ompi/include -I../../opal/mca/paffinity/linux/plpa/src/libplpa  -I../../opal/event/compat -I../..  -D_REENTRANT  -O -DNDEBUG   -c -o poll.lo poll.c
libtool: compile:  pgcc -DHAVE_CONFIG_H -I. -I../../opal/include -I../../orte/include -I../../ompi/include -I../../opal/mca/paffinity/linux/plpa/src/libplpa -I../../opal/event/compat -I../.. -D_REENTRANT -O -DNDEBUG -c poll.c  -fpic -DPIC -o .libs/poll.o
PGC-W-0221-Redefinition of symbol CPU_SET (/opt/pgi/linux86-64/10.0/include/sched.h: 20)
PGC-W-0221-Redefinition of symbol CPU_CLR (/opt/pgi/linux86-64/10.0/include/sched.h: 21)
PGC-W-0221-Redefinition of symbol CPU_ISSET (/opt/pgi/linux86-64/10.0/include/sched.h: 22)
PGC-W-0221-Redefinition of symbol CPU_ZERO (/opt/pgi/linux86-64/10.0/include/sched.h: 23)
PGC/x86-64 Linux 10.0-0: compilation completed with warnings
source='select.c' object='select.lo' libtool=yes \
DEPDIR=.deps depmode=none /bin/sh ../../config/depcomp \
/bin/sh ../../libtool --tag=CC   --mode=compile pgcc -DHAVE_CONFIG_H -I. -I../../opal/include -I../../orte/include -I../../ompi/include -I../../opal/mca/paffinity/linux/plpa/src/libplpa  -I../../opal/event/compat -I../..  -D_REENTRANT  -O -DNDEBUG   -c -o select.lo select.c
libtool: compile:  pgcc -DHAVE_CONFIG_H -I. -I../../opal/include -I../../orte/include -I../../ompi/include -I../../opal/mca/paffinity/linux/plpa/src/libplpa -I../../opal/event/compat -I../.. -D_REENTRANT -O -DNDEBUG -c select.c  -fpic -DPIC -o .libs/select.o
PGC-W-0221-Redefinition of symbol CPU_SET (/opt/pgi/linux86-64/10.0/include/sched.h: 20)
PGC-W-0221-Redefinition of symbol CPU_CLR (/opt/pgi/linux86-64/10.0/include/sched.h: 21)
PGC-W-0221-Redefinition of symbol CPU_ISSET (/opt/pgi/linux86-64/10.0/include/sched.h: 22)
PGC-W-0221-Redefinition of symbol CPU_ZERO (/opt/pgi/linux86-64/10.0/include/sched.h: 23)
PGC/x86-64 Linux 10.0-0: compilation completed with warnings
/bin/sh ../../libtool --tag=CC   --mode=link pgcc  -O -DNDEBUG    -export-dynamic   -o libevent.la  event.lo log.lo evutil.lo  signal.lo poll.lo select.lo -lnsl -lutil  -lpthread
libtool: link: ar cru .libs/libevent.a .libs/event.o .libs/log.o .libs/evutil.o .libs/signal.o .libs/poll.o .libs/select.o 
libtool: link: ranlib .libs/libevent.a
libtool: link: ( cd ".libs" && rm -f "libevent.la" && ln -s "../libevent.la" "libevent.la" )
make[3]: Leaving directory `/blackhole/prog_2011/MPI/open_mpi_pgi/openmpi-1.4.5/opal/event'
make[2]: Leaving directory `/blackhole/prog_2011/MPI/open_mpi_pgi/openmpi-1.4.5/opal/event'
Making all in util
make[2]: Entering directory `/blackhole/prog_2011/MPI/open_mpi_pgi/openmpi-1.4.5/opal/util'
Making all in keyval
make[3]: Entering directory `/blackhole/prog_2011/MPI/open_mpi_pgi/openmpi-1.4.5/opal/util/keyval'
source='keyval_lex.c' object='keyval_lex.lo' libtool=yes \
DEPDIR=.deps depmode=none /bin/sh ../../../config/depcomp \
/bin/sh ../../../libtool --tag=CC   --mode=compile pgcc -DHAVE_CONFIG_H -I. -I../../../opal/include -I../../../orte/include -I../../../ompi/include -I../../../opal/mca/paffinity/linux/plpa/src/libplpa   -I../../..  -D_REENTRANT  -O -DNDEBUG   -c -o keyval_lex.lo keyval_lex.c
libtool: compile:  pgcc -DHAVE_CONFIG_H -I. -I../../../opal/include -I../../../orte/include -I../../../ompi/include -I../../../opal/mca/paffinity/linux/plpa/src/libplpa -I../../.. -D_REENTRANT -O -DNDEBUG -c keyval_lex.c  -fpic -DPIC -o .libs/keyval_lex.o
PGC-S-0040-Illegal use of symbol, __INT_LEAST8_TYPE__ (/usr/lib/gcc/x86_64-redhat-linux/4.6.3/include/stdint-gcc.h: 60)
PGC-W-0156-Type not specified, 'int' assumed (/usr/lib/gcc/x86_64-redhat-linux/4.6.3/include/stdint-gcc.h: 60)
PGC-S-0040-Illegal use of symbol, __INT_LEAST16_TYPE__ (/usr/lib/gcc/x86_64-redhat-linux/4.6.3/include/stdint-gcc.h: 61)
PGC-W-0156-Type not specified, 'int' assumed (/usr/lib/gcc/x86_64-redhat-linux/4.6.3/include/stdint-gcc.h: 61)
PGC-S-0040-Illegal use of symbol, __INT_LEAST32_TYPE__ (/usr/lib/gcc/x86_64-redhat-linux/4.6.3/include/stdint-gcc.h: 62)
PGC-W-0156-Type not specified, 'int' assumed (/usr/lib/gcc/x86_64-redhat-linux/4.6.3/include/stdint-gcc.h: 62)
PGC-S-0040-Illegal use of symbol, __INT_LEAST64_TYPE__ (/usr/lib/gcc/x86_64-redhat-linux/4.6.3/include/stdint-gcc.h: 63)
PGC-W-0156-Type not specified, 'int' assumed (/usr/lib/gcc/x86_64-redhat-linux/4.6.3/include/stdint-gcc.h: 63)
PGC-S-0040-Illegal use of symbol, __UINT_LEAST8_TYPE__ (/usr/lib/gcc/x86_64-redhat-linux/4.6.3/include/stdint-gcc.h: 64)
PGC-W-0156-Type not specified, 'int' assumed (/usr/lib/gcc/x86_64-redhat-linux/4.6.3/include/stdint-gcc.h: 64)
PGC-S-0040-Illegal use of symbol, __UINT_LEAST16_TYPE__ (/usr/lib/gcc/x86_64-redhat-linux/4.6.3/include/stdint-gcc.h: 65)
PGC-W-0156-Type not specified, 'int' assumed (/usr/lib/gcc/x86_64-redhat-linux/4.6.3/include/stdint-gcc.h: 65)
PGC-S-0040-Illegal use of symbol, __UINT_LEAST32_TYPE__ (/usr/lib/gcc/x86_64-redhat-linux/4.6.3/include/stdint-gcc.h: 66)
PGC-W-0156-Type not specified, 'int' assumed (/usr/lib/gcc/x86_64-redhat-linux/4.6.3/include/stdint-gcc.h: 66)
PGC-S-0040-Illegal use of symbol, __UINT_LEAST64_TYPE__ (/usr/lib/gcc/x86_64-redhat-linux/4.6.3/include/stdint-gcc.h: 67)
PGC-W-0156-Type not specified, 'int' assumed (/usr/lib/gcc/x86_64-redhat-linux/4.6.3/include/stdint-gcc.h: 67)
PGC-S-0040-Illegal use of symbol, __INT_FAST8_TYPE__ (/usr/lib/gcc/x86_64-redhat-linux/4.6.3/include/stdint-gcc.h: 71)
PGC-W-0156-Type not specified, 'int' assumed (/usr/lib/gcc/x86_64-redhat-linux/4.6.3/include/stdint-gcc.h: 71)
PGC-S-0040-Illegal use of symbol, __INT_FAST16_TYPE__ (/usr/lib/gcc/x86_64-redhat-linux/4.6.3/include/stdint-gcc.h: 72)
PGC-W-0156-Type not specified, 'int' assumed (/usr/lib/gcc/x86_64-redhat-linux/4.6.3/include/stdint-gcc.h: 72)
PGC-S-0040-Illegal use of symbol, __INT_FAST32_TYPE__ (/usr/lib/gcc/x86_64-redhat-linux/4.6.3/include/stdint-gcc.h: 73)
PGC-W-0156-Type not specified, 'int' assumed (/usr/lib/gcc/x86_64-redhat-linux/4.6.3/include/stdint-gcc.h: 73)
PGC-S-0040-Illegal use of symbol, __INT_FAST64_TYPE__ (/usr/lib/gcc/x86_64-redhat-linux/4.6.3/include/stdint-gcc.h: 74)
PGC-W-0156-Type not specified, 'int' assumed (/usr/lib/gcc/x86_64-redhat-linux/4.6.3/include/stdint-gcc.h: 74)
PGC-S-0040-Illegal use of symbol, __UINT_FAST8_TYPE__ (/usr/lib/gcc/x86_64-redhat-linux/4.6.3/include/stdint-gcc.h: 75)
PGC-W-0156-Type not specified, 'int' assumed (/usr/lib/gcc/x86_64-redhat-linux/4.6.3/include/stdint-gcc.h: 75)
PGC-S-0040-Illegal use of symbol, __UINT_FAST16_TYPE__ (/usr/lib/gcc/x86_64-redhat-linux/4.6.3/include/stdint-gcc.h: 76)
PGC-W-0156-Type not specified, 'int' assumed (/usr/lib/gcc/x86_64-redhat-linux/4.6.3/include/stdint-gcc.h: 76)
PGC-S-0040-Illegal use of symbol, __UINT_FAST32_TYPE__ (/usr/lib/gcc/x86_64-redhat-linux/4.6.3/include/stdint-gcc.h: 77)
PGC-W-0156-Type not specified, 'int' assumed (/usr/lib/gcc/x86_64-redhat-linux/4.6.3/include/stdint-gcc.h: 77)
PGC-S-0040-Illegal use of symbol, __UINT_FAST64_TYPE__ (/usr/lib/gcc/x86_64-redhat-linux/4.6.3/include/stdint-gcc.h: 78)
PGC-W-0156-Type not specified, 'int' assumed (/usr/lib/gcc/x86_64-redhat-linux/4.6.3/include/stdint-gcc.h: 78)
PGC-S-0040-Illegal use of symbol, __INTMAX_TYPE__ (/usr/lib/gcc/x86_64-redhat-linux/4.6.3/include/stdint-gcc.h: 91)
PGC-W-0156-Type not specified, 'int' assumed (/usr/lib/gcc/x86_64-redhat-linux/4.6.3/include/stdint-gcc.h: 91)
PGC-S-0040-Illegal use of symbol, __UINTMAX_TYPE__ (/usr/lib/gcc/x86_64-redhat-linux/4.6.3/include/stdint-gcc.h: 92)
PGC-W-0156-Type not specified, 'int' assumed (/usr/lib/gcc/x86_64-redhat-linux/4.6.3/include/stdint-gcc.h: 92)
PGC-S-0040-Illegal use of symbol, uint8_t (keyval_lex.c: 63)
PGC-W-0156-Type not specified, 'int' assumed (keyval_lex.c: 63)
PGC-S-0040-Illegal use of symbol, uint16_t (keyval_lex.c: 65)
PGC-W-0156-Type not specified, 'int' assumed (keyval_lex.c: 65)
PGC-S-0040-Illegal use of symbol, uint32_t (keyval_lex.c: 67)
PGC-W-0156-Type not specified, 'int' assumed (keyval_lex.c: 67)
PGC-S-0043-Redefinition of symbol, uint8_t (../../../opal/include/opal_stdint.h: 44)
PGC-S-0043-Redefinition of symbol, uint16_t (../../../opal/include/opal_stdint.h: 62)
PGC-S-0043-Redefinition of symbol, uint32_t (../../../opal/include/opal_stdint.h: 80)
PGC/x86-64 Linux 10.0-0: compilation completed with severe errors
make[3]: *** [keyval_lex.lo] Error 1
make[3]: Leaving directory `/blackhole/prog_2011/MPI/open_mpi_pgi/openmpi-1.4.5/opal/util/keyval'
make[2]: *** [all-recursive] Error 1
make[2]: Leaving directory `/blackhole/prog_2011/MPI/open_mpi_pgi/openmpi-1.4.5/opal/util'
make[1]: *** [all-recursive] Error 1
make[1]: Leaving directory `/blackhole/prog_2011/MPI/open_mpi_pgi/openmpi-1.4.5/opal'
make: *** [all-recursive] Error 1
