Making all in config
make[1]: Entering directory `/home/rehogan/openmpi-1.6.1/config'
make[1]: Nothing to be done for `all'.
make[1]: Leaving directory `/home/rehogan/openmpi-1.6.1/config'
Making all in contrib
make[1]: Entering directory `/home/rehogan/openmpi-1.6.1/contrib'
make[1]: Nothing to be done for `all'.
make[1]: Leaving directory `/home/rehogan/openmpi-1.6.1/contrib'
Making all in opal
make[1]: Entering directory `/home/rehogan/openmpi-1.6.1/opal'
Making all in include
make[2]: Entering directory `/home/rehogan/openmpi-1.6.1/opal/include'
make  all-am
make[3]: Entering directory `/home/rehogan/openmpi-1.6.1/opal/include'
make[3]: Leaving directory `/home/rehogan/openmpi-1.6.1/opal/include'
make[2]: Leaving directory `/home/rehogan/openmpi-1.6.1/opal/include'
Making all in libltdl
make[2]: Entering directory `/home/rehogan/openmpi-1.6.1/opal/libltdl'
make  all-am
make[3]: Entering directory `/home/rehogan/openmpi-1.6.1/opal/libltdl'
/bin/sh ./libtool  --tag=CC   --mode=compile gcc -DHAVE_CONFIG_H -I.  -DLT_CONFIG_H='<config.h>' -DLTDL -I. -I.  -Ilibltdl -I./libltdl -I./libltdl -D_REENTRANT -I/home/rehogan/openmpi-1.6.1/opal/mca/hwloc/hwloc132/hwloc/include   -I/usr/include/infiniband -I/usr/include/infiniband   -DNDEBUG -g -O2  -MT dlopen.lo -MD -MP -MF .deps/dlopen.Tpo -c -o dlopen.lo `test -f 'loaders/dlopen.c' || echo './'`loaders/dlopen.c
libtool: compile:  gcc -DHAVE_CONFIG_H -I. "-DLT_CONFIG_H=<config.h>" -DLTDL -I. -I. -Ilibltdl -I./libltdl -I./libltdl -D_REENTRANT -I/home/rehogan/openmpi-1.6.1/opal/mca/hwloc/hwloc132/hwloc/include -I/usr/include/infiniband -I/usr/include/infiniband -DNDEBUG -g -O2 -MT dlopen.lo -MD -MP -MF .deps/dlopen.Tpo -c loaders/dlopen.c  -DDLL_EXPORT -DPIC -o .libs/dlopen.o
mv -f .deps/dlopen.Tpo .deps/dlopen.Plo
/bin/sh ./libtool --tag=CC    --mode=link gcc  -DNDEBUG -g -O2   -module -avoid-version  -o dlopen.la  dlopen.lo  
libtool: link: ar cru .libs/dlopen.a .libs/dlopen.o 
libtool: link: ranlib .libs/dlopen.a
libtool: link: ( cd ".libs" && rm -f "dlopen.la" && ln -s "../dlopen.la" "dlopen.la" )
/bin/sh ./libtool  --tag=CC   --mode=compile gcc -DHAVE_CONFIG_H -I.  -DLT_CONFIG_H='<config.h>' -DLTDL -I. -I.  -Ilibltdl -I./libltdl -I./libltdl -D_REENTRANT -I/home/rehogan/openmpi-1.6.1/opal/mca/hwloc/hwloc132/hwloc/include   -I/usr/include/infiniband -I/usr/include/infiniband   -DNDEBUG -g -O2  -MT loadlibrary.lo -MD -MP -MF .deps/loadlibrary.Tpo -c -o loadlibrary.lo `test -f 'loaders/loadlibrary.c' || echo './'`loaders/loadlibrary.c
libtool: compile:  gcc -DHAVE_CONFIG_H -I. "-DLT_CONFIG_H=<config.h>" -DLTDL -I. -I. -Ilibltdl -I./libltdl -I./libltdl -D_REENTRANT -I/home/rehogan/openmpi-1.6.1/opal/mca/hwloc/hwloc132/hwloc/include -I/usr/include/infiniband -I/usr/include/infiniband -DNDEBUG -g -O2 -MT loadlibrary.lo -MD -MP -MF .deps/loadlibrary.Tpo -c loaders/loadlibrary.c  -DDLL_EXPORT -DPIC -o .libs/loadlibrary.o
mv -f .deps/loadlibrary.Tpo .deps/loadlibrary.Plo
/bin/sh ./libtool --tag=CC    --mode=link gcc  -DNDEBUG -g -O2   -module -avoid-version  -o loadlibrary.la  loadlibrary.lo  
libtool: link: ar cru .libs/loadlibrary.a .libs/loadlibrary.o 
libtool: link: ranlib .libs/loadlibrary.a
libtool: link: ( cd ".libs" && rm -f "loadlibrary.la" && ln -s "../loadlibrary.la" "loadlibrary.la" )
/bin/sh ./libtool  --tag=CC   --mode=compile gcc -DHAVE_CONFIG_H -I.  -DLTDLOPEN=libltdlc -DLT_CONFIG_H='<config.h>' -DLTDL -I. -I.  -Ilibltdl -I./libltdl -I./libltdl -D_REENTRANT -I/home/rehogan/openmpi-1.6.1/opal/mca/hwloc/hwloc132/hwloc/include   -I/usr/include/infiniband -I/usr/include/infiniband   -DNDEBUG -g -O2  -MT libltdlc_la-preopen.lo -MD -MP -MF .deps/libltdlc_la-preopen.Tpo -c -o libltdlc_la-preopen.lo `test -f 'loaders/preopen.c' || echo './'`loaders/preopen.c
libtool: compile:  gcc -DHAVE_CONFIG_H -I. -DLTDLOPEN=libltdlc "-DLT_CONFIG_H=<config.h>" -DLTDL -I. -I. -Ilibltdl -I./libltdl -I./libltdl -D_REENTRANT -I/home/rehogan/openmpi-1.6.1/opal/mca/hwloc/hwloc132/hwloc/include -I/usr/include/infiniband -I/usr/include/infiniband -DNDEBUG -g -O2 -MT libltdlc_la-preopen.lo -MD -MP -MF .deps/libltdlc_la-preopen.Tpo -c loaders/preopen.c  -DDLL_EXPORT -DPIC -o .libs/libltdlc_la-preopen.o
mv -f .deps/libltdlc_la-preopen.Tpo .deps/libltdlc_la-preopen.Plo
/bin/sh ./libtool  --tag=CC   --mode=compile gcc -DHAVE_CONFIG_H -I.  -DLTDLOPEN=libltdlc -DLT_CONFIG_H='<config.h>' -DLTDL -I. -I.  -Ilibltdl -I./libltdl -I./libltdl -D_REENTRANT -I/home/rehogan/openmpi-1.6.1/opal/mca/hwloc/hwloc132/hwloc/include   -I/usr/include/infiniband -I/usr/include/infiniband   -DNDEBUG -g -O2  -MT libltdlc_la-lt__alloc.lo -MD -MP -MF .deps/libltdlc_la-lt__alloc.Tpo -c -o libltdlc_la-lt__alloc.lo `test -f 'lt__alloc.c' || echo './'`lt__alloc.c
libtool: compile:  gcc -DHAVE_CONFIG_H -I. -DLTDLOPEN=libltdlc "-DLT_CONFIG_H=<config.h>" -DLTDL -I. -I. -Ilibltdl -I./libltdl -I./libltdl -D_REENTRANT -I/home/rehogan/openmpi-1.6.1/opal/mca/hwloc/hwloc132/hwloc/include -I/usr/include/infiniband -I/usr/include/infiniband -DNDEBUG -g -O2 -MT libltdlc_la-lt__alloc.lo -MD -MP -MF .deps/libltdlc_la-lt__alloc.Tpo -c lt__alloc.c  -DDLL_EXPORT -DPIC -o .libs/libltdlc_la-lt__alloc.o
mv -f .deps/libltdlc_la-lt__alloc.Tpo .deps/libltdlc_la-lt__alloc.Plo
/bin/sh ./libtool  --tag=CC   --mode=compile gcc -DHAVE_CONFIG_H -I.  -DLTDLOPEN=libltdlc -DLT_CONFIG_H='<config.h>' -DLTDL -I. -I.  -Ilibltdl -I./libltdl -I./libltdl -D_REENTRANT -I/home/rehogan/openmpi-1.6.1/opal/mca/hwloc/hwloc132/hwloc/include   -I/usr/include/infiniband -I/usr/include/infiniband   -DNDEBUG -g -O2  -MT libltdlc_la-lt_dlloader.lo -MD -MP -MF .deps/libltdlc_la-lt_dlloader.Tpo -c -o libltdlc_la-lt_dlloader.lo `test -f 'lt_dlloader.c' || echo './'`lt_dlloader.c
libtool: compile:  gcc -DHAVE_CONFIG_H -I. -DLTDLOPEN=libltdlc "-DLT_CONFIG_H=<config.h>" -DLTDL -I. -I. -Ilibltdl -I./libltdl -I./libltdl -D_REENTRANT -I/home/rehogan/openmpi-1.6.1/opal/mca/hwloc/hwloc132/hwloc/include -I/usr/include/infiniband -I/usr/include/infiniband -DNDEBUG -g -O2 -MT libltdlc_la-lt_dlloader.lo -MD -MP -MF .deps/libltdlc_la-lt_dlloader.Tpo -c lt_dlloader.c  -DDLL_EXPORT -DPIC -o .libs/libltdlc_la-lt_dlloader.o
mv -f .deps/libltdlc_la-lt_dlloader.Tpo .deps/libltdlc_la-lt_dlloader.Plo
/bin/sh ./libtool  --tag=CC   --mode=compile gcc -DHAVE_CONFIG_H -I.  -DLTDLOPEN=libltdlc -DLT_CONFIG_H='<config.h>' -DLTDL -I. -I.  -Ilibltdl -I./libltdl -I./libltdl -D_REENTRANT -I/home/rehogan/openmpi-1.6.1/opal/mca/hwloc/hwloc132/hwloc/include   -I/usr/include/infiniband -I/usr/include/infiniband   -DNDEBUG -g -O2  -MT libltdlc_la-lt_error.lo -MD -MP -MF .deps/libltdlc_la-lt_error.Tpo -c -o libltdlc_la-lt_error.lo `test -f 'lt_error.c' || echo './'`lt_error.c
libtool: compile:  gcc -DHAVE_CONFIG_H -I. -DLTDLOPEN=libltdlc "-DLT_CONFIG_H=<config.h>" -DLTDL -I. -I. -Ilibltdl -I./libltdl -I./libltdl -D_REENTRANT -I/home/rehogan/openmpi-1.6.1/opal/mca/hwloc/hwloc132/hwloc/include -I/usr/include/infiniband -I/usr/include/infiniband -DNDEBUG -g -O2 -MT libltdlc_la-lt_error.lo -MD -MP -MF .deps/libltdlc_la-lt_error.Tpo -c lt_error.c  -DDLL_EXPORT -DPIC -o .libs/libltdlc_la-lt_error.o
mv -f .deps/libltdlc_la-lt_error.Tpo .deps/libltdlc_la-lt_error.Plo
/bin/sh ./libtool  --tag=CC   --mode=compile gcc -DHAVE_CONFIG_H -I.  -DLTDLOPEN=libltdlc -DLT_CONFIG_H='<config.h>' -DLTDL -I. -I.  -Ilibltdl -I./libltdl -I./libltdl -D_REENTRANT -I/home/rehogan/openmpi-1.6.1/opal/mca/hwloc/hwloc132/hwloc/include   -I/usr/include/infiniband -I/usr/include/infiniband   -DNDEBUG -g -O2  -MT libltdlc_la-ltdl.lo -MD -MP -MF .deps/libltdlc_la-ltdl.Tpo -c -o libltdlc_la-ltdl.lo `test -f 'ltdl.c' || echo './'`ltdl.c
libtool: compile:  gcc -DHAVE_CONFIG_H -I. -DLTDLOPEN=libltdlc "-DLT_CONFIG_H=<config.h>" -DLTDL -I. -I. -Ilibltdl -I./libltdl -I./libltdl -D_REENTRANT -I/home/rehogan/openmpi-1.6.1/opal/mca/hwloc/hwloc132/hwloc/include -I/usr/include/infiniband -I/usr/include/infiniband -DNDEBUG -g -O2 -MT libltdlc_la-ltdl.lo -MD -MP -MF .deps/libltdlc_la-ltdl.Tpo -c ltdl.c  -DDLL_EXPORT -DPIC -o .libs/libltdlc_la-ltdl.o
mv -f .deps/libltdlc_la-ltdl.Tpo .deps/libltdlc_la-ltdl.Plo
/bin/sh ./libtool  --tag=CC   --mode=compile gcc -DHAVE_CONFIG_H -I.  -DLTDLOPEN=libltdlc -DLT_CONFIG_H='<config.h>' -DLTDL -I. -I.  -Ilibltdl -I./libltdl -I./libltdl -D_REENTRANT -I/home/rehogan/openmpi-1.6.1/opal/mca/hwloc/hwloc132/hwloc/include   -I/usr/include/infiniband -I/usr/include/infiniband   -DNDEBUG -g -O2  -MT libltdlc_la-slist.lo -MD -MP -MF .deps/libltdlc_la-slist.Tpo -c -o libltdlc_la-slist.lo `test -f 'slist.c' || echo './'`slist.c
libtool: compile:  gcc -DHAVE_CONFIG_H -I. -DLTDLOPEN=libltdlc "-DLT_CONFIG_H=<config.h>" -DLTDL -I. -I. -Ilibltdl -I./libltdl -I./libltdl -D_REENTRANT -I/home/rehogan/openmpi-1.6.1/opal/mca/hwloc/hwloc132/hwloc/include -I/usr/include/infiniband -I/usr/include/infiniband -DNDEBUG -g -O2 -MT libltdlc_la-slist.lo -MD -MP -MF .deps/libltdlc_la-slist.Tpo -c slist.c  -DDLL_EXPORT -DPIC -o .libs/libltdlc_la-slist.o
mv -f .deps/libltdlc_la-slist.Tpo .deps/libltdlc_la-slist.Plo
/bin/sh ./libtool --tag=CC    --mode=link gcc  -DNDEBUG -g -O2   -no-undefined -dlpreopen dlopen.la -dlpreopen loadlibrary.la   -o libltdlc.la  libltdlc_la-preopen.lo libltdlc_la-lt__alloc.lo  libltdlc_la-lt_dlloader.lo libltdlc_la-lt_error.lo  libltdlc_la-ltdl.lo libltdlc_la-slist.lo  
libtool: link: rm -f .libs/libltdlc.nm .libs/libltdlc.nmS .libs/libltdlc.nmT
libtool: link: (cd .libs && gcc -DNDEBUG -g -O2 -c -fno-builtin  -DDLL_EXPORT -DPIC "libltdlcS.c")
libtool: link: rm -f ".libs/libltdlcS.c" ".libs/libltdlc.nm" ".libs/libltdlc.nmS" ".libs/libltdlc.nmT"
libtool: link: (cd .libs/libltdlc.lax/dlopen.a && ar x "/home/rehogan/openmpi-1.6.1/opal/libltdl/./.libs/dlopen.a")
libtool: link: (cd .libs/libltdlc.lax/loadlibrary.a && ar x "/home/rehogan/openmpi-1.6.1/opal/libltdl/./.libs/loadlibrary.a")
libtool: link: ar cru .libs/libltdlc.a .libs/libltdlc_la-preopen.o .libs/libltdlc_la-lt__alloc.o .libs/libltdlc_la-lt_dlloader.o .libs/libltdlc_la-lt_error.o .libs/libltdlc_la-ltdl.o .libs/libltdlc_la-slist.o .libs/libltdlcS.o  .libs/libltdlc.lax/dlopen.a/dlopen.o  .libs/libltdlc.lax/loadlibrary.a/loadlibrary.o 
libtool: link: ranlib .libs/libltdlc.a
libtool: link: rm -fr .libs/libltdlc.lax
libtool: link: ( cd ".libs" && rm -f "libltdlc.la" && ln -s "../libltdlc.la" "libltdlc.la" )
make[3]: Leaving directory `/home/rehogan/openmpi-1.6.1/opal/libltdl'
make[2]: Leaving directory `/home/rehogan/openmpi-1.6.1/opal/libltdl'
Making all in asm
make[2]: Entering directory `/home/rehogan/openmpi-1.6.1/opal/asm'
  CC     asm.lo
rm -f atomic-asm.S
ln -s "../../opal/asm/generated/atomic-ia32-cygwin-nongas.s" atomic-asm.S
  CPPAS  atomic-asm.lo
  CCLD   libasm.la
make[2]: Leaving directory `/home/rehogan/openmpi-1.6.1/opal/asm'
Making all in datatype
make[2]: Entering directory `/home/rehogan/openmpi-1.6.1/opal/datatype'
  CC     libdatatype_reliable_la-opal_datatype_pack.lo
  CC     libdatatype_reliable_la-opal_datatype_unpack.lo
  CCLD   libdatatype_reliable.la
  CC     opal_convertor.lo
  CC     opal_convertor_raw.lo
  CC     opal_copy_functions.lo
  CC     opal_copy_functions_heterogeneous.lo
  CC     opal_datatype_add.lo
  CC     opal_datatype_clone.lo
  CC     opal_datatype_copy.lo
  CC     opal_datatype_create.lo
  CC     opal_datatype_create_contiguous.lo
  CC     opal_datatype_destroy.lo
  CC     opal_datatype_dump.lo
  CC     opal_datatype_fake_stack.lo
  CC     opal_datatype_get_count.lo
  CC     opal_datatype_module.lo
  CC     opal_datatype_optimize.lo
  CC     opal_datatype_pack.lo
  CC     opal_datatype_position.lo
  CC     opal_datatype_resize.lo
  CC     opal_datatype_unpack.lo
  CCLD   libdatatype.la
make[2]: Leaving directory `/home/rehogan/openmpi-1.6.1/opal/datatype'
Making all in etc
make[2]: Entering directory `/home/rehogan/openmpi-1.6.1/opal/etc'
make[2]: Nothing to be done for `all'.
make[2]: Leaving directory `/home/rehogan/openmpi-1.6.1/opal/etc'
Making all in event
make[2]: Entering directory `/home/rehogan/openmpi-1.6.1/opal/event'
Making all in compat
make[3]: Entering directory `/home/rehogan/openmpi-1.6.1/opal/event/compat'
Making all in sys
make[4]: Entering directory `/home/rehogan/openmpi-1.6.1/opal/event/compat/sys'
make[4]: Nothing to be done for `all'.
make[4]: Leaving directory `/home/rehogan/openmpi-1.6.1/opal/event/compat/sys'
make[4]: Entering directory `/home/rehogan/openmpi-1.6.1/opal/event/compat'
make[4]: Nothing to be done for `all-am'.
make[4]: Leaving directory `/home/rehogan/openmpi-1.6.1/opal/event/compat'
make[3]: Leaving directory `/home/rehogan/openmpi-1.6.1/opal/event/compat'
make[3]: Entering directory `/home/rehogan/openmpi-1.6.1/opal/event'
  CC     event.lo
  CC     log.lo
  CC     evutil.lo
  CC     signal.lo
  CC     poll.lo
  CC     select.lo
  CCLD   libevent.la
make[3]: Leaving directory `/home/rehogan/openmpi-1.6.1/opal/event'
make[2]: Leaving directory `/home/rehogan/openmpi-1.6.1/opal/event'
Making all in util
make[2]: Entering directory `/home/rehogan/openmpi-1.6.1/opal/util'
Making all in keyval
make[3]: Entering directory `/home/rehogan/openmpi-1.6.1/opal/util/keyval'
  CC     keyval_lex.lo
  CCLD   libopalutilkeyval.la
make[3]: Leaving directory `/home/rehogan/openmpi-1.6.1/opal/util/keyval'
make[3]: Entering directory `/home/rehogan/openmpi-1.6.1/opal/util'
  CC     arch.lo
  CC     argv.lo
  CC     basename.lo
  CC     cmd_line.lo
  CC     crc.lo
  CC     convert.lo
  CC     daemon_init.lo
  CC     error.lo
  CC     few.lo
  CC     if.lo
  CC     keyval_parse.lo
  CC     malloc.lo
  CC     net.lo
  CC     numtostr.lo
  CC     opal_environ.lo
  CC     opal_getcwd.lo
  CC     opal_pty.lo
  CC     os_dirpath.lo
  CC     os_path.lo
  CC     output.lo
  CC     path.lo
  CC     printf.lo
  CC     qsort.lo
  CC     show_help.lo
  CC     show_help_lex.lo
  CC     stacktrace.lo
  CC     strncpy.lo
  CC     sys_limits.lo
  CC     trace.lo
  CC     fd.lo
  CCLD   libopalutil.la
make[3]: Leaving directory `/home/rehogan/openmpi-1.6.1/opal/util'
make[2]: Leaving directory `/home/rehogan/openmpi-1.6.1/opal/util'
Making all in mca/base
make[2]: Entering directory `/home/rehogan/openmpi-1.6.1/opal/mca/base'
  CC     mca_base_close.lo
  CC     mca_base_cmd_line.lo
  CC     mca_base_component_compare.lo
  CC     mca_base_component_find.lo
  CC     mca_base_component_repository.lo
  CC     mca_base_components_open.lo
  CC     mca_base_components_close.lo
  CC     mca_base_components_select.lo
  CC     mca_base_list.lo
  CC     mca_base_open.lo
  CC     mca_base_param.lo
  CC     mca_base_parse_paramfile.lo
  CCLD   libmca_base.la
make[2]: Leaving directory `/home/rehogan/openmpi-1.6.1/opal/mca/base'
Making all in mca/backtrace
make[2]: Entering directory `/home/rehogan/openmpi-1.6.1/opal/mca/backtrace'
  CC     base/backtrace_component.lo
  CCLD   libmca_backtrace.la
make[2]: Leaving directory `/home/rehogan/openmpi-1.6.1/opal/mca/backtrace'
Making all in mca/carto
make[2]: Entering directory `/home/rehogan/openmpi-1.6.1/opal/mca/carto'
  CC     base/carto_base_close.lo
  CC     base/carto_base_select.lo
  CC     base/carto_base_graph.lo
  CC     base/carto_base_wrapers.lo
  CC     base/carto_base_open.lo
  CCLD   libmca_carto.la
make[2]: Leaving directory `/home/rehogan/openmpi-1.6.1/opal/mca/carto'
Making all in mca/crs
make[2]: Entering directory `/home/rehogan/openmpi-1.6.1/opal/mca/crs'
  CC     base/crs_base_open.lo
  CC     base/crs_base_close.lo
  CC     base/crs_base_select.lo
  CC     base/crs_base_fns.lo
  CCLD   libmca_crs.la
make[2]: Leaving directory `/home/rehogan/openmpi-1.6.1/opal/mca/crs'
Making all in mca/hwloc
make[2]: Entering directory `/home/rehogan/openmpi-1.6.1/opal/mca/hwloc'
  CC     base/hwloc_base_close.lo
  CC     base/hwloc_base_open.lo
  CC     base/hwloc_base_dt.lo
  CC     base/hwloc_base_util.lo
  CC     base/hwloc_base_proc_mempolicy.lo
  CCLD   libmca_hwloc.la
make[2]: Leaving directory `/home/rehogan/openmpi-1.6.1/opal/mca/hwloc'
Making all in mca/installdirs
make[2]: Entering directory `/home/rehogan/openmpi-1.6.1/opal/mca/installdirs'
  CC     base/installdirs_base_components.lo
  CC     base/installdirs_base_expand.lo
  CCLD   libmca_installdirs.la
make[2]: Leaving directory `/home/rehogan/openmpi-1.6.1/opal/mca/installdirs'
Making all in mca/maffinity
make[2]: Entering directory `/home/rehogan/openmpi-1.6.1/opal/mca/maffinity'
  CC     base/maffinity_base_close.lo
  CC     base/maffinity_base_select.lo
  CC     base/maffinity_base_open.lo
  CC     base/maffinity_base_wrappers.lo
  CCLD   libmca_maffinity.la
make[2]: Leaving directory `/home/rehogan/openmpi-1.6.1/opal/mca/maffinity'
Making all in mca/memchecker
make[2]: Entering directory `/home/rehogan/openmpi-1.6.1/opal/mca/memchecker'
  CC     base/memchecker_base_close.lo
  CC     base/memchecker_base_open.lo
  CC     base/memchecker_base_select.lo
  CC     base/memchecker_base_wrappers.lo
  CCLD   libmca_memchecker.la
make[2]: Leaving directory `/home/rehogan/openmpi-1.6.1/opal/mca/memchecker'
Making all in mca/memcpy
make[2]: Entering directory `/home/rehogan/openmpi-1.6.1/opal/mca/memcpy'
  CC     base/memcpy_base_close.lo
  CC     base/memcpy_base_open.lo
  CCLD   libmca_memcpy.la
make[2]: Leaving directory `/home/rehogan/openmpi-1.6.1/opal/mca/memcpy'
Making all in mca/memory
make[2]: Entering directory `/home/rehogan/openmpi-1.6.1/opal/mca/memory'
  CC     base/memory_base_close.lo
  CC     base/memory_base_open.lo
  CC     base/memory_base_empty.lo
  CCLD   libmca_memory.la
make[2]: Leaving directory `/home/rehogan/openmpi-1.6.1/opal/mca/memory'
Making all in mca/paffinity
make[2]: Entering directory `/home/rehogan/openmpi-1.6.1/opal/mca/paffinity'
  CC     base/paffinity_base_close.lo
  CC     base/paffinity_base_select.lo
  CC     base/paffinity_base_open.lo
  CC     base/paffinity_base_wrappers.lo
  CC     base/paffinity_base_service.lo
  CCLD   libmca_paffinity.la
make[2]: Leaving directory `/home/rehogan/openmpi-1.6.1/opal/mca/paffinity'
Making all in mca/pstat
make[2]: Entering directory `/home/rehogan/openmpi-1.6.1/opal/mca/pstat'
  CC     base/pstat_base_close.lo
  CC     base/pstat_base_select.lo
  CC     base/pstat_base_open.lo
  CCLD   libmca_pstat.la
make[2]: Leaving directory `/home/rehogan/openmpi-1.6.1/opal/mca/pstat'
Making all in mca/shmem
make[2]: Entering directory `/home/rehogan/openmpi-1.6.1/opal/mca/shmem'
  CC     base/shmem_base_close.lo
  CC     base/shmem_base_select.lo
  CC     base/shmem_base_open.lo
  CC     base/shmem_base_wrappers.lo
  CCLD   libmca_shmem.la
make[2]: Leaving directory `/home/rehogan/openmpi-1.6.1/opal/mca/shmem'
Making all in mca/sysinfo
make[2]: Entering directory `/home/rehogan/openmpi-1.6.1/opal/mca/sysinfo'
  CC     base/sysinfo_base_close.lo
  CC     base/sysinfo_base_select.lo
  CC     base/sysinfo_base_open.lo
  CCLD   libmca_sysinfo.la
make[2]: Leaving directory `/home/rehogan/openmpi-1.6.1/opal/mca/sysinfo'
Making all in mca/timer
make[2]: Entering directory `/home/rehogan/openmpi-1.6.1/opal/mca/timer'
  CC     base/timer_base_close.lo
  CC     base/timer_base_open.lo
  CCLD   libmca_timer.la
make[2]: Leaving directory `/home/rehogan/openmpi-1.6.1/opal/mca/timer'
Making all in mca/backtrace/none
make[2]: Entering directory `/home/rehogan/openmpi-1.6.1/opal/mca/backtrace/none'
  CC     backtrace_none.lo
  CC     backtrace_none_component.lo
  CCLD   libmca_backtrace_none.la
make[2]: Leaving directory `/home/rehogan/openmpi-1.6.1/opal/mca/backtrace/none'
Making all in mca/hwloc/hwloc132
make[2]: Entering directory `/home/rehogan/openmpi-1.6.1/opal/mca/hwloc/hwloc132'
Making all in hwloc
make[3]: Entering directory `/home/rehogan/openmpi-1.6.1/opal/mca/hwloc/hwloc132/hwloc'
Making all in src
make[4]: Entering directory `/home/rehogan/openmpi-1.6.1/opal/mca/hwloc/hwloc132/hwloc/src'
  CC     topology.lo
  CC     traversal.lo
  CC     distances.lo
  CC     topology-synthetic.lo
  CC     topology-xml.lo
  CC     bind.lo
  CC     cpuset.lo
  CC     misc.lo
  CC     topology-windows.lo
topology-windows.c: In function 'hwloc_win_get_VirtualAllocExNumaProc':
topology-windows.c:323:30: warning: assignment from incompatible pointer type
topology-windows.c:328:28: warning: assignment from incompatible pointer type
topology-windows.c: In function 'opal_hwloc132_hwloc_look_windows':
topology-windows.c:469:36: warning: assignment from incompatible pointer type
topology-windows.c:470:38: warning: assignment from incompatible pointer type
  CC     topology-x86.lo
  CCLD   libhwloc_embedded.la
make[4]: Leaving directory `/home/rehogan/openmpi-1.6.1/opal/mca/hwloc/hwloc132/hwloc/src'
Making all in include
make[4]: Entering directory `/home/rehogan/openmpi-1.6.1/opal/mca/hwloc/hwloc132/hwloc/include'
make[4]: Nothing to be done for `all'.
make[4]: Leaving directory `/home/rehogan/openmpi-1.6.1/opal/mca/hwloc/hwloc132/hwloc/include'
make[4]: Entering directory `/home/rehogan/openmpi-1.6.1/opal/mca/hwloc/hwloc132/hwloc'
make[4]: Nothing to be done for `all-am'.
make[4]: Leaving directory `/home/rehogan/openmpi-1.6.1/opal/mca/hwloc/hwloc132/hwloc'
make[3]: Leaving directory `/home/rehogan/openmpi-1.6.1/opal/mca/hwloc/hwloc132/hwloc'
make[3]: Entering directory `/home/rehogan/openmpi-1.6.1/opal/mca/hwloc/hwloc132'
  CC     hwloc132_component.lo
  CCLD   libmca_hwloc_hwloc132.la
make[3]: Leaving directory `/home/rehogan/openmpi-1.6.1/opal/mca/hwloc/hwloc132'
make[2]: Leaving directory `/home/rehogan/openmpi-1.6.1/opal/mca/hwloc/hwloc132'
Making all in mca/installdirs/env
make[2]: Entering directory `/home/rehogan/openmpi-1.6.1/opal/mca/installdirs/env'
  CC     opal_installdirs_env.lo
  CCLD   libmca_installdirs_env.la
make[2]: Leaving directory `/home/rehogan/openmpi-1.6.1/opal/mca/installdirs/env'
Making all in mca/installdirs/config
make[2]: Entering directory `/home/rehogan/openmpi-1.6.1/opal/mca/installdirs/config'
  CC     opal_installdirs_config.lo
  CCLD   libmca_installdirs_config.la
make[2]: Leaving directory `/home/rehogan/openmpi-1.6.1/opal/mca/installdirs/config'
Making all in mca/installdirs/windows
make[2]: Entering directory `/home/rehogan/openmpi-1.6.1/opal/mca/installdirs/windows'
  CC     opal_installdirs_windows.lo
opal_installdirs_windows.c: In function 'installdirs_windows_open':
opal_installdirs_windows.c:68:9: error: 'HKEY' undeclared (first use in this function)
opal_installdirs_windows.c:68:9: note: each undeclared identifier is reported only once for each function it appears in
opal_installdirs_windows.c:68:14: error: expected ';' before 'ompi_key'
opal_installdirs_windows.c:70:9: error: 'DWORD' undeclared (first use in this function)
opal_installdirs_windows.c:70:15: error: expected ';' before 'cbData'
opal_installdirs_windows.c:81:13: error: 'ERROR_SUCCESS' undeclared (first use in this function)
opal_installdirs_windows.c:81:43: error: 'HKEY_LOCAL_MACHINE' undeclared (first use in this function)
opal_installdirs_windows.c:81:88: error: 'KEY_READ' undeclared (first use in this function)
opal_installdirs_windows.c:81:99: error: 'ompi_key' undeclared (first use in this function)
opal_installdirs_windows.c:84:17: error: 'valueLength' undeclared (first use in this function)
opal_installdirs_windows.c:86:17: error: 'cbData' undeclared (first use in this function)
opal_installdirs_windows.c:89:60: error: 'keyType' undeclared (first use in this function)
opal_installdirs_windows.c:89:70: error: 'LPBYTE' undeclared (first use in this function)
opal_installdirs_windows.c:89:78: error: expected ')' before 'vData'
opal_installdirs_windows.c:90:27: error: 'REG_EXPAND_SZ' undeclared (first use in this function)
opal_installdirs_windows.c:90:57: error: 'REG_SZ' undeclared (first use in this function)
Makefile:1212: recipe for target `opal_installdirs_windows.lo' failed
make[2]: *** [opal_installdirs_windows.lo] Error 1
make[2]: Leaving directory `/home/rehogan/openmpi-1.6.1/opal/mca/installdirs/windows'
Makefile:2013: recipe for target `all-recursive' failed
make[1]: *** [all-recursive] Error 1
make[1]: Leaving directory `/home/rehogan/openmpi-1.6.1/opal'
Makefile:1290: recipe for target `all-recursive' failed
make: *** [all-recursive] Error 1

