*** MTT: ./client/mtt --scratch /tmp/scratch1 --file ../trivial.ini --verbose --print-time
*** Running on IT-Marco-Atzeri
*** Main scratch tree: /tmp/scratch1
*** Fast scratch tree: /tmp/scratch1
*** Reporter initializing
*** Reporter initialized
*** MPI Get phase starting
*** MPI Get phase complete
>> Phase: MPI Get
   Started:       Tue Oct  8 21:19:14 2013
   Stopped:       Tue Oct  8 21:19:14 2013
   Elapsed:       00:00:00 0.02u 0.02s
   Total elapsed: 00:00:00 0.02u 0.02s
*** MPI Install phase starting
*** MPI Install phase complete
>> Phase: MPI Install
   Started:       Tue Oct  8 21:19:14 2013
   Stopped:       Tue Oct  8 21:19:14 2013
   Elapsed:       00:00:00 0.00u 0.00s
   Total elapsed: 00:00:00 0.02u 0.02s
*** Test Get phase starting
>> Test Get: [test get: trivial]
   Checking for new test sources...
   Failed to get new test sources: File already exists: hello.c
*** Test Get phase complete
>> Phase: Test Get
   Started:       Tue Oct  8 21:19:14 2013
   Stopped:       Tue Oct  8 21:19:15 2013
   Elapsed:       00:00:01 0.02u 0.00s
   Total elapsed: 00:00:01 0.05u 0.03s
*** Test Build phase starting
>> Test Build [test build: trivial]
*** Test Build phase complete
>> Phase: Test Build
   Started:       Tue Oct  8 21:19:15 2013
   Stopped:       Tue Oct  8 21:19:15 2013
   Elapsed:       00:00:00 0.00u 0.00s
   Total elapsed: 00:00:01 0.05u 0.03s
*** Test Run phase starting
>> Test Run [trivial]
*** Run test phase complete
>> Phase: Test Run
   Started:       Tue Oct  8 21:19:15 2013
   Stopped:       Tue Oct  8 21:19:16 2013
   Elapsed:       00:00:01 0.00u 0.03s
   Total elapsed: 00:00:02 0.05u 0.06s
>> Phase: Trim
   Started:       Tue Oct  8 21:19:16 2013
   Stopped:       Tue Oct  8 21:19:16 2013
   Elapsed:       00:00:00 0.00u 0.00s
   Total elapsed: 00:00:02 0.05u 0.06s
*** Reporter finalizing
*** Reporter finalized

