Machine (P#0 total=53575812KB DMIProductName="System Product Name" DMIProductVersion="System Version" DMIProductSerial="System Serial Number" DMIProductUUID=60CFD084-B3FE-DF11-8E21-BCAEC5485070 DMIBoardVendor="ASUSTeK Computer INC." DMIBoardName=KGP(M)E-D16 DMIBoardVersion="Rev 1.xxG" DMIBoardSerial=108435720000113 DMIBoardAssetTag="To Be Filled By O.E.M." DMIChassisVendor="Chassis Manufacture" DMIChassisType=3 DMIChassisVersion="Chassis Version" DMIChassisSerial="Chassis Serial Number" DMIChassisAssetTag=Asset-1234567890 DMIBIOSVendor="American Megatrends Inc." DMIBIOSVersion="3201   " DMIBIOSDate=02/19/2013 DMISysVendor="System manufacturer" Backend=Linux LinuxCgroup=/)
  Socket L#0 (P#0 total=20564052KB CPUModel="AMD Eng Sample, ZS268145TCG54_32/26/20_2/16")
    NUMANode L#0 (P#0 local=4049952KB total=4049952KB)
      L3Cache L#0 (size=6144KB linesize=64 ways=48)
        L2Cache L#0 (size=2048KB linesize=64 ways=16)
          L1iCache L#0 (size=64KB linesize=64 ways=2)
            L1dCache L#0 (size=16KB linesize=64 ways=4)
              Core L#0 (P#0)
                PU L#0 (P#0)
            L1dCache L#1 (size=16KB linesize=64 ways=4)
              Core L#1 (P#1)
                PU L#1 (P#1)
        L2Cache L#1 (size=2048KB linesize=64 ways=16)
          L1iCache L#1 (size=64KB linesize=64 ways=2)
            L1dCache L#2 (size=16KB linesize=64 ways=4)
              Core L#2 (P#2)
                PU L#2 (P#2)
            L1dCache L#3 (size=16KB linesize=64 ways=4)
              Core L#3 (P#3)
                PU L#3 (P#3)
      L2Cache L#2 (size=2048KB linesize=64 ways=16)
        L1iCache L#2 (size=64KB linesize=64 ways=2)
          L1dCache L#4 (size=16KB linesize=64 ways=4)
            Core L#4 (P#4)
              PU L#4 (P#4)
          L1dCache L#5 (size=16KB linesize=64 ways=4)
            Core L#5 (P#5)
              PU L#5 (P#5)
    NUMANode L#1 (P#1 local=16514100KB total=16514100KB)
      L2Cache L#3 (size=2048KB linesize=64 ways=16)
        L1iCache L#3 (size=64KB linesize=64 ways=2)
          L1dCache L#6 (size=16KB linesize=64 ways=4)
            Core L#6 (P#0)
              PU L#6 (P#6)
          L1dCache L#7 (size=16KB linesize=64 ways=4)
            Core L#7 (P#1)
              PU L#7 (P#7)
      L2Cache L#4 (size=2048KB linesize=64 ways=16)
        L1iCache L#4 (size=64KB linesize=64 ways=2)
          L1dCache L#8 (size=16KB linesize=64 ways=4)
            Core L#8 (P#2)
              PU L#8 (P#8)
          L1dCache L#9 (size=16KB linesize=64 ways=4)
            Core L#9 (P#3)
              PU L#9 (P#9)
      L3Cache L#1 (size=6144KB linesize=64 ways=48)
        L2Cache L#5 (size=2048KB linesize=64 ways=16)
          L1iCache L#5 (size=64KB linesize=64 ways=2)
            L1dCache L#10 (size=16KB linesize=64 ways=4)
              Core L#10 (P#4)
                PU L#10 (P#10)
            L1dCache L#11 (size=16KB linesize=64 ways=4)
              Core L#11 (P#5)
                PU L#11 (P#11)
  Socket L#1 (P#1 total=33011760KB CPUModel="AMD Eng Sample, ZS288145TCG54_34/28/20_2/16    ")
    NUMANode L#2 (P#2 local=16514096KB total=16514096KB)
      L3Cache L#2 (size=6144KB linesize=64 ways=48)
        L2Cache L#6 (size=2048KB linesize=64 ways=16)
          L1iCache L#6 (size=64KB linesize=64 ways=2)
            L1dCache L#12 (size=16KB linesize=64 ways=4)
              Core L#12 (P#0)
                PU L#12 (P#12)
            L1dCache L#13 (size=16KB linesize=64 ways=4)
              Core L#13 (P#1)
                PU L#13 (P#13)
      L2Cache L#7 (size=2048KB linesize=64 ways=16)
        L1iCache L#7 (size=64KB linesize=64 ways=2)
          L1dCache L#14 (size=16KB linesize=64 ways=4)
            Core L#14 (P#2)
              PU L#14 (P#14)
          L1dCache L#15 (size=16KB linesize=64 ways=4)
            Core L#15 (P#3)
              PU L#15 (P#15)
      L2Cache L#8 (size=2048KB linesize=64 ways=16)
        L1iCache L#8 (size=64KB linesize=64 ways=2)
          L1dCache L#16 (size=16KB linesize=64 ways=4)
            Core L#16 (P#4)
              PU L#16 (P#16)
          L1dCache L#17 (size=16KB linesize=64 ways=4)
            Core L#17 (P#5)
              PU L#17 (P#17)
    NUMANode L#3 (P#3 local=16497664KB total=16497664KB)
      L2Cache L#9 (size=2048KB linesize=64 ways=16)
        L1iCache L#9 (size=64KB linesize=64 ways=2)
          L1dCache L#18 (size=16KB linesize=64 ways=4)
            Core L#18 (P#0)
              PU L#18 (P#18)
          L1dCache L#19 (size=16KB linesize=64 ways=4)
            Core L#19 (P#1)
              PU L#19 (P#19)
      L3Cache L#3 (size=6144KB linesize=64 ways=48)
        L2Cache L#10 (size=2048KB linesize=64 ways=16)
          L1iCache L#10 (size=64KB linesize=64 ways=2)
            L1dCache L#20 (size=16KB linesize=64 ways=4)
              Core L#20 (P#2)
                PU L#20 (P#20)
            L1dCache L#21 (size=16KB linesize=64 ways=4)
              Core L#21 (P#3)
                PU L#21 (P#21)
        L2Cache L#11 (size=2048KB linesize=64 ways=16)
          L1iCache L#11 (size=64KB linesize=64 ways=2)
            L1dCache L#22 (size=16KB linesize=64 ways=4)
              Core L#22 (P#4)
                PU L#22 (P#22)
            L1dCache L#23 (size=16KB linesize=64 ways=4)
              Core L#23 (P#5)
                PU L#23 (P#23)
depth 0:	1 Machine (type #1)
 depth 1:	2 Socket (type #3)
  depth 2:	4 NUMANode (type #2)
   depth 3:	4 L3Cache (type #4)
    depth 4:	12 L2Cache (type #4)
     depth 5:	12 L1iCache (type #4)
      depth 6:	24 L1dCache (type #4)
       depth 7:	24 Core (type #5)
        depth 8:	24 PU (type #6)
latency matrix between NUMANodes (depth 2) by logical indexes:
  index     0     1     2     3
      0 1.000 1.600 1.600 1.600
      1 1.600 1.000 1.600 1.600
      2 1.600 1.600 1.000 1.600
      3 1.600 1.600 1.600 1.000
Topology not from this system
