node153 slots=16
node154 slots=16
nnodes = 2

--------------------------------------------------------------------------
WARNING: a request was made to bind a process. While the system
supports binding the process itself, at least one node does NOT
support binding memory to the process location.

  Node:  node153

This usually is due to not having the required NUMA support installed
on the node. In some Linux distributions, the required support is
contained in the libnumactl and libnumactl-devel packages.
This is a warning only; your job will continue, though performance may be degraded.
--------------------------------------------------------------------------
[1433325752.234458] [node153:6029 :0]         sys.c:744  MXM  WARN  Conflicting CPU frequencies detected, using: 2901.00
[1433325752.234500] [node153:6030 :0]         sys.c:744  MXM  WARN  Conflicting CPU frequencies detected, using: 2901.00
[1433325752.234476] [node153:6032 :0]         sys.c:744  MXM  WARN  Conflicting CPU frequencies detected, using: 2901.00
[1433325752.234776] [node153:6028 :0]         sys.c:744  MXM  WARN  Conflicting CPU frequencies detected, using: 2901.00
[1433325752.234627] [node153:6036 :0]         sys.c:744  MXM  WARN  Conflicting CPU frequencies detected, using: 2901.00
[1433325752.234591] [node153:6039 :0]         sys.c:744  MXM  WARN  Conflicting CPU frequencies detected, using: 2901.00
[1433325752.234740] [node153:6038 :0]         sys.c:744  MXM  WARN  Conflicting CPU frequencies detected, using: 2901.00
[1433325752.234716] [node153:6041 :0]         sys.c:744  MXM  WARN  Conflicting CPU frequencies detected, using: 2901.00
[1433325752.234798] [node153:6040 :0]         sys.c:744  MXM  WARN  Conflicting CPU frequencies detected, using: 2901.00
[1433325752.234685] [node153:6027 :0]         sys.c:744  MXM  WARN  Conflicting CPU frequencies detected, using: 2901.00
[1433325752.234590] [node153:6033 :0]         sys.c:744  MXM  WARN  Conflicting CPU frequencies detected, using: 2901.00
[1433325752.234829] [node153:6031 :0]         sys.c:744  MXM  WARN  Conflicting CPU frequencies detected, using: 2901.00
[1433325752.234652] [node153:6034 :0]         sys.c:744  MXM  WARN  Conflicting CPU frequencies detected, using: 2901.00
[1433325752.234688] [node153:6035 :0]         sys.c:744  MXM  WARN  Conflicting CPU frequencies detected, using: 2901.00
[1433325752.234856] [node153:6037 :0]         sys.c:744  MXM  WARN  Conflicting CPU frequencies detected, using: 2901.00
[1433325752.234880] [node153:6042 :0]         sys.c:744  MXM  WARN  Conflicting CPU frequencies detected, using: 2901.00
[1433325752.259141] [node154:12974:0]         sys.c:744  MXM  WARN  Conflicting CPU frequencies detected, using: 2901.00
[1433325752.259174] [node154:13046:0]         sys.c:744  MXM  WARN  Conflicting CPU frequencies detected, using: 2901.00
[1433325752.259300] [node154:12966:0]         sys.c:744  MXM  WARN  Conflicting CPU frequencies detected, using: 2901.00
[1433325752.259172] [node154:13050:0]         sys.c:744  MXM  WARN  Conflicting CPU frequencies detected, using: 2901.00
[1433325752.259123] [node154:12970:0]         sys.c:744  MXM  WARN  Conflicting CPU frequencies detected, using: 2901.00
[1433325752.259174] [node154:13049:0]         sys.c:744  MXM  WARN  Conflicting CPU frequencies detected, using: 2901.00
[1433325752.259172] [node154:13051:0]         sys.c:744  MXM  WARN  Conflicting CPU frequencies detected, using: 2901.00
[1433325752.259173] [node154:13052:0]         sys.c:744  MXM  WARN  Conflicting CPU frequencies detected, using: 2901.00
[1433325752.259156] [node154:12978:0]         sys.c:744  MXM  WARN  Conflicting CPU frequencies detected, using: 2901.00
[1433325752.259115] [node154:12981:0]         sys.c:744  MXM  WARN  Conflicting CPU frequencies detected, using: 2901.00
[1433325752.259175] [node154:13053:0]         sys.c:744  MXM  WARN  Conflicting CPU frequencies detected, using: 2901.00
[1433325752.259134] [node154:12986:0]         sys.c:744  MXM  WARN  Conflicting CPU frequencies detected, using: 2901.00
[1433325752.259158] [node154:12989:0]         sys.c:744  MXM  WARN  Conflicting CPU frequencies detected, using: 2901.00
[1433325752.259115] [node154:13018:0]         sys.c:744  MXM  WARN  Conflicting CPU frequencies detected, using: 2901.00
[1433325752.259173] [node154:13048:0]         sys.c:744  MXM  WARN  Conflicting CPU frequencies detected, using: 2901.00
[1433325752.259175] [node154:13043:0]         sys.c:744  MXM  WARN  Conflicting CPU frequencies detected, using: 2901.00
# OSU MPI Multiple Bandwidth / Message Rate Test v4.4.1
# [ pairs: 16 ] [ window size: varied ]

# Uni-directional Bandwidth (MB/sec)
#                 8          16          32          64         128         256         512        1024
1              6.26        6.41        6.47        3.27        2.37        2.20--------------------------------------------------------------------------
mpirun noticed that process rank 5 with PID 6032 on node node153 exited on signal 11 (Segmentation fault).
--------------------------------------------------------------------------
