       1 9.100256   0.00000084
       2 18.265129   0.00000084
       3 27.340050   0.00000084
       4 36.737509   0.00000083
       6 54.545492   0.00000084
       8 72.850961   0.00000084
      12 108.671673   0.00000084
      13 117.937351   0.00000084
      16 144.037605   0.00000085
      19 170.932517   0.00000085
      21 187.762611   0.00000085
      24 214.347530   0.00000085
      27 225.181371   0.00000091
      29 240.889442   0.00000092
      32 263.654173   0.00000093
      35 293.736834   0.00000091
      45 369.675925   0.00000093
      48 347.843346   0.00000105
      51 366.038001   0.00000106
      61 431.610748   0.00000108
      64 457.023867   0.00000107
      67 548.005106   0.00000093
      93 650.423252   0.00000109
      96 684.881916   0.00000107
      99 808.216867   0.00000093
     125 870.455194   0.00000110
     128 904.505778   0.00000108
     131 942.841428   0.00000106
     189 1281.286415   0.00000113
     192 1322.205692   0.00000111
     195 1369.149837   0.00000109
     253 1537.864543   0.00000126
     256 1571.257815   0.00000124
     259 1779.530641   0.00000111
     381 2178.657608   0.00000133
     384 2220.960134   0.00000132
     387 2264.768136   0.00000130
     509 2575.818416   0.00000151
     512 2609.629297   0.00000150
     515 2671.990949   0.00000147
     765 3345.743255   0.00000174
     768 3389.059186   0.00000173
     771 3438.427966   0.00000171
    1021 3741.535258   0.00000208
    1024 3759.383786   0.00000208
    1027 4010.389512   0.00000195
    1533 4605.741444   0.00000254
    1536 4633.529353   0.00000253
    1539 4686.640169   0.00000251
    2045 5017.722848   0.00000311
    2048 5031.754206   0.00000311
    2051 5096.080802   0.00000307
    3069 5570.765962   0.00000420
    3072 5580.249179   0.00000420
    3075 5623.626117   0.00000417
    4093 5751.389542   0.00000543
    4096 5754.372865   0.00000543
    4099 5738.985517   0.00000545
    6141 6800.924663   0.00000689
    6144 6792.232408   0.00000690
    6147 6682.609002   0.00000702
    8189 6984.735294   0.00000894
    8192 6953.431651   0.00000899
    8195 6914.051304   0.00000904
   12285 7196.609545   0.00001302
   12288 7189.557933   0.00001304
   12291 7133.079920   0.00001315
   16381 7248.974441   0.00001724
   16384 7260.420327   0.00001722
   16387 7257.702488   0.00001723
   24573 7370.110946   0.00002544
   24576 7367.610861   0.00002545
   24579 7339.440869   0.00002555
   32765 7410.635550   0.00003373
   32768 7421.207086   0.00003369
   32771 7404.832645   0.00003376
   49149 8692.082157   0.00004314
   49152 8691.239393   0.00004315
   49155 8686.286578   0.00004317
   65533 8420.203321   0.00005938
   65536 8410.583396   0.00005945
   65539 8416.192012   0.00005941
   98301 8823.563884   0.00008500
   98304 8826.763749   0.00008497
   98307 8818.968703   0.00008505
  131069 9039.091910   0.00011063
  131072 9088.699870   0.00011003
  131075 9092.660007   0.00010998
  196605 9583.038864   0.00015652
  196608 9583.226738   0.00015652
  196611 9570.629986   0.00015673
  262141 10020.931136   0.00019958
  262144 10015.626492   0.00019969
  262147 10016.841401   0.00019967
  393213 10424.764625   0.00028777
  393216 10409.323571   0.00028820
  393219 10410.092681   0.00028818
  524285 10494.911566   0.00038113
  524288 10494.371794   0.00038116
  524291 10494.206353   0.00038116
  786429 10237.865318   0.00058606
  786432 10235.496082   0.00058620
  786435 10234.779945   0.00058624
 1048573 10095.189266   0.00079245
 1048576 10099.803234   0.00079209
 1048579 10097.998796   0.00079224
 1572861 9255.269651   0.00129656
 1572864 9212.014592   0.00130265
 1572867 9219.509716   0.00130159
 2097149 8905.800356   0.00179658
 2097152 8905.191566   0.00179670
 2097155 8908.071945   0.00179613
 3145725 8886.679168   0.00270067
 3145728 8874.518714   0.00270437
 3145731 8880.888588   0.00270243
 4194301 8894.131462   0.00359788
 4194304 8900.674956   0.00359523
 4194307 8894.306646   0.00359781
 6291453 8901.874076   0.00539212
 6291456 8903.938923   0.00539087
 6291459 8908.424772   0.00538816
 8388605 8922.564733   0.00717282
 8388608 8920.171224   0.00717475
 8388611 8924.845465   0.00717100

