       1 9.144905   0.00000083
       2 18.286412   0.00000083
       3 27.254883   0.00000084
       4 36.323561   0.00000084
       6 54.519751   0.00000084
       8 72.093067   0.00000085
      12 107.840704   0.00000085
      13 116.514993   0.00000085
      16 142.217778   0.00000086
      19 169.245287   0.00000086
      21 186.789734   0.00000086
      24 211.904469   0.00000086
      27 220.993476   0.00000093
      29 237.469187   0.00000093
      32 260.154825   0.00000094
      35 289.871208   0.00000092
      45 366.996818   0.00000094
      48 346.092758   0.00000106
      51 363.059679   0.00000107
      61 429.481902   0.00000108
      64 452.480187   0.00000108
      67 547.652267   0.00000093
      93 646.006554   0.00000110
      96 682.188374   0.00000107
      99 806.632558   0.00000094
     125 867.096486   0.00000110
     128 902.332127   0.00000108
     131 939.511465   0.00000106
     189 1284.425449   0.00000112
     192 1323.696534   0.00000111
     195 1372.413004   0.00000108
     253 1534.417789   0.00000126
     256 1571.798374   0.00000124
     259 1775.898337   0.00000111
     381 2177.659049   0.00000133
     384 2221.247747   0.00000132
     387 2268.441197   0.00000130
     509 2567.867235   0.00000151
     512 2609.416613   0.00000150
     515 2664.212041   0.00000147
     765 3324.675259   0.00000176
     768 3375.506720   0.00000174
     771 3435.315216   0.00000171
    1021 3729.527742   0.00000209
    1024 3759.200618   0.00000208
    1027 3998.257332   0.00000196
    1533 4535.030453   0.00000258
    1536 4629.047535   0.00000253
    1539 4672.508641   0.00000251
    2045 5016.953859   0.00000311
    2048 5034.699304   0.00000310
    2051 5089.816977   0.00000307
    3069 5553.297287   0.00000422
    3072 5559.106714   0.00000422
    3075 5617.297672   0.00000418
    4093 5787.492397   0.00000540
    4096 5784.737016   0.00000540
    4099 5760.403688   0.00000543
    6141 6817.539197   0.00000687
    6144 6814.555317   0.00000688
    6147 6710.970954   0.00000699
    8189 6961.980152   0.00000897
    8192 6968.138567   0.00000897
    8195 6904.197569   0.00000906
   12285 7189.509304   0.00001304
   12288 7184.998295   0.00001305
   12291 7127.284686   0.00001316
   16381 7278.311036   0.00001717
   16384 7273.223779   0.00001719
   16387 7260.405877   0.00001722
   24573 7365.966991   0.00002545
   24576 7357.734764   0.00002548
   24579 7336.457697   0.00002556
   32765 7411.620458   0.00003373
   32768 7427.520879   0.00003366
   32771 7419.442521   0.00003370
   49149 8693.406725   0.00004313
   49152 8700.247681   0.00004310
   49155 8686.847753   0.00004317
   65533 8424.519273   0.00005935
   65536 8402.778957   0.00005950
   65539 8419.341722   0.00005939
   98301 8833.212613   0.00008490
   98304 8828.101244   0.00008496
   98307 8824.001317   0.00008500
  131069 9226.911591   0.00010838
  131072 9115.172251   0.00010971
  131075 9112.970731   0.00010974
  196605 9605.629351   0.00015616
  196608 9601.731992   0.00015622
  196611 9606.421310   0.00015615
  262141 10061.764549   0.00019877
  262144 10053.960425   0.00019893
  262147 10051.171824   0.00019898
  393213 10523.080257   0.00028509
  393216 10419.464480   0.00028792
  393219 10416.583996   0.00028800
  524285 10429.133288   0.00038354
  524288 10431.820467   0.00038344
  524291 10432.204488   0.00038343
  786429 10238.342610   0.00058603
  786432 10240.453560   0.00058591
  786435 10277.892485   0.00058378
 1048573 10105.899971   0.00079161
 1048576 10070.429704   0.00079441
 1048579 10073.336623   0.00079418
 1572861 9255.032191   0.00129659
 1572864 9242.679956   0.00129832
 1572867 9246.126712   0.00129784
 2097149 8906.485888   0.00179644
 2097152 8920.909589   0.00179354
 2097155 8920.922351   0.00179354
 3145725 8888.699059   0.00270006
 3145728 8888.820183   0.00270002
 3145731 8888.697844   0.00270006
 4194301 8897.325099   0.00359658
 4194304 8900.674956   0.00359523
 4194307 8901.930104   0.00359473
 6291453 8906.705943   0.00538920
 6291456 8908.831152   0.00538791
 6291459 8911.595807   0.00538624
 8388605 8924.814354   0.00717101
 8388608 8925.460503   0.00717050
 8388611 8931.601181   0.00716557

