/home/USERS/lenny/OMPI_ORTE_18850/bin/mpirun -np 2 -H witch2 //home/USERS/lenny/TESTS/TRUNK/NPmpi_18850  
0: witch2
1: witch2
Now starting the main loop
  0:       1 bytes 155057 times -->      8.51 Mbps in       0.90 usec
  1:       2 bytes 176842 times -->     16.33 Mbps in       0.93 usec
  2:       3 bytes 107015 times -->     24.53 Mbps in       0.93 usec
  3:       4 bytes  71447 times -->     32.61 Mbps in       0.94 usec
  4:       6 bytes  80140 times -->     49.38 Mbps in       0.93 usec
  5:       8 bytes  53938 times -->     63.81 Mbps in       0.96 usec
  6:      12 bytes  65340 times -->     95.86 Mbps in       0.96 usec
  7:      13 bytes  43626 times -->    103.19 Mbps in       0.96 usec
  8:      16 bytes  48017 times -->    127.94 Mbps in       0.95 usec
  9:      19 bytes  58954 times -->    149.92 Mbps in       0.97 usec
 10:      21 bytes  65318 times -->    167.45 Mbps in       0.96 usec
 11:      24 bytes  69678 times -->    190.15 Mbps in       0.96 usec
 12:      27 bytes  73558 times -->    189.34 Mbps in       1.09 usec
 13:      29 bytes  40852 times -->    203.61 Mbps in       1.09 usec
 14:      32 bytes  44426 times -->    224.93 Mbps in       1.09 usec
 15:      35 bytes  48945 times -->    242.82 Mbps in       1.10 usec
 16:      45 bytes  51962 times -->    313.32 Mbps in       1.10 usec
 17:      48 bytes  60840 times -->    332.41 Mbps in       1.10 usec
 18:      51 bytes  62403 times -->    352.93 Mbps in       1.10 usec
 19:      61 bytes  35570 times -->    420.75 Mbps in       1.11 usec
 20:      64 bytes  44462 times -->    449.91 Mbps in       1.09 usec
 21:      67 bytes  47510 times -->    461.89 Mbps in       1.11 usec
 22:      93 bytes  48551 times -->    543.00 Mbps in       1.31 usec
 23:      96 bytes  51019 times -->    552.19 Mbps in       1.33 usec
 24:      99 bytes  51046 times -->    566.71 Mbps in       1.33 usec
 25:     125 bytes  27283 times -->    713.27 Mbps in       1.34 usec
 26:     128 bytes  37096 times -->    751.78 Mbps in       1.30 usec
 27:     131 bytes  39092 times -->    756.57 Mbps in       1.32 usec
 28:     189 bytes  39294 times -->    982.81 Mbps in       1.47 usec
 29:     192 bytes  45438 times -->   1016.64 Mbps in       1.44 usec
 30:     195 bytes  46630 times -->   1022.33 Mbps in       1.46 usec
 31:     253 bytes  23963 times -->   1218.60 Mbps in       1.58 usec
 32:     256 bytes  31441 times -->   1249.85 Mbps in       1.56 usec
 33:     259 bytes  32246 times -->   1248.99 Mbps in       1.58 usec
 34:     381 bytes  32213 times -->   1516.06 Mbps in       1.92 usec
 35:     384 bytes  34770 times -->   1529.62 Mbps in       1.92 usec
 36:     387 bytes  34943 times -->   1537.35 Mbps in       1.92 usec
 37:     509 bytes  17759 times -->   1771.41 Mbps in       2.19 usec
 38:     512 bytes  22762 times -->   1786.23 Mbps in       2.19 usec
 39:     515 bytes  22953 times -->   1795.24 Mbps in       2.19 usec
 40:     765 bytes  23066 times -->   2180.42 Mbps in       2.68 usec
 41:     768 bytes  24905 times -->   2171.06 Mbps in       2.70 usec
 42:     771 bytes  24750 times -->   2179.12 Mbps in       2.70 usec
 43:    1021 bytes  12492 times -->   2442.07 Mbps in       3.19 usec
 44:    1024 bytes  15659 times -->   2461.81 Mbps in       3.17 usec
 45:    1027 bytes  15786 times -->   2451.06 Mbps in       3.20 usec
 46:    1533 bytes  15717 times -->   2813.54 Mbps in       4.16 usec
 47:    1536 bytes  16037 times -->   2824.97 Mbps in       4.15 usec
 48:    1539 bytes  16086 times -->   2812.66 Mbps in       4.17 usec
 49:    2045 bytes   8031 times -->   3060.44 Mbps in       5.10 usec
 50:    2048 bytes   9802 times -->   3080.96 Mbps in       5.07 usec
 51:    2051 bytes   9868 times -->   3049.66 Mbps in       5.13 usec
 52:    3069 bytes   9768 times -->   3327.76 Mbps in       7.04 usec
 53:    3072 bytes   9474 times -->   3337.29 Mbps in       7.02 usec
 54:    3075 bytes   9497 times -->   3340.06 Mbps in       7.02 usec
 55:    4093 bytes   4759 times -->   3692.45 Mbps in       8.46 usec
 56:    4096 bytes   5910 times -->   3712.54 Mbps in       8.42 usec
 57:    4099 bytes   5942 times -->   3686.54 Mbps in       8.48 usec
 58:    6141 bytes   5901 times -->   4109.74 Mbps in      11.40 usec
 59:    6144 bytes   5847 times -->   4114.55 Mbps in      11.39 usec
 60:    6147 bytes   5853 times -->   4061.37 Mbps in      11.55 usec
 61:    8189 bytes   2890 times -->   5517.89 Mbps in      11.32 usec
 62:    8192 bytes   4415 times -->   5569.32 Mbps in      11.22 usec
 63:    8195 bytes   4456 times -->   5502.00 Mbps in      11.36 usec
 64:   12285 bytes   4402 times -->   7144.11 Mbps in      13.12 usec
 65:   12288 bytes   5081 times -->   7152.09 Mbps in      13.11 usec
 66:   12291 bytes   5086 times -->   7113.09 Mbps in      13.18 usec
 67:   16381 bytes   2530 times -->   7591.66 Mbps in      16.46 usec
 68:   16384 bytes   3037 times -->   7587.79 Mbps in      16.47 usec
 69:   16387 bytes   3035 times -->   7566.42 Mbps in      16.52 usec
 70:   24573 bytes   3026 times -->   8454.19 Mbps in      22.18 usec
 71:   24576 bytes   3006 times -->   8459.09 Mbps in      22.17 usec
 72:   24579 bytes   3007 times -->   8447.28 Mbps in      22.20 usec
 73:   32765 bytes   1502 times -->   8952.33 Mbps in      27.92 usec
 74:   32768 bytes   1790 times -->   8943.74 Mbps in      27.95 usec
 75:   32771 bytes   1788 times -->   8935.54 Mbps in      27.98 usec
 76:   49149 bytes   1787 times -->   9985.08 Mbps in      37.55 usec
 77:   49152 bytes   1775 times -->   9982.53 Mbps in      37.57 usec
 78:   49155 bytes   1774 times -->   9978.78 Mbps in      37.58 usec
 79:   65533 bytes    887 times -->  10714.77 Mbps in      46.66 usec
 80:   65536 bytes   1071 times -->  10709.91 Mbps in      46.69 usec
 81:   65539 bytes   1071 times -->  10714.03 Mbps in      46.67 usec
 82:   98301 bytes   1071 times -->  11416.92 Mbps in      65.69 usec
 83:   98304 bytes   1014 times -->  11417.90 Mbps in      65.69 usec
 84:   98307 bytes   1014 times -->  11411.04 Mbps in      65.73 usec
 85:  131069 bytes    507 times -->  11815.00 Mbps in      84.64 usec
 86:  131072 bytes    590 times -->  11824.48 Mbps in      84.57 usec
 87:  131075 bytes    591 times -->  11817.32 Mbps in      84.62 usec
 88:  196605 bytes    590 times -->  12258.45 Mbps in     122.36 usec
 89:  196608 bytes    544 times -->  12264.31 Mbps in     122.31 usec
 90:  196611 bytes    545 times -->  12273.58 Mbps in     122.22 usec
 91:  262141 bytes    272 times -->  12485.67 Mbps in     160.18 usec
 92:  262144 bytes    312 times -->  12490.38 Mbps in     160.12 usec
 93:  262147 bytes    312 times -->  12490.40 Mbps in     160.12 usec
 94:  393213 bytes    312 times -->  12727.67 Mbps in     235.71 usec
 95:  393216 bytes    282 times -->  12710.92 Mbps in     236.02 usec
 96:  393219 bytes    282 times -->  12720.75 Mbps in     235.84 usec
 97:  524285 bytes    141 times -->  12801.52 Mbps in     312.46 usec
 98:  524288 bytes    160 times -->  12833.76 Mbps in     311.68 usec
 99:  524291 bytes    160 times -->  12754.29 Mbps in     313.62 usec
100:  786429 bytes    159 times -->  12802.91 Mbps in     468.64 usec
101:  786432 bytes    142 times -->  12666.78 Mbps in     473.68 usec
102:  786435 bytes    140 times -->  12807.27 Mbps in     468.49 usec
103: 1048573 bytes     71 times -->  12494.73 Mbps in     640.27 usec
104: 1048576 bytes     78 times -->  12560.78 Mbps in     636.90 usec
105: 1048579 bytes     78 times -->  12500.76 Mbps in     639.96 usec
106: 1572861 bytes     78 times -->  11791.80 Mbps in    1017.65 usec
107: 1572864 bytes     65 times -->  11568.84 Mbps in    1037.27 usec
108: 1572867 bytes     64 times -->  11657.85 Mbps in    1029.35 usec
109: 2097149 bytes     32 times -->  11112.91 Mbps in    1439.77 usec
110: 2097152 bytes     34 times -->  11073.24 Mbps in    1444.93 usec
111: 2097155 bytes     34 times -->  11183.54 Mbps in    1430.68 usec
112: 3145725 bytes     34 times -->  10461.39 Mbps in    2294.15 usec
113: 3145728 bytes     29 times -->  10153.32 Mbps in    2363.76 usec
114: 3145731 bytes     28 times -->  10311.99 Mbps in    2327.39 usec
115: 4194301 bytes     14 times -->   9005.56 Mbps in    3553.36 usec
116: 4194304 bytes     14 times -->   9207.03 Mbps in    3475.61 usec
117: 4194307 bytes     14 times -->   9022.18 Mbps in    3546.82 usec
118: 6291453 bytes     14 times -->   7792.83 Mbps in    6159.50 usec
119: 6291456 bytes     10 times -->   7894.93 Mbps in    6079.85 usec
120: 6291459 bytes     10 times -->   7814.22 Mbps in    6142.65 usec
121: 8388605 bytes      5 times -->   7364.28 Mbps in    8690.60 usec
122: 8388608 bytes      5 times -->   7416.43 Mbps in    8629.49 usec
123: 8388611 bytes      5 times -->   7395.69 Mbps in    8653.69 usec

/home/USERS/lenny/OMPI_ORTE_18973/bin/mpirun -np 2 -H witch2 //home/USERS/lenny/TESTS/TRUNK/NPmpi_18973
1: witch2
0: witch2
Now starting the main loop
  0:       1 bytes 156212 times -->      8.34 Mbps in       0.91 usec
  1:       2 bytes 109376 times -->     16.57 Mbps in       0.92 usec
  2:       3 bytes 108562 times -->     24.77 Mbps in       0.92 usec
  3:       4 bytes  72161 times -->     33.08 Mbps in       0.92 usec
  4:       6 bytes  81290 times -->     49.72 Mbps in       0.92 usec
  5:       8 bytes  54312 times -->     64.93 Mbps in       0.94 usec
  6:      12 bytes  66489 times -->     96.60 Mbps in       0.95 usec
  7:      13 bytes  43963 times -->    105.11 Mbps in       0.94 usec
  8:      16 bytes  48913 times -->    128.84 Mbps in       0.95 usec
  9:      19 bytes  59368 times -->    153.14 Mbps in       0.95 usec
 10:      21 bytes  66723 times -->    169.62 Mbps in       0.94 usec
 11:      24 bytes  70577 times -->    194.05 Mbps in       0.94 usec
 12:      27 bytes  75067 times -->    192.77 Mbps in       1.07 usec
 13:      29 bytes  41592 times -->    206.22 Mbps in       1.07 usec
 14:      32 bytes  44996 times -->    227.43 Mbps in       1.07 usec
 15:      35 bytes  49489 times -->    246.18 Mbps in       1.08 usec
 16:      45 bytes  52682 times -->    316.17 Mbps in       1.09 usec
 17:      48 bytes  61393 times -->    335.41 Mbps in       1.09 usec
 18:      51 bytes  62966 times -->    357.80 Mbps in       1.09 usec
 19:      61 bytes  36061 times -->    427.69 Mbps in       1.09 usec
 20:      64 bytes  45196 times -->    455.92 Mbps in       1.07 usec
 21:      67 bytes  48145 times -->    470.79 Mbps in       1.09 usec
 22:      93 bytes  49487 times -->    548.48 Mbps in       1.29 usec
 23:      96 bytes  51534 times -->    563.40 Mbps in       1.30 usec
 24:      99 bytes  52082 times -->    572.68 Mbps in       1.32 usec
 25:     125 bytes  27571 times -->    725.68 Mbps in       1.31 usec
 26:     128 bytes  37741 times -->    757.37 Mbps in       1.29 usec
 27:     131 bytes  39383 times -->    767.58 Mbps in       1.30 usec
 28:     189 bytes  39865 times -->    990.59 Mbps in       1.46 usec
 29:     192 bytes  45798 times -->   1033.59 Mbps in       1.42 usec
 30:     195 bytes  47407 times -->   1029.44 Mbps in       1.45 usec
 31:     253 bytes  24129 times -->   1208.49 Mbps in       1.60 usec
 32:     256 bytes  31180 times -->   1261.67 Mbps in       1.55 usec
 33:     259 bytes  32551 times -->   1260.95 Mbps in       1.57 usec
 34:     381 bytes  32522 times -->   1515.57 Mbps in       1.92 usec
 35:     384 bytes  34759 times -->   1530.32 Mbps in       1.91 usec
 36:     387 bytes  34959 times -->   1541.77 Mbps in       1.92 usec
 37:     509 bytes  17810 times -->   1764.38 Mbps in       2.20 usec
 38:     512 bytes  22672 times -->   1814.15 Mbps in       2.15 usec
 39:     515 bytes  23311 times -->   1808.69 Mbps in       2.17 usec
 40:     765 bytes  23239 times -->   2196.01 Mbps in       2.66 usec
 41:     768 bytes  25083 times -->   2205.46 Mbps in       2.66 usec
 42:     771 bytes  25142 times -->   2196.46 Mbps in       2.68 usec
 43:    1021 bytes  12592 times -->   2449.73 Mbps in       3.18 usec
 44:    1024 bytes  15708 times -->   2466.88 Mbps in       3.17 usec
 45:    1027 bytes  15818 times -->   2464.51 Mbps in       3.18 usec
 46:    1533 bytes  15803 times -->   2821.65 Mbps in       4.15 usec
 47:    1536 bytes  16083 times -->   2834.18 Mbps in       4.13 usec
 48:    1539 bytes  16139 times -->   2817.78 Mbps in       4.17 usec
 49:    2045 bytes   8046 times -->   3024.75 Mbps in       5.16 usec
 50:    2048 bytes   9688 times -->   3041.98 Mbps in       5.14 usec
 51:    2051 bytes   9743 times -->   3023.54 Mbps in       5.18 usec
 52:    3069 bytes   9684 times -->   3337.39 Mbps in       7.02 usec
 53:    3072 bytes   9502 times -->   3317.47 Mbps in       7.06 usec
 54:    3075 bytes   9440 times -->   3329.66 Mbps in       7.05 usec
 55:    4093 bytes   4744 times -->   3804.10 Mbps in       8.21 usec
 56:    4096 bytes   6089 times -->   3765.85 Mbps in       8.30 usec
 57:    4099 bytes   6028 times -->   3818.49 Mbps in       8.19 usec
 58:    6141 bytes   6112 times -->   4062.39 Mbps in      11.53 usec
 59:    6144 bytes   5780 times -->   4072.72 Mbps in      11.51 usec
 60:    6147 bytes   5793 times -->   4069.04 Mbps in      11.53 usec
 61:    8189 bytes   2896 times -->   5519.15 Mbps in      11.32 usec
 62:    8192 bytes   4416 times -->   5504.48 Mbps in      11.35 usec
 63:    8195 bytes   4404 times -->   5445.85 Mbps in      11.48 usec
 64:   12285 bytes   4357 times -->   7190.30 Mbps in      13.04 usec
 65:   12288 bytes   5114 times -->   7173.12 Mbps in      13.07 usec
 66:   12291 bytes   5101 times -->   7122.23 Mbps in      13.17 usec
 67:   16381 bytes   2533 times -->   7571.19 Mbps in      16.51 usec
 68:   16384 bytes   3028 times -->   7568.64 Mbps in      16.52 usec
 69:   16387 bytes   3027 times -->   7537.98 Mbps in      16.59 usec
 70:   24573 bytes   3015 times -->   8457.37 Mbps in      22.17 usec
 71:   24576 bytes   3007 times -->   8456.95 Mbps in      22.17 usec
 72:   24579 bytes   3007 times -->   8449.56 Mbps in      22.19 usec
 73:   32765 bytes   1502 times -->   8937.11 Mbps in      27.97 usec
 74:   32768 bytes   1787 times -->   8935.82 Mbps in      27.98 usec
 75:   32771 bytes   1787 times -->   8920.39 Mbps in      28.03 usec
 76:   49149 bytes   1784 times -->   9984.39 Mbps in      37.56 usec
 77:   49152 bytes   1775 times -->   9976.70 Mbps in      37.59 usec
 78:   49155 bytes   1773 times -->   9981.69 Mbps in      37.57 usec
 79:   65533 bytes    887 times -->  10696.31 Mbps in      46.74 usec
 80:   65536 bytes   1069 times -->  10711.00 Mbps in      46.68 usec
 81:   65539 bytes   1071 times -->  10701.09 Mbps in      46.73 usec
 82:   98301 bytes   1070 times -->  11419.72 Mbps in      65.67 usec
 83:   98304 bytes   1015 times -->  11415.78 Mbps in      65.70 usec
 84:   98307 bytes   1014 times -->  11407.10 Mbps in      65.75 usec
 85:  131069 bytes    507 times -->  11791.81 Mbps in      84.80 usec
 86:  131072 bytes    589 times -->  11818.87 Mbps in      84.61 usec
 87:  131075 bytes    590 times -->  11804.62 Mbps in      84.71 usec
 88:  196605 bytes    590 times -->  12243.43 Mbps in     122.51 usec
 89:  196608 bytes    544 times -->  12246.01 Mbps in     122.49 usec
 90:  196611 bytes    544 times -->  12244.53 Mbps in     122.51 usec
 91:  262141 bytes    272 times -->  12467.05 Mbps in     160.42 usec
 92:  262144 bytes    311 times -->  12473.05 Mbps in     160.35 usec
 93:  262147 bytes    311 times -->  12467.80 Mbps in     160.42 usec
 94:  393213 bytes    311 times -->  12671.35 Mbps in     236.75 usec
 95:  393216 bytes    281 times -->  12676.97 Mbps in     236.65 usec
 96:  393219 bytes    281 times -->  12679.18 Mbps in     236.61 usec
 97:  524285 bytes    140 times -->  12773.81 Mbps in     313.14 usec
 98:  524288 bytes    159 times -->  12759.80 Mbps in     313.48 usec
 99:  524291 bytes    159 times -->  12740.98 Mbps in     313.95 usec
100:  786429 bytes    159 times -->  12739.75 Mbps in     470.97 usec
101:  786432 bytes    141 times -->  12714.25 Mbps in     471.91 usec
102:  786435 bytes    141 times -->  12684.93 Mbps in     473.00 usec
103: 1048573 bytes     70 times -->  12556.72 Mbps in     637.11 usec
104: 1048576 bytes     78 times -->  12485.73 Mbps in     640.73 usec
105: 1048579 bytes     78 times -->  12471.42 Mbps in     641.47 usec
106: 1572861 bytes     77 times -->  11920.71 Mbps in    1006.65 usec
107: 1572864 bytes     66 times -->  11869.87 Mbps in    1010.96 usec
108: 1572867 bytes     65 times -->  11869.73 Mbps in    1010.98 usec
109: 2097149 bytes     32 times -->  11343.72 Mbps in    1410.47 usec
110: 2097152 bytes     35 times -->  11500.75 Mbps in    1391.21 usec
111: 2097155 bytes     35 times -->  11555.34 Mbps in    1384.64 usec
112: 3145725 bytes     36 times -->  10686.84 Mbps in    2245.75 usec
113: 3145728 bytes     29 times -->  10817.11 Mbps in    2218.71 usec
114: 3145731 bytes     30 times -->  10670.79 Mbps in    2249.13 usec
115: 4194301 bytes     14 times -->   9266.43 Mbps in    3453.32 usec
116: 4194304 bytes     14 times -->   9086.94 Mbps in    3521.54 usec
117: 4194307 bytes     14 times -->   9158.75 Mbps in    3493.93 usec
118: 6291453 bytes     14 times -->   7818.78 Mbps in    6139.07 usec
119: 6291456 bytes     10 times -->   7837.30 Mbps in    6124.56 usec
120: 6291459 bytes     10 times -->   7796.32 Mbps in    6156.75 usec
121: 8388605 bytes      5 times -->   7352.26 Mbps in    8704.81 usec
122: 8388608 bytes      5 times -->   7369.72 Mbps in    8684.18 usec
123: 8388611 bytes      5 times -->   7371.48 Mbps in    8682.11 usec
