MANPATH=/opt/intel/cce/9.1.043/man:/opt/intel/idbe/9.1.037/man:/opt/intel/fce/9.1.037/man:/opt/intel/fce/9.1.037/man:/usr/kerberos/man:/usr/local/share/man:/usr/share/man/en:/usr/share/man:/usr/X11R6/man:/usr/local/man
HOSTNAME=laplata.colorado.edu
INTEL_LICENSE_FILE=/opt/intel/fce/9.1.037/licenses:/opt/intel/licenses:/home/lund/intel/licenses:/opt/intel/cce/9.1.043/licenses:/opt/intel/licenses:/home/lund/intel/licenses
PVM_RSH=/usr/bin/ssh
TERM=xterm
SHELL=/bin/bash
HISTSIZE=1000
TMPDIR=/tmp
SSH_CLIENT=24.8.167.75 49172 22
OLDPWD=/home/lund
SSH_TTY=/dev/pts/1
USER=lund
LD_LIBRARY_PATH=/opt/intel/cce/9.1.043/lib:/opt/intel/fce/9.1.037/lib:/home/lund/heli-quiet-program/wind-dev/LINUX/X86_64/bin
LS_COLORS=no=00:fi=00:di=00;34:ln=00;36:pi=40;33:so=00;35:bd=40;33;01:cd=40;33;01:or=01;05;37;41:mi=01;05;37;41:ex=00;32:*.cmd=00;32:*.exe=00;32:*.com=00;32:*.btm=00;32:*.bat=00;32:*.sh=00;32:*.csh=00;32:*.tar=00;31:*.tgz=00;31:*.arj=00;31:*.taz=00;31:*.lzh=00;31:*.zip=00;31:*.z=00;31:*.Z=00;31:*.gz=00;31:*.bz2=00;31:*.bz=00;31:*.tz=00;31:*.rpm=00;31:*.cpio=00;31:*.jpg=00;35:*.gif=00;35:*.bmp=00;35:*.xbm=00;35:*.xpm=00;35:*.png=00;35:*.tif=00;35:
GLTERM=NULL
KDEDIR=/usr
SYSTEM=LINUX
CFDROOT=/home/lund/heli-quiet-program/wind-dev
MAIL=/var/spool/mail/lund
PATH=:/home/lund/heli-quiet-program/wind-dev/LINUX/X86_64/bin:/home/lund/heli-quiet-program/wind-dev/bin:/opt/intel/cce/9.1.043/bin:/opt/intel/idbe/9.1.037/bin:/opt/intel/fce/9.1.037/bin:.:/home/lund/bin:/usr/kerberos/bin:/usr/local/bin:/bin:/usr/bin:/usr/X11R6/bin:/opt/fv/bin:/opt/fv32/bin:/usr/bin/X11
OMPI_MPIF90=ifort
TOOLS_DEV=/opt/src/heli-quiet-program/wind-dev/tools-dev
INPUTRC=/etc/inputrc
PWD=/home/lund/post_triple_p
EDITOR=vi
SYSTEM_CPU=X86_64
LANG=en_US.UTF-8
WIND_DEV=/home/lund/heli-quiet-program/wind-dev
OMPI_MPIF77=ifort
SSH_ASKPASS=/usr/libexec/openssh/gnome-ssh-askpass
SHLVL=1
HOME=/home/lund
LOGNAME=lund
SSH_CONNECTION=24.8.167.75 49172 128.138.216.103 22
LESSOPEN=|/usr/bin/lesspipe.sh %s
G_BROKEN_FILENAMES=1
_=/bin/env
