This file contains any messages produced by compilers while
running configure, to aid debugging if configure makes a mistake.

It was created by Open MPI configure 1.1a1, which was
generated by GNU Autoconf 2.59.  Invocation command line was

  $ ./configure F77=f95 FC=f95

## --------- ##
## Platform. ##
## --------- ##

hostname = mskmac.nrl.navy.mil
uname -m = Power Macintosh
uname -r = 8.5.0
uname -s = Darwin
uname -v = Darwin Kernel Version 8.5.0: Sun Jan 22 10:38:46 PST 2006; root:xnu-792.6.61.obj~1/RELEASE_PPC

/usr/bin/uname -p = powerpc
/bin/uname -X     = unknown

/bin/arch              = unknown
/usr/bin/arch -k       = unknown
/usr/convex/getsysinfo = unknown
hostinfo               = Mach kernel version:
	 Darwin Kernel Version 8.5.0: Sun Jan 22 10:38:46 PST 2006; root:xnu-792.6.61.obj~1/RELEASE_PPC
Kernel configured for up to 2 processors.
2 processors are physically available.
Processor type: ppc7450 (PowerPC 7450)
Processors active: 0 1
Primary memory available: 1.50 gigabytes
Default processor set: 89 tasks, 243 threads, 2 processors
Load average: 2.98, Mach factor: 0.55
/bin/machine           = unknown
/usr/bin/oslevel       = unknown
/bin/universe          = unknown

PATH: /Applications/Absoft/bin
PATH: /sw/bin
PATH: /sw/sbin
PATH: /bin
PATH: /sbin
PATH: /usr/bin
PATH: /usr/sbin
PATH: /bin
PATH: /sbin
PATH: /usr/bin
PATH: /usr/sbin
PATH: /usr/X11R6/bin
PATH: /usr/local/bin
PATH: /usr/local/sbin
PATH: /usr/brlcad/bin
PATH: /Users/mkluskens/mpi
PATH: /Users/mkluskens/bin
PATH: /Users/mkluskens/local/bin
PATH: .
PATH: /Applications/Absoft/bin


## ----------- ##
## Core tests. ##
## ----------- ##

configure:1830: checking for a BSD-compatible install
configure:1885: result: /usr/bin/install -c
configure:1896: checking whether build environment is sane
configure:1939: result: yes
configure:2004: checking for gawk
configure:2033: result: no
configure:2004: checking for mawk
configure:2033: result: no
configure:2004: checking for nawk
configure:2033: result: no
configure:2004: checking for awk
configure:2020: found /usr/bin/awk
configure:2030: result: awk
configure:2040: checking whether make sets $(MAKE)
configure:2060: result: yes
configure:2349: checking Open MPI version
configure:2351: result: 1.1a1r9440
configure:2353: checking Open MPI Subversion repository version
configure:2355: result: r9440
configure:2451: checking Open Run-Time Environment version
configure:2453: result: 1.1a1r9440
configure:2455: checking Open Run-Time Environment Subversion repository version
configure:2457: result: r9440
configure:2553: checking Open Portable Access Layer version
configure:2555: result: 1.1a1r9440
configure:2557: checking Open Portable Access Layer Subversion repository version
configure:2559: result: r9440
configure:2627: builddir: /Users/mkluskens/Public/MPI/OpenMPI/openmpi-1.1a1r9440
configure:2629: srcdir: /Users/mkluskens/Public/MPI/OpenMPI/openmpi-1.1a1r9440
configure:2651: checking build system type
configure:2669: result: powerpc-apple-darwin8.5.0
configure:2697: checking host system type
configure:2711: result: powerpc-apple-darwin8.5.0
configure:2738: checking for ompi_clean
configure:2771: result: no
configure:2865: checking Whether to run code coverage
configure:2892: result: no
configure:2902: checking whether to debug memory usage
configure:2914: result: no
configure:2934: checking whether to profile memory usage
configure:2946: result: no
configure:2966: checking if want developer-level compiler pickyness
configure:2978: result: no
configure:2993: checking if want developer-level debugging code
configure:3005: result: no
configure:3030: checking if want Fortran 77 bindings
configure:3038: result: yes
configure:3052: checking if want Fortran 90 bindings
configure:3060: result: yes
configure:3080: checking whether to enable PMPI
configure:3088: result: yes
configure:3105: checking if want C++ bindings
configure:3113: result: yes
configure:3127: checking if want to enable weak symbol support
configure:3135: result: yes
configure:3148: checking if want run-time MPI parameter checking
configure:3169: result: runtime
configure:3192: checking if want to install OMPI header files
configure:3205: result: no
configure:3223: checking if want pretty-print stacktrace
configure:3235: result: yes
configure:3248: checking if want deprecated executable names
configure:3260: result: no
configure:3280: checking if peruse support is required
configure:3292: result: no
configure:3317: checking max supported array dimension in F90 MPI bindings
configure:3332: result: 4
configure:3337: checking if pty support should be enabled
configure:3349: result: yes
configure:3362: checking if user wants dlopen support
configure:3377: result: yes
configure:3385: checking if heterogeneous support should be enabled
configure:3397: result: yes
configure:3411: checking if want trace file debugging
configure:3423: result: no
configure:3672: checking for style of include used by make
configure:3700: result: GNU
configure:3776: checking for gcc
configure:3792: found /usr/bin/gcc
configure:3802: result: gcc
configure:4046: checking for C compiler version
configure:4049: gcc --version </dev/null >&5
powerpc-apple-darwin8-gcc-4.0.1 (GCC) 4.0.1 (Apple Computer, Inc. build 5250)
Copyright (C) 2005 Free Software Foundation, Inc.
This is free software; see the source for copying conditions.  There is NO
warranty; not even for MERCHANTABILITY or FITNESS FOR A PARTICULAR PURPOSE.

configure:4052: $? = 0
configure:4054: gcc -v </dev/null >&5
Using built-in specs.
Target: powerpc-apple-darwin8
Configured with: /private/var/tmp/gcc/gcc-5250.obj~12/src/configure --disable-checking -enable-werror --prefix=/usr --mandir=/share/man --enable-languages=c,objc,c++,obj-c++ --program-transform-name=/^[cg][^.-]*$/s/$/-4.0/ --with-gxx-include-dir=/include/c++/4.0.0 --build=powerpc-apple-darwin8 --host=powerpc-apple-darwin8 --target=powerpc-apple-darwin8
Thread model: posix
gcc version 4.0.1 (Apple Computer, Inc. build 5250)
configure:4057: $? = 0
configure:4059: gcc -V </dev/null >&5
gcc: argument to `-V' is missing
configure:4062: $? = 1
configure:4085: checking for C compiler default output file name
configure:4088: gcc -DNDEBUG    conftest.c  >&5
configure:4091: $? = 0
configure:4137: result: a.out
configure:4142: checking whether the C compiler works
configure:4148: ./a.out
configure:4151: $? = 0
configure:4168: result: yes
configure:4175: checking whether we are cross compiling
configure:4177: result: no
configure:4180: checking for suffix of executables
configure:4182: gcc -o conftest -DNDEBUG    conftest.c  >&5
configure:4185: $? = 0
configure:4210: result: 
configure:4216: checking for suffix of object files
configure:4237: gcc -c -DNDEBUG   conftest.c >&5
configure:4240: $? = 0
configure:4262: result: o
configure:4266: checking whether we are using the GNU C compiler
configure:4290: gcc -c -DNDEBUG   conftest.c >&5
configure:4296: $? = 0
configure:4300: test -z 
			 || test ! -s conftest.err
configure:4303: $? = 0
configure:4306: test -s conftest.o
configure:4309: $? = 0
configure:4322: result: yes
configure:4328: checking whether gcc accepts -g
configure:4349: gcc -c -g  conftest.c >&5
configure:4355: $? = 0
configure:4359: test -z 
			 || test ! -s conftest.err
configure:4362: $? = 0
configure:4365: test -s conftest.o
configure:4368: $? = 0
configure:4379: result: yes
configure:4396: checking for gcc option to accept ANSI C
configure:4466: gcc  -c -DNDEBUG   conftest.c >&5
configure:4472: $? = 0
configure:4476: test -z 
			 || test ! -s conftest.err
configure:4479: $? = 0
configure:4482: test -s conftest.o
configure:4485: $? = 0
configure:4503: result: none needed
configure:4521: gcc -c -DNDEBUG   conftest.c >&5
conftest.c:2: error: parse error before 'me'
configure:4527: $? = 1
configure: failed program was:
| #ifndef __cplusplus
|   choke me
| #endif
configure:4662: checking dependency style of gcc
configure:4752: result: gcc3
configure:4780: checking whether gcc and cc understand -c and -o together
configure:4810: gcc -c conftest.c -o conftest.o >&5
configure:4813: $? = 0
configure:4815: gcc -c conftest.c -o conftest.o >&5
configure:4818: $? = 0
configure:4825: cc -c conftest.c >&5
configure:4828: $? = 0
configure:4831: cc -c conftest.c -o conftest.o >&5
configure:4834: $? = 0
configure:4836: cc -c conftest.c -o conftest.o >&5
configure:4839: $? = 0
configure:4857: result: yes
configure:4895: checking for the C compiler vendor
configure:4923: gcc -c -DNDEBUG   conftest.c >&5
conftest.c:2:2: error: #error "condition defined(__INTEL_COMPILER) || defined(__ICC) not met"
conftest.c:3: error: parse error before 'me'
configure:4929: $? = 1
configure: failed program was:
| #if !( defined(__INTEL_COMPILER) || defined(__ICC) )
| #error "condition defined(__INTEL_COMPILER) || defined(__ICC) not met"
| choke me
| #endif
configure:4964: gcc -c -DNDEBUG   conftest.c >&5
configure:4970: $? = 0
configure:4974: test -z 
			 || test ! -s conftest.err
configure:4977: $? = 0
configure:4980: test -s conftest.o
configure:4983: $? = 0
configure:6152: result: gnu
configure:6411: checking if gcc supports -finline-functions
configure:6432: gcc -c -DNDEBUG  -finline-functions  conftest.c >&5
configure:6438: $? = 0
configure:6442: test -z 
			 || test ! -s conftest.err
configure:6445: $? = 0
configure:6448: test -s conftest.o
configure:6451: $? = 0
configure:6462: result: yes
configure:6471: checking if gcc supports -fno-strict-aliasing
configure:6492: gcc -c -DNDEBUG  -fno-strict-aliasing  conftest.c >&5
configure:6498: $? = 0
configure:6502: test -z 
			 || test ! -s conftest.err
configure:6505: $? = 0
configure:6508: test -s conftest.o
configure:6511: $? = 0
configure:6522: result: yes
configure:6598: WARNING:  -fno-strict-aliasing has been added to CFLAGS
configure:6829: checking for C optimization flags
configure:6893: result: -O3 -DNDEBUG -fno-strict-aliasing
configure:6920: checking how to run the C preprocessor
configure:6955: gcc -E  conftest.c
configure:6961: $? = 0
configure:6993: gcc -E  conftest.c
conftest.c:36:28: error: ac_nonexistent.h: No such file or directory
configure:6999: $? = 1
configure: failed program was:
| /* confdefs.h.  */
| 
| #define PACKAGE_NAME "Open MPI"
| #define PACKAGE_TARNAME "openmpi"
| #define PACKAGE_VERSION "1.1a1"
| #define PACKAGE_STRING "Open MPI 1.1a1"
| #define PACKAGE_BUGREPORT "http://www.open-mpi.org/community/help/"
| #define OMPI_MAJOR_VERSION 1
| #define OMPI_MINOR_VERSION 1
| #define OMPI_RELEASE_VERSION 0
| #define OMPI_GREEK_VERSION "a1"
| #define OMPI_VERSION "0"
| #define ORTE_MAJOR_VERSION 1
| #define ORTE_MINOR_VERSION 1
| #define ORTE_RELEASE_VERSION 0
| #define ORTE_GREEK_VERSION "a1"
| #define ORTE_VERSION "0"
| #define OPAL_MAJOR_VERSION 1
| #define OPAL_MINOR_VERSION 1
| #define OPAL_RELEASE_VERSION 0
| #define OPAL_GREEK_VERSION "a1"
| #define OPAL_VERSION "0"
| #define _GNU_SOURCE 1
| #define OMPI_ARCH "powerpc-apple-darwin8.5.0"
| #define OMPI_ENABLE_MEM_DEBUG 0
| #define OMPI_ENABLE_MEM_PROFILE 0
| #define OMPI_ENABLE_DEBUG 0
| #define MPI_PARAM_CHECK ompi_mpi_param_check
| #define OMPI_WANT_PRETTY_PRINT_STACKTRACE 1
| #define OMPI_WANT_PERUSE 0
| #define OMPI_ENABLE_PTY_SUPPORT 1
| #define OMPI_ENABLE_HETEROGENEOUS_SUPPORT 1
| #define OPAL_ENABLE_TRACE 0
| #define OMPI_CC "gcc"
| /* end confdefs.h.  */
| #include <ac_nonexistent.h>
configure:7038: result: gcc -E
configure:7062: gcc -E  conftest.c
configure:7068: $? = 0
configure:7100: gcc -E  conftest.c
conftest.c:36:28: error: ac_nonexistent.h: No such file or directory
configure:7106: $? = 1
configure: failed program was:
| /* confdefs.h.  */
| 
| #define PACKAGE_NAME "Open MPI"
| #define PACKAGE_TARNAME "openmpi"
| #define PACKAGE_VERSION "1.1a1"
| #define PACKAGE_STRING "Open MPI 1.1a1"
| #define PACKAGE_BUGREPORT "http://www.open-mpi.org/community/help/"
| #define OMPI_MAJOR_VERSION 1
| #define OMPI_MINOR_VERSION 1
| #define OMPI_RELEASE_VERSION 0
| #define OMPI_GREEK_VERSION "a1"
| #define OMPI_VERSION "0"
| #define ORTE_MAJOR_VERSION 1
| #define ORTE_MINOR_VERSION 1
| #define ORTE_RELEASE_VERSION 0
| #define ORTE_GREEK_VERSION "a1"
| #define ORTE_VERSION "0"
| #define OPAL_MAJOR_VERSION 1
| #define OPAL_MINOR_VERSION 1
| #define OPAL_RELEASE_VERSION 0
| #define OPAL_GREEK_VERSION "a1"
| #define OPAL_VERSION "0"
| #define _GNU_SOURCE 1
| #define OMPI_ARCH "powerpc-apple-darwin8.5.0"
| #define OMPI_ENABLE_MEM_DEBUG 0
| #define OMPI_ENABLE_MEM_PROFILE 0
| #define OMPI_ENABLE_DEBUG 0
| #define MPI_PARAM_CHECK ompi_mpi_param_check
| #define OMPI_WANT_PRETTY_PRINT_STACKTRACE 1
| #define OMPI_WANT_PERUSE 0
| #define OMPI_ENABLE_PTY_SUPPORT 1
| #define OMPI_ENABLE_HETEROGENEOUS_SUPPORT 1
| #define OPAL_ENABLE_TRACE 0
| #define OMPI_CC "gcc"
| /* end confdefs.h.  */
| #include <ac_nonexistent.h>
configure:7150: checking for egrep
configure:7160: result: grep -E
configure:7165: checking for ANSI C header files
configure:7190: gcc -c -O3 -DNDEBUG -fno-strict-aliasing  conftest.c >&5
configure:7196: $? = 0
configure:7200: test -z 
			 || test ! -s conftest.err
configure:7203: $? = 0
configure:7206: test -s conftest.o
configure:7209: $? = 0
configure:7295: gcc -o conftest -O3 -DNDEBUG -fno-strict-aliasing   conftest.c  >&5
conftest.c: In function 'main':
conftest.c:53: warning: incompatible implicit declaration of built-in function 'exit'
configure:7298: $? = 0
configure:7300: ./conftest
configure:7303: $? = 0
configure:7318: result: yes
configure:7342: checking for sys/types.h
configure:7358: gcc -c -O3 -DNDEBUG -fno-strict-aliasing  conftest.c >&5
configure:7364: $? = 0
configure:7368: test -z 
			 || test ! -s conftest.err
configure:7371: $? = 0
configure:7374: test -s conftest.o
configure:7377: $? = 0
configure:7388: result: yes
configure:7342: checking for sys/stat.h
configure:7358: gcc -c -O3 -DNDEBUG -fno-strict-aliasing  conftest.c >&5
configure:7364: $? = 0
configure:7368: test -z 
			 || test ! -s conftest.err
configure:7371: $? = 0
configure:7374: test -s conftest.o
configure:7377: $? = 0
configure:7388: result: yes
configure:7342: checking for stdlib.h
configure:7358: gcc -c -O3 -DNDEBUG -fno-strict-aliasing  conftest.c >&5
configure:7364: $? = 0
configure:7368: test -z 
			 || test ! -s conftest.err
configure:7371: $? = 0
configure:7374: test -s conftest.o
configure:7377: $? = 0
configure:7388: result: yes
configure:7342: checking for string.h
configure:7358: gcc -c -O3 -DNDEBUG -fno-strict-aliasing  conftest.c >&5
configure:7364: $? = 0
configure:7368: test -z 
			 || test ! -s conftest.err
configure:7371: $? = 0
configure:7374: test -s conftest.o
configure:7377: $? = 0
configure:7388: result: yes
configure:7342: checking for memory.h
configure:7358: gcc -c -O3 -DNDEBUG -fno-strict-aliasing  conftest.c >&5
configure:7364: $? = 0
configure:7368: test -z 
			 || test ! -s conftest.err
configure:7371: $? = 0
configure:7374: test -s conftest.o
configure:7377: $? = 0
configure:7388: result: yes
configure:7342: checking for strings.h
configure:7358: gcc -c -O3 -DNDEBUG -fno-strict-aliasing  conftest.c >&5
configure:7364: $? = 0
configure:7368: test -z 
			 || test ! -s conftest.err
configure:7371: $? = 0
configure:7374: test -s conftest.o
configure:7377: $? = 0
configure:7388: result: yes
configure:7342: checking for inttypes.h
configure:7358: gcc -c -O3 -DNDEBUG -fno-strict-aliasing  conftest.c >&5
configure:7364: $? = 0
configure:7368: test -z 
			 || test ! -s conftest.err
configure:7371: $? = 0
configure:7374: test -s conftest.o
configure:7377: $? = 0
configure:7388: result: yes
configure:7342: checking for stdint.h
configure:7358: gcc -c -O3 -DNDEBUG -fno-strict-aliasing  conftest.c >&5
configure:7364: $? = 0
configure:7368: test -z 
			 || test ! -s conftest.err
configure:7371: $? = 0
configure:7374: test -s conftest.o
configure:7377: $? = 0
configure:7388: result: yes
configure:7342: checking for unistd.h
configure:7358: gcc -c -O3 -DNDEBUG -fno-strict-aliasing  conftest.c >&5
configure:7364: $? = 0
configure:7368: test -z 
			 || test ! -s conftest.err
configure:7371: $? = 0
configure:7374: test -s conftest.o
configure:7377: $? = 0
configure:7388: result: yes
configure:7400: checking for long long
configure:7424: gcc -c -O3 -DNDEBUG -fno-strict-aliasing  conftest.c >&5
configure:7430: $? = 0
configure:7434: test -z 
			 || test ! -s conftest.err
configure:7437: $? = 0
configure:7440: test -s conftest.o
configure:7443: $? = 0
configure:7454: result: yes
configure:7465: checking for long double
configure:7489: gcc -c -O3 -DNDEBUG -fno-strict-aliasing  conftest.c >&5
configure:7495: $? = 0
configure:7499: test -z 
			 || test ! -s conftest.err
configure:7502: $? = 0
configure:7505: test -s conftest.o
configure:7508: $? = 0
configure:7519: result: yes
configure:7530: checking for int8_t
configure:7554: gcc -c -O3 -DNDEBUG -fno-strict-aliasing  conftest.c >&5
configure:7560: $? = 0
configure:7564: test -z 
			 || test ! -s conftest.err
configure:7567: $? = 0
configure:7570: test -s conftest.o
configure:7573: $? = 0
configure:7584: result: yes
configure:7595: checking for uint8_t
configure:7619: gcc -c -O3 -DNDEBUG -fno-strict-aliasing  conftest.c >&5
configure:7625: $? = 0
configure:7629: test -z 
			 || test ! -s conftest.err
configure:7632: $? = 0
configure:7635: test -s conftest.o
configure:7638: $? = 0
configure:7649: result: yes
configure:7660: checking for int16_t
configure:7684: gcc -c -O3 -DNDEBUG -fno-strict-aliasing  conftest.c >&5
configure:7690: $? = 0
configure:7694: test -z 
			 || test ! -s conftest.err
configure:7697: $? = 0
configure:7700: test -s conftest.o
configure:7703: $? = 0
configure:7714: result: yes
configure:7725: checking for uint16_t
configure:7749: gcc -c -O3 -DNDEBUG -fno-strict-aliasing  conftest.c >&5
configure:7755: $? = 0
configure:7759: test -z 
			 || test ! -s conftest.err
configure:7762: $? = 0
configure:7765: test -s conftest.o
configure:7768: $? = 0
configure:7779: result: yes
configure:7790: checking for int32_t
configure:7814: gcc -c -O3 -DNDEBUG -fno-strict-aliasing  conftest.c >&5
configure:7820: $? = 0
configure:7824: test -z 
			 || test ! -s conftest.err
configure:7827: $? = 0
configure:7830: test -s conftest.o
configure:7833: $? = 0
configure:7844: result: yes
configure:7855: checking for uint32_t
configure:7879: gcc -c -O3 -DNDEBUG -fno-strict-aliasing  conftest.c >&5
configure:7885: $? = 0
configure:7889: test -z 
			 || test ! -s conftest.err
configure:7892: $? = 0
configure:7895: test -s conftest.o
configure:7898: $? = 0
configure:7909: result: yes
configure:7920: checking for int64_t
configure:7944: gcc -c -O3 -DNDEBUG -fno-strict-aliasing  conftest.c >&5
configure:7950: $? = 0
configure:7954: test -z 
			 || test ! -s conftest.err
configure:7957: $? = 0
configure:7960: test -s conftest.o
configure:7963: $? = 0
configure:7974: result: yes
configure:7985: checking for uint64_t
configure:8009: gcc -c -O3 -DNDEBUG -fno-strict-aliasing  conftest.c >&5
configure:8015: $? = 0
configure:8019: test -z 
			 || test ! -s conftest.err
configure:8022: $? = 0
configure:8025: test -s conftest.o
configure:8028: $? = 0
configure:8039: result: yes
configure:8050: checking for intptr_t
configure:8074: gcc -c -O3 -DNDEBUG -fno-strict-aliasing  conftest.c >&5
configure:8080: $? = 0
configure:8084: test -z 
			 || test ! -s conftest.err
configure:8087: $? = 0
configure:8090: test -s conftest.o
configure:8093: $? = 0
configure:8104: result: yes
configure:8115: checking for uintptr_t
configure:8139: gcc -c -O3 -DNDEBUG -fno-strict-aliasing  conftest.c >&5
configure:8145: $? = 0
configure:8149: test -z 
			 || test ! -s conftest.err
configure:8152: $? = 0
configure:8155: test -s conftest.o
configure:8158: $? = 0
configure:8169: result: yes
configure:8180: checking for mode_t
configure:8204: gcc -c -O3 -DNDEBUG -fno-strict-aliasing  conftest.c >&5
configure:8210: $? = 0
configure:8214: test -z 
			 || test ! -s conftest.err
configure:8217: $? = 0
configure:8220: test -s conftest.o
configure:8223: $? = 0
configure:8234: result: yes
configure:8251: checking for char
configure:8275: gcc -c -O3 -DNDEBUG -fno-strict-aliasing  conftest.c >&5
configure:8281: $? = 0
configure:8285: test -z 
			 || test ! -s conftest.err
configure:8288: $? = 0
configure:8291: test -s conftest.o
configure:8294: $? = 0
configure:8305: result: yes
configure:8308: checking size of char
configure:8627: gcc -o conftest -O3 -DNDEBUG -fno-strict-aliasing   conftest.c  >&5
configure:8630: $? = 0
configure:8632: ./conftest
configure:8635: $? = 0
configure:8658: result: 1
configure:8665: checking for short
configure:8689: gcc -c -O3 -DNDEBUG -fno-strict-aliasing  conftest.c >&5
configure:8695: $? = 0
configure:8699: test -z 
			 || test ! -s conftest.err
configure:8702: $? = 0
configure:8705: test -s conftest.o
configure:8708: $? = 0
configure:8719: result: yes
configure:8722: checking size of short
configure:9041: gcc -o conftest -O3 -DNDEBUG -fno-strict-aliasing   conftest.c  >&5
configure:9044: $? = 0
configure:9046: ./conftest
configure:9049: $? = 0
configure:9072: result: 2
configure:9079: checking for int
configure:9103: gcc -c -O3 -DNDEBUG -fno-strict-aliasing  conftest.c >&5
configure:9109: $? = 0
configure:9113: test -z 
			 || test ! -s conftest.err
configure:9116: $? = 0
configure:9119: test -s conftest.o
configure:9122: $? = 0
configure:9133: result: yes
configure:9136: checking size of int
configure:9455: gcc -o conftest -O3 -DNDEBUG -fno-strict-aliasing   conftest.c  >&5
configure:9458: $? = 0
configure:9460: ./conftest
configure:9463: $? = 0
configure:9486: result: 4
configure:9493: checking for long
configure:9517: gcc -c -O3 -DNDEBUG -fno-strict-aliasing  conftest.c >&5
configure:9523: $? = 0
configure:9527: test -z 
			 || test ! -s conftest.err
configure:9530: $? = 0
configure:9533: test -s conftest.o
configure:9536: $? = 0
configure:9547: result: yes
configure:9550: checking size of long
configure:9869: gcc -o conftest -O3 -DNDEBUG -fno-strict-aliasing   conftest.c  >&5
configure:9872: $? = 0
configure:9874: ./conftest
configure:9877: $? = 0
configure:9900: result: 4
configure:9908: checking for long long
configure:9962: result: yes
configure:9965: checking size of long long
configure:10284: gcc -o conftest -O3 -DNDEBUG -fno-strict-aliasing   conftest.c  >&5
configure:10287: $? = 0
configure:10289: ./conftest
configure:10292: $? = 0
configure:10315: result: 8
configure:10324: checking for long double
configure:10378: result: yes
configure:10381: checking size of long double
configure:10700: gcc -o conftest -O3 -DNDEBUG -fno-strict-aliasing   conftest.c  >&5
configure:10703: $? = 0
configure:10705: ./conftest
configure:10708: $? = 0
configure:10731: result: 16
configure:10739: checking for float
configure:10763: gcc -c -O3 -DNDEBUG -fno-strict-aliasing  conftest.c >&5
configure:10769: $? = 0
configure:10773: test -z 
			 || test ! -s conftest.err
configure:10776: $? = 0
configure:10779: test -s conftest.o
configure:10782: $? = 0
configure:10793: result: yes
configure:10796: checking size of float
configure:11115: gcc -o conftest -O3 -DNDEBUG -fno-strict-aliasing   conftest.c  >&5
configure:11118: $? = 0
configure:11120: ./conftest
configure:11123: $? = 0
configure:11146: result: 4
configure:11153: checking for double
configure:11177: gcc -c -O3 -DNDEBUG -fno-strict-aliasing  conftest.c >&5
configure:11183: $? = 0
configure:11187: test -z 
			 || test ! -s conftest.err
configure:11190: $? = 0
configure:11193: test -s conftest.o
configure:11196: $? = 0
configure:11207: result: yes
configure:11210: checking size of double
configure:11529: gcc -o conftest -O3 -DNDEBUG -fno-strict-aliasing   conftest.c  >&5
configure:11532: $? = 0
configure:11534: ./conftest
configure:11537: $? = 0
configure:11560: result: 8
configure:11567: checking for void *
configure:11591: gcc -c -O3 -DNDEBUG -fno-strict-aliasing  conftest.c >&5
configure:11597: $? = 0
configure:11601: test -z 
			 || test ! -s conftest.err
configure:11604: $? = 0
configure:11607: test -s conftest.o
configure:11610: $? = 0
configure:11621: result: yes
configure:11624: checking size of void *
configure:11943: gcc -o conftest -O3 -DNDEBUG -fno-strict-aliasing   conftest.c  >&5
configure:11946: $? = 0
configure:11948: ./conftest
configure:11951: $? = 0
configure:11974: result: 4
configure:11981: checking for size_t
configure:12005: gcc -c -O3 -DNDEBUG -fno-strict-aliasing  conftest.c >&5
configure:12011: $? = 0
configure:12015: test -z 
			 || test ! -s conftest.err
configure:12018: $? = 0
configure:12021: test -s conftest.o
configure:12024: $? = 0
configure:12035: result: yes
configure:12038: checking size of size_t
configure:12357: gcc -o conftest -O3 -DNDEBUG -fno-strict-aliasing   conftest.c  >&5
configure:12360: $? = 0
configure:12362: ./conftest
configure:12365: $? = 0
configure:12388: result: 4
configure:12401: checking alignment of char
configure:12798: gcc -o conftest -O3 -DNDEBUG -fno-strict-aliasing   conftest.c  >&5
configure:12801: $? = 0
configure:12803: ./conftest
configure:12806: $? = 0
configure:12826: result: 1
configure:12838: checking alignment of short
configure:13235: gcc -o conftest -O3 -DNDEBUG -fno-strict-aliasing   conftest.c  >&5
configure:13238: $? = 0
configure:13240: ./conftest
configure:13243: $? = 0
configure:13263: result: 2
configure:13275: checking alignment of wchar_t
configure:13672: gcc -o conftest -O3 -DNDEBUG -fno-strict-aliasing   conftest.c  >&5
configure:13675: $? = 0
configure:13677: ./conftest
configure:13680: $? = 0
configure:13700: result: 4
configure:13712: checking alignment of int
configure:14109: gcc -o conftest -O3 -DNDEBUG -fno-strict-aliasing   conftest.c  >&5
configure:14112: $? = 0
configure:14114: ./conftest
configure:14117: $? = 0
configure:14137: result: 4
configure:14149: checking alignment of long
configure:14546: gcc -o conftest -O3 -DNDEBUG -fno-strict-aliasing   conftest.c  >&5
configure:14549: $? = 0
configure:14551: ./conftest
configure:14554: $? = 0
configure:14574: result: 4
configure:14587: checking alignment of long long
configure:14984: gcc -o conftest -O3 -DNDEBUG -fno-strict-aliasing   conftest.c  >&5
configure:14987: $? = 0
configure:14989: ./conftest
configure:14992: $? = 0
configure:15012: result: 4
configure:15025: checking alignment of float
configure:15422: gcc -o conftest -O3 -DNDEBUG -fno-strict-aliasing   conftest.c  >&5
configure:15425: $? = 0
configure:15427: ./conftest
configure:15430: $? = 0
configure:15450: result: 4
configure:15462: checking alignment of double
configure:15859: gcc -o conftest -O3 -DNDEBUG -fno-strict-aliasing   conftest.c  >&5
configure:15862: $? = 0
configure:15864: ./conftest
configure:15867: $? = 0
configure:15887: result: 4
configure:15900: checking alignment of long double
configure:16297: gcc -o conftest -O3 -DNDEBUG -fno-strict-aliasing   conftest.c  >&5
configure:16300: $? = 0
configure:16302: ./conftest
configure:16305: $? = 0
configure:16325: result: 16
configure:16338: checking alignment of void *
configure:16735: gcc -o conftest -O3 -DNDEBUG -fno-strict-aliasing   conftest.c  >&5
configure:16738: $? = 0
configure:16740: ./conftest
configure:16743: $? = 0
configure:16763: result: 4
configure:16780: checking for C bool type
configure:16799: gcc -c -O3 -DNDEBUG -fno-strict-aliasing  conftest.c >&5
conftest.c: In function 'main':
conftest.c:117: error: 'bool' undeclared (first use in this function)
conftest.c:117: error: (Each undeclared identifier is reported only once
conftest.c:117: error: for each function it appears in.)
conftest.c:117: error: parse error before 'bar'
conftest.c:117: error: 'bar' undeclared (first use in this function)
conftest.c:117: error: 'foo' undeclared (first use in this function)
configure:16805: $? = 1
configure: failed program was:
| /* confdefs.h.  */
| 
| #define PACKAGE_NAME "Open MPI"
| #define PACKAGE_TARNAME "openmpi"
| #define PACKAGE_VERSION "1.1a1"
| #define PACKAGE_STRING "Open MPI 1.1a1"
| #define PACKAGE_BUGREPORT "http://www.open-mpi.org/community/help/"
| #define OMPI_MAJOR_VERSION 1
| #define OMPI_MINOR_VERSION 1
| #define OMPI_RELEASE_VERSION 0
| #define OMPI_GREEK_VERSION "a1"
| #define OMPI_VERSION "0"
| #define ORTE_MAJOR_VERSION 1
| #define ORTE_MINOR_VERSION 1
| #define ORTE_RELEASE_VERSION 0
| #define ORTE_GREEK_VERSION "a1"
| #define ORTE_VERSION "0"
| #define OPAL_MAJOR_VERSION 1
| #define OPAL_MINOR_VERSION 1
| #define OPAL_RELEASE_VERSION 0
| #define OPAL_GREEK_VERSION "a1"
| #define OPAL_VERSION "0"
| #define _GNU_SOURCE 1
| #define OMPI_ARCH "powerpc-apple-darwin8.5.0"
| #define OMPI_ENABLE_MEM_DEBUG 0
| #define OMPI_ENABLE_MEM_PROFILE 0
| #define OMPI_ENABLE_DEBUG 0
| #define MPI_PARAM_CHECK ompi_mpi_param_check
| #define OMPI_WANT_PRETTY_PRINT_STACKTRACE 1
| #define OMPI_WANT_PERUSE 0
| #define OMPI_ENABLE_PTY_SUPPORT 1
| #define OMPI_ENABLE_HETEROGENEOUS_SUPPORT 1
| #define OPAL_ENABLE_TRACE 0
| #define OMPI_CC "gcc"
| #define STDC_HEADERS 1
| #define HAVE_SYS_TYPES_H 1
| #define HAVE_SYS_STAT_H 1
| #define HAVE_STDLIB_H 1
| #define HAVE_STRING_H 1
| #define HAVE_MEMORY_H 1
| #define HAVE_STRINGS_H 1
| #define HAVE_INTTYPES_H 1
| #define HAVE_STDINT_H 1
| #define HAVE_UNISTD_H 1
| #define HAVE_LONG_LONG 1
| #define HAVE_LONG_DOUBLE 1
| #define HAVE_INT8_T 1
| #define HAVE_UINT8_T 1
| #define HAVE_INT16_T 1
| #define HAVE_UINT16_T 1
| #define HAVE_INT32_T 1
| #define HAVE_UINT32_T 1
| #define HAVE_INT64_T 1
| #define HAVE_UINT64_T 1
| #define HAVE_INTPTR_T 1
| #define HAVE_UINTPTR_T 1
| #define HAVE_MODE_T 1
| #define SIZEOF_CHAR 1
| #define SIZEOF_SHORT 2
| #define SIZEOF_INT 4
| #define SIZEOF_LONG 4
| #define SIZEOF_LONG_LONG 8
| #define SIZEOF_LONG_DOUBLE 16
| #define SIZEOF_FLOAT 4
| #define SIZEOF_DOUBLE 8
| #define SIZEOF_VOID_P 4
| #define SIZEOF_SIZE_T 4
| #define OMPI_ALIGNMENT_CHAR 1
| #define OMPI_ALIGNMENT_SHORT 2
| #define OMPI_ALIGNMENT_WCHAR 4
| #define OMPI_ALIGNMENT_INT 4
| #define OMPI_ALIGNMENT_LONG 4
| #define OMPI_ALIGNMENT_LONG_LONG 4
| #define OMPI_ALIGNMENT_FLOAT 4
| #define OMPI_ALIGNMENT_DOUBLE 4
| #define OMPI_ALIGNMENT_LONG_DOUBLE 16
| #define OMPI_ALIGNMENT_VOID_P 4
| /* end confdefs.h.  */
| 
| #include <stdio.h>
| #if HAVE_SYS_TYPES_H
| # include <sys/types.h>
| #endif
| #if HAVE_SYS_STAT_H
| # include <sys/stat.h>
| #endif
| #if STDC_HEADERS
| # include <stdlib.h>
| # include <stddef.h>
| #else
| # if HAVE_STDLIB_H
| #  include <stdlib.h>
| # endif
| #endif
| #if HAVE_STRING_H
| # if !STDC_HEADERS && HAVE_MEMORY_H
| #  include <memory.h>
| # endif
| # include <string.h>
| #endif
| #if HAVE_STRINGS_H
| # include <strings.h>
| #endif
| #if HAVE_INTTYPES_H
| # include <inttypes.h>
| #else
| # if HAVE_STDINT_H
| #  include <stdint.h>
| # endif
| #endif
| #if HAVE_UNISTD_H
| # include <unistd.h>
| #endif
| int
| main ()
| {
| bool bar, foo = true; bar = foo;
|   ;
|   return 0;
| }
configure:16833: result: no
configure:16861: checking for inline
configure:16882: gcc -c -O3 -DNDEBUG  -Werror -ansi  conftest.c >&5
conftest.c:82: error: syntax error before 'foo_t'
conftest.c:83: error: syntax error before 'foo_t'
configure:16888: $? = 1
configure: failed program was:
| /* confdefs.h.  */
| 
| #define PACKAGE_NAME "Open MPI"
| #define PACKAGE_TARNAME "openmpi"
| #define PACKAGE_VERSION "1.1a1"
| #define PACKAGE_STRING "Open MPI 1.1a1"
| #define PACKAGE_BUGREPORT "http://www.open-mpi.org/community/help/"
| #define OMPI_MAJOR_VERSION 1
| #define OMPI_MINOR_VERSION 1
| #define OMPI_RELEASE_VERSION 0
| #define OMPI_GREEK_VERSION "a1"
| #define OMPI_VERSION "0"
| #define ORTE_MAJOR_VERSION 1
| #define ORTE_MINOR_VERSION 1
| #define ORTE_RELEASE_VERSION 0
| #define ORTE_GREEK_VERSION "a1"
| #define ORTE_VERSION "0"
| #define OPAL_MAJOR_VERSION 1
| #define OPAL_MINOR_VERSION 1
| #define OPAL_RELEASE_VERSION 0
| #define OPAL_GREEK_VERSION "a1"
| #define OPAL_VERSION "0"
| #define _GNU_SOURCE 1
| #define OMPI_ARCH "powerpc-apple-darwin8.5.0"
| #define OMPI_ENABLE_MEM_DEBUG 0
| #define OMPI_ENABLE_MEM_PROFILE 0
| #define OMPI_ENABLE_DEBUG 0
| #define MPI_PARAM_CHECK ompi_mpi_param_check
| #define OMPI_WANT_PRETTY_PRINT_STACKTRACE 1
| #define OMPI_WANT_PERUSE 0
| #define OMPI_ENABLE_PTY_SUPPORT 1
| #define OMPI_ENABLE_HETEROGENEOUS_SUPPORT 1
| #define OPAL_ENABLE_TRACE 0
| #define OMPI_CC "gcc"
| #define STDC_HEADERS 1
| #define HAVE_SYS_TYPES_H 1
| #define HAVE_SYS_STAT_H 1
| #define HAVE_STDLIB_H 1
| #define HAVE_STRING_H 1
| #define HAVE_MEMORY_H 1
| #define HAVE_STRINGS_H 1
| #define HAVE_INTTYPES_H 1
| #define HAVE_STDINT_H 1
| #define HAVE_UNISTD_H 1
| #define HAVE_LONG_LONG 1
| #define HAVE_LONG_DOUBLE 1
| #define HAVE_INT8_T 1
| #define HAVE_UINT8_T 1
| #define HAVE_INT16_T 1
| #define HAVE_UINT16_T 1
| #define HAVE_INT32_T 1
| #define HAVE_UINT32_T 1
| #define HAVE_INT64_T 1
| #define HAVE_UINT64_T 1
| #define HAVE_INTPTR_T 1
| #define HAVE_UINTPTR_T 1
| #define HAVE_MODE_T 1
| #define SIZEOF_CHAR 1
| #define SIZEOF_SHORT 2
| #define SIZEOF_INT 4
| #define SIZEOF_LONG 4
| #define SIZEOF_LONG_LONG 8
| #define SIZEOF_LONG_DOUBLE 16
| #define SIZEOF_FLOAT 4
| #define SIZEOF_DOUBLE 8
| #define SIZEOF_VOID_P 4
| #define SIZEOF_SIZE_T 4
| #define OMPI_ALIGNMENT_CHAR 1
| #define OMPI_ALIGNMENT_SHORT 2
| #define OMPI_ALIGNMENT_WCHAR 4
| #define OMPI_ALIGNMENT_INT 4
| #define OMPI_ALIGNMENT_LONG 4
| #define OMPI_ALIGNMENT_LONG_LONG 4
| #define OMPI_ALIGNMENT_FLOAT 4
| #define OMPI_ALIGNMENT_DOUBLE 4
| #define OMPI_ALIGNMENT_LONG_DOUBLE 16
| #define OMPI_ALIGNMENT_VOID_P 4
| #define OMPI_NEED_C_BOOL 1
| /* end confdefs.h.  */
| #ifndef __cplusplus
| typedef int foo_t;
| static inline foo_t static_foo () {return 0; }
| inline foo_t foo () {return 0; }
| #endif
| 
configure:16882: gcc -c -O3 -DNDEBUG  -Werror -ansi  conftest.c >&5
configure:16888: $? = 0
configure:16892: test -z 
			 || test ! -s conftest.err
configure:16895: $? = 0
configure:16898: test -s conftest.o
configure:16901: $? = 0
configure:16913: result: __inline__
configure:16932: checking for C/C++ restrict keyword
configure:16950: gcc -c -O3 -DNDEBUG  -Werror -ansi  conftest.c >&5
conftest.c:83: error: parse error before 'x'
cc1: warnings being treated as errors
conftest.c:83: warning: data definition has no type or storage class
configure:16956: $? = 1
configure: failed program was:
| /* confdefs.h.  */
| 
| #define PACKAGE_NAME "Open MPI"
| #define PACKAGE_TARNAME "openmpi"
| #define PACKAGE_VERSION "1.1a1"
| #define PACKAGE_STRING "Open MPI 1.1a1"
| #define PACKAGE_BUGREPORT "http://www.open-mpi.org/community/help/"
| #define OMPI_MAJOR_VERSION 1
| #define OMPI_MINOR_VERSION 1
| #define OMPI_RELEASE_VERSION 0
| #define OMPI_GREEK_VERSION "a1"
| #define OMPI_VERSION "0"
| #define ORTE_MAJOR_VERSION 1
| #define ORTE_MINOR_VERSION 1
| #define ORTE_RELEASE_VERSION 0
| #define ORTE_GREEK_VERSION "a1"
| #define ORTE_VERSION "0"
| #define OPAL_MAJOR_VERSION 1
| #define OPAL_MINOR_VERSION 1
| #define OPAL_RELEASE_VERSION 0
| #define OPAL_GREEK_VERSION "a1"
| #define OPAL_VERSION "0"
| #define _GNU_SOURCE 1
| #define OMPI_ARCH "powerpc-apple-darwin8.5.0"
| #define OMPI_ENABLE_MEM_DEBUG 0
| #define OMPI_ENABLE_MEM_PROFILE 0
| #define OMPI_ENABLE_DEBUG 0
| #define MPI_PARAM_CHECK ompi_mpi_param_check
| #define OMPI_WANT_PRETTY_PRINT_STACKTRACE 1
| #define OMPI_WANT_PERUSE 0
| #define OMPI_ENABLE_PTY_SUPPORT 1
| #define OMPI_ENABLE_HETEROGENEOUS_SUPPORT 1
| #define OPAL_ENABLE_TRACE 0
| #define OMPI_CC "gcc"
| #define STDC_HEADERS 1
| #define HAVE_SYS_TYPES_H 1
| #define HAVE_SYS_STAT_H 1
| #define HAVE_STDLIB_H 1
| #define HAVE_STRING_H 1
| #define HAVE_MEMORY_H 1
| #define HAVE_STRINGS_H 1
| #define HAVE_INTTYPES_H 1
| #define HAVE_STDINT_H 1
| #define HAVE_UNISTD_H 1
| #define HAVE_LONG_LONG 1
| #define HAVE_LONG_DOUBLE 1
| #define HAVE_INT8_T 1
| #define HAVE_UINT8_T 1
| #define HAVE_INT16_T 1
| #define HAVE_UINT16_T 1
| #define HAVE_INT32_T 1
| #define HAVE_UINT32_T 1
| #define HAVE_INT64_T 1
| #define HAVE_UINT64_T 1
| #define HAVE_INTPTR_T 1
| #define HAVE_UINTPTR_T 1
| #define HAVE_MODE_T 1
| #define SIZEOF_CHAR 1
| #define SIZEOF_SHORT 2
| #define SIZEOF_INT 4
| #define SIZEOF_LONG 4
| #define SIZEOF_LONG_LONG 8
| #define SIZEOF_LONG_DOUBLE 16
| #define SIZEOF_FLOAT 4
| #define SIZEOF_DOUBLE 8
| #define SIZEOF_VOID_P 4
| #define SIZEOF_SIZE_T 4
| #define OMPI_ALIGNMENT_CHAR 1
| #define OMPI_ALIGNMENT_SHORT 2
| #define OMPI_ALIGNMENT_WCHAR 4
| #define OMPI_ALIGNMENT_INT 4
| #define OMPI_ALIGNMENT_LONG 4
| #define OMPI_ALIGNMENT_LONG_LONG 4
| #define OMPI_ALIGNMENT_FLOAT 4
| #define OMPI_ALIGNMENT_DOUBLE 4
| #define OMPI_ALIGNMENT_LONG_DOUBLE 16
| #define OMPI_ALIGNMENT_VOID_P 4
| #define OMPI_NEED_C_BOOL 1
| #ifndef __cplusplus
| #define inline __inline__
| #endif
| /* end confdefs.h.  */
| float * restrict x;
configure:16950: gcc -c -O3 -DNDEBUG  -Werror -ansi  conftest.c >&5
configure:16956: $? = 0
configure:16960: test -z 
			 || test ! -s conftest.err
configure:16963: $? = 0
configure:16966: test -s conftest.o
configure:16969: $? = 0
configure:16981: result: __restrict
configure:16997: checking for weak symbol support
configure:17027: gcc -O3 -DNDEBUG  -Werror -ansi  -c conftest_weak.c
cc1: warnings being treated as errors
conftest_weak.c:4: warning: alias definitions not supported in Mach-O; ignored
configure:17034: $? = 1
configure:17075: result: no
configure:17304: checking for g++
configure:17320: found /usr/bin/g++
configure:17330: result: g++
configure:17346: checking for C++ compiler version
configure:17349: g++ --version </dev/null >&5
powerpc-apple-darwin8-g++-4.0.1 (GCC) 4.0.1 (Apple Computer, Inc. build 5250)
Copyright (C) 2005 Free Software Foundation, Inc.
This is free software; see the source for copying conditions.  There is NO
warranty; not even for MERCHANTABILITY or FITNESS FOR A PARTICULAR PURPOSE.

configure:17352: $? = 0
configure:17354: g++ -v </dev/null >&5
Using built-in specs.
Target: powerpc-apple-darwin8
Configured with: /private/var/tmp/gcc/gcc-5250.obj~12/src/configure --disable-checking -enable-werror --prefix=/usr --mandir=/share/man --enable-languages=c,objc,c++,obj-c++ --program-transform-name=/^[cg][^.-]*$/s/$/-4.0/ --with-gxx-include-dir=/include/c++/4.0.0 --build=powerpc-apple-darwin8 --host=powerpc-apple-darwin8 --target=powerpc-apple-darwin8
Thread model: posix
gcc version 4.0.1 (Apple Computer, Inc. build 5250)
configure:17357: $? = 0
configure:17359: g++ -V </dev/null >&5
g++: argument to `-V' is missing
configure:17362: $? = 1
configure:17365: checking whether we are using the GNU C++ compiler
configure:17389: g++ -c -DNDEBUG   conftest.cc >&5
configure:17395: $? = 0
configure:17399: test -z 
			 || test ! -s conftest.err
configure:17402: $? = 0
configure:17405: test -s conftest.o
configure:17408: $? = 0
configure:17421: result: yes
configure:17427: checking whether g++ accepts -g
configure:17448: g++ -c -g  conftest.cc >&5
configure:17454: $? = 0
configure:17458: test -z 
			 || test ! -s conftest.err
configure:17461: $? = 0
configure:17464: test -s conftest.o
configure:17467: $? = 0
configure:17478: result: yes
configure:17520: g++ -c -DNDEBUG   conftest.cc >&5
configure:17526: $? = 0
configure:17530: test -z 
			 || test ! -s conftest.err
configure:17533: $? = 0
configure:17536: test -s conftest.o
configure:17539: $? = 0
configure:17565: g++ -c -DNDEBUG   conftest.cc >&5
conftest.cc: In function 'int main()':
conftest.cc:90: error: 'exit' was not declared in this scope
configure:17571: $? = 1
configure: failed program was:
| /* confdefs.h.  */
| 
| #define PACKAGE_NAME "Open MPI"
| #define PACKAGE_TARNAME "openmpi"
| #define PACKAGE_VERSION "1.1a1"
| #define PACKAGE_STRING "Open MPI 1.1a1"
| #define PACKAGE_BUGREPORT "http://www.open-mpi.org/community/help/"
| #define OMPI_MAJOR_VERSION 1
| #define OMPI_MINOR_VERSION 1
| #define OMPI_RELEASE_VERSION 0
| #define OMPI_GREEK_VERSION "a1"
| #define OMPI_VERSION "0"
| #define ORTE_MAJOR_VERSION 1
| #define ORTE_MINOR_VERSION 1
| #define ORTE_RELEASE_VERSION 0
| #define ORTE_GREEK_VERSION "a1"
| #define ORTE_VERSION "0"
| #define OPAL_MAJOR_VERSION 1
| #define OPAL_MINOR_VERSION 1
| #define OPAL_RELEASE_VERSION 0
| #define OPAL_GREEK_VERSION "a1"
| #define OPAL_VERSION "0"
| #define _GNU_SOURCE 1
| #define OMPI_ARCH "powerpc-apple-darwin8.5.0"
| #define OMPI_ENABLE_MEM_DEBUG 0
| #define OMPI_ENABLE_MEM_PROFILE 0
| #define OMPI_ENABLE_DEBUG 0
| #define MPI_PARAM_CHECK ompi_mpi_param_check
| #define OMPI_WANT_PRETTY_PRINT_STACKTRACE 1
| #define OMPI_WANT_PERUSE 0
| #define OMPI_ENABLE_PTY_SUPPORT 1
| #define OMPI_ENABLE_HETEROGENEOUS_SUPPORT 1
| #define OPAL_ENABLE_TRACE 0
| #define OMPI_CC "gcc"
| #define STDC_HEADERS 1
| #define HAVE_SYS_TYPES_H 1
| #define HAVE_SYS_STAT_H 1
| #define HAVE_STDLIB_H 1
| #define HAVE_STRING_H 1
| #define HAVE_MEMORY_H 1
| #define HAVE_STRINGS_H 1
| #define HAVE_INTTYPES_H 1
| #define HAVE_STDINT_H 1
| #define HAVE_UNISTD_H 1
| #define HAVE_LONG_LONG 1
| #define HAVE_LONG_DOUBLE 1
| #define HAVE_INT8_T 1
| #define HAVE_UINT8_T 1
| #define HAVE_INT16_T 1
| #define HAVE_UINT16_T 1
| #define HAVE_INT32_T 1
| #define HAVE_UINT32_T 1
| #define HAVE_INT64_T 1
| #define HAVE_UINT64_T 1
| #define HAVE_INTPTR_T 1
| #define HAVE_UINTPTR_T 1
| #define HAVE_MODE_T 1
| #define SIZEOF_CHAR 1
| #define SIZEOF_SHORT 2
| #define SIZEOF_INT 4
| #define SIZEOF_LONG 4
| #define SIZEOF_LONG_LONG 8
| #define SIZEOF_LONG_DOUBLE 16
| #define SIZEOF_FLOAT 4
| #define SIZEOF_DOUBLE 8
| #define SIZEOF_VOID_P 4
| #define SIZEOF_SIZE_T 4
| #define OMPI_ALIGNMENT_CHAR 1
| #define OMPI_ALIGNMENT_SHORT 2
| #define OMPI_ALIGNMENT_WCHAR 4
| #define OMPI_ALIGNMENT_INT 4
| #define OMPI_ALIGNMENT_LONG 4
| #define OMPI_ALIGNMENT_LONG_LONG 4
| #define OMPI_ALIGNMENT_FLOAT 4
| #define OMPI_ALIGNMENT_DOUBLE 4
| #define OMPI_ALIGNMENT_LONG_DOUBLE 16
| #define OMPI_ALIGNMENT_VOID_P 4
| #define OMPI_NEED_C_BOOL 1
| #ifndef __cplusplus
| #define inline __inline__
| #endif
| #define restrict __restrict
| #define OMPI_ENABLE_MPI_PROFILING 1
| #define OMPI_HAVE_WEAK_SYMBOLS 0
| /* end confdefs.h.  */
| 
| int
| main ()
| {
| exit (42);
|   ;
|   return 0;
| }
configure:17520: g++ -c -DNDEBUG   conftest.cc >&5
/usr/include/stdlib.h:158: error: declaration of 'void std::exit(int)' throws different exceptions
conftest.cc:86: error: than previous declaration 'void std::exit(int) throw ()'
configure:17526: $? = 1
configure: failed program was:
| /* confdefs.h.  */
| 
| #define PACKAGE_NAME "Open MPI"
| #define PACKAGE_TARNAME "openmpi"
| #define PACKAGE_VERSION "1.1a1"
| #define PACKAGE_STRING "Open MPI 1.1a1"
| #define PACKAGE_BUGREPORT "http://www.open-mpi.org/community/help/"
| #define OMPI_MAJOR_VERSION 1
| #define OMPI_MINOR_VERSION 1
| #define OMPI_RELEASE_VERSION 0
| #define OMPI_GREEK_VERSION "a1"
| #define OMPI_VERSION "0"
| #define ORTE_MAJOR_VERSION 1
| #define ORTE_MINOR_VERSION 1
| #define ORTE_RELEASE_VERSION 0
| #define ORTE_GREEK_VERSION "a1"
| #define ORTE_VERSION "0"
| #define OPAL_MAJOR_VERSION 1
| #define OPAL_MINOR_VERSION 1
| #define OPAL_RELEASE_VERSION 0
| #define OPAL_GREEK_VERSION "a1"
| #define OPAL_VERSION "0"
| #define _GNU_SOURCE 1
| #define OMPI_ARCH "powerpc-apple-darwin8.5.0"
| #define OMPI_ENABLE_MEM_DEBUG 0
| #define OMPI_ENABLE_MEM_PROFILE 0
| #define OMPI_ENABLE_DEBUG 0
| #define MPI_PARAM_CHECK ompi_mpi_param_check
| #define OMPI_WANT_PRETTY_PRINT_STACKTRACE 1
| #define OMPI_WANT_PERUSE 0
| #define OMPI_ENABLE_PTY_SUPPORT 1
| #define OMPI_ENABLE_HETEROGENEOUS_SUPPORT 1
| #define OPAL_ENABLE_TRACE 0
| #define OMPI_CC "gcc"
| #define STDC_HEADERS 1
| #define HAVE_SYS_TYPES_H 1
| #define HAVE_SYS_STAT_H 1
| #define HAVE_STDLIB_H 1
| #define HAVE_STRING_H 1
| #define HAVE_MEMORY_H 1
| #define HAVE_STRINGS_H 1
| #define HAVE_INTTYPES_H 1
| #define HAVE_STDINT_H 1
| #define HAVE_UNISTD_H 1
| #define HAVE_LONG_LONG 1
| #define HAVE_LONG_DOUBLE 1
| #define HAVE_INT8_T 1
| #define HAVE_UINT8_T 1
| #define HAVE_INT16_T 1
| #define HAVE_UINT16_T 1
| #define HAVE_INT32_T 1
| #define HAVE_UINT32_T 1
| #define HAVE_INT64_T 1
| #define HAVE_UINT64_T 1
| #define HAVE_INTPTR_T 1
| #define HAVE_UINTPTR_T 1
| #define HAVE_MODE_T 1
| #define SIZEOF_CHAR 1
| #define SIZEOF_SHORT 2
| #define SIZEOF_INT 4
| #define SIZEOF_LONG 4
| #define SIZEOF_LONG_LONG 8
| #define SIZEOF_LONG_DOUBLE 16
| #define SIZEOF_FLOAT 4
| #define SIZEOF_DOUBLE 8
| #define SIZEOF_VOID_P 4
| #define SIZEOF_SIZE_T 4
| #define OMPI_ALIGNMENT_CHAR 1
| #define OMPI_ALIGNMENT_SHORT 2
| #define OMPI_ALIGNMENT_WCHAR 4
| #define OMPI_ALIGNMENT_INT 4
| #define OMPI_ALIGNMENT_LONG 4
| #define OMPI_ALIGNMENT_LONG_LONG 4
| #define OMPI_ALIGNMENT_FLOAT 4
| #define OMPI_ALIGNMENT_DOUBLE 4
| #define OMPI_ALIGNMENT_LONG_DOUBLE 16
| #define OMPI_ALIGNMENT_VOID_P 4
| #define OMPI_NEED_C_BOOL 1
| #ifndef __cplusplus
| #define inline __inline__
| #endif
| #define restrict __restrict
| #define OMPI_ENABLE_MPI_PROFILING 1
| #define OMPI_HAVE_WEAK_SYMBOLS 0
| /* end confdefs.h.  */
| extern "C" void std::exit (int) throw (); using std::exit;
| #include <stdlib.h>
| int
| main ()
| {
| exit (42);
|   ;
|   return 0;
| }
configure:17520: g++ -c -DNDEBUG   conftest.cc >&5
configure:17526: $? = 0
configure:17530: test -z 
			 || test ! -s conftest.err
configure:17533: $? = 0
configure:17536: test -s conftest.o
configure:17539: $? = 0
configure:17565: g++ -c -DNDEBUG   conftest.cc >&5
configure:17571: $? = 0
configure:17575: test -z 
			 || test ! -s conftest.err
configure:17578: $? = 0
configure:17581: test -s conftest.o
configure:17584: $? = 0
configure:17609: checking dependency style of g++
configure:17699: result: gcc3
configure:17721: checking how to run the C++ preprocessor
configure:17752: g++ -E  conftest.cc
configure:17758: $? = 0
configure:17790: g++ -E  conftest.cc
conftest.cc:89:28: error: ac_nonexistent.h: No such file or directory
configure:17796: $? = 1
configure: failed program was:
| /* confdefs.h.  */
| 
| #define PACKAGE_NAME "Open MPI"
| #define PACKAGE_TARNAME "openmpi"
| #define PACKAGE_VERSION "1.1a1"
| #define PACKAGE_STRING "Open MPI 1.1a1"
| #define PACKAGE_BUGREPORT "http://www.open-mpi.org/community/help/"
| #define OMPI_MAJOR_VERSION 1
| #define OMPI_MINOR_VERSION 1
| #define OMPI_RELEASE_VERSION 0
| #define OMPI_GREEK_VERSION "a1"
| #define OMPI_VERSION "0"
| #define ORTE_MAJOR_VERSION 1
| #define ORTE_MINOR_VERSION 1
| #define ORTE_RELEASE_VERSION 0
| #define ORTE_GREEK_VERSION "a1"
| #define ORTE_VERSION "0"
| #define OPAL_MAJOR_VERSION 1
| #define OPAL_MINOR_VERSION 1
| #define OPAL_RELEASE_VERSION 0
| #define OPAL_GREEK_VERSION "a1"
| #define OPAL_VERSION "0"
| #define _GNU_SOURCE 1
| #define OMPI_ARCH "powerpc-apple-darwin8.5.0"
| #define OMPI_ENABLE_MEM_DEBUG 0
| #define OMPI_ENABLE_MEM_PROFILE 0
| #define OMPI_ENABLE_DEBUG 0
| #define MPI_PARAM_CHECK ompi_mpi_param_check
| #define OMPI_WANT_PRETTY_PRINT_STACKTRACE 1
| #define OMPI_WANT_PERUSE 0
| #define OMPI_ENABLE_PTY_SUPPORT 1
| #define OMPI_ENABLE_HETEROGENEOUS_SUPPORT 1
| #define OPAL_ENABLE_TRACE 0
| #define OMPI_CC "gcc"
| #define STDC_HEADERS 1
| #define HAVE_SYS_TYPES_H 1
| #define HAVE_SYS_STAT_H 1
| #define HAVE_STDLIB_H 1
| #define HAVE_STRING_H 1
| #define HAVE_MEMORY_H 1
| #define HAVE_STRINGS_H 1
| #define HAVE_INTTYPES_H 1
| #define HAVE_STDINT_H 1
| #define HAVE_UNISTD_H 1
| #define HAVE_LONG_LONG 1
| #define HAVE_LONG_DOUBLE 1
| #define HAVE_INT8_T 1
| #define HAVE_UINT8_T 1
| #define HAVE_INT16_T 1
| #define HAVE_UINT16_T 1
| #define HAVE_INT32_T 1
| #define HAVE_UINT32_T 1
| #define HAVE_INT64_T 1
| #define HAVE_UINT64_T 1
| #define HAVE_INTPTR_T 1
| #define HAVE_UINTPTR_T 1
| #define HAVE_MODE_T 1
| #define SIZEOF_CHAR 1
| #define SIZEOF_SHORT 2
| #define SIZEOF_INT 4
| #define SIZEOF_LONG 4
| #define SIZEOF_LONG_LONG 8
| #define SIZEOF_LONG_DOUBLE 16
| #define SIZEOF_FLOAT 4
| #define SIZEOF_DOUBLE 8
| #define SIZEOF_VOID_P 4
| #define SIZEOF_SIZE_T 4
| #define OMPI_ALIGNMENT_CHAR 1
| #define OMPI_ALIGNMENT_SHORT 2
| #define OMPI_ALIGNMENT_WCHAR 4
| #define OMPI_ALIGNMENT_INT 4
| #define OMPI_ALIGNMENT_LONG 4
| #define OMPI_ALIGNMENT_LONG_LONG 4
| #define OMPI_ALIGNMENT_FLOAT 4
| #define OMPI_ALIGNMENT_DOUBLE 4
| #define OMPI_ALIGNMENT_LONG_DOUBLE 16
| #define OMPI_ALIGNMENT_VOID_P 4
| #define OMPI_NEED_C_BOOL 1
| #ifndef __cplusplus
| #define inline __inline__
| #endif
| #define restrict __restrict
| #define OMPI_ENABLE_MPI_PROFILING 1
| #define OMPI_HAVE_WEAK_SYMBOLS 0
| #ifdef __cplusplus
| extern "C" void std::exit (int); using std::exit;
| #endif
| /* end confdefs.h.  */
| #include <ac_nonexistent.h>
configure:17835: result: g++ -E
configure:17859: g++ -E  conftest.cc
configure:17865: $? = 0
configure:17897: g++ -E  conftest.cc
conftest.cc:89:28: error: ac_nonexistent.h: No such file or directory
configure:17903: $? = 1
configure: failed program was:
| /* confdefs.h.  */
| 
| #define PACKAGE_NAME "Open MPI"
| #define PACKAGE_TARNAME "openmpi"
| #define PACKAGE_VERSION "1.1a1"
| #define PACKAGE_STRING "Open MPI 1.1a1"
| #define PACKAGE_BUGREPORT "http://www.open-mpi.org/community/help/"
| #define OMPI_MAJOR_VERSION 1
| #define OMPI_MINOR_VERSION 1
| #define OMPI_RELEASE_VERSION 0
| #define OMPI_GREEK_VERSION "a1"
| #define OMPI_VERSION "0"
| #define ORTE_MAJOR_VERSION 1
| #define ORTE_MINOR_VERSION 1
| #define ORTE_RELEASE_VERSION 0
| #define ORTE_GREEK_VERSION "a1"
| #define ORTE_VERSION "0"
| #define OPAL_MAJOR_VERSION 1
| #define OPAL_MINOR_VERSION 1
| #define OPAL_RELEASE_VERSION 0
| #define OPAL_GREEK_VERSION "a1"
| #define OPAL_VERSION "0"
| #define _GNU_SOURCE 1
| #define OMPI_ARCH "powerpc-apple-darwin8.5.0"
| #define OMPI_ENABLE_MEM_DEBUG 0
| #define OMPI_ENABLE_MEM_PROFILE 0
| #define OMPI_ENABLE_DEBUG 0
| #define MPI_PARAM_CHECK ompi_mpi_param_check
| #define OMPI_WANT_PRETTY_PRINT_STACKTRACE 1
| #define OMPI_WANT_PERUSE 0
| #define OMPI_ENABLE_PTY_SUPPORT 1
| #define OMPI_ENABLE_HETEROGENEOUS_SUPPORT 1
| #define OPAL_ENABLE_TRACE 0
| #define OMPI_CC "gcc"
| #define STDC_HEADERS 1
| #define HAVE_SYS_TYPES_H 1
| #define HAVE_SYS_STAT_H 1
| #define HAVE_STDLIB_H 1
| #define HAVE_STRING_H 1
| #define HAVE_MEMORY_H 1
| #define HAVE_STRINGS_H 1
| #define HAVE_INTTYPES_H 1
| #define HAVE_STDINT_H 1
| #define HAVE_UNISTD_H 1
| #define HAVE_LONG_LONG 1
| #define HAVE_LONG_DOUBLE 1
| #define HAVE_INT8_T 1
| #define HAVE_UINT8_T 1
| #define HAVE_INT16_T 1
| #define HAVE_UINT16_T 1
| #define HAVE_INT32_T 1
| #define HAVE_UINT32_T 1
| #define HAVE_INT64_T 1
| #define HAVE_UINT64_T 1
| #define HAVE_INTPTR_T 1
| #define HAVE_UINTPTR_T 1
| #define HAVE_MODE_T 1
| #define SIZEOF_CHAR 1
| #define SIZEOF_SHORT 2
| #define SIZEOF_INT 4
| #define SIZEOF_LONG 4
| #define SIZEOF_LONG_LONG 8
| #define SIZEOF_LONG_DOUBLE 16
| #define SIZEOF_FLOAT 4
| #define SIZEOF_DOUBLE 8
| #define SIZEOF_VOID_P 4
| #define SIZEOF_SIZE_T 4
| #define OMPI_ALIGNMENT_CHAR 1
| #define OMPI_ALIGNMENT_SHORT 2
| #define OMPI_ALIGNMENT_WCHAR 4
| #define OMPI_ALIGNMENT_INT 4
| #define OMPI_ALIGNMENT_LONG 4
| #define OMPI_ALIGNMENT_LONG_LONG 4
| #define OMPI_ALIGNMENT_FLOAT 4
| #define OMPI_ALIGNMENT_DOUBLE 4
| #define OMPI_ALIGNMENT_LONG_DOUBLE 16
| #define OMPI_ALIGNMENT_VOID_P 4
| #define OMPI_NEED_C_BOOL 1
| #ifndef __cplusplus
| #define inline __inline__
| #endif
| #define restrict __restrict
| #define OMPI_ENABLE_MPI_PROFILING 1
| #define OMPI_HAVE_WEAK_SYMBOLS 0
| #ifdef __cplusplus
| extern "C" void std::exit (int); using std::exit;
| #endif
| /* end confdefs.h.  */
| #include <ac_nonexistent.h>
configure:17961: checking if C++ compiler works
configure:17991: g++ -o conftest -DNDEBUG    conftest.cc  >&5
configure:17994: $? = 0
configure:17996: ./conftest
configure:17999: $? = 0
configure:18019: result: yes
configure:18049: checking for the C++ compiler vendor
configure:18077: g++ -c -DNDEBUG   conftest.cc >&5
conftest.cc:2:2: error: #error "condition defined(__INTEL_COMPILER) || defined(__ICC) not met"
conftest.cc:3: error: 'choke' does not name a type
configure:18083: $? = 1
configure: failed program was:
| #if !( defined(__INTEL_COMPILER) || defined(__ICC) )
| #error "condition defined(__INTEL_COMPILER) || defined(__ICC) not met"
| choke me
| #endif
configure:18118: g++ -c -DNDEBUG   conftest.cc >&5
configure:18124: $? = 0
configure:18128: test -z 
			 || test ! -s conftest.err
configure:18131: $? = 0
configure:18134: test -s conftest.o
configure:18137: $? = 0
configure:19306: result: gnu
configure:19566: checking if g++ supports -finline-functions
configure:19587: gcc -c -O3 -DNDEBUG -fno-strict-aliasing  conftest.c >&5
configure:19593: $? = 0
configure:19597: test -z 
			 || test ! -s conftest.err
configure:19600: $? = 0
configure:19603: test -s conftest.o
configure:19606: $? = 0
configure:19617: result: yes
configure:19693: WARNING:  -finline-functions has been added to CXXFLAGS
configure:19708: checking if want C++ exception handling
configure:19710: result: no
configure:20006: checking for C++ template_repository_directory
configure:20073: g++ -DNDEBUG -finline-functions -c conftest1.C
configure:20083: g++ -DNDEBUG -finline-functions -c conftest2.C
configure:20135: result: not used
configure:20157: checking for C++ compiler template parameters
configure:20165: result: none needed
configure:20259: checking for C++ optimization flags
configure:20261: result: -O3 -DNDEBUG -finline-functions
configure:20274: checking for bool
configure:20298: g++ -c -O3 -DNDEBUG -finline-functions  conftest.cc >&5
configure:20304: $? = 0
configure:20308: test -z 
			 || test ! -s conftest.err
configure:20311: $? = 0
configure:20314: test -s conftest.o
configure:20317: $? = 0
configure:20328: result: yes
configure:20331: checking size of bool
configure:20650: g++ -o conftest -O3 -DNDEBUG -finline-functions   conftest.cc  >&5
configure:20653: $? = 0
configure:20655: ./conftest
configure:20658: $? = 0
configure:20681: result: 4
configure:20692: checking alignment of bool
configure:21089: g++ -o conftest -O3 -DNDEBUG -finline-functions   conftest.cc  >&5
configure:21092: $? = 0
configure:21094: ./conftest
configure:21097: $? = 0
configure:21117: result: 4
configure:21167: checking for BSD-compatible nm
configure:21216: result: /usr/bin/nm -p
configure:21220: checking for fgrep
configure:21230: result: grep -F
configure:21241: checking whether to enable smp locks
configure:21249: result: yes
configure:21267: checking directive for setting text section
configure:21284: result: .text
configure:21295: checking directive for exporting symbols
configure:21307: result: .globl
configure:21320: checking for objdump
configure:21349: result: no
configure:21353: checking if .note.GNU-stack is needed
configure:21407: result: no
configure:21416: checking suffix for labels
configure:21424: result: :
configure:21435: checking prefix for global symbol labels
configure: trying _
configure:21472: gcc -O3 -DNDEBUG -fno-strict-aliasing -c conftest.s >conftest.out 2>&1
configure:21475: $? = 0
configure:21480: gcc -O3 -DNDEBUG -fno-strict-aliasing -I. conftest_c.c -c > conftest.cmpl 2>&1
configure:21483: $? = 0
configure:21488: gcc -O3 -DNDEBUG -fno-strict-aliasing conftest_c.o conftest.o -o conftest > conftest.link 2>&1
configure:21491: $? = 0
configure:21529: result: _
configure:21550: checking prefix for lsym labels
configure: trying L
configure:21570: gcc -O3 -DNDEBUG -fno-strict-aliasing -c conftest.s >conftest.out 2>&1
configure:21573: $? = 0
configure:21615: result: L
configure:21626: checking prefix for function in .type
configure: trying @
configure:21654: gcc -O3 -DNDEBUG -fno-strict-aliasing -c conftest.s >conftest.out 2>&1
configure:21657: $? = 1
conftest.s:1:Unknown pseudo-op: .type
conftest.s:1:Rest of line ignored. 1st junk character valued 109 (m).
conftest.s:1:Invalid mnemonic 'function'
configure: failed program was:
     .type mysym, @function
mysym:
configure: trying #
configure:21654: gcc -O3 -DNDEBUG -fno-strict-aliasing -c conftest.s >conftest.out 2>&1
configure:21657: $? = 1
conftest.s:1:Unknown pseudo-op: .type
conftest.s:1:Rest of line ignored. 1st junk character valued 109 (m).
configure: failed program was:
     .type mysym, #function
mysym:
configure: trying %
configure:21654: gcc -O3 -DNDEBUG -fno-strict-aliasing -c conftest.s >conftest.out 2>&1
configure:21657: $? = 1
conftest.s:1:Unknown pseudo-op: .type
conftest.s:1:Rest of line ignored. 1st junk character valued 109 (m).
configure: failed program was:
     .type mysym, %function
mysym:
configure:21684: result: 
configure:21696: checking if .size is needed
configure:21710: gcc -O3 -DNDEBUG -fno-strict-aliasing -c conftest.s >conftest.out 2>&1
configure:21713: $? = 1
conftest.s:1:Unknown pseudo-op: .size
conftest.s:1:Rest of line ignored. 1st junk character valued 109 (m).
configure: failed program was:
     .size mysym, 1
configure:21730: result: no
configure:21751: checking if .align directive takes logarithmic value
configure:21770: gcc -O3 -DNDEBUG -fno-strict-aliasing -c conftest.s >conftest.out 2>&1
configure:21773: $? = 0
configure: .align test address offset is 10
configure:21796: result: yes
configure:21851: checking if PowerPC registers have r prefix
configure:21862: gcc -O3 -DNDEBUG -fno-strict-aliasing -c conftest.s >conftest.out 2>&1
configure:21865: $? = 1
conftest.s:2:Parameter syntax error (parameter 1)
configure: failed program was:
.text
        addi 1,1,0
configure:21884: gcc -O3 -DNDEBUG -fno-strict-aliasing -c conftest.s >conftest.out 2>&1
configure:21887: $? = 0
configure:21909: result: yes
configure:21936: checking for 64-bit PowerPC assembly support
configure:21955: gcc -O3 -DNDEBUG -fno-strict-aliasing -c conftest.s >conftest.out 2>&1
configure:21958: $? = 1
conftest.s:2:ldarx instruction is only for 64-bit implementations (not allowed without -force_cpusubtype_ALL option)
configure: failed program was:
.text
                ldarx r1,r1,r1
configure:21984: result: no
configure:22114: checking if gcc supports GCC inline assembly
configure:22152: gcc -o conftest -O3 -DNDEBUG -fno-strict-aliasing   conftest.c  >&5
configure:22155: $? = 0
configure:22157: ./conftest
configure:22160: $? = 0
configure:22233: result: yes
configure:22252: checking if gcc supports DEC inline assembly
configure:22274: gcc -o conftest -O3 -DNDEBUG -fno-strict-aliasing   conftest.c  >&5
conftest.c:141:19: error: c_asm.h: No such file or directory
configure:22280: $? = 1
configure: failed program was:
| /* confdefs.h.  */
| 
| #define PACKAGE_NAME "Open MPI"
| #define PACKAGE_TARNAME "openmpi"
| #define PACKAGE_VERSION "1.1a1"
| #define PACKAGE_STRING "Open MPI 1.1a1"
| #define PACKAGE_BUGREPORT "http://www.open-mpi.org/community/help/"
| #define OMPI_MAJOR_VERSION 1
| #define OMPI_MINOR_VERSION 1
| #define OMPI_RELEASE_VERSION 0
| #define OMPI_GREEK_VERSION "a1"
| #define OMPI_VERSION "0"
| #define ORTE_MAJOR_VERSION 1
| #define ORTE_MINOR_VERSION 1
| #define ORTE_RELEASE_VERSION 0
| #define ORTE_GREEK_VERSION "a1"
| #define ORTE_VERSION "0"
| #define OPAL_MAJOR_VERSION 1
| #define OPAL_MINOR_VERSION 1
| #define OPAL_RELEASE_VERSION 0
| #define OPAL_GREEK_VERSION "a1"
| #define OPAL_VERSION "0"
| #define _GNU_SOURCE 1
| #define OMPI_ARCH "powerpc-apple-darwin8.5.0"
| #define OMPI_ENABLE_MEM_DEBUG 0
| #define OMPI_ENABLE_MEM_PROFILE 0
| #define OMPI_ENABLE_DEBUG 0
| #define MPI_PARAM_CHECK ompi_mpi_param_check
| #define OMPI_WANT_PRETTY_PRINT_STACKTRACE 1
| #define OMPI_WANT_PERUSE 0
| #define OMPI_ENABLE_PTY_SUPPORT 1
| #define OMPI_ENABLE_HETEROGENEOUS_SUPPORT 1
| #define OPAL_ENABLE_TRACE 0
| #define OMPI_CC "gcc"
| #define STDC_HEADERS 1
| #define HAVE_SYS_TYPES_H 1
| #define HAVE_SYS_STAT_H 1
| #define HAVE_STDLIB_H 1
| #define HAVE_STRING_H 1
| #define HAVE_MEMORY_H 1
| #define HAVE_STRINGS_H 1
| #define HAVE_INTTYPES_H 1
| #define HAVE_STDINT_H 1
| #define HAVE_UNISTD_H 1
| #define HAVE_LONG_LONG 1
| #define HAVE_LONG_DOUBLE 1
| #define HAVE_INT8_T 1
| #define HAVE_UINT8_T 1
| #define HAVE_INT16_T 1
| #define HAVE_UINT16_T 1
| #define HAVE_INT32_T 1
| #define HAVE_UINT32_T 1
| #define HAVE_INT64_T 1
| #define HAVE_UINT64_T 1
| #define HAVE_INTPTR_T 1
| #define HAVE_UINTPTR_T 1
| #define HAVE_MODE_T 1
| #define SIZEOF_CHAR 1
| #define SIZEOF_SHORT 2
| #define SIZEOF_INT 4
| #define SIZEOF_LONG 4
| #define SIZEOF_LONG_LONG 8
| #define SIZEOF_LONG_DOUBLE 16
| #define SIZEOF_FLOAT 4
| #define SIZEOF_DOUBLE 8
| #define SIZEOF_VOID_P 4
| #define SIZEOF_SIZE_T 4
| #define OMPI_ALIGNMENT_CHAR 1
| #define OMPI_ALIGNMENT_SHORT 2
| #define OMPI_ALIGNMENT_WCHAR 4
| #define OMPI_ALIGNMENT_INT 4
| #define OMPI_ALIGNMENT_LONG 4
| #define OMPI_ALIGNMENT_LONG_LONG 4
| #define OMPI_ALIGNMENT_FLOAT 4
| #define OMPI_ALIGNMENT_DOUBLE 4
| #define OMPI_ALIGNMENT_LONG_DOUBLE 16
| #define OMPI_ALIGNMENT_VOID_P 4
| #define OMPI_NEED_C_BOOL 1
| #ifndef __cplusplus
| #define inline __inline__
| #endif
| #define restrict __restrict
| #define OMPI_ENABLE_MPI_PROFILING 1
| #define OMPI_HAVE_WEAK_SYMBOLS 0
| #ifdef __cplusplus
| extern "C" void std::exit (int); using std::exit;
| #endif
| #define OMPI_CXX "g++"
| #define OMPI_HAVE_CXX_EXCEPTION_SUPPORT 0
| #define SIZEOF_BOOL 4
| #define OMPI_ALIGNMENT_CXX_BOOL 4
| #define OMPI_WANT_CXX_BINDINGS 1
| #define OMPI_WANT_SMP_LOCKS 1
| #define OMPI_ASM_TEXT ".text"
| #define OMPI_ASM_GLOBAL ".globl"
| #define OMPI_ASM_LABEL_SUFFIX ":"
| #define OMPI_ASM_GSYM "_"
| #define OMPI_ASM_LSYM "L"
| #define OMPI_ASM_TYPE ""
| #define OMPI_ASM_SIZE "0"
| #define OMPI_ASM_ALIGN_LOG 
| #define OMPI_POWERPC_R_REGISTERS 1
| #define OMPI_ASM_SUPPORT_64BIT 0
| #define OMPI_C_GCC_INLINE_ASSEMBLY 1
| /* end confdefs.h.  */
| 
| #include <stdio.h>
| #if HAVE_SYS_TYPES_H
| # include <sys/types.h>
| #endif
| #if HAVE_SYS_STAT_H
| # include <sys/stat.h>
| #endif
| #if STDC_HEADERS
| # include <stdlib.h>
| # include <stddef.h>
| #else
| # if HAVE_STDLIB_H
| #  include <stdlib.h>
| # endif
| #endif
| #if HAVE_STRING_H
| # if !STDC_HEADERS && HAVE_MEMORY_H
| #  include <memory.h>
| # endif
| # include <string.h>
| #endif
| #if HAVE_STRINGS_H
| # include <strings.h>
| #endif
| #if HAVE_INTTYPES_H
| # include <inttypes.h>
| #else
| # if HAVE_STDINT_H
| #  include <stdint.h>
| # endif
| #endif
| #if HAVE_UNISTD_H
| # include <unistd.h>
| #endif
| #include <c_asm.h>
| int
| main ()
| {
| asm("");
| return 0;
|   ;
|   return 0;
| }
configure:22305: result: no
configure:22324: checking if gcc supports XLC inline assembly
configure:22334: result: no
configure:22354: checking if g++ supports GCC inline assembly
configure:22387: g++ -o conftest -O3 -DNDEBUG -finline-functions   conftest.cc  >&5
configure:22390: $? = 0
configure:22392: ./conftest
configure:22395: $? = 0
configure:22466: result: yes
configure:22497: checking if g++ supports DEC inline assembly
configure:22519: g++ -o conftest -O3 -DNDEBUG -finline-functions   conftest.cc  >&5
conftest.cc:144:19: error: c_asm.h: No such file or directory
configure:22525: $? = 1
configure: failed program was:
| /* confdefs.h.  */
| 
| #define PACKAGE_NAME "Open MPI"
| #define PACKAGE_TARNAME "openmpi"
| #define PACKAGE_VERSION "1.1a1"
| #define PACKAGE_STRING "Open MPI 1.1a1"
| #define PACKAGE_BUGREPORT "http://www.open-mpi.org/community/help/"
| #define OMPI_MAJOR_VERSION 1
| #define OMPI_MINOR_VERSION 1
| #define OMPI_RELEASE_VERSION 0
| #define OMPI_GREEK_VERSION "a1"
| #define OMPI_VERSION "0"
| #define ORTE_MAJOR_VERSION 1
| #define ORTE_MINOR_VERSION 1
| #define ORTE_RELEASE_VERSION 0
| #define ORTE_GREEK_VERSION "a1"
| #define ORTE_VERSION "0"
| #define OPAL_MAJOR_VERSION 1
| #define OPAL_MINOR_VERSION 1
| #define OPAL_RELEASE_VERSION 0
| #define OPAL_GREEK_VERSION "a1"
| #define OPAL_VERSION "0"
| #define _GNU_SOURCE 1
| #define OMPI_ARCH "powerpc-apple-darwin8.5.0"
| #define OMPI_ENABLE_MEM_DEBUG 0
| #define OMPI_ENABLE_MEM_PROFILE 0
| #define OMPI_ENABLE_DEBUG 0
| #define MPI_PARAM_CHECK ompi_mpi_param_check
| #define OMPI_WANT_PRETTY_PRINT_STACKTRACE 1
| #define OMPI_WANT_PERUSE 0
| #define OMPI_ENABLE_PTY_SUPPORT 1
| #define OMPI_ENABLE_HETEROGENEOUS_SUPPORT 1
| #define OPAL_ENABLE_TRACE 0
| #define OMPI_CC "gcc"
| #define STDC_HEADERS 1
| #define HAVE_SYS_TYPES_H 1
| #define HAVE_SYS_STAT_H 1
| #define HAVE_STDLIB_H 1
| #define HAVE_STRING_H 1
| #define HAVE_MEMORY_H 1
| #define HAVE_STRINGS_H 1
| #define HAVE_INTTYPES_H 1
| #define HAVE_STDINT_H 1
| #define HAVE_UNISTD_H 1
| #define HAVE_LONG_LONG 1
| #define HAVE_LONG_DOUBLE 1
| #define HAVE_INT8_T 1
| #define HAVE_UINT8_T 1
| #define HAVE_INT16_T 1
| #define HAVE_UINT16_T 1
| #define HAVE_INT32_T 1
| #define HAVE_UINT32_T 1
| #define HAVE_INT64_T 1
| #define HAVE_UINT64_T 1
| #define HAVE_INTPTR_T 1
| #define HAVE_UINTPTR_T 1
| #define HAVE_MODE_T 1
| #define SIZEOF_CHAR 1
| #define SIZEOF_SHORT 2
| #define SIZEOF_INT 4
| #define SIZEOF_LONG 4
| #define SIZEOF_LONG_LONG 8
| #define SIZEOF_LONG_DOUBLE 16
| #define SIZEOF_FLOAT 4
| #define SIZEOF_DOUBLE 8
| #define SIZEOF_VOID_P 4
| #define SIZEOF_SIZE_T 4
| #define OMPI_ALIGNMENT_CHAR 1
| #define OMPI_ALIGNMENT_SHORT 2
| #define OMPI_ALIGNMENT_WCHAR 4
| #define OMPI_ALIGNMENT_INT 4
| #define OMPI_ALIGNMENT_LONG 4
| #define OMPI_ALIGNMENT_LONG_LONG 4
| #define OMPI_ALIGNMENT_FLOAT 4
| #define OMPI_ALIGNMENT_DOUBLE 4
| #define OMPI_ALIGNMENT_LONG_DOUBLE 16
| #define OMPI_ALIGNMENT_VOID_P 4
| #define OMPI_NEED_C_BOOL 1
| #ifndef __cplusplus
| #define inline __inline__
| #endif
| #define restrict __restrict
| #define OMPI_ENABLE_MPI_PROFILING 1
| #define OMPI_HAVE_WEAK_SYMBOLS 0
| #ifdef __cplusplus
| extern "C" void std::exit (int); using std::exit;
| #endif
| #define OMPI_CXX "g++"
| #define OMPI_HAVE_CXX_EXCEPTION_SUPPORT 0
| #define SIZEOF_BOOL 4
| #define OMPI_ALIGNMENT_CXX_BOOL 4
| #define OMPI_WANT_CXX_BINDINGS 1
| #define OMPI_WANT_SMP_LOCKS 1
| #define OMPI_ASM_TEXT ".text"
| #define OMPI_ASM_GLOBAL ".globl"
| #define OMPI_ASM_LABEL_SUFFIX ":"
| #define OMPI_ASM_GSYM "_"
| #define OMPI_ASM_LSYM "L"
| #define OMPI_ASM_TYPE ""
| #define OMPI_ASM_SIZE "0"
| #define OMPI_ASM_ALIGN_LOG 
| #define OMPI_POWERPC_R_REGISTERS 1
| #define OMPI_ASM_SUPPORT_64BIT 0
| #define OMPI_C_GCC_INLINE_ASSEMBLY 1
| #define OMPI_C_DEC_INLINE_ASSEMBLY 0
| #define OMPI_C_XLC_INLINE_ASSEMBLY 0
| #define OMPI_CXX_GCC_INLINE_ASSEMBLY 1
| /* end confdefs.h.  */
| 
| #include <stdio.h>
| #if HAVE_SYS_TYPES_H
| # include <sys/types.h>
| #endif
| #if HAVE_SYS_STAT_H
| # include <sys/stat.h>
| #endif
| #if STDC_HEADERS
| # include <stdlib.h>
| # include <stddef.h>
| #else
| # if HAVE_STDLIB_H
| #  include <stdlib.h>
| # endif
| #endif
| #if HAVE_STRING_H
| # if !STDC_HEADERS && HAVE_MEMORY_H
| #  include <memory.h>
| # endif
| # include <string.h>
| #endif
| #if HAVE_STRINGS_H
| # include <strings.h>
| #endif
| #if HAVE_INTTYPES_H
| # include <inttypes.h>
| #else
| # if HAVE_STDINT_H
| #  include <stdint.h>
| # endif
| #endif
| #if HAVE_UNISTD_H
| # include <unistd.h>
| #endif
| #include <c_asm.h>
| int
| main ()
| {
| asm("");
| return 0;
|   ;
|   return 0;
| }
configure:22550: result: no
configure:22575: checking if g++ supports XLC inline assembly
configure:22585: result: no
configure:22613: checking for assembly format
configure:22615: result: default-.text-.globl-:-_-L--0-1-1-0-0
configure:22627: checking for asssembly architecture
configure:22629: result: POWERPC32
configure:22644: checking for perl
configure:22660: found /usr/bin/perl
configure:22670: result: perl
configure:22679: checking for pre-built assembly file
configure:22687: result: yes (atomic-powerpc32-osx.s)
configure:22744: checking for atomic assembly filename
configure:22751: result: atomic-powerpc32-osx.s
configure:22903: checking for Fortran 77 compiler version
configure:22903: f95 --version </dev/null >&5
ERROR: Unrecognized arguments: --version
configure:22906: $? = 1
configure:22908: f95 -v </dev/null >&5
ERROR: No input files.
configure:22911: $? = 0
configure:22913: f95 -V </dev/null >&5
ERROR: No input files.
configure:22916: $? = 0
configure:22924: checking whether we are using the GNU Fortran 77 compiler
configure:22938: f95 -c  conftest.F >&5
configure:22944: $? = 0
configure:22948: test -z 
			 || test ! -s conftest.err
configure:22951: $? = 0
configure:22954: test -s conftest.o
configure:22957: $? = 0
configure:22970: result: yes
configure:22976: checking whether f95 accepts -g
configure:22988: f95 -c -g conftest.f >&5
configure:22994: $? = 0
configure:22998: test -z 
			 || test ! -s conftest.err
configure:23001: $? = 0
configure:23004: test -s conftest.o
configure:23007: $? = 0
configure:23019: result: yes
configure:23072: checking if Fortran 77 compiler works
configure:23091: f95 -o conftest   conftest.f  >&5
configure:23094: $? = 0
configure:23096: ./conftest
configure:23099: $? = 0
configure:23119: result: yes
configure:23173: checking f95 external symbol convention
configure:23195: f95  -c conftest.f  
configure:23202: $? = 0
configure:23242: result: upper case
configure:23319: checking if Fortran 77 compiler supports LOGICAL
configure:23336: f95 -c  conftest.f >&5

        LOGICAL bogus_variable
                ^              
cf90-1643 f90fe: WARNING MAIN, File = conftest.f, Line = 3, Column = 17 
  local variable BOGUS_VARIABLE never referenced. 

f90: Copyright Absoft Corporation 1994-2003; Absoft Pro FORTRAN Version 8.2a 
f90fe: 4 source lines
f90fe: 0 Errors, 1 Warnings, 0 Other messages, 0 ANSI
configure:23342: $? = 0
configure:23346: test -z 
			 || test ! -s conftest.err
configure:23349: $? = 0
configure:23352: test -s conftest.o
configure:23355: $? = 0
configure:23372: result: yes
configure:23406: checking size of Fortran 77 LOGICAL
configure:23479: gcc -O3 -DNDEBUG -fno-strict-aliasing -I. -c conftest.c
configure:23486: $? = 0
configure:23496: f95  conftestf.f conftest.o -o conftest  
configure:23503: $? = 0
configure:23534: ./conftest
configure:23541: $? = 0
configure:23572: result: 
configure:23595: checking for C type corresponding to LOGICAL
configure:23628: result: not found
configure:23632: WARNING: *** Did not find corresponding C type
configure:23635: error: Cannot continue

## ---------------- ##
## Cache variables. ##
## ---------------- ##

ac_cv_build=powerpc-apple-darwin8.5.0
ac_cv_build_alias=powerpc-apple-darwin8.5.0
ac_cv_c_compiler_gnu=yes
ac_cv_c_inline=__inline__
ac_cv_c_restrict=__restrict
ac_cv_cxx_compiler_gnu=yes
ac_cv_env_CCASFLAGS_set=
ac_cv_env_CCASFLAGS_value=
ac_cv_env_CCAS_set=
ac_cv_env_CCAS_value=
ac_cv_env_CC_set=
ac_cv_env_CC_value=
ac_cv_env_CFLAGS_set=
ac_cv_env_CFLAGS_value=
ac_cv_env_CPPFLAGS_set=
ac_cv_env_CPPFLAGS_value=
ac_cv_env_CPP_set=
ac_cv_env_CPP_value=
ac_cv_env_CXXCPP_set=
ac_cv_env_CXXCPP_value=
ac_cv_env_CXXFLAGS_set=
ac_cv_env_CXXFLAGS_value=
ac_cv_env_CXX_set=
ac_cv_env_CXX_value=
ac_cv_env_F77_set=set
ac_cv_env_F77_value=f95
ac_cv_env_FCFLAGS_set=
ac_cv_env_FCFLAGS_value=
ac_cv_env_FC_set=set
ac_cv_env_FC_value=f95
ac_cv_env_FFLAGS_set=
ac_cv_env_FFLAGS_value=
ac_cv_env_LDFLAGS_set=
ac_cv_env_LDFLAGS_value=
ac_cv_env_OBJCFLAGS_set=
ac_cv_env_OBJCFLAGS_value=
ac_cv_env_OBJC_set=
ac_cv_env_OBJC_value=
ac_cv_env_build_alias_set=
ac_cv_env_build_alias_value=
ac_cv_env_host_alias_set=
ac_cv_env_host_alias_value=
ac_cv_env_target_alias_set=
ac_cv_env_target_alias_value=
ac_cv_exeext=
ac_cv_f77_compiler_gnu=yes
ac_cv_header_inttypes_h=yes
ac_cv_header_memory_h=yes
ac_cv_header_stdc=yes
ac_cv_header_stdint_h=yes
ac_cv_header_stdlib_h=yes
ac_cv_header_string_h=yes
ac_cv_header_strings_h=yes
ac_cv_header_sys_stat_h=yes
ac_cv_header_sys_types_h=yes
ac_cv_header_unistd_h=yes
ac_cv_host=powerpc-apple-darwin8.5.0
ac_cv_host_alias=powerpc-apple-darwin8.5.0
ac_cv_objext=o
ac_cv_path_install='/usr/bin/install -c'
ac_cv_prog_AWK=awk
ac_cv_prog_CPP='gcc -E'
ac_cv_prog_CXXCPP='g++ -E'
ac_cv_prog_PERL=perl
ac_cv_prog_ac_ct_CC=gcc
ac_cv_prog_ac_ct_CXX=g++
ac_cv_prog_cc_g=yes
ac_cv_prog_cc_gcc_c_o=yes
ac_cv_prog_cc_stdc=
ac_cv_prog_cxx_g=yes
ac_cv_prog_egrep='grep -E'
ac_cv_prog_f77_g=yes
ac_cv_prog_fgrep='grep -F'
ac_cv_prog_make_make_set=yes
ac_cv_sizeof_bool=4
ac_cv_sizeof_char=1
ac_cv_sizeof_double=8
ac_cv_sizeof_float=4
ac_cv_sizeof_int=4
ac_cv_sizeof_long=4
ac_cv_sizeof_long_double=16
ac_cv_sizeof_long_long=8
ac_cv_sizeof_short=2
ac_cv_sizeof_size_t=4
ac_cv_sizeof_void_p=4
ac_cv_type_bool=yes
ac_cv_type_char=yes
ac_cv_type_double=yes
ac_cv_type_float=yes
ac_cv_type_int=yes
ac_cv_type_int16_t=yes
ac_cv_type_int32_t=yes
ac_cv_type_int64_t=yes
ac_cv_type_int8_t=yes
ac_cv_type_intptr_t=yes
ac_cv_type_long=yes
ac_cv_type_long_double=yes
ac_cv_type_long_long=yes
ac_cv_type_mode_t=yes
ac_cv_type_short=yes
ac_cv_type_size_t=yes
ac_cv_type_uint16_t=yes
ac_cv_type_uint32_t=yes
ac_cv_type_uint64_t=yes
ac_cv_type_uint8_t=yes
ac_cv_type_uintptr_t=yes
ac_cv_type_void_p=yes
am_cv_CC_dependencies_compiler_type=gcc3
am_cv_CXX_dependencies_compiler_type=gcc3
lt_cv_path_NM='/usr/bin/nm -p'
ompi_cv_Cpp_works=yes
ompi_cv_Fortran_77_works=yes
ompi_cv_asm_align_log=yes
ompi_cv_asm_arch=POWERPC32
ompi_cv_asm_file=atomic-powerpc32-osx.s
ompi_cv_asm_format=default-.text-.globl-:-_-L--0-1-1-0-0
ompi_cv_asm_global=.globl
ompi_cv_asm_gnu_stack=0
ompi_cv_asm_gnu_stack_result=no
ompi_cv_asm_gsym=_
ompi_cv_asm_label_suffix=:
ompi_cv_asm_lsym=L
ompi_cv_asm_need_size=no
ompi_cv_asm_powerpc_r_reg=1
ompi_cv_asm_text=.text
ompi_cv_asm_type=
ompi_cv_c_align_bool=4
ompi_cv_c_align_char=1
ompi_cv_c_align_double=4
ompi_cv_c_align_float=4
ompi_cv_c_align_int=4
ompi_cv_c_align_long=4
ompi_cv_c_align_long_double=16
ompi_cv_c_align_long_long=4
ompi_cv_c_align_short=2
ompi_cv_c_align_void_p=4
ompi_cv_c_align_wchar_t=4
ompi_cv_c_compiler_vendor=gnu
ompi_cv_c_weak_symbols=no
ompi_cv_cc_finline_functions=yes
ompi_cv_cc_fno_strict_aliasing=yes
ompi_cv_cxx_compiler_vendor=gnu
ompi_cv_cxx_finline_functions=yes
ompi_cv_cxx_template_repository='not used'
ompi_cv_f77_external_symbol='upper case'
ompi_cv_f77_have_LOGICAL=yes
ompi_cv_f77_sizeof_LOGICAL=
ompi_cv_find_type_LOGICAL='not found'

## ----------------- ##
## Output variables. ##
## ----------------- ##

ACLOCAL='${SHELL} /Users/mkluskens/Public/MPI/OpenMPI/openmpi-1.1a1r9440/config/missing --run aclocal-1.9'
AMDEPBACKSLASH='\'
AMDEP_FALSE='#'
AMDEP_TRUE=''
AMTAR='${SHELL} /Users/mkluskens/Public/MPI/OpenMPI/openmpi-1.1a1r9440/config/missing --run tar'
AR=''
AUTOCONF='${SHELL} /Users/mkluskens/Public/MPI/OpenMPI/openmpi-1.1a1r9440/config/missing --run autoconf'
AUTOHEADER='${SHELL} /Users/mkluskens/Public/MPI/OpenMPI/openmpi-1.1a1r9440/config/missing --run autoheader'
AUTOMAKE='${SHELL} /Users/mkluskens/Public/MPI/OpenMPI/openmpi-1.1a1r9440/config/missing --run automake-1.9'
AWK='awk'
CASE_SENSITIVE_FS_FALSE=''
CASE_SENSITIVE_FS_TRUE=''
CC='gcc'
CCAS='gcc'
CCASFLAGS='-O3 -DNDEBUG -fno-strict-aliasing'
CCDEPMODE='depmode=gcc3'
CFLAGS='-O3 -DNDEBUG -fno-strict-aliasing'
CFLAGS_WITHOUT_OPTFLAGS=''
CLEANFILES='*~ .\#*'
COMPILE_PROFILING_SEPARATELY_FALSE='#'
COMPILE_PROFILING_SEPARATELY_TRUE=''
CONFIGURE_DEPENDENCIES='$(top_srcdir)/VERSION'
CPP='gcc -E'
CPPFLAGS=''
CXX='g++'
CXXCPP='g++ -E'
CXXCPPFLAGS=''
CXXDEPMODE='depmode=gcc3'
CXXFLAGS='-O3 -DNDEBUG -finline-functions'
CYGPATH_W='echo'
DEFS=''
DEPDIR='.deps'
ECHO='echo'
ECHO_C=''
ECHO_N='-n'
ECHO_T=''
EGREP='grep -E'
EXEEXT=''
F77='f95'
FC='f95'
FCFLAGS=''
FCFLAGS_f90=''
FCFLAGS_f=''
FFLAGS=''
FGREP='grep -F'
INSTALL_DATA='${INSTALL} -m 644'
INSTALL_PROGRAM='${INSTALL}'
INSTALL_SCRIPT='${INSTALL}'
INSTALL_STRIP_PROGRAM='${SHELL} $(install_sh) -c -s'
LDFLAGS=''
LEX=''
LEXLIB=''
LEX_OUTPUT_ROOT=''
LIBLTDL=''
LIBLTDL_LTLIB=''
LIBLTDL_SUBDIR=''
LIBOBJS=''
LIBS=''
LIBTOOL=''
LN_S=''
LTDLINCL=''
LTLIBOBJS=''
MAKEINFO='${SHELL} /Users/mkluskens/Public/MPI/OpenMPI/openmpi-1.1a1r9440/config/missing --run makeinfo'
MCA_PROJECT_SUBDIRS=''
MCA_allocator_ALL_COMPONENTS=''
MCA_allocator_ALL_SUBDIRS=''
MCA_allocator_DSO_COMPONENTS=''
MCA_allocator_DSO_SUBDIRS=''
MCA_allocator_STATIC_COMPONENTS=''
MCA_allocator_STATIC_LTLIBS=''
MCA_allocator_STATIC_SUBDIRS=''
MCA_bml_ALL_COMPONENTS=''
MCA_bml_ALL_SUBDIRS=''
MCA_bml_DSO_COMPONENTS=''
MCA_bml_DSO_SUBDIRS=''
MCA_bml_STATIC_COMPONENTS=''
MCA_bml_STATIC_LTLIBS=''
MCA_bml_STATIC_SUBDIRS=''
MCA_btl_ALL_COMPONENTS=''
MCA_btl_ALL_SUBDIRS=''
MCA_btl_DSO_COMPONENTS=''
MCA_btl_DSO_SUBDIRS=''
MCA_btl_STATIC_COMPONENTS=''
MCA_btl_STATIC_LTLIBS=''
MCA_btl_STATIC_SUBDIRS=''
MCA_coll_ALL_COMPONENTS=''
MCA_coll_ALL_SUBDIRS=''
MCA_coll_DSO_COMPONENTS=''
MCA_coll_DSO_SUBDIRS=''
MCA_coll_STATIC_COMPONENTS=''
MCA_coll_STATIC_LTLIBS=''
MCA_coll_STATIC_SUBDIRS=''
MCA_common_ALL_COMPONENTS=''
MCA_common_ALL_SUBDIRS=''
MCA_common_DSO_COMPONENTS=''
MCA_common_DSO_SUBDIRS=''
MCA_common_STATIC_COMPONENTS=''
MCA_common_STATIC_LTLIBS=''
MCA_common_STATIC_SUBDIRS=''
MCA_errmgr_ALL_COMPONENTS=''
MCA_errmgr_ALL_SUBDIRS=''
MCA_errmgr_DSO_COMPONENTS=''
MCA_errmgr_DSO_SUBDIRS=''
MCA_errmgr_STATIC_COMPONENTS=''
MCA_errmgr_STATIC_LTLIBS=''
MCA_errmgr_STATIC_SUBDIRS=''
MCA_gpr_ALL_COMPONENTS=''
MCA_gpr_ALL_SUBDIRS=''
MCA_gpr_DSO_COMPONENTS=''
MCA_gpr_DSO_SUBDIRS=''
MCA_gpr_STATIC_COMPONENTS=''
MCA_gpr_STATIC_LTLIBS=''
MCA_gpr_STATIC_SUBDIRS=''
MCA_io_ALL_COMPONENTS=''
MCA_io_ALL_SUBDIRS=''
MCA_io_DSO_COMPONENTS=''
MCA_io_DSO_SUBDIRS=''
MCA_io_STATIC_COMPONENTS=''
MCA_io_STATIC_LTLIBS=''
MCA_io_STATIC_SUBDIRS=''
MCA_iof_ALL_COMPONENTS=''
MCA_iof_ALL_SUBDIRS=''
MCA_iof_DSO_COMPONENTS=''
MCA_iof_DSO_SUBDIRS=''
MCA_iof_STATIC_COMPONENTS=''
MCA_iof_STATIC_LTLIBS=''
MCA_iof_STATIC_SUBDIRS=''
MCA_maffinity_ALL_COMPONENTS=''
MCA_maffinity_ALL_SUBDIRS=''
MCA_maffinity_DSO_COMPONENTS=''
MCA_maffinity_DSO_SUBDIRS=''
MCA_maffinity_STATIC_COMPONENTS=''
MCA_maffinity_STATIC_LTLIBS=''
MCA_maffinity_STATIC_SUBDIRS=''
MCA_memory_ALL_COMPONENTS=''
MCA_memory_ALL_SUBDIRS=''
MCA_memory_DSO_COMPONENTS=''
MCA_memory_DSO_SUBDIRS=''
MCA_memory_STATIC_COMPONENTS=''
MCA_memory_STATIC_LTLIBS=''
MCA_memory_STATIC_SUBDIRS=''
MCA_mpool_ALL_COMPONENTS=''
MCA_mpool_ALL_SUBDIRS=''
MCA_mpool_DSO_COMPONENTS=''
MCA_mpool_DSO_SUBDIRS=''
MCA_mpool_STATIC_COMPONENTS=''
MCA_mpool_STATIC_LTLIBS=''
MCA_mpool_STATIC_SUBDIRS=''
MCA_ns_ALL_COMPONENTS=''
MCA_ns_ALL_SUBDIRS=''
MCA_ns_DSO_COMPONENTS=''
MCA_ns_DSO_SUBDIRS=''
MCA_ns_STATIC_COMPONENTS=''
MCA_ns_STATIC_LTLIBS=''
MCA_ns_STATIC_SUBDIRS=''
MCA_ompi_FRAMEWORKS=''
MCA_ompi_FRAMEWORKS_SUBDIRS=''
MCA_ompi_FRAMEWORK_COMPONENT_ALL_SUBDIRS=''
MCA_ompi_FRAMEWORK_COMPONENT_DSO_SUBDIRS=''
MCA_ompi_FRAMEWORK_COMPONENT_STATIC_SUBDIRS=''
MCA_ompi_FRAMEWORK_LIBS=''
MCA_oob_ALL_COMPONENTS=''
MCA_oob_ALL_SUBDIRS=''
MCA_oob_DSO_COMPONENTS=''
MCA_oob_DSO_SUBDIRS=''
MCA_oob_STATIC_COMPONENTS=''
MCA_oob_STATIC_LTLIBS=''
MCA_oob_STATIC_SUBDIRS=''
MCA_opal_FRAMEWORKS=''
MCA_opal_FRAMEWORKS_SUBDIRS=''
MCA_opal_FRAMEWORK_COMPONENT_ALL_SUBDIRS=''
MCA_opal_FRAMEWORK_COMPONENT_DSO_SUBDIRS=''
MCA_opal_FRAMEWORK_COMPONENT_STATIC_SUBDIRS=''
MCA_opal_FRAMEWORK_LIBS=''
MCA_orte_FRAMEWORKS=''
MCA_orte_FRAMEWORKS_SUBDIRS=''
MCA_orte_FRAMEWORK_COMPONENT_ALL_SUBDIRS=''
MCA_orte_FRAMEWORK_COMPONENT_DSO_SUBDIRS=''
MCA_orte_FRAMEWORK_COMPONENT_STATIC_SUBDIRS=''
MCA_orte_FRAMEWORK_LIBS=''
MCA_osc_ALL_COMPONENTS=''
MCA_osc_ALL_SUBDIRS=''
MCA_osc_DSO_COMPONENTS=''
MCA_osc_DSO_SUBDIRS=''
MCA_osc_STATIC_COMPONENTS=''
MCA_osc_STATIC_LTLIBS=''
MCA_osc_STATIC_SUBDIRS=''
MCA_paffinity_ALL_COMPONENTS=''
MCA_paffinity_ALL_SUBDIRS=''
MCA_paffinity_DSO_COMPONENTS=''
MCA_paffinity_DSO_SUBDIRS=''
MCA_paffinity_STATIC_COMPONENTS=''
MCA_paffinity_STATIC_LTLIBS=''
MCA_paffinity_STATIC_SUBDIRS=''
MCA_pls_ALL_COMPONENTS=''
MCA_pls_ALL_SUBDIRS=''
MCA_pls_DSO_COMPONENTS=''
MCA_pls_DSO_SUBDIRS=''
MCA_pls_STATIC_COMPONENTS=''
MCA_pls_STATIC_LTLIBS=''
MCA_pls_STATIC_SUBDIRS=''
MCA_pml_ALL_COMPONENTS=''
MCA_pml_ALL_SUBDIRS=''
MCA_pml_DIRECT_CALL_HEADER=''
MCA_pml_DSO_COMPONENTS=''
MCA_pml_DSO_SUBDIRS=''
MCA_pml_STATIC_COMPONENTS=''
MCA_pml_STATIC_LTLIBS=''
MCA_pml_STATIC_SUBDIRS=''
MCA_ras_ALL_COMPONENTS=''
MCA_ras_ALL_SUBDIRS=''
MCA_ras_DSO_COMPONENTS=''
MCA_ras_DSO_SUBDIRS=''
MCA_ras_STATIC_COMPONENTS=''
MCA_ras_STATIC_LTLIBS=''
MCA_ras_STATIC_SUBDIRS=''
MCA_rcache_ALL_COMPONENTS=''
MCA_rcache_ALL_SUBDIRS=''
MCA_rcache_DSO_COMPONENTS=''
MCA_rcache_DSO_SUBDIRS=''
MCA_rcache_STATIC_COMPONENTS=''
MCA_rcache_STATIC_LTLIBS=''
MCA_rcache_STATIC_SUBDIRS=''
MCA_rds_ALL_COMPONENTS=''
MCA_rds_ALL_SUBDIRS=''
MCA_rds_DSO_COMPONENTS=''
MCA_rds_DSO_SUBDIRS=''
MCA_rds_STATIC_COMPONENTS=''
MCA_rds_STATIC_LTLIBS=''
MCA_rds_STATIC_SUBDIRS=''
MCA_rmaps_ALL_COMPONENTS=''
MCA_rmaps_ALL_SUBDIRS=''
MCA_rmaps_DSO_COMPONENTS=''
MCA_rmaps_DSO_SUBDIRS=''
MCA_rmaps_STATIC_COMPONENTS=''
MCA_rmaps_STATIC_LTLIBS=''
MCA_rmaps_STATIC_SUBDIRS=''
MCA_rmgr_ALL_COMPONENTS=''
MCA_rmgr_ALL_SUBDIRS=''
MCA_rmgr_DSO_COMPONENTS=''
MCA_rmgr_DSO_SUBDIRS=''
MCA_rmgr_STATIC_COMPONENTS=''
MCA_rmgr_STATIC_LTLIBS=''
MCA_rmgr_STATIC_SUBDIRS=''
MCA_rml_ALL_COMPONENTS=''
MCA_rml_ALL_SUBDIRS=''
MCA_rml_DSO_COMPONENTS=''
MCA_rml_DSO_SUBDIRS=''
MCA_rml_STATIC_COMPONENTS=''
MCA_rml_STATIC_LTLIBS=''
MCA_rml_STATIC_SUBDIRS=''
MCA_schema_ALL_COMPONENTS=''
MCA_schema_ALL_SUBDIRS=''
MCA_schema_DSO_COMPONENTS=''
MCA_schema_DSO_SUBDIRS=''
MCA_schema_STATIC_COMPONENTS=''
MCA_schema_STATIC_LTLIBS=''
MCA_schema_STATIC_SUBDIRS=''
MCA_sds_ALL_COMPONENTS=''
MCA_sds_ALL_SUBDIRS=''
MCA_sds_DSO_COMPONENTS=''
MCA_sds_DSO_SUBDIRS=''
MCA_sds_STATIC_COMPONENTS=''
MCA_sds_STATIC_LTLIBS=''
MCA_sds_STATIC_SUBDIRS=''
MCA_soh_ALL_COMPONENTS=''
MCA_soh_ALL_SUBDIRS=''
MCA_soh_DSO_COMPONENTS=''
MCA_soh_DSO_SUBDIRS=''
MCA_soh_STATIC_COMPONENTS=''
MCA_soh_STATIC_LTLIBS=''
MCA_soh_STATIC_SUBDIRS=''
MCA_timer_ALL_COMPONENTS=''
MCA_timer_ALL_SUBDIRS=''
MCA_timer_DSO_COMPONENTS=''
MCA_timer_DSO_SUBDIRS=''
MCA_timer_STATIC_COMPONENTS=''
MCA_timer_STATIC_LTLIBS=''
MCA_timer_STATIC_SUBDIRS=''
MCA_topo_ALL_COMPONENTS=''
MCA_topo_ALL_SUBDIRS=''
MCA_topo_DSO_COMPONENTS=''
MCA_topo_DSO_SUBDIRS=''
MCA_topo_STATIC_COMPONENTS=''
MCA_topo_STATIC_LTLIBS=''
MCA_topo_STATIC_SUBDIRS=''
MPIF_H_PMPI_W_FUNCS=', PMPI_WTICK, PMPI_WTIME'
OBJC=''
OBJCDEPMODE=''
OBJCFLAGS=''
OBJDUMP=''
OBJEXT='o'
OMPI_ASM_FILE='atomic-powerpc32-osx.s'
OMPI_ASM_GSYM='_'
OMPI_ASM_LSYM='L'
OMPI_ASM_SUPPORT_64BIT='0'
OMPI_ASM_TEXT='.text'
OMPI_ASM_TYPE=''
OMPI_ASSEMBLY_ARCH='POWERPC32'
OMPI_ASSEMBLY_FORMAT='default-.text-.globl-:-_-L--0-1-1-0-0'
OMPI_AS_GLOBAL=''
OMPI_AS_LABEL_SUFFIX=''
OMPI_BUILD_allocator_basic_DSO_FALSE=''
OMPI_BUILD_allocator_basic_DSO_TRUE=''
OMPI_BUILD_allocator_bucket_DSO_FALSE=''
OMPI_BUILD_allocator_bucket_DSO_TRUE=''
OMPI_BUILD_bml_r2_DSO_FALSE=''
OMPI_BUILD_bml_r2_DSO_TRUE=''
OMPI_BUILD_btl_gm_DSO_FALSE=''
OMPI_BUILD_btl_gm_DSO_TRUE=''
OMPI_BUILD_btl_mvapi_DSO_FALSE=''
OMPI_BUILD_btl_mvapi_DSO_TRUE=''
OMPI_BUILD_btl_mx_DSO_FALSE=''
OMPI_BUILD_btl_mx_DSO_TRUE=''
OMPI_BUILD_btl_openib_DSO_FALSE=''
OMPI_BUILD_btl_openib_DSO_TRUE=''
OMPI_BUILD_btl_portals_DSO_FALSE=''
OMPI_BUILD_btl_portals_DSO_TRUE=''
OMPI_BUILD_btl_self_DSO_FALSE=''
OMPI_BUILD_btl_self_DSO_TRUE=''
OMPI_BUILD_btl_sm_DSO_FALSE=''
OMPI_BUILD_btl_sm_DSO_TRUE=''
OMPI_BUILD_btl_tcp_DSO_FALSE=''
OMPI_BUILD_btl_tcp_DSO_TRUE=''
OMPI_BUILD_coll_basic_DSO_FALSE=''
OMPI_BUILD_coll_basic_DSO_TRUE=''
OMPI_BUILD_coll_hierarch_DSO_FALSE=''
OMPI_BUILD_coll_hierarch_DSO_TRUE=''
OMPI_BUILD_coll_self_DSO_FALSE=''
OMPI_BUILD_coll_self_DSO_TRUE=''
OMPI_BUILD_coll_sm_DSO_FALSE=''
OMPI_BUILD_coll_sm_DSO_TRUE=''
OMPI_BUILD_coll_tuned_DSO_FALSE=''
OMPI_BUILD_coll_tuned_DSO_TRUE=''
OMPI_BUILD_common_sm_DSO_FALSE=''
OMPI_BUILD_common_sm_DSO_TRUE=''
OMPI_BUILD_gpr_null_DSO_FALSE=''
OMPI_BUILD_gpr_null_DSO_TRUE=''
OMPI_BUILD_gpr_proxy_DSO_FALSE=''
OMPI_BUILD_gpr_proxy_DSO_TRUE=''
OMPI_BUILD_gpr_replica_DSO_FALSE=''
OMPI_BUILD_gpr_replica_DSO_TRUE=''
OMPI_BUILD_io_romio_DSO_FALSE=''
OMPI_BUILD_io_romio_DSO_TRUE=''
OMPI_BUILD_iof_proxy_DSO_FALSE=''
OMPI_BUILD_iof_proxy_DSO_TRUE=''
OMPI_BUILD_iof_svc_DSO_FALSE=''
OMPI_BUILD_iof_svc_DSO_TRUE=''
OMPI_BUILD_maffinity_first_use_DSO_FALSE=''
OMPI_BUILD_maffinity_first_use_DSO_TRUE=''
OMPI_BUILD_maffinity_libnuma_DSO_FALSE=''
OMPI_BUILD_maffinity_libnuma_DSO_TRUE=''
OMPI_BUILD_memory_darwin_DSO_FALSE=''
OMPI_BUILD_memory_darwin_DSO_TRUE=''
OMPI_BUILD_memory_malloc_hooks_DSO_FALSE=''
OMPI_BUILD_memory_malloc_hooks_DSO_TRUE=''
OMPI_BUILD_memory_ptmalloc2_DSO_FALSE=''
OMPI_BUILD_memory_ptmalloc2_DSO_TRUE=''
OMPI_BUILD_mpool_gm_DSO_FALSE=''
OMPI_BUILD_mpool_gm_DSO_TRUE=''
OMPI_BUILD_mpool_mvapi_DSO_FALSE=''
OMPI_BUILD_mpool_mvapi_DSO_TRUE=''
OMPI_BUILD_mpool_openib_DSO_FALSE=''
OMPI_BUILD_mpool_openib_DSO_TRUE=''
OMPI_BUILD_mpool_sm_DSO_FALSE=''
OMPI_BUILD_mpool_sm_DSO_TRUE=''
OMPI_BUILD_ns_proxy_DSO_FALSE=''
OMPI_BUILD_ns_proxy_DSO_TRUE=''
OMPI_BUILD_ns_replica_DSO_FALSE=''
OMPI_BUILD_ns_replica_DSO_TRUE=''
OMPI_BUILD_oob_tcp_DSO_FALSE=''
OMPI_BUILD_oob_tcp_DSO_TRUE=''
OMPI_BUILD_osc_pt2pt_DSO_FALSE=''
OMPI_BUILD_osc_pt2pt_DSO_TRUE=''
OMPI_BUILD_paffinity_linux_DSO_FALSE=''
OMPI_BUILD_paffinity_linux_DSO_TRUE=''
OMPI_BUILD_paffinity_solaris_DSO_FALSE=''
OMPI_BUILD_paffinity_solaris_DSO_TRUE=''
OMPI_BUILD_paffinity_windows_DSO_FALSE=''
OMPI_BUILD_paffinity_windows_DSO_TRUE=''
OMPI_BUILD_pls_bproc_DSO_FALSE=''
OMPI_BUILD_pls_bproc_DSO_TRUE=''
OMPI_BUILD_pls_bproc_orted_DSO_FALSE=''
OMPI_BUILD_pls_bproc_orted_DSO_TRUE=''
OMPI_BUILD_pls_bproc_seed_DSO_FALSE=''
OMPI_BUILD_pls_bproc_seed_DSO_TRUE=''
OMPI_BUILD_pls_fork_DSO_FALSE=''
OMPI_BUILD_pls_fork_DSO_TRUE=''
OMPI_BUILD_pls_poe_DSO_FALSE=''
OMPI_BUILD_pls_poe_DSO_TRUE=''
OMPI_BUILD_pls_rsh_DSO_FALSE=''
OMPI_BUILD_pls_rsh_DSO_TRUE=''
OMPI_BUILD_pls_slurm_DSO_FALSE=''
OMPI_BUILD_pls_slurm_DSO_TRUE=''
OMPI_BUILD_pls_tm_DSO_FALSE=''
OMPI_BUILD_pls_tm_DSO_TRUE=''
OMPI_BUILD_pls_xgrid_DSO_FALSE=''
OMPI_BUILD_pls_xgrid_DSO_TRUE=''
OMPI_BUILD_pml_dr_DSO_FALSE=''
OMPI_BUILD_pml_dr_DSO_TRUE=''
OMPI_BUILD_pml_ob1_DSO_FALSE=''
OMPI_BUILD_pml_ob1_DSO_TRUE=''
OMPI_BUILD_ras_bjs_DSO_FALSE=''
OMPI_BUILD_ras_bjs_DSO_TRUE=''
OMPI_BUILD_ras_dash_host_DSO_FALSE=''
OMPI_BUILD_ras_dash_host_DSO_TRUE=''
OMPI_BUILD_ras_hostfile_DSO_FALSE=''
OMPI_BUILD_ras_hostfile_DSO_TRUE=''
OMPI_BUILD_ras_localhost_DSO_FALSE=''
OMPI_BUILD_ras_localhost_DSO_TRUE=''
OMPI_BUILD_ras_lsf_bproc_DSO_FALSE=''
OMPI_BUILD_ras_lsf_bproc_DSO_TRUE=''
OMPI_BUILD_ras_poe_DSO_FALSE=''
OMPI_BUILD_ras_poe_DSO_TRUE=''
OMPI_BUILD_ras_slurm_DSO_FALSE=''
OMPI_BUILD_ras_slurm_DSO_TRUE=''
OMPI_BUILD_ras_tm_DSO_FALSE=''
OMPI_BUILD_ras_tm_DSO_TRUE=''
OMPI_BUILD_ras_xgrid_DSO_FALSE=''
OMPI_BUILD_ras_xgrid_DSO_TRUE=''
OMPI_BUILD_rcache_rb_DSO_FALSE=''
OMPI_BUILD_rcache_rb_DSO_TRUE=''
OMPI_BUILD_rds_hostfile_DSO_FALSE=''
OMPI_BUILD_rds_hostfile_DSO_TRUE=''
OMPI_BUILD_rds_resfile_DSO_FALSE=''
OMPI_BUILD_rds_resfile_DSO_TRUE=''
OMPI_BUILD_rmaps_round_robin_DSO_FALSE=''
OMPI_BUILD_rmaps_round_robin_DSO_TRUE=''
OMPI_BUILD_rmgr_proxy_DSO_FALSE=''
OMPI_BUILD_rmgr_proxy_DSO_TRUE=''
OMPI_BUILD_rmgr_urm_DSO_FALSE=''
OMPI_BUILD_rmgr_urm_DSO_TRUE=''
OMPI_BUILD_rml_cnos_DSO_FALSE=''
OMPI_BUILD_rml_cnos_DSO_TRUE=''
OMPI_BUILD_rml_oob_DSO_FALSE=''
OMPI_BUILD_rml_oob_DSO_TRUE=''
OMPI_BUILD_sds_bproc_DSO_FALSE=''
OMPI_BUILD_sds_bproc_DSO_TRUE=''
OMPI_BUILD_sds_cnos_DSO_FALSE=''
OMPI_BUILD_sds_cnos_DSO_TRUE=''
OMPI_BUILD_sds_env_DSO_FALSE=''
OMPI_BUILD_sds_env_DSO_TRUE=''
OMPI_BUILD_sds_pipe_DSO_FALSE=''
OMPI_BUILD_sds_pipe_DSO_TRUE=''
OMPI_BUILD_sds_portals_utcp_DSO_FALSE=''
OMPI_BUILD_sds_portals_utcp_DSO_TRUE=''
OMPI_BUILD_sds_seed_DSO_FALSE=''
OMPI_BUILD_sds_seed_DSO_TRUE=''
OMPI_BUILD_sds_singleton_DSO_FALSE=''
OMPI_BUILD_sds_singleton_DSO_TRUE=''
OMPI_BUILD_sds_slurm_DSO_FALSE=''
OMPI_BUILD_sds_slurm_DSO_TRUE=''
OMPI_BUILD_soh_bproc_DSO_FALSE=''
OMPI_BUILD_soh_bproc_DSO_TRUE=''
OMPI_BUILD_timer_aix_DSO_FALSE=''
OMPI_BUILD_timer_aix_DSO_TRUE=''
OMPI_BUILD_timer_altix_DSO_FALSE=''
OMPI_BUILD_timer_altix_DSO_TRUE=''
OMPI_BUILD_timer_darwin_DSO_FALSE=''
OMPI_BUILD_timer_darwin_DSO_TRUE=''
OMPI_BUILD_timer_linux_DSO_FALSE=''
OMPI_BUILD_timer_linux_DSO_TRUE=''
OMPI_BUILD_timer_solaris_DSO_FALSE=''
OMPI_BUILD_timer_solaris_DSO_TRUE=''
OMPI_BUILD_timer_windows_DSO_FALSE=''
OMPI_BUILD_timer_windows_DSO_TRUE=''
OMPI_BUILD_topo_unity_DSO_FALSE=''
OMPI_BUILD_topo_unity_DSO_TRUE=''
OMPI_CC_ABSOLUTE='/usr/bin/gcc'
OMPI_CONFIGURE_DATE='Tue Mar 28 16:31:04 EST 2006'
OMPI_CONFIGURE_HOST='mskmac.nrl.navy.mil'
OMPI_CONFIGURE_USER='mkluskens'
OMPI_CXX_ABSOLUTE='/usr/bin/g++'
OMPI_F77_ABSOLUTE='/Applications/Absoft/bin/f95'
OMPI_F90_ABSOLUTE=''
OMPI_F90_CKINDS=''
OMPI_F90_IKINDS=''
OMPI_F90_LKINDS=''
OMPI_F90_RKINDS=''
OMPI_FC_MODULE_FLAG=''
OMPI_FORTRAN_MAX_ARRAY_RANK='4'
OMPI_GREEK_VERSION='a1'
OMPI_HAVE_ASM_FILE_FALSE='#'
OMPI_HAVE_ASM_FILE_TRUE=''
OMPI_HAVE_POSIX_THREADS_FALSE=''
OMPI_HAVE_POSIX_THREADS_TRUE=''
OMPI_HAVE_SOLARIS_THREADS_FALSE=''
OMPI_HAVE_SOLARIS_THREADS_TRUE=''
OMPI_LIBEVENT_SOURCES=''
OMPI_MAJOR_VERSION='1'
OMPI_MINOR_VERSION='1'
OMPI_MPI_ADDRESS_KIND=''
OMPI_MPI_OFFSET_KIND=''
OMPI_NEED_WINDOWS_REPLACEMENTS_FALSE=''
OMPI_NEED_WINDOWS_REPLACEMENTS_TRUE='#'
OMPI_RELEASE_VERSION='0'
OMPI_SIZEOF_F90_comple=''
OMPI_SIZEOF_F90_complex=''
OMPI_SIZEOF_F90_double=''
OMPI_SIZEOF_F90_intege=''
OMPI_SIZEOF_F90_integer=''
OMPI_SIZEOF_F90_logica=''
OMPI_SIZEOF_F90_logical=''
OMPI_SIZEOF_F90_rea=''
OMPI_SIZEOF_F90_real=''
OMPI_SVN_R='r9440'
OMPI_TOP_BUILDDIR='/Users/mkluskens/Public/MPI/OpenMPI/openmpi-1.1a1r9440'
OMPI_TOP_SRCDIR='/Users/mkluskens/Public/MPI/OpenMPI/openmpi-1.1a1r9440'
OMPI_VERSION='1.1a1r9440'
OMPI_WANT_F77_BINDINGS_FALSE='#'
OMPI_WANT_F77_BINDINGS_TRUE=''
OMPI_WANT_F90_BINDINGS_FALSE=''
OMPI_WANT_F90_BINDINGS_TRUE=''
OMPI_WANT_SVN='1'
OMPI_WRAPPER_CXX_LIB=''
OMPI_WRAPPER_CXX_REQUIRED_FILE=''
OMPI_WRAPPER_EXTRA_CFLAGS=''
OMPI_WRAPPER_EXTRA_CPPFLAGS=''
OMPI_WRAPPER_EXTRA_CXXFLAGS=''
OMPI_WRAPPER_EXTRA_FCFLAGS=''
OMPI_WRAPPER_EXTRA_FFLAGS=''
OMPI_WRAPPER_EXTRA_INCLUDES=''
OMPI_WRAPPER_EXTRA_LDFLAGS=''
OMPI_WRAPPER_EXTRA_LIBS=''
OMPI_WRAPPER_F77_REQUIRED_FILE=''
OMPI_WRAPPER_F90_REQUIRED_FILE=''
OPAL_BINDIR=''
OPAL_DATADIR=''
OPAL_EXEC_PREFIX=''
OPAL_GREEK_VERSION='a1'
OPAL_INCLUDEDIR=''
OPAL_INFODIR=''
OPAL_LIBDIR=''
OPAL_LIBEXECDIR=''
OPAL_LOCALSTATEDIR=''
OPAL_LTDL_CPPFLAGS=''
OPAL_MAJOR_VERSION='1'
OPAL_MANDIR=''
OPAL_MINOR_VERSION='1'
OPAL_PREFIX=''
OPAL_RELEASE_VERSION='0'
OPAL_SBINDIR=''
OPAL_SHAREDSTATEDIR=''
OPAL_SVN_R='r9440'
OPAL_SYSCONFDIR=''
OPAL_VERSION='1.1a1r9440'
OPAL_WANT_SVN='1'
OPAL_WRAPPER_EXTRA_CFLAGS=''
OPAL_WRAPPER_EXTRA_CPPFLAGS=''
OPAL_WRAPPER_EXTRA_CXXFLAGS=''
OPAL_WRAPPER_EXTRA_INCLUDES=''
OPAL_WRAPPER_EXTRA_LDFLAGS=''
OPAL_WRAPPER_EXTRA_LIBS=''
ORTE_GREEK_VERSION='a1'
ORTE_MAJOR_VERSION='1'
ORTE_MINOR_VERSION='1'
ORTE_RELEASE_VERSION='0'
ORTE_SVN_R='r9440'
ORTE_VERSION='1.1a1r9440'
ORTE_WANT_SVN='1'
ORTE_WRAPPER_EXTRA_CFLAGS=''
ORTE_WRAPPER_EXTRA_CPPFLAGS=''
ORTE_WRAPPER_EXTRA_CXXFLAGS=''
ORTE_WRAPPER_EXTRA_INCLUDES=''
ORTE_WRAPPER_EXTRA_LDFLAGS=''
ORTE_WRAPPER_EXTRA_LIBS=''
PACKAGE='openmpi'
PACKAGE_BUGREPORT='http://www.open-mpi.org/community/help/'
PACKAGE_NAME='Open MPI'
PACKAGE_STRING='Open MPI 1.1a1r9440'
PACKAGE_TARNAME='openmpi'
PACKAGE_VERSION='1.1a1r9440'
PATH_SEPARATOR=':'
PERL='perl'
RANLIB=''
SET_MAKE=''
SHELL='/bin/sh'
STRIP=''
TOTALVIEW_DEBUG_FLAGS=''
VERSION='1.1a1r9440'
WANT_DEPRECATED_EXECUTABLE_NAMES_FALSE=''
WANT_DEPRECATED_EXECUTABLE_NAMES_TRUE='#'
WANT_INSTALL_HEADERS_FALSE=''
WANT_INSTALL_HEADERS_TRUE='#'
WANT_LIBLTDL_FALSE=''
WANT_LIBLTDL_TRUE=''
WANT_MPI_BINDINGS_LAYER_FALSE='#'
WANT_MPI_BINDINGS_LAYER_TRUE=''
WANT_MPI_CXX_BINDINGS_FALSE='#'
WANT_MPI_CXX_BINDINGS_TRUE=''
WANT_MPI_F77_BINDINGS_LAYER_FALSE=''
WANT_MPI_F77_BINDINGS_LAYER_TRUE=''
WANT_PERUSE_FALSE=''
WANT_PERUSE_TRUE='#'
WANT_PMPI_BINDINGS_LAYER_FALSE='#'
WANT_PMPI_BINDINGS_LAYER_TRUE=''
WANT_PMPI_F77_BINDINGS_LAYER_FALSE=''
WANT_PMPI_F77_BINDINGS_LAYER_TRUE=''
WRAPPER_EXTRA_CFLAGS=''
WRAPPER_EXTRA_CXXFLAGS=''
WRAPPER_EXTRA_FCFLAGS=''
WRAPPER_EXTRA_FFLAGS=''
WRAPPER_EXTRA_LDFLAGS=''
WRAPPER_EXTRA_LIBS=''
ac_ct_AR=''
ac_ct_CC='gcc'
ac_ct_CXX='g++'
ac_ct_F77=''
ac_ct_FC=''
ac_ct_OBJC=''
ac_ct_RANLIB=''
ac_ct_STRIP=''
ac_prefix_program=''
am__fastdepCC_FALSE='#'
am__fastdepCC_TRUE=''
am__fastdepCXX_FALSE='#'
am__fastdepCXX_TRUE=''
am__fastdepOBJC_FALSE=''
am__fastdepOBJC_TRUE=''
am__include='include'
am__leading_dot='.'
am__quote=''
am__tar='${AMTAR} chof - "$$tardir"'
am__untar='${AMTAR} xf -'
bindir='${exec_prefix}/bin'
btl_gm_CFLAGS=''
btl_gm_CPPFLAGS=''
btl_gm_LDFLAGS=''
btl_gm_LIBS=''
btl_mvapi_CFLAGS=''
btl_mvapi_CPPFLAGS=''
btl_mvapi_LDFLAGS=''
btl_mvapi_LIBS=''
btl_mx_CFLAGS=''
btl_mx_CPPFLAGS=''
btl_mx_LDFLAGS=''
btl_mx_LIBS=''
btl_openib_CFLAGS=''
btl_openib_CPPFLAGS=''
btl_openib_LDFLAGS=''
btl_openib_LIBS=''
btl_portals_CPPFLAGS=''
btl_portals_LDFLAGS=''
btl_portals_LIBS=''
build='powerpc-apple-darwin8.5.0'
build_alias=''
build_cpu='powerpc'
build_os='darwin8.5.0'
build_vendor='apple'
datadir='${prefix}/share'
exec_prefix='NONE'
host='powerpc-apple-darwin8.5.0'
host_alias=''
host_cpu='powerpc'
host_os='darwin8.5.0'
host_vendor='apple'
includedir='${prefix}/include'
infodir='${prefix}/info'
install_sh='/Users/mkluskens/Public/MPI/OpenMPI/openmpi-1.1a1r9440/config/install-sh'
libdir='${exec_prefix}/lib'
libexecdir='${exec_prefix}/libexec'
localstatedir='${prefix}/var'
maffinity_libnuma_CPPFLAGS=''
maffinity_libnuma_LDFLAGS=''
maffinity_libnuma_LIBS=''
mandir='${prefix}/man'
memory_malloc_hooks_LIBS=''
memory_ptmalloc2_LIBS=''
mkdir_p='$(install_sh) -d'
mpool_gm_CFLAGS=''
mpool_gm_CPPFLAGS=''
mpool_gm_LDFLAGS=''
mpool_gm_LIBS=''
mpool_mvapi_CFLAGS=''
mpool_mvapi_CPPFLAGS=''
mpool_mvapi_LDFLAGS=''
mpool_mvapi_LIBS=''
mpool_openib_CFLAGS=''
mpool_openib_CPPFLAGS=''
mpool_openib_LDFLAGS=''
mpool_openib_LIBS=''
oldincludedir='/usr/include'
pls_bproc_CPPFLAGS=''
pls_bproc_LDFLAGS=''
pls_bproc_LIBS=''
pls_bproc_orted_CPPFLAGS=''
pls_bproc_orted_LDFLAGS=''
pls_bproc_orted_LIBS=''
pls_bproc_seed_CPPFLAGS=''
pls_bproc_seed_LDFLAGS=''
pls_bproc_seed_LIBS=''
pls_slurm_CPPFLAGS=''
pls_slurm_LDFLAGS=''
pls_slurm_LIBS=''
pls_tm_CPPFLAGS=''
pls_tm_LDFLAGS=''
pls_tm_LIBS=''
pls_xgrid_LDFLAGS=''
pls_xgrid_OBJCFLAGS=''
prefix='NONE'
program_transform_name='s,x,x,'
ras_bjs_CPPFLAGS=''
ras_bjs_LDFLAGS=''
ras_bjs_LIBS=''
ras_lsf_bproc_CPPFLAGS=''
ras_lsf_bproc_LDFLAGS=''
ras_lsf_bproc_LIBS=''
ras_slurm_CPPFLAGS=''
ras_slurm_LDFLAGS=''
ras_slurm_LIBS=''
ras_tm_CPPFLAGS=''
ras_tm_LDFLAGS=''
ras_tm_LIBS=''
sbindir='${exec_prefix}/sbin'
sds_bproc_CPPFLAGS=''
sds_bproc_LDFLAGS=''
sds_bproc_LIBS=''
sds_portals_utcp_CPPFLAGS=''
sds_portals_utcp_LDFLAGS=''
sds_portals_utcp_LIBS=''
sds_slurm_CPPFLAGS=''
sds_slurm_LDFLAGS=''
sds_slurm_LIBS=''
sharedstatedir='${prefix}/com'
soh_bproc_CPPFLAGS=''
soh_bproc_LDFLAGS=''
soh_bproc_LIBS=''
sysconfdir='${prefix}/etc'
target_alias=''
timer_aix_LIBS=''
top_ompi_builddir='/Users/mkluskens/Public/MPI/OpenMPI/openmpi-1.1a1r9440'
top_ompi_srcdir='/Users/mkluskens/Public/MPI/OpenMPI/openmpi-1.1a1r9440'

## ----------- ##
## confdefs.h. ##
## ----------- ##

#define HAVE_INT16_T 1
#define HAVE_INT32_T 1
#define HAVE_INT64_T 1
#define HAVE_INT8_T 1
#define HAVE_INTPTR_T 1
#define HAVE_INTTYPES_H 1
#define HAVE_LONG_DOUBLE 1
#define HAVE_LONG_LONG 1
#define HAVE_MEMORY_H 1
#define HAVE_MODE_T 1
#define HAVE_STDINT_H 1
#define HAVE_STDLIB_H 1
#define HAVE_STRINGS_H 1
#define HAVE_STRING_H 1
#define HAVE_SYS_STAT_H 1
#define HAVE_SYS_TYPES_H 1
#define HAVE_UINT16_T 1
#define HAVE_UINT32_T 1
#define HAVE_UINT64_T 1
#define HAVE_UINT8_T 1
#define HAVE_UINTPTR_T 1
#define HAVE_UNISTD_H 1
#define MPI_PARAM_CHECK ompi_mpi_param_check
#define OMPI_ALIGNMENT_CHAR 1
#define OMPI_ALIGNMENT_CXX_BOOL 4
#define OMPI_ALIGNMENT_DOUBLE 4
#define OMPI_ALIGNMENT_FLOAT 4
#define OMPI_ALIGNMENT_INT 4
#define OMPI_ALIGNMENT_LONG 4
#define OMPI_ALIGNMENT_LONG_DOUBLE 16
#define OMPI_ALIGNMENT_LONG_LONG 4
#define OMPI_ALIGNMENT_SHORT 2
#define OMPI_ALIGNMENT_VOID_P 4
#define OMPI_ALIGNMENT_WCHAR 4
#define OMPI_ARCH "powerpc-apple-darwin8.5.0"
#define OMPI_ASM_ALIGN_LOG 
#define OMPI_ASM_GLOBAL ".globl"
#define OMPI_ASM_GSYM "_"
#define OMPI_ASM_LABEL_SUFFIX ":"
#define OMPI_ASM_LSYM "L"
#define OMPI_ASM_SIZE "0"
#define OMPI_ASM_SUPPORT_64BIT 0
#define OMPI_ASM_TEXT ".text"
#define OMPI_ASM_TYPE ""
#define OMPI_ASSEMBLY_ARCH OMPI_POWERPC32
#define OMPI_ASSEMBLY_FORMAT "default-.text-.globl-:-_-L--0-1-1-0-0"
#define OMPI_CC "gcc"
#define OMPI_CXX "g++"
#define OMPI_CXX_DEC_INLINE_ASSEMBLY 0
#define OMPI_CXX_GCC_INLINE_ASSEMBLY 1
#define OMPI_CXX_XLC_INLINE_ASSEMBLY 0
#define OMPI_C_DEC_INLINE_ASSEMBLY 0
#define OMPI_C_GCC_INLINE_ASSEMBLY 1
#define OMPI_C_XLC_INLINE_ASSEMBLY 0
#define OMPI_ENABLE_DEBUG 0
#define OMPI_ENABLE_HETEROGENEOUS_SUPPORT 1
#define OMPI_ENABLE_MEM_DEBUG 0
#define OMPI_ENABLE_MEM_PROFILE 0
#define OMPI_ENABLE_MPI_PROFILING 1
#define OMPI_ENABLE_PTY_SUPPORT 1
#define OMPI_F77 "f95"
#define OMPI_F77_CAPS 1
#define OMPI_F77_DOUBLE_UNDERSCORE 0
#define OMPI_F77_PLAIN 0
#define OMPI_F77_SINGLE_UNDERSCORE 0
#define OMPI_GREEK_VERSION "a1"
#define OMPI_HAVE_ASM_FILE 1
#define OMPI_HAVE_CXX_EXCEPTION_SUPPORT 0
#define OMPI_HAVE_WEAK_SYMBOLS 0
#define OMPI_MAJOR_VERSION 1
#define OMPI_MINOR_VERSION 1
#define OMPI_NEED_C_BOOL 1
#define OMPI_POWERPC_R_REGISTERS 1
#define OMPI_RELEASE_VERSION 0
#define OMPI_VERSION "0"
#define OMPI_WANT_CXX_BINDINGS 1
#define OMPI_WANT_F77_BINDINGS 1
#define OMPI_WANT_PERUSE 0
#define OMPI_WANT_PRETTY_PRINT_STACKTRACE 1
#define OMPI_WANT_SMP_LOCKS 1
#define OPAL_ENABLE_TRACE 0
#define OPAL_GREEK_VERSION "a1"
#define OPAL_MAJOR_VERSION 1
#define OPAL_MINOR_VERSION 1
#define OPAL_RELEASE_VERSION 0
#define OPAL_VERSION "0"
#define ORTE_GREEK_VERSION "a1"
#define ORTE_MAJOR_VERSION 1
#define ORTE_MINOR_VERSION 1
#define ORTE_RELEASE_VERSION 0
#define ORTE_VERSION "0"
#define PACKAGE_BUGREPORT "http://www.open-mpi.org/community/help/"
#define PACKAGE_NAME "Open MPI"
#define PACKAGE_STRING "Open MPI 1.1a1"
#define PACKAGE_TARNAME "openmpi"
#define PACKAGE_VERSION "1.1a1"
#define SIZEOF_BOOL 4
#define SIZEOF_CHAR 1
#define SIZEOF_DOUBLE 8
#define SIZEOF_FLOAT 4
#define SIZEOF_INT 4
#define SIZEOF_LONG 4
#define SIZEOF_LONG_DOUBLE 16
#define SIZEOF_LONG_LONG 8
#define SIZEOF_SHORT 2
#define SIZEOF_SIZE_T 4
#define SIZEOF_VOID_P 4
#define STDC_HEADERS 1
#define _GNU_SOURCE 1
#define inline __inline__
#define ompi_fortran_bogus_type_t int
#define restrict __restrict
#endif
#endif
#ifdef __cplusplus
#ifndef __cplusplus
extern "C" void std::exit (int); using std::exit;

configure: exit 1

