This file contains any messages produced by compilers while
running configure, to aid debugging if configure makes a mistake.

It was created by pgi-autotool-bug configure 1.0, which was
generated by GNU Autoconf 2.69.  Invocation command line was

  $ ./configure CC=gcc CXX=g++ F77=pgfortran FC=pgfortran CFLAGS=-m64 CXXFLAGS=-m64 LDFLAGS=-m64 FCFLAGS=-m64 FFLAGS=-m64 --prefix=/Users/fortran/AutomakeBug/autobug14

## --------- ##
## Platform. ##
## --------- ##

hostname = matthews-air.home
uname -m = x86_64
uname -r = 13.1.0
uname -s = Darwin
uname -v = Darwin Kernel Version 13.1.0: Thu Jan 16 19:40:37 PST 2014; root:xnu-2422.90.20~2/RELEASE_X86_64

/usr/bin/uname -p = i386
/bin/uname -X     = unknown

/bin/arch              = unknown
/usr/bin/arch -k       = unknown
/usr/convex/getsysinfo = unknown
/usr/bin/hostinfo      = Mach kernel version:
	 Darwin Kernel Version 13.1.0: Thu Jan 16 19:40:37 PST 2014; root:xnu-2422.90.20~2/RELEASE_X86_64
Kernel configured for up to 4 processors.
2 processors are physically available.
4 processors are logically available.
Processor type: i486 (Intel 80486)
Processors active: 0 1 2 3
Primary memory available: 4.00 gigabytes
Default processor set: 218 tasks, 1189 threads, 4 processors
Load average: 1.35, Mach factor: 2.65
/bin/machine           = unknown
/usr/bin/oslevel       = unknown
/bin/universe          = unknown

PATH: .
PATH: /Users/fortran/bin
PATH: /Users/fortran/cvstools
PATH: /Users/fortran/opengrads/Contents
PATH: /Users/fortran/pgi/osx86-64/14.3/bin
PATH: /Users/fortran/MPI//bin
PATH: /usr/bin
PATH: /bin
PATH: /usr/sbin
PATH: /sbin
PATH: /usr/local/bin
PATH: /opt/X11/bin
PATH: /usr/texbin
PATH: /opt/local/bin
PATH: /opt/local/sbin


## ----------- ##
## Core tests. ##
## ----------- ##

configure:2258: checking for a BSD-compatible install
configure:2326: result: /usr/bin/install -c
configure:2337: checking whether build environment is sane
configure:2392: result: yes
configure:2543: checking for a thread-safe mkdir -p
configure:2582: result: config/install-sh -c -d
configure:2589: checking for gawk
configure:2605: found /opt/local/bin/gawk
configure:2616: result: gawk
configure:2627: checking whether make sets $(MAKE)
configure:2649: result: yes
configure:2678: checking whether make supports nested variables
configure:2695: result: yes
configure:2775: checking whether UID '502' is supported by ustar format
configure:2778: result: yes
configure:2785: checking whether GID '20' is supported by ustar format
configure:2788: result: yes
configure:2796: checking how to create a ustar tar archive
configure:2807: tar --version
bsdtar 2.8.3 - libarchive 2.8.3
configure:2810: $? = 0
configure:2850: tardir=conftest.dir && eval tar --format=ustar -chf - "$tardir" >conftest.tar
configure:2853: $? = 0
configure:2857: tar -xf - <conftest.tar
configure:2860: $? = 0
configure:2862: cat conftest.dir/file
GrepMe
configure:2865: $? = 0
configure:2878: result: gnutar
configure:3097: checking for Fortran compiler version
configure:3106: pgfortran --version >&5

pgfortran 14.3-0 64-bit target on Apple OS/X developer 
The Portland Group - PGI Compilers and Tools
Copyright (c) 2014, NVIDIA CORPORATION.  All rights reserved.
configure:3117: $? = 0
configure:3106: pgfortran -v >&5
Export PGI=$__TEMP_PGI_PATH
Export PGIBIN=/Applications/Free PGI.app/Contents/Resources/pgi/osx86-64/14.3/bin
pgfortran-Warning-No files to process

configure:3117: $? = 0
configure:3106: pgfortran -V >&5

pgfortran 14.3-0 64-bit target on Apple OS/X developer 
The Portland Group - PGI Compilers and Tools
Copyright (c) 2014, NVIDIA CORPORATION.  All rights reserved.
configure:3117: $? = 0
configure:3106: pgfortran -qversion >&5
pgfortran-Error-Unknown switch: -qversion
configure:3117: $? = 1
configure:3132: checking whether the Fortran compiler works
configure:3154: pgfortran -m64 -m64  conftest.f  >&5
configure:3158: $? = 0
configure:3206: result: yes
configure:3209: checking for Fortran compiler default output file name
configure:3211: result: a.out
configure:3217: checking for suffix of executables
configure:3224: pgfortran -o conftest -m64 -m64  conftest.f  >&5
configure:3228: $? = 0
configure:3250: result: 
configure:3266: checking whether we are cross compiling
configure:3274: pgfortran -o conftest -m64 -m64  conftest.f  >&5
configure:3278: $? = 0
configure:3285: ./conftest
configure:3289: $? = 0
configure:3304: result: no
configure:3309: checking for suffix of object files
configure:3325: pgfortran -c -m64  conftest.f >&5
configure:3329: $? = 0
configure:3350: result: o
configure:3358: checking whether we are using the GNU Fortran compiler
configure:3371: pgfortran -c -m64  conftest.F >&5
PGF90-S-0034-Syntax error at or near end of line (conftest.F: 3)
  0 inform,   0 warnings,   1 severes, 0 fatal for main
configure:3371: $? = 2
configure: failed program was:
|       program main
| #ifndef __GNUC__
|        choke me
| #endif
| 
|       end
configure:3380: result: no
configure:3386: checking whether pgfortran accepts -g
configure:3397: pgfortran -c -g  conftest.f >&5
configure:3397: $? = 0
configure:3405: result: yes
configure:3482: checking build system type
configure:3496: result: x86_64-apple-darwin13.1.0
configure:3516: checking host system type
configure:3529: result: x86_64-apple-darwin13.1.0
configure:3570: checking how to print strings
configure:3597: result: printf
configure:3630: checking for style of include used by make
configure:3658: result: GNU
configure:3729: checking for gcc
configure:3756: result: gcc
configure:3985: checking for C compiler version
configure:3994: gcc --version >&5
Apple LLVM version 5.1 (clang-503.0.38) (based on LLVM 3.4svn)
Target: x86_64-apple-darwin13.1.0
Thread model: posix
Configured with: --prefix=/Applications/Xcode.app/Contents/Developer/usr --with-gxx-include-dir=/usr/include/c++/4.2.1
configure:4005: $? = 0
configure:3994: gcc -v >&5
Configured with: --prefix=/Applications/Xcode.app/Contents/Developer/usr --with-gxx-include-dir=/usr/include/c++/4.2.1
Apple LLVM version 5.1 (clang-503.0.38) (based on LLVM 3.4svn)
Target: x86_64-apple-darwin13.1.0
Thread model: posix
configure:4005: $? = 0
configure:3994: gcc -V >&5
clang: error: argument to '-V' is missing (expected 1 value)
clang: error: no input files
configure:4005: $? = 1
configure:3994: gcc -qversion >&5
clang: error: unknown argument: '-qversion' [-Wunused-command-line-argument-hard-error-in-future]
clang: note: this will be a hard error (cannot be downgraded to a warning) in the future
clang: error: no input files
configure:4005: $? = 1
configure:4009: checking whether we are using the GNU C compiler
configure:4028: gcc -c -m64  conftest.c >&5
configure:4028: $? = 0
configure:4037: result: yes
configure:4046: checking whether gcc accepts -g
configure:4066: gcc -c -g  conftest.c >&5
configure:4066: $? = 0
configure:4107: result: yes
configure:4124: checking for gcc option to accept ISO C89
configure:4187: gcc  -c -m64  conftest.c >&5
configure:4187: $? = 0
configure:4200: result: none needed
configure:4225: checking whether gcc understands -c and -o together
configure:4247: gcc -c conftest.c -o conftest2.o
configure:4250: $? = 0
configure:4247: gcc -c conftest.c -o conftest2.o
configure:4250: $? = 0
configure:4262: result: yes
configure:4281: checking dependency style of gcc
configure:4392: result: none
configure:4407: checking for a sed that does not truncate output
configure:4471: result: /usr/bin/sed
configure:4489: checking for grep that handles long lines and -e
configure:4547: result: /usr/bin/grep
configure:4552: checking for egrep
configure:4614: result: /usr/bin/grep -E
configure:4619: checking for fgrep
configure:4681: result: /usr/bin/grep -F
configure:4716: checking for ld used by gcc
configure:4783: result: /Applications/Xcode.app/Contents/Developer/Toolchains/XcodeDefault.xctoolchain/usr/bin/ld
configure:4790: checking if the linker (/Applications/Xcode.app/Contents/Developer/Toolchains/XcodeDefault.xctoolchain/usr/bin/ld) is GNU ld
configure:4805: result: no
configure:4817: checking for BSD- or MS-compatible name lister (nm)
configure:4866: result: /usr/bin/nm
configure:4996: checking the name lister (/usr/bin/nm) interface
configure:5003: gcc -c -m64  conftest.c >&5
configure:5006: /usr/bin/nm "conftest.o"
configure:5009: output
0000000000000000 S _some_variable
configure:5016: result: BSD nm
configure:5019: checking whether ln -s works
configure:5023: result: yes
configure:5031: checking the maximum length of command line arguments
configure:5161: result: 196608
configure:5178: checking whether the shell understands some XSI constructs
configure:5188: result: yes
configure:5192: checking whether the shell understands "+="
configure:5198: result: yes
configure:5233: checking how to convert x86_64-apple-darwin13.1.0 file names to x86_64-apple-darwin13.1.0 format
configure:5273: result: func_convert_file_noop
configure:5280: checking how to convert x86_64-apple-darwin13.1.0 file names to toolchain format
configure:5300: result: func_convert_file_noop
configure:5307: checking for /Applications/Xcode.app/Contents/Developer/Toolchains/XcodeDefault.xctoolchain/usr/bin/ld option to reload object files
configure:5314: result: -r
configure:5388: checking for objdump
configure:5418: result: no
configure:5444: checking how to recognize dependent libraries
configure:5646: result: pass_all
configure:5731: checking for dlltool
configure:5761: result: no
configure:5788: checking how to associate runtime and link libraries
configure:5815: result: printf %s\n
configure:5876: checking for ar
configure:5892: found /usr/bin/ar
configure:5903: result: ar
configure:5940: checking for archiver @FILE support
configure:5957: gcc -c -m64  conftest.c >&5
configure:5957: $? = 0
configure:5960: ar cru libconftest.a @conftest.lst >&5
ar: @conftest.lst: No such file or directory
configure:5963: $? = 1
configure:5983: result: no
configure:6041: checking for strip
configure:6057: found /usr/bin/strip
configure:6068: result: strip
configure:6140: checking for ranlib
configure:6156: found /usr/bin/ranlib
configure:6167: result: ranlib
configure:6269: checking command to parse /usr/bin/nm output from gcc object
configure:6389: gcc -c -m64  conftest.c >&5
configure:6392: $? = 0
configure:6396: /usr/bin/nm conftest.o \| sed -n -e 's/^.*[ ]\([BCDEGRST][BCDEGRST]*\)[ ][ ]*\([_A-Za-z][_A-Za-z0-9]*\)$/\1 \2 \2/p' | sed '/ __gnu_lto/d' \> conftest.nm
configure:6399: $? = 0
cannot find nm_test_var in conftest.nm
configure:6389: gcc -c -m64  conftest.c >&5
configure:6392: $? = 0
configure:6396: /usr/bin/nm conftest.o \| sed -n -e 's/^.*[ ]\([BCDEGRST][BCDEGRST]*\)[ ][ ]*_\([_A-Za-z][_A-Za-z0-9]*\)$/\1 _\2 \2/p' | sed '/ __gnu_lto/d' \> conftest.nm
configure:6399: $? = 0
configure:6465: gcc -o conftest -m64  -m64 conftest.c conftstm.o >&5
configure:6468: $? = 0
configure:6506: result: ok
configure:6543: checking for sysroot
configure:6573: result: no
configure:6829: checking for mt
configure:6859: result: no
configure:6879: checking if : is a manifest tool
configure:6885: : '-?'
configure:6893: result: no
configure:6949: checking for dsymutil
configure:6965: found /usr/bin/dsymutil
configure:6976: result: dsymutil
configure:7041: checking for nmedit
configure:7057: found /usr/bin/nmedit
configure:7068: result: nmedit
configure:7133: checking for lipo
configure:7149: found /usr/bin/lipo
configure:7160: result: lipo
configure:7225: checking for otool
configure:7241: found /usr/bin/otool
configure:7252: result: otool
configure:7317: checking for otool64
configure:7347: result: no
configure:7392: checking for -single_module linker flag
gcc -m64 -m64 -o libconftest.dylib -dynamiclib -Wl,-single_module conftest.c
configure:7425: result: yes
configure:7428: checking for -exported_symbols_list linker flag
configure:7448: gcc -o conftest -m64  -m64 -Wl,-exported_symbols_list,conftest.sym conftest.c  >&5
configure:7448: $? = 0
configure:7458: result: yes
configure:7461: checking for -force_load linker flag
gcc -m64 -c -o conftest.o conftest.c
ar cru libconftest.a conftest.o
ranlib libconftest.a
gcc -m64 -m64 -o conftest conftest.c -Wl,-force_load,./libconftest.a
configure:7493: result: yes
configure:7535: checking how to run the C preprocessor
configure:7566: gcc -E  conftest.c
configure:7566: $? = 0
configure:7580: gcc -E  conftest.c
conftest.c:9:10: fatal error: 'ac_nonexistent.h' file not found
#include <ac_nonexistent.h>
         ^
1 error generated.
configure:7580: $? = 1
configure: failed program was:
| /* confdefs.h */
| #define PACKAGE_NAME "pgi-autotool-bug"
| #define PACKAGE_TARNAME "pgi-autotool-bug"
| #define PACKAGE_VERSION "1.0"
| #define PACKAGE_STRING "pgi-autotool-bug 1.0"
| #define PACKAGE_BUGREPORT "http://example.com/"
| #define PACKAGE_URL ""
| /* end confdefs.h.  */
| #include <ac_nonexistent.h>
configure:7605: result: gcc -E
configure:7625: gcc -E  conftest.c
configure:7625: $? = 0
configure:7639: gcc -E  conftest.c
conftest.c:9:10: fatal error: 'ac_nonexistent.h' file not found
#include <ac_nonexistent.h>
         ^
1 error generated.
configure:7639: $? = 1
configure: failed program was:
| /* confdefs.h */
| #define PACKAGE_NAME "pgi-autotool-bug"
| #define PACKAGE_TARNAME "pgi-autotool-bug"
| #define PACKAGE_VERSION "1.0"
| #define PACKAGE_STRING "pgi-autotool-bug 1.0"
| #define PACKAGE_BUGREPORT "http://example.com/"
| #define PACKAGE_URL ""
| /* end confdefs.h.  */
| #include <ac_nonexistent.h>
configure:7668: checking for ANSI C header files
configure:7688: gcc -c -m64  conftest.c >&5
configure:7688: $? = 0
configure:7761: gcc -o conftest -m64  -m64 conftest.c  >&5
configure:7761: $? = 0
configure:7761: ./conftest
configure:7761: $? = 0
configure:7772: result: yes
configure:7785: checking for sys/types.h
configure:7785: gcc -c -m64  conftest.c >&5
configure:7785: $? = 0
configure:7785: result: yes
configure:7785: checking for sys/stat.h
configure:7785: gcc -c -m64  conftest.c >&5
configure:7785: $? = 0
configure:7785: result: yes
configure:7785: checking for stdlib.h
configure:7785: gcc -c -m64  conftest.c >&5
configure:7785: $? = 0
configure:7785: result: yes
configure:7785: checking for string.h
configure:7785: gcc -c -m64  conftest.c >&5
configure:7785: $? = 0
configure:7785: result: yes
configure:7785: checking for memory.h
configure:7785: gcc -c -m64  conftest.c >&5
configure:7785: $? = 0
configure:7785: result: yes
configure:7785: checking for strings.h
configure:7785: gcc -c -m64  conftest.c >&5
configure:7785: $? = 0
configure:7785: result: yes
configure:7785: checking for inttypes.h
configure:7785: gcc -c -m64  conftest.c >&5
configure:7785: $? = 0
configure:7785: result: yes
configure:7785: checking for stdint.h
configure:7785: gcc -c -m64  conftest.c >&5
configure:7785: $? = 0
configure:7785: result: yes
configure:7785: checking for unistd.h
configure:7785: gcc -c -m64  conftest.c >&5
configure:7785: $? = 0
configure:7785: result: yes
configure:7799: checking for dlfcn.h
configure:7799: gcc -c -m64  conftest.c >&5
configure:7799: $? = 0
configure:7799: result: yes
configure:8253: checking for objdir
configure:8268: result: .libs
configure:8539: checking if gcc supports -fno-rtti -fno-exceptions
configure:8557: gcc -c -m64  -fno-rtti -fno-exceptions conftest.c >&5
configure:8561: $? = 0
configure:8574: result: yes
configure:8901: checking for gcc option to produce PIC
configure:8908: result: -fno-common -DPIC
configure:8916: checking if gcc PIC flag -fno-common -DPIC works
configure:8934: gcc -c -m64  -fno-common -DPIC -DPIC conftest.c >&5
configure:8938: $? = 0
configure:8951: result: yes
configure:8980: checking if gcc static flag -static works
configure:9008: result: no
configure:9023: checking if gcc supports -c -o file.o
configure:9044: gcc -c -m64  -o out/conftest2.o conftest.c >&5
configure:9048: $? = 0
configure:9070: result: yes
configure:9078: checking if gcc supports -c -o file.o
configure:9125: result: yes
configure:9158: checking whether the gcc linker (/Applications/Xcode.app/Contents/Developer/Toolchains/XcodeDefault.xctoolchain/usr/bin/ld) supports shared libraries
configure:10311: result: yes
configure:10551: checking dynamic linker characteristics
configure:11284: result: darwin13.1.0 dyld
configure:11391: checking how to hardcode library paths into programs
configure:11416: result: immediate
configure:11461: checking for dlopen in -ldl
configure:11486: gcc -o conftest -m64  -m64 conftest.c -ldl   >&5
configure:11486: $? = 0
configure:11495: result: yes
configure:11710: checking whether a program can dlopen itself
configure:11790: gcc -o conftest -m64  -DHAVE_DLFCN_H -m64  conftest.c -ldl  >&5
configure:11793: $? = 0
configure:11811: result: yes
configure:11816: checking whether a statically linked program can dlopen itself
configure:11896: gcc -o conftest -m64  -DHAVE_DLFCN_H -m64   conftest.c -ldl  >&5
configure:11899: $? = 0
configure:11917: result: yes
configure:11956: checking whether stripping libraries is possible
configure:11970: result: yes
configure:11996: checking if libtool supports shared libraries
configure:11998: result: yes
configure:12001: checking whether to build shared libraries
configure:12022: result: yes
configure:12025: checking whether to build static libraries
configure:12029: result: no
configure:12158: checking if libtool supports shared libraries
configure:12160: result: yes
configure:12163: checking whether to build shared libraries
configure:12183: result: yes
configure:12186: checking whether to build static libraries
configure:12190: result: no
configure:12224: pgfortran -c -m64  conftest.f >&5
configure:12227: $? = 0
configure:12674: checking for pgfortran option to produce PIC
configure:12681: result: 
configure:12747: checking if pgfortran static flag  works
configure:12775: result: yes
configure:12787: checking if pgfortran supports -c -o file.o
configure:12808: pgfortran -c -m64 -o out/conftest2.o  conftest.f >&5
configure:12812: $? = 0
configure:12834: result: yes
configure:12839: checking if pgfortran supports -c -o file.o
configure:12886: result: yes
configure:12916: checking whether the pgfortran linker (/Applications/Xcode.app/Contents/Developer/Toolchains/XcodeDefault.xctoolchain/usr/bin/ld) supports shared libraries
configure:14019: result: no
configure:14160: checking dynamic linker characteristics
configure:14821: result: darwin13.1.0 dyld
configure:14874: checking how to hardcode library paths into programs
configure:14899: result: immediate
configure:14950: creating ./config.lt

## ------------------ ##
## Running config.lt. ##
## ------------------ ##
config.lt:679: creating libtool
configure:16735: checking that generated files are newer than configure
configure:16741: result: done
configure:16764: creating ./config.status

## ---------------------- ##
## Running config.status. ##
## ---------------------- ##

This file was extended by pgi-autotool-bug config.status 1.0, which was
generated by GNU Autoconf 2.69.  Invocation command line was

  CONFIG_FILES    = 
  CONFIG_HEADERS  = 
  CONFIG_LINKS    = 
  CONFIG_COMMANDS = 
  $ ./config.status 

on matthews-air.home

config.status:1066: creating Makefile
config.status:1066: creating src/Makefile
config.status:1238: executing depfiles commands
config.status:1238: executing libtool commands

## ---------------- ##
## Cache variables. ##
## ---------------- ##

ac_cv_build=x86_64-apple-darwin13.1.0
ac_cv_c_compiler_gnu=yes
ac_cv_env_CC_set=set
ac_cv_env_CC_value=gcc
ac_cv_env_CFLAGS_set=set
ac_cv_env_CFLAGS_value=-m64
ac_cv_env_CPPFLAGS_set=
ac_cv_env_CPPFLAGS_value=
ac_cv_env_CPP_set=
ac_cv_env_CPP_value=
ac_cv_env_FCFLAGS_set=set
ac_cv_env_FCFLAGS_value=-m64
ac_cv_env_FC_set=set
ac_cv_env_FC_value=pgfortran
ac_cv_env_LDFLAGS_set=set
ac_cv_env_LDFLAGS_value=-m64
ac_cv_env_LIBS_set=
ac_cv_env_LIBS_value=
ac_cv_env_build_alias_set=
ac_cv_env_build_alias_value=
ac_cv_env_host_alias_set=
ac_cv_env_host_alias_value=
ac_cv_env_target_alias_set=
ac_cv_env_target_alias_value=
ac_cv_fc_compiler_gnu=no
ac_cv_header_dlfcn_h=yes
ac_cv_header_inttypes_h=yes
ac_cv_header_memory_h=yes
ac_cv_header_stdc=yes
ac_cv_header_stdint_h=yes
ac_cv_header_stdlib_h=yes
ac_cv_header_string_h=yes
ac_cv_header_strings_h=yes
ac_cv_header_sys_stat_h=yes
ac_cv_header_sys_types_h=yes
ac_cv_header_unistd_h=yes
ac_cv_host=x86_64-apple-darwin13.1.0
ac_cv_lib_dl_dlopen=yes
ac_cv_objext=o
ac_cv_path_EGREP='/usr/bin/grep -E'
ac_cv_path_FGREP='/usr/bin/grep -F'
ac_cv_path_GREP=/usr/bin/grep
ac_cv_path_SED=/usr/bin/sed
ac_cv_path_install='/usr/bin/install -c'
ac_cv_prog_AWK=gawk
ac_cv_prog_CPP='gcc -E'
ac_cv_prog_ac_ct_AR=ar
ac_cv_prog_ac_ct_CC=gcc
ac_cv_prog_ac_ct_DSYMUTIL=dsymutil
ac_cv_prog_ac_ct_LIPO=lipo
ac_cv_prog_ac_ct_NMEDIT=nmedit
ac_cv_prog_ac_ct_OTOOL=otool
ac_cv_prog_ac_ct_RANLIB=ranlib
ac_cv_prog_ac_ct_STRIP=strip
ac_cv_prog_cc_c89=
ac_cv_prog_cc_g=yes
ac_cv_prog_fc_g=yes
ac_cv_prog_make_make_set=yes
am_cv_CC_dependencies_compiler_type=none
am_cv_make_support_nested_variables=yes
am_cv_prog_cc_c_o=yes
am_cv_prog_tar_ustar=gnutar
lt_cv_apple_cc_single_mod=yes
lt_cv_ar_at_file=no
lt_cv_deplibs_check_method=pass_all
lt_cv_dlopen=dlopen
lt_cv_dlopen_libs=-ldl
lt_cv_dlopen_self=yes
lt_cv_dlopen_self_static=yes
lt_cv_file_magic_cmd='$MAGIC_CMD'
lt_cv_file_magic_test_file=
lt_cv_ld_exported_symbols_list=yes
lt_cv_ld_force_load=yes
lt_cv_ld_reload_flag=-r
lt_cv_nm_interface='BSD nm'
lt_cv_objdir=.libs
lt_cv_path_LD=/Applications/Xcode.app/Contents/Developer/Toolchains/XcodeDefault.xctoolchain/usr/bin/ld
lt_cv_path_NM=/usr/bin/nm
lt_cv_path_mainfest_tool=no
lt_cv_prog_compiler_c_o=yes
lt_cv_prog_compiler_c_o_FC=yes
lt_cv_prog_compiler_pic='-fno-common -DPIC'
lt_cv_prog_compiler_pic_FC=
lt_cv_prog_compiler_pic_works=yes
lt_cv_prog_compiler_rtti_exceptions=yes
lt_cv_prog_compiler_static_works=no
lt_cv_prog_compiler_static_works_FC=yes
lt_cv_prog_gnu_ld=no
lt_cv_sharedlib_from_linklib_cmd='printf %s\n'
lt_cv_sys_global_symbol_pipe='sed -n -e '\''s/^.*[	 ]\([BCDEGRST][BCDEGRST]*\)[	 ][	 ]*_\([_A-Za-z][_A-Za-z0-9]*\)$/\1 _\2 \2/p'\'' | sed '\''/ __gnu_lto/d'\'''
lt_cv_sys_global_symbol_to_c_name_address='sed -n -e '\''s/^: \([^ ]*\)[ ]*$/  {\"\1\", (void *) 0},/p'\'' -e '\''s/^[BCDEGRST]* \([^ ]*\) \([^ ]*\)$/  {"\2", (void *) \&\2},/p'\'''
lt_cv_sys_global_symbol_to_c_name_address_lib_prefix='sed -n -e '\''s/^: \([^ ]*\)[ ]*$/  {\"\1\", (void *) 0},/p'\'' -e '\''s/^[BCDEGRST]* \([^ ]*\) \(lib[^ ]*\)$/  {"\2", (void *) \&\2},/p'\'' -e '\''s/^[BCDEGRST]* \([^ ]*\) \([^ ]*\)$/  {"lib\2", (void *) \&\2},/p'\'''
lt_cv_sys_global_symbol_to_cdecl='sed -n -e '\''s/^T .* \(.*\)$/extern int \1();/p'\'' -e '\''s/^[BCDEGRST]* .* \(.*\)$/extern char \1;/p'\'''
lt_cv_sys_max_cmd_len=196608
lt_cv_to_host_file_cmd=func_convert_file_noop
lt_cv_to_tool_file_cmd=func_convert_file_noop

## ----------------- ##
## Output variables. ##
## ----------------- ##

ACLOCAL='${SHELL} /Users/fortran/AutomakeBug/src/am14/pgi-autotool-bug-1.0/config/missing aclocal-1.14'
AMDEPBACKSLASH='\'
AMDEP_FALSE='#'
AMDEP_TRUE=''
AMTAR='$${TAR-tar}'
AM_BACKSLASH='\'
AM_DEFAULT_V='$(AM_DEFAULT_VERBOSITY)'
AM_DEFAULT_VERBOSITY='1'
AM_V='$(V)'
AR='ar'
AS='as'
AUTOCONF='${SHELL} /Users/fortran/AutomakeBug/src/am14/pgi-autotool-bug-1.0/config/missing autoconf'
AUTOHEADER='${SHELL} /Users/fortran/AutomakeBug/src/am14/pgi-autotool-bug-1.0/config/missing autoheader'
AUTOMAKE='${SHELL} /Users/fortran/AutomakeBug/src/am14/pgi-autotool-bug-1.0/config/missing automake-1.14'
AWK='gawk'
CC='gcc'
CCDEPMODE='depmode=none'
CFLAGS='-m64'
CPP='gcc -E'
CPPFLAGS=''
CYGPATH_W='echo'
DEFS='-DPACKAGE_NAME=\"pgi-autotool-bug\" -DPACKAGE_TARNAME=\"pgi-autotool-bug\" -DPACKAGE_VERSION=\"1.0\" -DPACKAGE_STRING=\"pgi-autotool-bug\ 1.0\" -DPACKAGE_BUGREPORT=\"http://example.com/\" -DPACKAGE_URL=\"\" -DSTDC_HEADERS=1 -DHAVE_SYS_TYPES_H=1 -DHAVE_SYS_STAT_H=1 -DHAVE_STDLIB_H=1 -DHAVE_STRING_H=1 -DHAVE_MEMORY_H=1 -DHAVE_STRINGS_H=1 -DHAVE_INTTYPES_H=1 -DHAVE_STDINT_H=1 -DHAVE_UNISTD_H=1 -DHAVE_DLFCN_H=1 -DLT_OBJDIR=\".libs/\"'
DEPDIR='.deps'
DLLTOOL='false'
DSYMUTIL='dsymutil'
DUMPBIN=''
ECHO_C='\c'
ECHO_N=''
ECHO_T=''
EGREP='/usr/bin/grep -E'
EXEEXT=''
FC='pgfortran'
FCFLAGS='-m64'
FGREP='/usr/bin/grep -F'
GREP='/usr/bin/grep'
INCLTDL='-I${top_srcdir}'
INSTALL_DATA='${INSTALL} -m 644'
INSTALL_PROGRAM='${INSTALL}'
INSTALL_SCRIPT='${INSTALL}'
INSTALL_STRIP_PROGRAM='$(install_sh) -c -s'
LD='/Applications/Xcode.app/Contents/Developer/Toolchains/XcodeDefault.xctoolchain/usr/bin/ld'
LDFLAGS='-m64'
LIBLTDL='${top_build_prefix}libltdlc.la'
LIBOBJS=''
LIBS=''
LIBTOOL='$(SHELL) $(top_builddir)/libtool'
LIPO='lipo'
LN_S='ln -s'
LTDLDEPS='${top_build_prefix}libltdlc.la'
LTDLINCL='-I${top_srcdir}'
LTLIBOBJS=''
MAKEINFO='${SHELL} /Users/fortran/AutomakeBug/src/am14/pgi-autotool-bug-1.0/config/missing makeinfo'
MANIFEST_TOOL=':'
MKDIR_P='config/install-sh -c -d'
NM='/usr/bin/nm'
NMEDIT='nmedit'
OBJDUMP='false'
OBJEXT='o'
OTOOL64=':'
OTOOL='otool'
PACKAGE='pgi-autotool-bug'
PACKAGE_BUGREPORT='http://example.com/'
PACKAGE_NAME='pgi-autotool-bug'
PACKAGE_STRING='pgi-autotool-bug 1.0'
PACKAGE_TARNAME='pgi-autotool-bug'
PACKAGE_URL=''
PACKAGE_VERSION='1.0'
PATH_SEPARATOR=':'
RANLIB='ranlib'
SED='/usr/bin/sed'
SET_MAKE=''
SHELL='/bin/sh'
STRIP='strip'
VERSION='1.0'
ac_ct_AR='ar'
ac_ct_CC='gcc'
ac_ct_DUMPBIN=''
ac_ct_FC=''
am__EXEEXT_FALSE=''
am__EXEEXT_TRUE='#'
am__fastdepCC_FALSE=''
am__fastdepCC_TRUE='#'
am__include='include'
am__isrc=''
am__leading_dot='.'
am__nodep='_no'
am__quote=''
am__tar='tar --format=ustar -chf - "$$tardir"'
am__untar='tar -xf -'
bindir='${exec_prefix}/bin'
build='x86_64-apple-darwin13.1.0'
build_alias=''
build_cpu='x86_64'
build_os='darwin13.1.0'
build_vendor='apple'
datadir='${datarootdir}'
datarootdir='${prefix}/share'
docdir='${datarootdir}/doc/${PACKAGE_TARNAME}'
dvidir='${docdir}'
exec_prefix='${prefix}'
host='x86_64-apple-darwin13.1.0'
host_alias=''
host_cpu='x86_64'
host_os='darwin13.1.0'
host_vendor='apple'
htmldir='${docdir}'
includedir='${prefix}/include'
infodir='${datarootdir}/info'
install_sh='${SHELL} /Users/fortran/AutomakeBug/src/am14/pgi-autotool-bug-1.0/config/install-sh'
libdir='${exec_prefix}/lib'
libexecdir='${exec_prefix}/libexec'
localedir='${datarootdir}/locale'
localstatedir='${prefix}/var'
mandir='${datarootdir}/man'
mkdir_p='$(MKDIR_P)'
oldincludedir='/usr/include'
pdfdir='${docdir}'
prefix='/Users/fortran/AutomakeBug/autobug14'
program_transform_name='s,x,x,'
psdir='${docdir}'
sbindir='${exec_prefix}/sbin'
sharedstatedir='${prefix}/com'
sysconfdir='${prefix}/etc'
target_alias=''

## ----------- ##
## confdefs.h. ##
## ----------- ##

/* confdefs.h */
#define PACKAGE_NAME "pgi-autotool-bug"
#define PACKAGE_TARNAME "pgi-autotool-bug"
#define PACKAGE_VERSION "1.0"
#define PACKAGE_STRING "pgi-autotool-bug 1.0"
#define PACKAGE_BUGREPORT "http://example.com/"
#define PACKAGE_URL ""
#define STDC_HEADERS 1
#define HAVE_SYS_TYPES_H 1
#define HAVE_SYS_STAT_H 1
#define HAVE_STDLIB_H 1
#define HAVE_STRING_H 1
#define HAVE_MEMORY_H 1
#define HAVE_STRINGS_H 1
#define HAVE_INTTYPES_H 1
#define HAVE_STDINT_H 1
#define HAVE_UNISTD_H 1
#define HAVE_DLFCN_H 1
#define LT_OBJDIR ".libs/"

configure: exit 0
