
***** MASTER (SPAWNING) ****
 Rank 155 runs on host: eya0012
 Rank 219 runs on host: eya0004
 Rank 203 runs on host: eya0012
 Rank 187 runs on host: eya0008
 Rank 227 runs on host: eya0012
 Rank 53 runs on host: eya0006
 Rank 99 runs on host: eya0004
 Rank 171 runs on host: eya0004
 Rank 7 runs on host: eya0008
 Rank 153 runs on host: eya0010
 Rank 179 runs on host: eya0012
 Rank 195 runs on host: eya0004
 Rank 79 runs on host: eya0008
 Rank 137 runs on host: eya0006
 Rank 52 runs on host: eya0005
 Rank 221 runs on host: eya0006
 Rank 189 runs on host: eya0010
 Rank 37 runs on host: eya0002
 Rank 23 runs on host: eya0012
 Rank 217 runs on host: eya0002
 Rank 115 runs on host: eya0008
 Rank 201 runs on host: eya0010
 Rank 89 runs on host: eya0006
 Rank 121 runs on host: eya0002
 Rank 173 runs on host: eya0006
 Rank 139 runs on host: eya0008
 Rank 57 runs on host: eya0010
 Rank 31 runs on host: eya0008
 Rank 125 runs on host: eya0006
 Rank 69 runs on host: eya0010
 Rank 6 runs on host: eya0007
 Rank 76 runs on host: eya0005
 Rank 122 runs on host: eya0003
 Rank 131 runs on host: eya0012
 Rank 218 runs on host: eya0003
 Rank 93 runs on host: eya0010
 Rank 68 runs on host: eya0009
 Rank 157 runs on host: eya0002
 Rank 73 runs on host: eya0002
 Rank 44 runs on host: eya0009
 Rank 54 runs on host: eya0007
 Rank 193 runs on host: eya0002
 Rank 25 runs on host: eya0002
 Rank 15 runs on host: eya0004
 Rank 154 runs on host: eya0011
 Rank 186 runs on host: eya0007
 Rank 170 runs on host: eya0003
 Rank 163 runs on host: eya0008
 Rank 202 runs on host: eya0011
 Rank 138 runs on host: eya0007
 Rank 148 runs on host: eya0005
 Rank 141 runs on host: eya0010
 Rank 63 runs on host: eya0004
 Rank 38 runs on host: eya0003
 Rank 55 runs on host: eya0008
 Rank 70 runs on host: eya0011
 Rank 87 runs on host: eya0004
 Rank 61 runs on host: eya0002
 Rank 21 runs on host: eya0010
 Rank 136 runs on host: eya0005
 Rank 105 runs on host: eya0010
 Rank 165 runs on host: eya0010
 Rank 183 runs on host: eya0004
 Rank 211 runs on host: eya0008
 Rank 5 runs on host: eya0006
 Rank 47 runs on host: eya0012
 Rank 212 runs on host: eya0009
 Rank 65 runs on host: eya0006
 Rank 1 runs on host: eya0002
 Rank 67 runs on host: eya0008
 Rank 130 runs on host: eya0011
 Rank 60 runs on host: eya0001
 Rank 19 runs on host: eya0008
 Rank 101 runs on host: eya0006
 Rank 147 runs on host: eya0004
 Rank 169 runs on host: eya0002
 Rank 168 runs on host: eya0001
 Rank 140 runs on host: eya0009
 Rank 161 runs on host: eya0006
 Rank 205 runs on host: eya0002
 Rank 200 runs on host: eya0009
 Rank 114 runs on host: eya0007
 Rank 185 runs on host: eya0006
 Rank 40 runs on host: eya0005
 Rank 215 runs on host: eya0012
 Rank 4 runs on host: eya0005
 Rank 151 runs on host: eya0008
 Rank 22 runs on host: eya0011
 Rank 28 runs on host: eya0005
 Rank 83 runs on host: eya0012
 Rank 119 runs on host: eya0012
 Rank 152 runs on host: eya0009
 Rank 51 runs on host: eya0004
 Rank 181 runs on host: eya0002
 Rank 41 runs on host: eya0006
 Rank 113 runs on host: eya0006
 Rank 13 runs on host: eya0002
 Rank 84 runs on host: eya0001
 Rank 9 runs on host: eya0010
 Rank 174 runs on host: eya0007
 Rank 17 runs on host: eya0006
 Rank 29 runs on host: eya0006
 Rank 120 runs on host: eya0001
 Rank 172 runs on host: eya0005
 Rank 117 runs on host: eya0010
 Rank 197 runs on host: eya0006
 Rank 225 runs on host: eya0010
 Rank 72 runs on host: eya0001
 Rank 81 runs on host: eya0010
 Rank 209 runs on host: eya0006
 Rank 100 runs on host: eya0005
 Rank 74 runs on host: eya0003
 Rank 194 runs on host: eya0003
 Rank 206 runs on host: eya0003
 Rank 8 runs on host: eya0009
 Rank 42 runs on host: eya0007
 Rank 109 runs on host: eya0002
 Rank 188 runs on host: eya0009
 Rank 85 runs on host: eya0002
 Rank 104 runs on host: eya0009
 Rank 78 runs on host: eya0007
 Rank 149 runs on host: eya0006
 Rank 220 runs on host: eya0005
 Rank 97 runs on host: eya0002
 Rank 127 runs on host: eya0008
 Rank 108 runs on host: eya0001
 Rank 92 runs on host: eya0009
 Rank 222 runs on host: eya0007
 Rank 77 runs on host: eya0006
 Rank 124 runs on host: eya0005
 Rank 49 runs on host: eya0002
 Rank 180 runs on host: eya0001
 Rank 196 runs on host: eya0005
 Rank 177 runs on host: eya0010
 Rank 184 runs on host: eya0005
 Rank 27 runs on host: eya0004
 Rank 145 runs on host: eya0002
 Rank 216 runs on host: eya0001
 Rank 156 runs on host: eya0001
 Rank 146 runs on host: eya0003
 Rank 24 runs on host: eya0001
 Rank 20 runs on host: eya0009
 Rank 30 runs on host: eya0007
 Rank 133 runs on host: eya0002
 Rank 56 runs on host: eya0009
 Rank 111 runs on host: eya0004
 Rank 158 runs on host: eya0003
 Rank 95 runs on host: eya0012
 Rank 33 runs on host: eya0010
 Rank 91 runs on host: eya0008
 Rank 226 runs on host: eya0011
 Rank 45 runs on host: eya0010
 Rank 116 runs on host: eya0009
 Rank 88 runs on host: eya0005
 Rank 14 runs on host: eya0003
 Rank 16 runs on host: eya0005
 Rank 175 runs on host: eya0008
 Rank 213 runs on host: eya0010
 Rank 210 runs on host: eya0007
 Rank 132 runs on host: eya0001
 Rank 199 runs on host: eya0008
 Rank 162 runs on host: eya0007
 Rank 144 runs on host: eya0001
 Rank 36 runs on host: eya0001
 Rank 32 runs on host: eya0009
 Rank 66 runs on host: eya0007
 Rank 75 runs on host: eya0004
 Rank 39 runs on host: eya0004
 Rank 80 runs on host: eya0009
 Rank 102 runs on host: eya0007
 Rank 110 runs on host: eya0003
 Rank 46 runs on host: eya0011
 Rank 48 runs on host: eya0001
 Rank 176 runs on host: eya0009
 Rank 135 runs on host: eya0004
 Rank 223 runs on host: eya0008
 Rank 58 runs on host: eya0011
 Rank 178 runs on host: eya0011
 Rank 123 runs on host: eya0004
 Rank 208 runs on host: eya0005
 Rank 112 runs on host: eya0005
 Rank 160 runs on host: eya0005
 Rank 126 runs on host: eya0007
 Rank 26 runs on host: eya0003
 Rank 94 runs on host: eya0011
 Rank 106 runs on host: eya0011
 Rank 96 runs on host: eya0001
 Rank 159 runs on host: eya0004
 Rank 207 runs on host: eya0004
 Rank 12 runs on host: eya0001
 Rank 134 runs on host: eya0003
 Rank 142 runs on host: eya0011
 Rank 224 runs on host: eya0009
 Rank 18 runs on host: eya0007
 Rank 62 runs on host: eya0003
 Rank 166 runs on host: eya0011
 Rank 2 runs on host: eya0003
 Rank 64 runs on host: eya0005
 Rank 192 runs on host: eya0001
 Rank 0 runs on host: eya0001
 Rank 118 runs on host: eya0011
 Rank 128 runs on host: eya0009
 Rank 34 runs on host: eya0011
 Rank 191 runs on host: eya0012
 Rank 35 runs on host: eya0012
 Rank 59 runs on host: eya0012
 Rank 86 runs on host: eya0003
 Rank 71 runs on host: eya0012
 Rank 164 runs on host: eya0009
 Rank 107 runs on host: eya0012
 Rank 3 runs on host: eya0004
 Rank 143 runs on host: eya0012
 Rank 167 runs on host: eya0012
 Rank 129 runs on host: eya0010
 Rank 11 runs on host: eya0012
 Rank 43 runs on host: eya0008
 Rank 98 runs on host: eya0003
 Rank 198 runs on host: eya0007
 Rank 103 runs on host: eya0008
 Rank 204 runs on host: eya0001
 Rank 50 runs on host: eya0003
 Rank 182 runs on host: eya0003
 Rank 150 runs on host: eya0007
 Rank 214 runs on host: eya0011
 Rank 82 runs on host: eya0011
 Rank 90 runs on host: eya0007
 Rank 10 runs on host: eya0011
 Rank 190 runs on host: eya0011
 child 0 will go on host eya0001
 child 1 will go on host eya0002
 child 2 will go on host eya0003
 child 3 will go on host eya0004
 child 4 will go on host eya0005
 child 5 will go on host eya0006
 child 6 will go on host eya0007
 child 7 will go on host eya0008
 child 8 will go on host eya0009
 child 9 will go on host eya0010
 child 10 will go on host eya0011
 child 11 will go on host eya0012
 child 12 will go on host eya0001
 child 13 will go on host eya0002
 child 14 will go on host eya0003
 child 15 will go on host eya0004
 child 16 will go on host eya0005
 child 17 will go on host eya0006
 child 18 will go on host eya0007
 child 19 will go on host eya0008
 child 20 will go on host eya0009
 child 21 will go on host eya0010
 child 22 will go on host eya0011
 child 23 will go on host eya0012
 child 24 will go on host eya0001
 child 25 will go on host eya0002
 child 26 will go on host eya0003
 child 27 will go on host eya0004
 child 28 will go on host eya0005
 child 29 will go on host eya0006
 child 30 will go on host eya0007
 child 31 will go on host eya0008
 child 32 will go on host eya0009
 child 33 will go on host eya0010
 child 34 will go on host eya0011
 child 35 will go on host eya0012
 child 36 will go on host eya0001
 child 37 will go on host eya0002
 child 38 will go on host eya0003
 child 39 will go on host eya0004
 child 40 will go on host eya0005
 child 41 will go on host eya0006
 child 42 will go on host eya0007
 child 43 will go on host eya0008
 child 44 will go on host eya0009
 child 45 will go on host eya0010
 child 46 will go on host eya0011
 child 47 will go on host eya0012
 child 48 will go on host eya0001
 child 49 will go on host eya0002
 child 50 will go on host eya0003
 child 51 will go on host eya0004
 child 52 will go on host eya0005
 child 53 will go on host eya0006
 child 54 will go on host eya0007
 child 55 will go on host eya0008
 child 56 will go on host eya0009
 child 57 will go on host eya0010
 child 58 will go on host eya0011
 child 59 will go on host eya0012
 child 60 will go on host eya0001
 child 61 will go on host eya0002
 child 62 will go on host eya0003
 child 63 will go on host eya0004
 child 64 will go on host eya0005
 child 65 will go on host eya0006
 child 66 will go on host eya0007
 child 67 will go on host eya0008
 child 68 will go on host eya0009
 child 69 will go on host eya0010
 child 70 will go on host eya0011
 child 71 will go on host eya0012
 child 72 will go on host eya0001
 child 73 will go on host eya0002
 child 74 will go on host eya0003
 child 75 will go on host eya0004
 child 76 will go on host eya0005
 child 77 will go on host eya0006
 child 78 will go on host eya0007
 child 79 will go on host eya0008
 child 80 will go on host eya0009
 child 81 will go on host eya0010
 child 82 will go on host eya0011
 child 83 will go on host eya0012
 child 84 will go on host eya0001
 child 85 will go on host eya0002
 child 86 will go on host eya0003
 child 87 will go on host eya0004
 child 88 will go on host eya0005
 child 89 will go on host eya0006
 child 90 will go on host eya0007
 child 91 will go on host eya0008
 child 92 will go on host eya0009
 child 93 will go on host eya0010
 child 94 will go on host eya0011
 child 95 will go on host eya0012
 child 96 will go on host eya0001
 child 97 will go on host eya0002
 child 98 will go on host eya0003
 child 99 will go on host eya0004
 child 100 will go on host eya0005
 child 101 will go on host eya0006
 child 102 will go on host eya0007
 child 103 will go on host eya0008
 child 104 will go on host eya0009
 child 105 will go on host eya0010
 child 106 will go on host eya0011
 child 107 will go on host eya0012
 child 108 will go on host eya0001
 child 109 will go on host eya0002
 child 110 will go on host eya0003
 child 111 will go on host eya0004
 child 112 will go on host eya0005
 child 113 will go on host eya0006
 child 114 will go on host eya0007
 child 115 will go on host eya0008
 child 116 will go on host eya0009
 child 117 will go on host eya0010
 child 118 will go on host eya0011
 child 119 will go on host eya0012
 child 120 will go on host eya0001
 child 121 will go on host eya0002
 child 122 will go on host eya0003
 child 123 will go on host eya0004
 child 124 will go on host eya0005
 child 125 will go on host eya0006
 child 126 will go on host eya0007
 child 127 will go on host eya0008
 child 128 will go on host eya0009
 child 129 will go on host eya0010
 child 130 will go on host eya0011
 child 131 will go on host eya0012
 child 132 will go on host eya0001
 child 133 will go on host eya0002
 child 134 will go on host eya0003
 child 135 will go on host eya0004
 child 136 will go on host eya0005
 child 137 will go on host eya0006
 child 138 will go on host eya0007
 child 139 will go on host eya0008
 child 140 will go on host eya0009
 child 141 will go on host eya0010
 child 142 will go on host eya0011
 child 143 will go on host eya0012
 child 144 will go on host eya0001
 child 145 will go on host eya0002
 child 146 will go on host eya0003
 child 147 will go on host eya0004
 child 148 will go on host eya0005
 child 149 will go on host eya0006
 child 150 will go on host eya0007
 child 151 will go on host eya0008
 child 152 will go on host eya0009
 child 153 will go on host eya0010
 child 154 will go on host eya0011
 child 155 will go on host eya0012
 child 156 will go on host eya0001
 child 157 will go on host eya0002
 child 158 will go on host eya0003
 child 159 will go on host eya0004
 child 160 will go on host eya0005
 child 161 will go on host eya0006
 child 162 will go on host eya0007
 child 163 will go on host eya0008
 child 164 will go on host eya0009
 child 165 will go on host eya0010
 child 166 will go on host eya0011
 child 167 will go on host eya0012
 child 168 will go on host eya0001
 child 169 will go on host eya0002
 child 170 will go on host eya0003
 child 171 will go on host eya0004
 child 172 will go on host eya0005
 child 173 will go on host eya0006
 child 174 will go on host eya0007
 child 175 will go on host eya0008
 child 176 will go on host eya0009
 child 177 will go on host eya0010
 child 178 will go on host eya0011
 child 179 will go on host eya0012
 child 180 will go on host eya0001
 child 181 will go on host eya0002
 child 182 will go on host eya0003
 child 183 will go on host eya0004
 child 184 will go on host eya0005
 child 185 will go on host eya0006
 child 186 will go on host eya0007
 child 187 will go on host eya0008
 child 188 will go on host eya0009
 child 189 will go on host eya0010
 child 190 will go on host eya0011
 child 191 will go on host eya0012
 child 192 will go on host eya0001
 child 193 will go on host eya0002
 child 194 will go on host eya0003
 child 195 will go on host eya0004
 child 196 will go on host eya0005
 child 197 will go on host eya0006
 child 198 will go on host eya0007
 child 199 will go on host eya0008
 child 200 will go on host eya0009
 child 201 will go on host eya0010
 child 202 will go on host eya0011
 child 203 will go on host eya0012
 child 204 will go on host eya0001
 child 205 will go on host eya0002
 child 206 will go on host eya0003
 child 207 will go on host eya0004
 child 208 will go on host eya0005
 child 209 will go on host eya0006
 child 210 will go on host eya0007
 child 211 will go on host eya0008
 child 212 will go on host eya0009
 child 213 will go on host eya0010
 child 214 will go on host eya0011
 child 215 will go on host eya0012
 child 216 will go on host eya0001
 child 217 will go on host eya0002
 child 218 will go on host eya0003
 child 219 will go on host eya0004
 child 220 will go on host eya0005
 child 221 will go on host eya0006
 child 222 will go on host eya0007
 child 223 will go on host eya0008
 child 224 will go on host eya0009
 child 225 will go on host eya0010
 child 226 will go on host eya0011
 child 227 will go on host eya0012
	 spawning the slave program ./slave ...
[eylg001:05363] [[49609,0],0] ORTE_ERROR_LOG: Not found in file ../../../../../orte/mca/errmgr/hnp/errmgr_hnp.c at line 948
[eylg001:05363] [[49609,0],0] ORTE_ERROR_LOG: Not found in file ../../../../../orte/mca/errmgr/hnp/errmgr_hnp.c at line 948
[eylg001:05363] [[49609,0],0] ORTE_ERROR_LOG: Not found in file ../../../../../orte/mca/errmgr/hnp/errmgr_hnp.c at line 948
[eylg001:05363] [[49609,0],0] ORTE_ERROR_LOG: Not found in file ../../../../../orte/mca/errmgr/hnp/errmgr_hnp.c at line 948
[eylg001:05363] [[49609,0],0] ORTE_ERROR_LOG: Not found in file ../../../../../orte/mca/errmgr/hnp/errmgr_hnp.c at line 948
[eylg001:05363] [[49609,0],0] ORTE_ERROR_LOG: Not found in file ../../../../../orte/mca/errmgr/hnp/errmgr_hnp.c at line 948
[eylg001:05363] [[49609,0],0] ORTE_ERROR_LOG: Not found in file ../../../../../orte/mca/errmgr/hnp/errmgr_hnp.c at line 948
[eylg001:05363] [[49609,0],0] ORTE_ERROR_LOG: Not found in file ../../../../../orte/mca/errmgr/hnp/errmgr_hnp.c at line 948
[eylg001:05363] [[49609,0],0] ORTE_ERROR_LOG: Not found in file ../../../../../orte/mca/errmgr/hnp/errmgr_hnp.c at line 948
[eylg001:05363] [[49609,0],0] ORTE_ERROR_LOG: Not found in file ../../../../../orte/mca/errmgr/hnp/errmgr_hnp.c at line 948
[eylg001:05363] [[49609,0],0] ORTE_ERROR_LOG: Not found in file ../../../../../orte/mca/errmgr/hnp/errmgr_hnp.c at line 948
[eylg001:05363] [[49609,0],0] ORTE_ERROR_LOG: Not found in file ../../../../../orte/mca/errmgr/hnp/errmgr_hnp.c at line 948
[eylg001:05363] [[49609,0],0] ORTE_ERROR_LOG: Not found in file ../../../../../orte/mca/errmgr/hnp/errmgr_hnp.c at line 948
[eylg001:05363] [[49609,0],0] ORTE_ERROR_LOG: Not found in file ../../../../../orte/mca/errmgr/hnp/errmgr_hnp.c at line 948
[eylg001:05363] [[49609,0],0] ORTE_ERROR_LOG: Not found in file ../../../../../orte/mca/errmgr/hnp/errmgr_hnp.c at line 948
[eylg001:05363] [[49609,0],0] ORTE_ERROR_LOG: Not found in file ../../../../../orte/mca/errmgr/hnp/errmgr_hnp.c at line 948
[eylg001:05363] [[49609,0],0] ORTE_ERROR_LOG: Not found in file ../../../../../orte/mca/errmgr/hnp/errmgr_hnp.c at line 948
[eylg001:05363] [[49609,0],0] ORTE_ERROR_LOG: Not found in file ../../../../../orte/mca/errmgr/hnp/errmgr_hnp.c at line 948
[eylg001:05363] [[49609,0],0] ORTE_ERROR_LOG: Not found in file ../../../../../orte/mca/errmgr/hnp/errmgr_hnp.c at line 948
[eylg001:05363] [[49609,0],0] ORTE_ERROR_LOG: Not found in file ../../../../../orte/mca/errmgr/hnp/errmgr_hnp.c at line 948
[eylg001:05363] [[49609,0],0] ORTE_ERROR_LOG: Not found in file ../../../../../orte/mca/errmgr/hnp/errmgr_hnp.c at line 948
[eylg001:05363] [[49609,0],0] ORTE_ERROR_LOG: Not found in file ../../../../../orte/mca/errmgr/hnp/errmgr_hnp.c at line 948
[eylg001:05363] [[49609,0],0] ORTE_ERROR_LOG: Not found in file ../../../../../orte/mca/errmgr/hnp/errmgr_hnp.c at line 948
[eylg001:05363] [[49609,0],0] ORTE_ERROR_LOG: Not found in file ../../../../../orte/mca/errmgr/hnp/errmgr_hnp.c at line 948
[eylg001:05363] [[49609,0],0] ORTE_ERROR_LOG: Not found in file ../../../../../orte/mca/errmgr/hnp/errmgr_hnp.c at line 948
[eylg001:05363] [[49609,0],0] ORTE_ERROR_LOG: Not found in file ../../../../../orte/mca/errmgr/hnp/errmgr_hnp.c at line 948
[eylg001:05363] [[49609,0],0] ORTE_ERROR_LOG: Not found in file ../../../../../orte/mca/errmgr/hnp/errmgr_hnp.c at line 948
[eylg001:05363] [[49609,0],0] ORTE_ERROR_LOG: Not found in file ../../../../../orte/mca/errmgr/hnp/errmgr_hnp.c at line 948
[eylg001:05363] [[49609,0],0] ORTE_ERROR_LOG: Not found in file ../../../../../orte/mca/errmgr/hnp/errmgr_hnp.c at line 948
[eylg001:05363] [[49609,0],0] ORTE_ERROR_LOG: Not found in file ../../../../../orte/mca/errmgr/hnp/errmgr_hnp.c at line 948
[eylg001:05363] [[49609,0],0] ORTE_ERROR_LOG: Not found in file ../../../../../orte/mca/errmgr/hnp/errmgr_hnp.c at line 948
[eylg001:05363] [[49609,0],0] ORTE_ERROR_LOG: Not found in file ../../../../../orte/mca/errmgr/hnp/errmgr_hnp.c at line 948
[eylg001:05363] [[49609,0],0] ORTE_ERROR_LOG: Not found in file ../../../../../orte/mca/errmgr/hnp/errmgr_hnp.c at line 948
[eylg001:05363] [[49609,0],0] ORTE_ERROR_LOG: Not found in file ../../../../../orte/mca/errmgr/hnp/errmgr_hnp.c at line 948
[eylg001:05363] [[49609,0],0] ORTE_ERROR_LOG: Not found in file ../../../../../orte/mca/errmgr/hnp/errmgr_hnp.c at line 948
[eylg001:05363] [[49609,0],0] ORTE_ERROR_LOG: Not found in file ../../../../../orte/mca/errmgr/hnp/errmgr_hnp.c at line 948
[eylg001:05363] [[49609,0],0] ORTE_ERROR_LOG: Not found in file ../../../../../orte/mca/errmgr/hnp/errmgr_hnp.c at line 948
[eylg001:05363] [[49609,0],0] ORTE_ERROR_LOG: Not found in file ../../../../../orte/mca/errmgr/hnp/errmgr_hnp.c at line 948
[eylg001:05363] [[49609,0],0] ORTE_ERROR_LOG: Not found in file ../../../../../orte/mca/errmgr/hnp/errmgr_hnp.c at line 948
[eylg001:05363] [[49609,0],0] ORTE_ERROR_LOG: Not found in file ../../../../../orte/mca/errmgr/hnp/errmgr_hnp.c at line 948
[eylg001:05363] [[49609,0],0] ORTE_ERROR_LOG: Not found in file ../../../../../orte/mca/errmgr/hnp/errmgr_hnp.c at line 948
[eylg001:05363] [[49609,0],0] ORTE_ERROR_LOG: Not found in file ../../../../../orte/mca/errmgr/hnp/errmgr_hnp.c at line 948
[eylg001:05363] [[49609,0],0] ORTE_ERROR_LOG: Not found in file ../../../../../orte/mca/errmgr/hnp/errmgr_hnp.c at line 948
[eylg001:05363] [[49609,0],0] ORTE_ERROR_LOG: Not found in file ../../../../../orte/mca/errmgr/hnp/errmgr_hnp.c at line 948
[eylg001:05363] [[49609,0],0] ORTE_ERROR_LOG: Not found in file ../../../../../orte/mca/errmgr/hnp/errmgr_hnp.c at line 948
[eylg001:05363] [[49609,0],0] ORTE_ERROR_LOG: Not found in file ../../../../../orte/mca/errmgr/hnp/errmgr_hnp.c at line 948
[eylg001:05363] [[49609,0],0] ORTE_ERROR_LOG: Not found in file ../../../../../orte/mca/errmgr/hnp/errmgr_hnp.c at line 948
[eylg001:05363] [[49609,0],0] ORTE_ERROR_LOG: Not found in file ../../../../../orte/mca/errmgr/hnp/errmgr_hnp.c at line 948
[eylg001:05363] [[49609,0],0] ORTE_ERROR_LOG: Not found in file ../../../../../orte/mca/errmgr/hnp/errmgr_hnp.c at line 948
[eylg001:05363] [[49609,0],0] ORTE_ERROR_LOG: Not found in file ../../../../../orte/mca/errmgr/hnp/errmgr_hnp.c at line 948
[eylg001:05363] [[49609,0],0] ORTE_ERROR_LOG: Not found in file ../../../../../orte/mca/errmgr/hnp/errmgr_hnp.c at line 948
[eylg001:05363] [[49609,0],0] ORTE_ERROR_LOG: Not found in file ../../../../../orte/mca/errmgr/hnp/errmgr_hnp.c at line 948
[eylg001:05363] [[49609,0],0] ORTE_ERROR_LOG: Not found in file ../../../../../orte/mca/errmgr/hnp/errmgr_hnp.c at line 948
[eylg001:05363] [[49609,0],0] ORTE_ERROR_LOG: Not found in file ../../../../../orte/mca/errmgr/hnp/errmgr_hnp.c at line 948
[eylg001:05363] [[49609,0],0] ORTE_ERROR_LOG: Not found in file ../../../../../orte/mca/errmgr/hnp/errmgr_hnp.c at line 948
[eylg001:05363] [[49609,0],0] ORTE_ERROR_LOG: Not found in file ../../../../../orte/mca/errmgr/hnp/errmgr_hnp.c at line 948
[eylg001:05363] [[49609,0],0] ORTE_ERROR_LOG: Not found in file ../../../../../orte/mca/errmgr/hnp/errmgr_hnp.c at line 948
[eylg001:05363] [[49609,0],0] ORTE_ERROR_LOG: Not found in file ../../../../../orte/mca/errmgr/hnp/errmgr_hnp.c at line 948
[eylg001:05363] [[49609,0],0] ORTE_ERROR_LOG: Not found in file ../../../../../orte/mca/errmgr/hnp/errmgr_hnp.c at line 948
[eylg001:05363] [[49609,0],0] ORTE_ERROR_LOG: Not found in file ../../../../../orte/mca/errmgr/hnp/errmgr_hnp.c at line 948
[eylg001:05363] [[49609,0],0] ORTE_ERROR_LOG: Not found in file ../../../../../orte/mca/errmgr/hnp/errmgr_hnp.c at line 948
[eylg001:05363] [[49609,0],0] ORTE_ERROR_LOG: Not found in file ../../../../../orte/mca/errmgr/hnp/errmgr_hnp.c at line 948
[eylg001:05363] [[49609,0],0] ORTE_ERROR_LOG: Not found in file ../../../../../orte/mca/errmgr/hnp/errmgr_hnp.c at line 948
[eylg001:05363] [[49609,0],0] ORTE_ERROR_LOG: Not found in file ../../../../../orte/mca/errmgr/hnp/errmgr_hnp.c at line 948
[eylg001:05363] [[49609,0],0] ORTE_ERROR_LOG: Not found in file ../../../../../orte/mca/errmgr/hnp/errmgr_hnp.c at line 948
[eylg001:05363] [[49609,0],0] ORTE_ERROR_LOG: Not found in file ../../../../../orte/mca/errmgr/hnp/errmgr_hnp.c at line 948
[eylg001:05363] [[49609,0],0] ORTE_ERROR_LOG: Not found in file ../../../../../orte/mca/errmgr/hnp/errmgr_hnp.c at line 948
[eylg001:05363] [[49609,0],0] ORTE_ERROR_LOG: Not found in file ../../../../../orte/mca/errmgr/hnp/errmgr_hnp.c at line 948
[eylg001:05363] [[49609,0],0] ORTE_ERROR_LOG: Not found in file ../../../../../orte/mca/errmgr/hnp/errmgr_hnp.c at line 948
[eylg001:05363] [[49609,0],0] ORTE_ERROR_LOG: Not found in file ../../../../../orte/mca/errmgr/hnp/errmgr_hnp.c at line 948
[eylg001:05363] [[49609,0],0] ORTE_ERROR_LOG: Not found in file ../../../../../orte/mca/errmgr/hnp/errmgr_hnp.c at line 948
[eylg001:05363] [[49609,0],0] ORTE_ERROR_LOG: Not found in file ../../../../../orte/mca/errmgr/hnp/errmgr_hnp.c at line 948
[eylg001:05363] [[49609,0],0] ORTE_ERROR_LOG: Not found in file ../../../../../orte/mca/errmgr/hnp/errmgr_hnp.c at line 948
[eylg001:05363] [[49609,0],0] ORTE_ERROR_LOG: Not found in file ../../../../../orte/mca/errmgr/hnp/errmgr_hnp.c at line 948
[eylg001:05363] [[49609,0],0] ORTE_ERROR_LOG: Not found in file ../../../../../orte/mca/errmgr/hnp/errmgr_hnp.c at line 948
[eylg001:05363] [[49609,0],0] ORTE_ERROR_LOG: Not found in file ../../../../../orte/mca/errmgr/hnp/errmgr_hnp.c at line 948
[eylg001:05363] [[49609,0],0] ORTE_ERROR_LOG: Not found in file ../../../../../orte/mca/errmgr/hnp/errmgr_hnp.c at line 948
[eylg001:05363] [[49609,0],0] ORTE_ERROR_LOG: Not found in file ../../../../../orte/mca/errmgr/hnp/errmgr_hnp.c at line 948
[eylg001:05363] [[49609,0],0] ORTE_ERROR_LOG: Not found in file ../../../../../orte/mca/errmgr/hnp/errmgr_hnp.c at line 948
[eylg001:05363] [[49609,0],0] ORTE_ERROR_LOG: Not found in file ../../../../../orte/mca/errmgr/hnp/errmgr_hnp.c at line 948
[eylg001:05363] [[49609,0],0] ORTE_ERROR_LOG: Not found in file ../../../../../orte/mca/errmgr/hnp/errmgr_hnp.c at line 948
[eylg001:05363] [[49609,0],0] ORTE_ERROR_LOG: Not found in file ../../../../../orte/mca/errmgr/hnp/errmgr_hnp.c at line 948
[eylg001:05363] [[49609,0],0] ORTE_ERROR_LOG: Not found in file ../../../../../orte/mca/errmgr/hnp/errmgr_hnp.c at line 948
[eylg001:05363] [[49609,0],0] ORTE_ERROR_LOG: Not found in file ../../../../../orte/mca/errmgr/hnp/errmgr_hnp.c at line 948
[eylg001:05363] [[49609,0],0] ORTE_ERROR_LOG: Not found in file ../../../../../orte/mca/errmgr/hnp/errmgr_hnp.c at line 948
[eylg001:05363] [[49609,0],0] ORTE_ERROR_LOG: Not found in file ../../../../../orte/mca/errmgr/hnp/errmgr_hnp.c at line 948
[eylg001:05363] [[49609,0],0] ORTE_ERROR_LOG: Not found in file ../../../../../orte/mca/errmgr/hnp/errmgr_hnp.c at line 948
[eylg001:05363] [[49609,0],0] ORTE_ERROR_LOG: Not found in file ../../../../../orte/mca/errmgr/hnp/errmgr_hnp.c at line 948
[eylg001:05363] [[49609,0],0] ORTE_ERROR_LOG: Not found in file ../../../../../orte/mca/errmgr/hnp/errmgr_hnp.c at line 948
[eylg001:05363] [[49609,0],0] ORTE_ERROR_LOG: Not found in file ../../../../../orte/mca/errmgr/hnp/errmgr_hnp.c at line 948
[eylg001:05363] [[49609,0],0] ORTE_ERROR_LOG: Not found in file ../../../../../orte/mca/errmgr/hnp/errmgr_hnp.c at line 948
[eylg001:05363] [[49609,0],0] ORTE_ERROR_LOG: Not found in file ../../../../../orte/mca/errmgr/hnp/errmgr_hnp.c at line 948
[eylg001:05363] [[49609,0],0] ORTE_ERROR_LOG: Not found in file ../../../../../orte/mca/errmgr/hnp/errmgr_hnp.c at line 948
[eylg001:05363] [[49609,0],0] ORTE_ERROR_LOG: Not found in file ../../../../../orte/mca/errmgr/hnp/errmgr_hnp.c at line 948
[eylg001:05363] [[49609,0],0] ORTE_ERROR_LOG: Not found in file ../../../../../orte/mca/errmgr/hnp/errmgr_hnp.c at line 948
[eylg001:05363] [[49609,0],0] ORTE_ERROR_LOG: Not found in file ../../../../../orte/mca/errmgr/hnp/errmgr_hnp.c at line 948
[eylg001:05363] [[49609,0],0] ORTE_ERROR_LOG: Not found in file ../../../../../orte/mca/errmgr/hnp/errmgr_hnp.c at line 948
[eylg001:05363] [[49609,0],0] ORTE_ERROR_LOG: Not found in file ../../../../../orte/mca/errmgr/hnp/errmgr_hnp.c at line 948
[eylg001:05363] [[49609,0],0] ORTE_ERROR_LOG: Not found in file ../../../../../orte/mca/errmgr/hnp/errmgr_hnp.c at line 948
[eylg001:05363] [[49609,0],0] ORTE_ERROR_LOG: Not found in file ../../../../../orte/mca/errmgr/hnp/errmgr_hnp.c at line 948
[eylg001:05363] [[49609,0],0] ORTE_ERROR_LOG: Not found in file ../../../../../orte/mca/errmgr/hnp/errmgr_hnp.c at line 948
[eylg001:05363] [[49609,0],0] ORTE_ERROR_LOG: Not found in file ../../../../../orte/mca/errmgr/hnp/errmgr_hnp.c at line 948
[eylg001:05363] [[49609,0],0] ORTE_ERROR_LOG: Not found in file ../../../../../orte/mca/errmgr/hnp/errmgr_hnp.c at line 948
[eylg001:05363] [[49609,0],0] ORTE_ERROR_LOG: Not found in file ../../../../../orte/mca/errmgr/hnp/errmgr_hnp.c at line 948
[eylg001:05363] [[49609,0],0] ORTE_ERROR_LOG: Not found in file ../../../../../orte/mca/errmgr/hnp/errmgr_hnp.c at line 948
[eylg001:05363] [[49609,0],0] ORTE_ERROR_LOG: Not found in file ../../../../../orte/mca/errmgr/hnp/errmgr_hnp.c at line 948
[eylg001:05363] [[49609,0],0] ORTE_ERROR_LOG: Not found in file ../../../../../orte/mca/errmgr/hnp/errmgr_hnp.c at line 948
[eylg001:05363] [[49609,0],0] ORTE_ERROR_LOG: Not found in file ../../../../../orte/mca/errmgr/hnp/errmgr_hnp.c at line 948
[eylg001:05363] [[49609,0],0] ORTE_ERROR_LOG: Not found in file ../../../../../orte/mca/errmgr/hnp/errmgr_hnp.c at line 948
[eylg001:05363] [[49609,0],0] ORTE_ERROR_LOG: Not found in file ../../../../../orte/mca/errmgr/hnp/errmgr_hnp.c at line 948
[eylg001:05363] [[49609,0],0] ORTE_ERROR_LOG: Not found in file ../../../../../orte/mca/errmgr/hnp/errmgr_hnp.c at line 948
[eylg001:05363] [[49609,0],0] ORTE_ERROR_LOG: Not found in file ../../../../../orte/mca/errmgr/hnp/errmgr_hnp.c at line 948
[eylg001:05363] [[49609,0],0] ORTE_ERROR_LOG: Not found in file ../../../../../orte/mca/errmgr/hnp/errmgr_hnp.c at line 948
[eylg001:05363] [[49609,0],0] ORTE_ERROR_LOG: Not found in file ../../../../../orte/mca/errmgr/hnp/errmgr_hnp.c at line 948
[eylg001:05363] [[49609,0],0] ORTE_ERROR_LOG: Not found in file ../../../../../orte/mca/errmgr/hnp/errmgr_hnp.c at line 948
[eylg001:05363] [[49609,0],0] ORTE_ERROR_LOG: Not found in file ../../../../../orte/mca/errmgr/hnp/errmgr_hnp.c at line 948
[eylg001:05363] [[49609,0],0] ORTE_ERROR_LOG: Not found in file ../../../../../orte/mca/errmgr/hnp/errmgr_hnp.c at line 948
[eylg001:05363] [[49609,0],0] ORTE_ERROR_LOG: Not found in file ../../../../../orte/mca/errmgr/hnp/errmgr_hnp.c at line 948
[eylg001:05363] [[49609,0],0] ORTE_ERROR_LOG: Not found in file ../../../../../orte/mca/errmgr/hnp/errmgr_hnp.c at line 948
[eylg001:05363] [[49609,0],0] ORTE_ERROR_LOG: Not found in file ../../../../../orte/mca/errmgr/hnp/errmgr_hnp.c at line 948
[eylg001:05363] [[49609,0],0] ORTE_ERROR_LOG: Not found in file ../../../../../orte/mca/errmgr/hnp/errmgr_hnp.c at line 948
[eylg001:05363] [[49609,0],0] ORTE_ERROR_LOG: Not found in file ../../../../../orte/mca/errmgr/hnp/errmgr_hnp.c at line 948
[eylg001:05363] [[49609,0],0] ORTE_ERROR_LOG: Not found in file ../../../../../orte/mca/errmgr/hnp/errmgr_hnp.c at line 948
[eylg001:05363] [[49609,0],0] ORTE_ERROR_LOG: Not found in file ../../../../../orte/mca/errmgr/hnp/errmgr_hnp.c at line 948
[eylg001:05363] [[49609,0],0] ORTE_ERROR_LOG: Not found in file ../../../../../orte/mca/errmgr/hnp/errmgr_hnp.c at line 948
[eylg001:05363] [[49609,0],0] ORTE_ERROR_LOG: Not found in file ../../../../../orte/mca/errmgr/hnp/errmgr_hnp.c at line 948
[eylg001:05363] [[49609,0],0] ORTE_ERROR_LOG: Not found in file ../../../../../orte/mca/errmgr/hnp/errmgr_hnp.c at line 948
[eylg001:05363] [[49609,0],0] ORTE_ERROR_LOG: Not found in file ../../../../../orte/mca/errmgr/hnp/errmgr_hnp.c at line 948
[eylg001:05363] [[49609,0],0] ORTE_ERROR_LOG: Not found in file ../../../../../orte/mca/errmgr/hnp/errmgr_hnp.c at line 948
[eylg001:05363] [[49609,0],0] ORTE_ERROR_LOG: Not found in file ../../../../../orte/mca/errmgr/hnp/errmgr_hnp.c at line 948
[eylg001:05363] [[49609,0],0] ORTE_ERROR_LOG: Not found in file ../../../../../orte/mca/errmgr/hnp/errmgr_hnp.c at line 948
[eylg001:05363] [[49609,0],0] ORTE_ERROR_LOG: Not found in file ../../../../../orte/mca/errmgr/hnp/errmgr_hnp.c at line 948
[eylg001:05363] [[49609,0],0] ORTE_ERROR_LOG: Not found in file ../../../../../orte/mca/errmgr/hnp/errmgr_hnp.c at line 948
[eylg001:05363] [[49609,0],0] ORTE_ERROR_LOG: Not found in file ../../../../../orte/mca/errmgr/hnp/errmgr_hnp.c at line 948
[eylg001:05363] [[49609,0],0] ORTE_ERROR_LOG: Not found in file ../../../../../orte/mca/errmgr/hnp/errmgr_hnp.c at line 948
[eylg001:05363] [[49609,0],0] ORTE_ERROR_LOG: Not found in file ../../../../../orte/mca/errmgr/hnp/errmgr_hnp.c at line 948
[eylg001:05363] [[49609,0],0] ORTE_ERROR_LOG: Not found in file ../../../../../orte/mca/errmgr/hnp/errmgr_hnp.c at line 948
[eylg001:05363] [[49609,0],0] ORTE_ERROR_LOG: Not found in file ../../../../../orte/mca/errmgr/hnp/errmgr_hnp.c at line 948
[eylg001:05363] [[49609,0],0] ORTE_ERROR_LOG: Not found in file ../../../../../orte/mca/errmgr/hnp/errmgr_hnp.c at line 948
[eylg001:05363] [[49609,0],0] ORTE_ERROR_LOG: Not found in file ../../../../../orte/mca/errmgr/hnp/errmgr_hnp.c at line 948
[eylg001:05363] [[49609,0],0] ORTE_ERROR_LOG: Not found in file ../../../../../orte/mca/errmgr/hnp/errmgr_hnp.c at line 948
[eylg001:05363] [[49609,0],0] ORTE_ERROR_LOG: Not found in file ../../../../../orte/mca/errmgr/hnp/errmgr_hnp.c at line 948
[eylg001:05363] [[49609,0],0] ORTE_ERROR_LOG: Not found in file ../../../../../orte/mca/errmgr/hnp/errmgr_hnp.c at line 948
[eylg001:05363] [[49609,0],0] ORTE_ERROR_LOG: Not found in file ../../../../../orte/mca/errmgr/hnp/errmgr_hnp.c at line 948
[eylg001:05363] [[49609,0],0] ORTE_ERROR_LOG: Not found in file ../../../../../orte/mca/errmgr/hnp/errmgr_hnp.c at line 948
[eylg001:05363] [[49609,0],0] ORTE_ERROR_LOG: Not found in file ../../../../../orte/mca/errmgr/hnp/errmgr_hnp.c at line 948
[eylg001:05363] [[49609,0],0] ORTE_ERROR_LOG: Not found in file ../../../../../orte/mca/errmgr/hnp/errmgr_hnp.c at line 948
[eylg001:05363] [[49609,0],0] ORTE_ERROR_LOG: Not found in file ../../../../../orte/mca/errmgr/hnp/errmgr_hnp.c at line 948
[eylg001:05363] [[49609,0],0] ORTE_ERROR_LOG: Not found in file ../../../../../orte/mca/errmgr/hnp/errmgr_hnp.c at line 948
[eylg001:05363] [[49609,0],0] ORTE_ERROR_LOG: Not found in file ../../../../../orte/mca/errmgr/hnp/errmgr_hnp.c at line 948
[eylg001:05363] [[49609,0],0] ORTE_ERROR_LOG: Not found in file ../../../../../orte/mca/errmgr/hnp/errmgr_hnp.c at line 948
[eylg001:05363] [[49609,0],0] ORTE_ERROR_LOG: Not found in file ../../../../../orte/mca/errmgr/hnp/errmgr_hnp.c at line 948
[eylg001:05363] [[49609,0],0] ORTE_ERROR_LOG: Not found in file ../../../../../orte/mca/errmgr/hnp/errmgr_hnp.c at line 948
[eylg001:05363] [[49609,0],0] ORTE_ERROR_LOG: Not found in file ../../../../../orte/mca/errmgr/hnp/errmgr_hnp.c at line 948
[eylg001:05363] [[49609,0],0] ORTE_ERROR_LOG: Not found in file ../../../../../orte/mca/errmgr/hnp/errmgr_hnp.c at line 948
[eylg001:05363] [[49609,0],0] ORTE_ERROR_LOG: Not found in file ../../../../../orte/mca/errmgr/hnp/errmgr_hnp.c at line 948
[eylg001:05363] [[49609,0],0] ORTE_ERROR_LOG: Not found in file ../../../../../orte/mca/errmgr/hnp/errmgr_hnp.c at line 948
[eylg001:05363] [[49609,0],0] ORTE_ERROR_LOG: Not found in file ../../../../../orte/mca/errmgr/hnp/errmgr_hnp.c at line 948
[eylg001:05363] [[49609,0],0] ORTE_ERROR_LOG: Not found in file ../../../../../orte/mca/errmgr/hnp/errmgr_hnp.c at line 948
[eylg001:05363] [[49609,0],0] ORTE_ERROR_LOG: Not found in file ../../../../../orte/mca/errmgr/hnp/errmgr_hnp.c at line 948
[eylg001:05363] [[49609,0],0] ORTE_ERROR_LOG: Not found in file ../../../../../orte/mca/errmgr/hnp/errmgr_hnp.c at line 948
[eylg001:05363] [[49609,0],0] ORTE_ERROR_LOG: Not found in file ../../../../../orte/mca/errmgr/hnp/errmgr_hnp.c at line 948
[eylg001:05363] [[49609,0],0] ORTE_ERROR_LOG: Not found in file ../../../../../orte/mca/errmgr/hnp/errmgr_hnp.c at line 948
[eylg001:05363] [[49609,0],0] ORTE_ERROR_LOG: Not found in file ../../../../../orte/mca/errmgr/hnp/errmgr_hnp.c at line 948
[eylg001:05363] [[49609,0],0] ORTE_ERROR_LOG: Not found in file ../../../../../orte/mca/errmgr/hnp/errmgr_hnp.c at line 948
[eylg001:05363] [[49609,0],0] ORTE_ERROR_LOG: Not found in file ../../../../../orte/mca/errmgr/hnp/errmgr_hnp.c at line 948
[eylg001:05363] [[49609,0],0] ORTE_ERROR_LOG: Not found in file ../../../../../orte/mca/errmgr/hnp/errmgr_hnp.c at line 948
[eylg001:05363] [[49609,0],0] ORTE_ERROR_LOG: Not found in file ../../../../../orte/mca/errmgr/hnp/errmgr_hnp.c at line 948
[eylg001:05363] [[49609,0],0] ORTE_ERROR_LOG: Not found in file ../../../../../orte/mca/errmgr/hnp/errmgr_hnp.c at line 948
[eylg001:05363] [[49609,0],0] ORTE_ERROR_LOG: Not found in file ../../../../../orte/mca/errmgr/hnp/errmgr_hnp.c at line 948
[eylg001:05363] [[49609,0],0] ORTE_ERROR_LOG: Not found in file ../../../../../orte/mca/errmgr/hnp/errmgr_hnp.c at line 948
[eylg001:05363] [[49609,0],0] ORTE_ERROR_LOG: Not found in file ../../../../../orte/mca/errmgr/hnp/errmgr_hnp.c at line 948
[eylg001:05363] [[49609,0],0] ORTE_ERROR_LOG: Not found in file ../../../../../orte/mca/errmgr/hnp/errmgr_hnp.c at line 948
[eylg001:05363] [[49609,0],0] ORTE_ERROR_LOG: Not found in file ../../../../../orte/mca/errmgr/hnp/errmgr_hnp.c at line 948
[eylg001:05363] [[49609,0],0] ORTE_ERROR_LOG: Not found in file ../../../../../orte/mca/errmgr/hnp/errmgr_hnp.c at line 948
[eylg001:05363] [[49609,0],0] ORTE_ERROR_LOG: Not found in file ../../../../../orte/mca/errmgr/hnp/errmgr_hnp.c at line 948
[eylg001:05363] [[49609,0],0] ORTE_ERROR_LOG: Not found in file ../../../../../orte/mca/errmgr/hnp/errmgr_hnp.c at line 948
[eylg001:05363] [[49609,0],0] ORTE_ERROR_LOG: Not found in file ../../../../../orte/mca/errmgr/hnp/errmgr_hnp.c at line 948
[eylg001:05363] [[49609,0],0] ORTE_ERROR_LOG: Not found in file ../../../../../orte/mca/errmgr/hnp/errmgr_hnp.c at line 948
[eylg001:05363] [[49609,0],0] ORTE_ERROR_LOG: Not found in file ../../../../../orte/mca/errmgr/hnp/errmgr_hnp.c at line 948
[eylg001:05363] [[49609,0],0] ORTE_ERROR_LOG: Not found in file ../../../../../orte/mca/errmgr/hnp/errmgr_hnp.c at line 948
[eylg001:05363] [[49609,0],0] ORTE_ERROR_LOG: Not found in file ../../../../../orte/mca/errmgr/hnp/errmgr_hnp.c at line 948
[eylg001:05363] [[49609,0],0] ORTE_ERROR_LOG: Not found in file ../../../../../orte/mca/errmgr/hnp/errmgr_hnp.c at line 948
[eylg001:05363] [[49609,0],0] ORTE_ERROR_LOG: Not found in file ../../../../../orte/mca/errmgr/hnp/errmgr_hnp.c at line 948
[eylg001:05363] [[49609,0],0] ORTE_ERROR_LOG: Not found in file ../../../../../orte/mca/errmgr/hnp/errmgr_hnp.c at line 948
[eylg001:05363] [[49609,0],0] ORTE_ERROR_LOG: Not found in file ../../../../../orte/mca/errmgr/hnp/errmgr_hnp.c at line 948
[eylg001:05363] [[49609,0],0] ORTE_ERROR_LOG: Not found in file ../../../../../orte/mca/errmgr/hnp/errmgr_hnp.c at line 948
[eylg001:05363] [[49609,0],0] ORTE_ERROR_LOG: Not found in file ../../../../../orte/mca/errmgr/hnp/errmgr_hnp.c at line 948
[eylg001:05363] [[49609,0],0] ORTE_ERROR_LOG: Not found in file ../../../../../orte/mca/errmgr/hnp/errmgr_hnp.c at line 948
[eylg001:05363] [[49609,0],0] ORTE_ERROR_LOG: Not found in file ../../../../../orte/mca/errmgr/hnp/errmgr_hnp.c at line 948
[eylg001:05363] [[49609,0],0] ORTE_ERROR_LOG: Not found in file ../../../../../orte/mca/errmgr/hnp/errmgr_hnp.c at line 948
[eylg001:05363] [[49609,0],0] ORTE_ERROR_LOG: Not found in file ../../../../../orte/mca/errmgr/hnp/errmgr_hnp.c at line 948
[eylg001:05363] [[49609,0],0] ORTE_ERROR_LOG: Not found in file ../../../../../orte/mca/errmgr/hnp/errmgr_hnp.c at line 948
[eylg001:05363] [[49609,0],0] ORTE_ERROR_LOG: Not found in file ../../../../../orte/mca/errmgr/hnp/errmgr_hnp.c at line 948
[eylg001:05363] [[49609,0],0] ORTE_ERROR_LOG: Not found in file ../../../../../orte/mca/errmgr/hnp/errmgr_hnp.c at line 948
[eylg001:05363] [[49609,0],0] ORTE_ERROR_LOG: Not found in file ../../../../../orte/mca/errmgr/hnp/errmgr_hnp.c at line 948
[eylg001:05363] [[49609,0],0] ORTE_ERROR_LOG: Not found in file ../../../../../orte/mca/errmgr/hnp/errmgr_hnp.c at line 948
[eylg001:05363] [[49609,0],0] ORTE_ERROR_LOG: Not found in file ../../../../../orte/mca/errmgr/hnp/errmgr_hnp.c at line 948
[eylg001:05363] [[49609,0],0] ORTE_ERROR_LOG: Not found in file ../../../../../orte/mca/errmgr/hnp/errmgr_hnp.c at line 948
[eylg001:05363] [[49609,0],0] ORTE_ERROR_LOG: Not found in file ../../../../../orte/mca/errmgr/hnp/errmgr_hnp.c at line 948
[eylg001:05363] [[49609,0],0] ORTE_ERROR_LOG: Not found in file ../../../../../orte/mca/errmgr/hnp/errmgr_hnp.c at line 948
[eylg001:05363] [[49609,0],0] ORTE_ERROR_LOG: Not found in file ../../../../../orte/mca/errmgr/hnp/errmgr_hnp.c at line 948
[eylg001:05363] [[49609,0],0] ORTE_ERROR_LOG: Not found in file ../../../../../orte/mca/errmgr/hnp/errmgr_hnp.c at line 948
[eylg001:05363] [[49609,0],0] ORTE_ERROR_LOG: Not found in file ../../../../../orte/mca/errmgr/hnp/errmgr_hnp.c at line 948
[eylg001:05363] [[49609,0],0] ORTE_ERROR_LOG: Not found in file ../../../../../orte/mca/errmgr/hnp/errmgr_hnp.c at line 948
[eylg001:05363] [[49609,0],0] ORTE_ERROR_LOG: Not found in file ../../../../../orte/mca/errmgr/hnp/errmgr_hnp.c at line 948
[eylg001:05363] [[49609,0],0] ORTE_ERROR_LOG: Not found in file ../../../../../orte/mca/errmgr/hnp/errmgr_hnp.c at line 948
[eylg001:05363] [[49609,0],0] ORTE_ERROR_LOG: Not found in file ../../../../../orte/mca/errmgr/hnp/errmgr_hnp.c at line 948
[eylg001:05363] [[49609,0],0] ORTE_ERROR_LOG: Not found in file ../../../../../orte/mca/errmgr/hnp/errmgr_hnp.c at line 948
	 spawning process complete;
**** THE MASTER END ****


***** SLAVE (SPAWNED) ****
 Rank 7 runs on host: eya0008 (argc=1)
 Rank 135 runs on host: eya0004 (argc=1)
 Rank 139 runs on host: eya0008 (argc=1)
 Rank 39 runs on host: eya0004 (argc=1)
 Rank 21 runs on host: eya0010 (argc=1)
 Rank 75 runs on host: eya0004 (argc=1)
 Rank 55 runs on host: eya0008 (argc=1)
 Rank 19 runs on host: eya0008 (argc=1)
 Rank 11 runs on host: eya0012 (argc=1)
 Rank 17 runs on host: eya0006 (argc=1)
 Rank 187 runs on host: eya0008 (argc=1)
 Rank 103 runs on host: eya0008 (argc=1)
 Rank 59 runs on host: eya0012 (argc=1)
 Rank 87 runs on host: eya0004 (argc=1)
 Rank 13 runs on host: eya0002 (argc=1)
 Rank 115 runs on host: eya0008 (argc=1)
 Rank 71 runs on host: eya0012 (argc=1)
 Rank 51 runs on host: eya0004 (argc=1)
 Rank 215 runs on host: eya0012 (argc=1)
 Rank 141 runs on host: eya0010 (argc=1)
 Rank 223 runs on host: eya0008 (argc=1)
 Rank 35 runs on host: eya0012 (argc=1)
 Rank 153 runs on host: eya0010 (argc=1)
 Rank 77 runs on host: eya0006 (argc=1)
 Rank 183 runs on host: eya0004 (argc=1)
 Rank 53 runs on host: eya0006 (argc=1)
 Rank 43 runs on host: eya0008 (argc=1)
 Rank 83 runs on host: eya0012 (argc=1)
 Rank 9 runs on host: eya0010 (argc=1)
 Rank 137 runs on host: eya0006 (argc=1)
 Rank 203 runs on host: eya0012 (argc=1)
 Rank 91 runs on host: eya0008 (argc=1)
 Rank 131 runs on host: eya0012 (argc=1)
 Rank 81 runs on host: eya0010 (argc=1)
 Rank 3 runs on host: eya0004 (argc=1)
 Rank 145 runs on host: eya0002 (argc=1)
 Rank 175 runs on host: eya0008 (argc=1)
 Rank 155 runs on host: eya0012 (argc=1)
 Rank 177 runs on host: eya0010 (argc=1)
 Rank 27 runs on host: eya0004 (argc=1)
 Rank 25 runs on host: eya0002 (argc=1)
 Rank 57 runs on host: eya0010 (argc=1)
 Rank 149 runs on host: eya0006 (argc=1)
 Rank 171 runs on host: eya0004 (argc=1)
 Rank 181 runs on host: eya0002 (argc=1)
 Rank 79 runs on host: eya0008 (argc=1)
 Rank 179 runs on host: eya0012 (argc=1)
 Rank 117 runs on host: eya0010 (argc=1)
 Rank 29 runs on host: eya0006 (argc=1)
 Rank 147 runs on host: eya0004 (argc=1)
 Rank 199 runs on host: eya0008 (argc=1)
 Rank 191 runs on host: eya0012 (argc=1)
 Rank 217 runs on host: eya0002 (argc=1)
 Rank 47 runs on host: eya0012 (argc=1)
 Rank 213 runs on host: eya0010 (argc=1)
 Rank 221 runs on host: eya0006 (argc=1)
 Rank 15 runs on host: eya0004 (argc=1)
 Rank 143 runs on host: eya0012 (argc=1)
 Rank 65 runs on host: eya0006 (argc=1)
 Rank 123 runs on host: eya0004 (argc=1)
 Rank 49 runs on host: eya0002 (argc=1)
 Rank 37 runs on host: eya0002 (argc=1)
 Rank 227 runs on host: eya0012 (argc=1)
 Rank 89 runs on host: eya0006 (argc=1)
 Rank 207 runs on host: eya0004 (argc=1)
 Rank 157 runs on host: eya0002 (argc=1)
 Rank 107 runs on host: eya0012 (argc=1)
 Rank 5 runs on host: eya0006 (argc=1)
 Rank 99 runs on host: eya0004 (argc=1)
 Rank 185 runs on host: eya0006 (argc=1)
 Rank 73 runs on host: eya0002 (argc=1)
 Rank 165 runs on host: eya0010 (argc=1)
 Rank 121 runs on host: eya0002 (argc=1)
 Rank 201 runs on host: eya0010 (argc=1)
 Rank 93 runs on host: eya0010 (argc=1)
 Rank 41 runs on host: eya0006 (argc=1)
 Rank 167 runs on host: eya0012 (argc=1)
 Rank 101 runs on host: eya0006 (argc=1)
 Rank 161 runs on host: eya0006 (argc=1)
 Rank 6 runs on host: eya0007 (argc=1)
 Rank 197 runs on host: eya0006 (argc=1)
 Rank 31 runs on host: eya0008 (argc=1)
 Rank 154 runs on host: eya0011 (argc=1)
 Rank 67 runs on host: eya0008 (argc=1)
 Rank 127 runs on host: eya0008 (argc=1)
 Rank 58 runs on host: eya0011 (argc=1)
 Rank 61 runs on host: eya0002 (argc=1)
 Rank 95 runs on host: eya0012 (argc=1)
 Rank 97 runs on host: eya0002 (argc=1)
 Rank 133 runs on host: eya0002 (argc=1)
 Rank 193 runs on host: eya0002 (argc=1)
 Rank 54 runs on host: eya0007 (argc=1)
 Rank 26 runs on host: eya0003 (argc=1)
 Rank 189 runs on host: eya0010 (argc=1)
 Rank 38 runs on host: eya0003 (argc=1)
 Rank 85 runs on host: eya0002 (argc=1)
 Rank 138 runs on host: eya0007 (argc=1)
 Rank 113 runs on host: eya0006 (argc=1)
 Rank 174 runs on host: eya0007 (argc=1)
 Rank 23 runs on host: eya0012 (argc=1)
 Rank 10 runs on host: eya0011 (argc=1)
 Rank 46 runs on host: eya0011 (argc=1)
 Rank 222 runs on host: eya0007 (argc=1)
 Rank 70 runs on host: eya0011 (argc=1)
 Rank 33 runs on host: eya0010 (argc=1)
 Rank 90 runs on host: eya0007 (argc=1)
 Rank 82 runs on host: eya0011 (argc=1)
 Rank 142 runs on host: eya0011 (argc=1)
 Rank 1 runs on host: eya0002 (argc=1)
 Rank 45 runs on host: eya0010 (argc=1)
 Rank 209 runs on host: eya0006 (argc=1)
 Rank 195 runs on host: eya0004 (argc=1)
 Rank 134 runs on host: eya0003 (argc=1)
 Rank 205 runs on host: eya0002 (argc=1)
 Rank 169 runs on host: eya0002 (argc=1)
 Rank 182 runs on host: eya0003 (argc=1)
 Rank 129 runs on host: eya0010 (argc=1)
 Rank 225 runs on host: eya0010 (argc=1)
 Rank 151 runs on host: eya0008 (argc=1)
 Rank 219 runs on host: eya0004 (argc=1)
 Rank 69 runs on host: eya0010 (argc=1)
 Rank 118 runs on host: eya0011 (argc=1)
 Rank 218 runs on host: eya0003 (argc=1)
 Rank 210 runs on host: eya0007 (argc=1)
 Rank 163 runs on host: eya0008 (argc=1)
 Rank 74 runs on host: eya0003 (argc=1)
 Rank 50 runs on host: eya0003 (argc=1)
 Rank 42 runs on host: eya0007 (argc=1)
 Rank 18 runs on host: eya0007 (argc=1)
 Rank 202 runs on host: eya0011 (argc=1)
 Rank 63 runs on host: eya0004 (argc=1)
 Rank 159 runs on host: eya0004 (argc=1)
 Rank 170 runs on host: eya0003 (argc=1)
 Rank 102 runs on host: eya0007 (argc=1)
 Rank 146 runs on host: eya0003 (argc=1)
 Rank 105 runs on host: eya0010 (argc=1)
 Rank 110 runs on host: eya0003 (argc=1)
 Rank 111 runs on host: eya0004 (argc=1)
 Rank 125 runs on host: eya0006 (argc=1)
 Rank 178 runs on host: eya0011 (argc=1)
 Rank 114 runs on host: eya0007 (argc=1)
 Rank 14 runs on host: eya0003 (argc=1)
 Rank 78 runs on host: eya0007 (argc=1)
 Rank 173 runs on host: eya0006 (argc=1)
 Rank 22 runs on host: eya0011 (argc=1)
 Rank 2 runs on host: eya0003 (argc=1)
 Rank 130 runs on host: eya0011 (argc=1)
 Rank 62 runs on host: eya0003 (argc=1)
 Rank 119 runs on host: eya0012 (argc=1)
 Rank 150 runs on host: eya0007 (argc=1)
 Rank 109 runs on host: eya0002 (argc=1)
 Rank 158 runs on host: eya0003 (argc=1)
 Rank 122 runs on host: eya0003 (argc=1)
 Rank 211 runs on host: eya0008 (argc=1)
 Rank 214 runs on host: eya0011 (argc=1)
 Rank 190 runs on host: eya0011 (argc=1)
 Rank 166 runs on host: eya0011 (argc=1)
 Rank 30 runs on host: eya0007 (argc=1)
 Rank 66 runs on host: eya0007 (argc=1)
 Rank 186 runs on host: eya0007 (argc=1)
 Rank 86 runs on host: eya0003 (argc=1)
 Rank 194 runs on host: eya0003 (argc=1)
 Rank 94 runs on host: eya0011 (argc=1)
 Rank 126 runs on host: eya0007 (argc=1)
 Rank 226 runs on host: eya0011 (argc=1)
 Rank 34 runs on host: eya0011 (argc=1)
 Rank 162 runs on host: eya0007 (argc=1)
 Rank 198 runs on host: eya0007 (argc=1)
 Rank 98 runs on host: eya0003 (argc=1)
 Rank 106 runs on host: eya0011 (argc=1)
 Rank 206 runs on host: eya0003 (argc=1)
 Rank 196 runs on host: eya0005 (argc=1)
 Rank 164 runs on host: eya0009 (argc=1)
 Rank 100 runs on host: eya0005 (argc=1)
 Rank 32 runs on host: eya0009 (argc=1)
 Rank 132 runs on host: eya0001 (argc=1)
 Rank 0 runs on host: eya0001 (argc=1)
 Rank 16 runs on host: eya0005 (argc=1)
 Rank 48 runs on host: eya0001 (argc=1)
 Rank 64 runs on host: eya0005 (argc=1)
 Rank 204 runs on host: eya0001 (argc=1)
 Rank 140 runs on host: eya0009 (argc=1)
 Rank 40 runs on host: eya0005 (argc=1)
 Rank 8 runs on host: eya0009 (argc=1)
 Rank 108 runs on host: eya0001 (argc=1)
 Rank 220 runs on host: eya0005 (argc=1)
 Rank 188 runs on host: eya0009 (argc=1)
 Rank 148 runs on host: eya0005 (argc=1)
 Rank 212 runs on host: eya0009 (argc=1)
 Rank 172 runs on host: eya0005 (argc=1)
 Rank 124 runs on host: eya0005 (argc=1)
 Rank 156 runs on host: eya0001 (argc=1)
 Rank 56 runs on host: eya0009 (argc=1)
 Rank 24 runs on host: eya0001 (argc=1)
 Rank 180 runs on host: eya0001 (argc=1)
 Rank 116 runs on host: eya0009 (argc=1)
 Rank 88 runs on host: eya0005 (argc=1)
 Rank 80 runs on host: eya0009 (argc=1)
 Rank 96 runs on host: eya0001 (argc=1)
 Rank 208 runs on host: eya0005 (argc=1)
 Rank 224 runs on host: eya0009 (argc=1)
 Rank 200 runs on host: eya0009 (argc=1)
 Rank 152 runs on host: eya0009 (argc=1)
 Rank 72 runs on host: eya0001 (argc=1)
 Rank 144 runs on host: eya0001 (argc=1)
 Rank 112 runs on host: eya0005 (argc=1)
 Rank 184 runs on host: eya0005 (argc=1)
 Rank 52 runs on host: eya0005 (argc=1)
 Rank 20 runs on host: eya0009 (argc=1)
 Rank 120 runs on host: eya0001 (argc=1)
 Rank 44 runs on host: eya0009 (argc=1)
 Rank 12 runs on host: eya0001 (argc=1)
 Rank 216 runs on host: eya0001 (argc=1)
 Rank 4 runs on host: eya0005 (argc=1)
 Rank 168 runs on host: eya0001 (argc=1)
 Rank 104 runs on host: eya0009 (argc=1)
 Rank 136 runs on host: eya0005 (argc=1)
 Rank 68 runs on host: eya0009 (argc=1)
 Rank 36 runs on host: eya0001 (argc=1)
 Rank 160 runs on host: eya0005 (argc=1)
 Rank 128 runs on host: eya0009 (argc=1)
 Rank 28 runs on host: eya0005 (argc=1)
 Rank 60 runs on host: eya0001 (argc=1)
 Rank 92 runs on host: eya0009 (argc=1)
 Rank 192 runs on host: eya0001 (argc=1)
 Rank 84 runs on host: eya0001 (argc=1)
 Rank 176 runs on host: eya0009 (argc=1)
 Rank 76 runs on host: eya0005 (argc=1)
**** THE SLAVE END ****

