
***** MASTER (SPAWNING) ****
 Rank 117 runs on host: eya0003
 Rank 85 runs on host: eya0011
 Rank 53 runs on host: eya0007
 Rank 37 runs on host: eya0005
 Rank 101 runs on host: eya0001
 Rank 21 runs on host: eya0003
 Rank 45 runs on host: eya0006
 Rank 77 runs on host: eya0010
 Rank 69 runs on host: eya0009
 Rank 5 runs on host: eya0001
 Rank 109 runs on host: eya0002
 Rank 13 runs on host: eya0002
 Rank 1 runs on host: eya0001
 Rank 17 runs on host: eya0003
 Rank 65 runs on host: eya0009
 Rank 33 runs on host: eya0005
 Rank 73 runs on host: eya0010
 Rank 81 runs on host: eya0011
 Rank 97 runs on host: eya0001
 Rank 41 runs on host: eya0006
 Rank 49 runs on host: eya0007
 Rank 113 runs on host: eya0003
 Rank 9 runs on host: eya0002
 Rank 105 runs on host: eya0002
 Rank 57 runs on host: eya0008
 Rank 89 runs on host: eya0012
 Rank 25 runs on host: eya0004
 Rank 121 runs on host: eya0004
 Rank 122 runs on host: eya0004
 Rank 124 runs on host: eya0004
 Rank 58 runs on host: eya0008
 Rank 92 runs on host: eya0012
 Rank 60 runs on host: eya0008
 Rank 90 runs on host: eya0012
 Rank 106 runs on host: eya0002
 Rank 74 runs on host: eya0010
 Rank 26 runs on host: eya0004
 Rank 42 runs on host: eya0006
 Rank 62 runs on host: eya0008
 Rank 10 runs on host: eya0002
 Rank 94 runs on host: eya0012
 Rank 30 runs on host: eya0004
 Rank 116 runs on host: eya0003
 Rank 84 runs on host: eya0011
 Rank 52 runs on host: eya0007
 Rank 100 runs on host: eya0001
 Rank 68 runs on host: eya0009
 Rank 36 runs on host: eya0005
 Rank 20 runs on host: eya0003
 Rank 108 runs on host: eya0002
 Rank 44 runs on host: eya0006
 Rank 76 runs on host: eya0010
 Rank 110 runs on host: eya0002
 Rank 78 runs on host: eya0010
 Rank 46 runs on host: eya0006
 Rank 14 runs on host: eya0002
 Rank 4 runs on host: eya0001
 Rank 120 runs on host: eya0004
 Rank 56 runs on host: eya0008
 Rank 88 runs on host: eya0012
 Rank 12 runs on host: eya0002
 Rank 28 runs on host: eya0004
 Rank 24 runs on host: eya0004
 Rank 126 runs on host: eya0004
 Rank 38 runs on host: eya0005
 Rank 70 runs on host: eya0009
 Rank 6 runs on host: eya0001
 Rank 102 runs on host: eya0001
 Rank 22 runs on host: eya0003
 Rank 86 runs on host: eya0011
 Rank 54 runs on host: eya0007
 Rank 98 runs on host: eya0001
 Rank 34 runs on host: eya0005
 Rank 66 runs on host: eya0009
 Rank 2 runs on host: eya0001
 Rank 115 runs on host: eya0003
 Rank 83 runs on host: eya0011
 Rank 99 runs on host: eya0001
 Rank 35 runs on host: eya0005
 Rank 51 runs on host: eya0007
 Rank 19 runs on host: eya0003
 Rank 67 runs on host: eya0009
 Rank 107 runs on host: eya0002
 Rank 75 runs on host: eya0010
 Rank 43 runs on host: eya0006
 Rank 3 runs on host: eya0001
 Rank 127 runs on host: eya0004
 Rank 111 runs on host: eya0002
 Rank 95 runs on host: eya0012
 Rank 63 runs on host: eya0008
 Rank 55 runs on host: eya0007
 Rank 103 runs on host: eya0001
 Rank 47 runs on host: eya0006
 Rank 87 runs on host: eya0011
 Rank 79 runs on host: eya0010
 Rank 119 runs on host: eya0003
 Rank 71 runs on host: eya0009
 Rank 39 runs on host: eya0005
 Rank 23 runs on host: eya0003
 Rank 15 runs on host: eya0002
 Rank 7 runs on host: eya0001
 Rank 11 runs on host: eya0002
 Rank 31 runs on host: eya0004
 Rank 48 runs on host: eya0007
 Rank 80 runs on host: eya0011
 Rank 112 runs on host: eya0003
 Rank 96 runs on host: eya0001
 Rank 32 runs on host: eya0005
 Rank 64 runs on host: eya0009
 Rank 0 runs on host: eya0001
 Rank 16 runs on host: eya0003
 Rank 50 runs on host: eya0007
 Rank 82 runs on host: eya0011
 Rank 18 runs on host: eya0003
 Rank 114 runs on host: eya0003
 Rank 61 runs on host: eya0008
 Rank 93 runs on host: eya0012
 Rank 29 runs on host: eya0004
 Rank 125 runs on host: eya0004
 Rank 59 runs on host: eya0008
 Rank 91 runs on host: eya0012
 Rank 27 runs on host: eya0004
 Rank 72 runs on host: eya0010
 Rank 40 runs on host: eya0006
 Rank 104 runs on host: eya0002
 Rank 8 runs on host: eya0002
 Rank 123 runs on host: eya0004
 Rank 118 runs on host: eya0003
 child 0 will go on host eya0001
 child 1 will go on host eya0001
 child 2 will go on host eya0001
 child 3 will go on host eya0001
 child 4 will go on host eya0001
 child 5 will go on host eya0001
 child 6 will go on host eya0001
 child 7 will go on host eya0001
 child 8 will go on host eya0002
 child 9 will go on host eya0002
 child 10 will go on host eya0002
 child 11 will go on host eya0002
 child 12 will go on host eya0002
 child 13 will go on host eya0002
 child 14 will go on host eya0002
 child 15 will go on host eya0002
 child 16 will go on host eya0003
 child 17 will go on host eya0003
 child 18 will go on host eya0003
 child 19 will go on host eya0003
 child 20 will go on host eya0003
 child 21 will go on host eya0003
 child 22 will go on host eya0003
 child 23 will go on host eya0003
 child 24 will go on host eya0004
 child 25 will go on host eya0004
 child 26 will go on host eya0004
 child 27 will go on host eya0004
 child 28 will go on host eya0004
 child 29 will go on host eya0004
 child 30 will go on host eya0004
 child 31 will go on host eya0004
 child 32 will go on host eya0005
 child 33 will go on host eya0005
 child 34 will go on host eya0005
 child 35 will go on host eya0005
 child 36 will go on host eya0005
 child 37 will go on host eya0005
 child 38 will go on host eya0005
 child 39 will go on host eya0005
 child 40 will go on host eya0006
 child 41 will go on host eya0006
 child 42 will go on host eya0006
 child 43 will go on host eya0006
 child 44 will go on host eya0006
 child 45 will go on host eya0006
 child 46 will go on host eya0006
 child 47 will go on host eya0006
 child 48 will go on host eya0007
 child 49 will go on host eya0007
 child 50 will go on host eya0007
 child 51 will go on host eya0007
 child 52 will go on host eya0007
 child 53 will go on host eya0007
 child 54 will go on host eya0007
 child 55 will go on host eya0007
 child 56 will go on host eya0008
 child 57 will go on host eya0008
 child 58 will go on host eya0008
 child 59 will go on host eya0008
 child 60 will go on host eya0008
 child 61 will go on host eya0008
 child 62 will go on host eya0008
 child 63 will go on host eya0008
 child 64 will go on host eya0009
 child 65 will go on host eya0009
 child 66 will go on host eya0009
 child 67 will go on host eya0009
 child 68 will go on host eya0009
 child 69 will go on host eya0009
 child 70 will go on host eya0009
 child 71 will go on host eya0009
 child 72 will go on host eya0010
 child 73 will go on host eya0010
 child 74 will go on host eya0010
 child 75 will go on host eya0010
 child 76 will go on host eya0010
 child 77 will go on host eya0010
 child 78 will go on host eya0010
 child 79 will go on host eya0010
 child 80 will go on host eya0011
 child 81 will go on host eya0011
 child 82 will go on host eya0011
 child 83 will go on host eya0011
 child 84 will go on host eya0011
 child 85 will go on host eya0011
 child 86 will go on host eya0011
 child 87 will go on host eya0011
 child 88 will go on host eya0012
 child 89 will go on host eya0012
 child 90 will go on host eya0012
 child 91 will go on host eya0012
 child 92 will go on host eya0012
 child 93 will go on host eya0012
 child 94 will go on host eya0012
 child 95 will go on host eya0012
 child 96 will go on host eya0001
 child 97 will go on host eya0001
 child 98 will go on host eya0001
 child 99 will go on host eya0001
 child 100 will go on host eya0001
 child 101 will go on host eya0001
 child 102 will go on host eya0001
 child 103 will go on host eya0001
 child 104 will go on host eya0002
 child 105 will go on host eya0002
 child 106 will go on host eya0002
 child 107 will go on host eya0002
 child 108 will go on host eya0002
 child 109 will go on host eya0002
 child 110 will go on host eya0002
 child 111 will go on host eya0002
 child 112 will go on host eya0003
 child 113 will go on host eya0003
 child 114 will go on host eya0003
 child 115 will go on host eya0003
 child 116 will go on host eya0003
 child 117 will go on host eya0003
 child 118 will go on host eya0003
 child 119 will go on host eya0003
 child 120 will go on host eya0004
 child 121 will go on host eya0004
 child 122 will go on host eya0004
 child 123 will go on host eya0004
 child 124 will go on host eya0004
 child 125 will go on host eya0004
 child 126 will go on host eya0004
 child 127 will go on host eya0004
	 spawning the slave program ./slave_15 ...
	 spawning process complete;
**** THE MASTER END ****


***** SLAVE (SPAWNED) ****
 Rank 47 runs on host: eya0006 (argc=1)
 Rank 95 runs on host: eya0012 (argc=1)
 Rank 79 runs on host: eya0010 (argc=1)
 Rank 71 runs on host: eya0009 (argc=1)
 Rank 55 runs on host: eya0007 (argc=1)
 Rank 63 runs on host: eya0008 (argc=1)
 Rank 39 runs on host: eya0005 (argc=1)
 Rank 31 runs on host: eya0004 (argc=1)
 Rank 7 runs on host: eya0001 (argc=1)
 Rank 23 runs on host: eya0003 (argc=1)
 Rank 46 runs on host: eya0006 (argc=1)
 Rank 87 runs on host: eya0011 (argc=1)
 Rank 78 runs on host: eya0010 (argc=1)
 Rank 22 runs on host: eya0003 (argc=1)
 Rank 86 runs on host: eya0011 (argc=1)
 Rank 70 runs on host: eya0009 (argc=1)
 Rank 54 runs on host: eya0007 (argc=1)
 Rank 38 runs on host: eya0005 (argc=1)
 Rank 127 runs on host: eya0004 (argc=1)
 Rank 6 runs on host: eya0001 (argc=1)
 Rank 103 runs on host: eya0001 (argc=1)
 Rank 102 runs on host: eya0001 (argc=1)
 Rank 30 runs on host: eya0004 (argc=1)
 Rank 94 runs on host: eya0012 (argc=1)
 Rank 62 runs on host: eya0008 (argc=1)
 Rank 15 runs on host: eya0002 (argc=1)
 Rank 14 runs on host: eya0002 (argc=1)
 Rank 111 runs on host: eya0002 (argc=1)
 Rank 110 runs on host: eya0002 (argc=1)
 Rank 118 runs on host: eya0003 (argc=1)
 Rank 126 runs on host: eya0004 (argc=1)
 Rank 59 runs on host: eya0008 (argc=1)
 Rank 91 runs on host: eya0012 (argc=1)
 Rank 123 runs on host: eya0004 (argc=1)
 Rank 27 runs on host: eya0004 (argc=1)
 Rank 3 runs on host: eya0001 (argc=1)
 Rank 35 runs on host: eya0005 (argc=1)
 Rank 67 runs on host: eya0009 (argc=1)
 Rank 99 runs on host: eya0001 (argc=1)
 Rank 11 runs on host: eya0002 (argc=1)
 Rank 43 runs on host: eya0006 (argc=1)
 Rank 75 runs on host: eya0010 (argc=1)
 Rank 107 runs on host: eya0002 (argc=1)
 Rank 119 runs on host: eya0003 (argc=1)
 Rank 108 runs on host: eya0002 (argc=1)
 Rank 92 runs on host: eya0012 (argc=1)
 Rank 60 runs on host: eya0008 (argc=1)
 Rank 124 runs on host: eya0004 (argc=1)
 Rank 76 runs on host: eya0010 (argc=1)
 Rank 28 runs on host: eya0004 (argc=1)
 Rank 44 runs on host: eya0006 (argc=1)
 Rank 12 runs on host: eya0002 (argc=1)
 Rank 52 runs on host: eya0007 (argc=1)
 Rank 116 runs on host: eya0003 (argc=1)
 Rank 84 runs on host: eya0011 (argc=1)
 Rank 20 runs on host: eya0003 (argc=1)
 Rank 100 runs on host: eya0001 (argc=1)
 Rank 68 runs on host: eya0009 (argc=1)
 Rank 36 runs on host: eya0005 (argc=1)
 Rank 4 runs on host: eya0001 (argc=1)
 Rank 120 runs on host: eya0004 (argc=1)
 Rank 56 runs on host: eya0008 (argc=1)
 Rank 88 runs on host: eya0012 (argc=1)
 Rank 104 runs on host: eya0002 (argc=1)
 Rank 72 runs on host: eya0010 (argc=1)
 Rank 40 runs on host: eya0006 (argc=1)
 Rank 8 runs on host: eya0002 (argc=1)
 Rank 24 runs on host: eya0004 (argc=1)
 Rank 115 runs on host: eya0003 (argc=1)
 Rank 51 runs on host: eya0007 (argc=1)
 Rank 83 runs on host: eya0011 (argc=1)
 Rank 19 runs on host: eya0003 (argc=1)
 Rank 112 runs on host: eya0003 (argc=1)
 Rank 48 runs on host: eya0007 (argc=1)
 Rank 96 runs on host: eya0001 (argc=1)
 Rank 80 runs on host: eya0011 (argc=1)
 Rank 64 runs on host: eya0009 (argc=1)
 Rank 32 runs on host: eya0005 (argc=1)
 Rank 16 runs on host: eya0003 (argc=1)
 Rank 0 runs on host: eya0001 (argc=1)
 Rank 10 runs on host: eya0002 (argc=1)
 Rank 74 runs on host: eya0010 (argc=1)
 Rank 42 runs on host: eya0006 (argc=1)
 Rank 106 runs on host: eya0002 (argc=1)
 Rank 66 runs on host: eya0009 (argc=1)
 Rank 34 runs on host: eya0005 (argc=1)
 Rank 2 runs on host: eya0001 (argc=1)
 Rank 18 runs on host: eya0003 (argc=1)
 Rank 50 runs on host: eya0007 (argc=1)
 Rank 82 runs on host: eya0011 (argc=1)
 Rank 26 runs on host: eya0004 (argc=1)
 Rank 90 runs on host: eya0012 (argc=1)
 Rank 58 runs on host: eya0008 (argc=1)
 Rank 98 runs on host: eya0001 (argc=1)
 Rank 13 runs on host: eya0002 (argc=1)
 Rank 77 runs on host: eya0010 (argc=1)
 Rank 45 runs on host: eya0006 (argc=1)
 Rank 109 runs on host: eya0002 (argc=1)
 Rank 122 runs on host: eya0004 (argc=1)
 Rank 5 runs on host: eya0001 (argc=1)
 Rank 21 runs on host: eya0003 (argc=1)
 Rank 53 runs on host: eya0007 (argc=1)
 Rank 37 runs on host: eya0005 (argc=1)
 Rank 101 runs on host: eya0001 (argc=1)
 Rank 85 runs on host: eya0011 (argc=1)
 Rank 69 runs on host: eya0009 (argc=1)
 Rank 117 runs on host: eya0003 (argc=1)
 Rank 9 runs on host: eya0002 (argc=1)
 Rank 41 runs on host: eya0006 (argc=1)
 Rank 73 runs on host: eya0010 (argc=1)
 Rank 57 runs on host: eya0008 (argc=1)
 Rank 25 runs on host: eya0004 (argc=1)
 Rank 1 runs on host: eya0001 (argc=1)
 Rank 105 runs on host: eya0002 (argc=1)
 Rank 89 runs on host: eya0012 (argc=1)
 Rank 65 runs on host: eya0009 (argc=1)
 Rank 33 runs on host: eya0005 (argc=1)
 Rank 121 runs on host: eya0004 (argc=1)
 Rank 49 runs on host: eya0007 (argc=1)
 Rank 81 runs on host: eya0011 (argc=1)
 Rank 17 runs on host: eya0003 (argc=1)
 Rank 97 runs on host: eya0001 (argc=1)
 Rank 114 runs on host: eya0003 (argc=1)
 Rank 29 runs on host: eya0004 (argc=1)
 Rank 61 runs on host: eya0008 (argc=1)
 Rank 125 runs on host: eya0004 (argc=1)
 Rank 93 runs on host: eya0012 (argc=1)
 Rank 113 runs on host: eya0003 (argc=1)
**** THE SLAVE END ****

