Making install in config
make[2]: Nothing to be done for `install-exec-am'.
make[2]: Nothing to be done for `install-data-am'.
Making install in include
make[2]: Nothing to be done for `install-exec-am'.
test -z "/usr/local/absoft/include" || /Users/amjad/openmpi-1.0rc1/config/install-sh -d "/usr/local/absoft/include"
 /usr/bin/install -c -m 644 'mpi.h' '/usr/local/absoft/include/mpi.h'
test -z "/usr/local/absoft/include" || /Users/amjad/openmpi-1.0rc1/config/install-sh -d "/usr/local/absoft/include"
test -z "/usr/local/absoft/include" || /Users/amjad/openmpi-1.0rc1/config/install-sh -d "/usr/local/absoft/include"
 /usr/bin/install -c -m 644 'mpif.h' '/usr/local/absoft/include/mpif.h'
test -z "/usr/local/absoft/include" || /Users/amjad/openmpi-1.0rc1/config/install-sh -d "/usr/local/absoft/include"
Making install in etc
test -z "/usr/local/absoft/etc" || /Users/amjad/openmpi-1.0rc1/config/install-sh -d "/usr/local/absoft/etc"
******************************* WARNING ************************************
*** Not installing new openmpi-default-hostfile over existing file in:
***   /usr/local/absoft/etc/openmpi-default-hostfile
******************************* WARNING ************************************
******************************* WARNING ************************************
*** Not installing new openmpi-mca-params.conf over existing file in:
***   /usr/local/absoft/etc/openmpi-mca-params.conf
******************************* WARNING ************************************
******************************* WARNING ************************************
*** Not installing new openmpi-totalview.tcl over existing file in:
***   /usr/local/absoft/etc/openmpi-totalview.tcl
******************************* WARNING ************************************
Making install in contrib
make[2]: Nothing to be done for `install-exec-am'.
make[2]: Nothing to be done for `install-data-am'.
Making install in opal
Making install in include
Making install in sys
Making install in alpha
make[5]: Nothing to be done for `install-exec-am'.
test -z "/usr/local/absoft/include" || /Users/amjad/openmpi-1.0rc1/config/install-sh -d "/usr/local/absoft/include"
Making install in amd64
make[5]: Nothing to be done for `install-exec-am'.
test -z "/usr/local/absoft/include" || /Users/amjad/openmpi-1.0rc1/config/install-sh -d "/usr/local/absoft/include"
Making install in ia32
make[5]: Nothing to be done for `install-exec-am'.
test -z "/usr/local/absoft/include" || /Users/amjad/openmpi-1.0rc1/config/install-sh -d "/usr/local/absoft/include"
Making install in ia64
make[5]: Nothing to be done for `install-exec-am'.
test -z "/usr/local/absoft/include" || /Users/amjad/openmpi-1.0rc1/config/install-sh -d "/usr/local/absoft/include"
Making install in mips
make[5]: Nothing to be done for `install-exec-am'.
test -z "/usr/local/absoft/include" || /Users/amjad/openmpi-1.0rc1/config/install-sh -d "/usr/local/absoft/include"
Making install in powerpc
make[5]: Nothing to be done for `install-exec-am'.
test -z "/usr/local/absoft/include" || /Users/amjad/openmpi-1.0rc1/config/install-sh -d "/usr/local/absoft/include"
Making install in sparc
make[5]: Nothing to be done for `install-exec-am'.
test -z "/usr/local/absoft/include" || /Users/amjad/openmpi-1.0rc1/config/install-sh -d "/usr/local/absoft/include"
Making install in sparcv9
make[5]: Nothing to be done for `install-exec-am'.
test -z "/usr/local/absoft/include" || /Users/amjad/openmpi-1.0rc1/config/install-sh -d "/usr/local/absoft/include"
Making install in win32
make[5]: Nothing to be done for `install-exec-am'.
test -z "/usr/local/absoft/include" || /Users/amjad/openmpi-1.0rc1/config/install-sh -d "/usr/local/absoft/include"
make[5]: Nothing to be done for `install-exec-am'.
test -z "/usr/local/absoft/include" || /Users/amjad/openmpi-1.0rc1/config/install-sh -d "/usr/local/absoft/include"
make[4]: Nothing to be done for `install-exec-am'.
test -z "/usr/local/absoft/include" || /Users/amjad/openmpi-1.0rc1/config/install-sh -d "/usr/local/absoft/include"
Making install in libltdl
test -z "/usr/local/absoft/lib" || /Users/amjad/openmpi-1.0rc1/opal/libltdl/install-sh -d "/usr/local/absoft/lib"
test -z "/usr/local/absoft/include" || /Users/amjad/openmpi-1.0rc1/opal/libltdl/install-sh -d "/usr/local/absoft/include"
Making install in asm
make[3]: Nothing to be done for `install-exec-am'.
make[3]: Nothing to be done for `install-data-am'.
Making install in class
make[3]: Nothing to be done for `install-exec-am'.
test -z "/usr/local/absoft/include" || /Users/amjad/openmpi-1.0rc1/config/install-sh -d "/usr/local/absoft/include"
Making install in event
Making install in compat
Making install in sys
make[5]: Nothing to be done for `install-exec-am'.
make[5]: Nothing to be done for `install-data-am'.
make[5]: Nothing to be done for `install-exec-am'.
make[5]: Nothing to be done for `install-data-am'.
make[4]: Nothing to be done for `install-exec-am'.
test -z "/usr/local/absoft/include" || /Users/amjad/openmpi-1.0rc1/config/install-sh -d "/usr/local/absoft/include"
Making install in mca
Making install in base
make[4]: Nothing to be done for `install-exec-am'.
test -z "/usr/local/absoft/share/openmpi" || /Users/amjad/openmpi-1.0rc1/config/install-sh -d "/usr/local/absoft/share/openmpi"
 /usr/bin/install -c -m 644 'help-mca-base.txt' '/usr/local/absoft/share/openmpi/help-mca-base.txt'
 /usr/bin/install -c -m 644 'help-mca-param.txt' '/usr/local/absoft/share/openmpi/help-mca-param.txt'
test -z "/usr/local/absoft/include" || /Users/amjad/openmpi-1.0rc1/config/install-sh -d "/usr/local/absoft/include"
Making install in maffinity
Making install in base
make[5]: Nothing to be done for `install-exec-am'.
test -z "/usr/local/absoft/include" || /Users/amjad/openmpi-1.0rc1/config/install-sh -d "/usr/local/absoft/include"
make[5]: Nothing to be done for `install-exec-am'.
test -z "/usr/local/absoft/include" || /Users/amjad/openmpi-1.0rc1/config/install-sh -d "/usr/local/absoft/include"
Making install in memory
Making install in base
make[5]: Nothing to be done for `install-exec-am'.
test -z "/usr/local/absoft/include" || /Users/amjad/openmpi-1.0rc1/config/install-sh -d "/usr/local/absoft/include"
Making install in darwin
make[5]: Nothing to be done for `install-exec-am'.
make[5]: Nothing to be done for `install-data-am'.
make[5]: Nothing to be done for `install-exec-am'.
test -z "/usr/local/absoft/include" || /Users/amjad/openmpi-1.0rc1/config/install-sh -d "/usr/local/absoft/include"
Making install in paffinity
Making install in base
make[5]: Nothing to be done for `install-exec-am'.
test -z "/usr/local/absoft/include" || /Users/amjad/openmpi-1.0rc1/config/install-sh -d "/usr/local/absoft/include"
make[5]: Nothing to be done for `install-exec-am'.
test -z "/usr/local/absoft/include" || /Users/amjad/openmpi-1.0rc1/config/install-sh -d "/usr/local/absoft/include"
Making install in timer
Making install in base
make[5]: Nothing to be done for `install-exec-am'.
test -z "/usr/local/absoft/include" || /Users/amjad/openmpi-1.0rc1/config/install-sh -d "/usr/local/absoft/include"
Making install in darwin
make[5]: Nothing to be done for `install-exec-am'.
make[5]: Nothing to be done for `install-data-am'.
make[5]: Nothing to be done for `install-exec-am'.
test -z "/usr/local/absoft/include" || /Users/amjad/openmpi-1.0rc1/config/install-sh -d "/usr/local/absoft/include"
make[4]: Nothing to be done for `install-exec-am'.
test -z "/usr/local/absoft/include" || /Users/amjad/openmpi-1.0rc1/config/install-sh -d "/usr/local/absoft/include"
Making install in memory
make[3]: Nothing to be done for `install-exec-am'.
test -z "/usr/local/absoft/include" || /Users/amjad/openmpi-1.0rc1/config/install-sh -d "/usr/local/absoft/include"
Making install in runtime
make[3]: Nothing to be done for `install-exec-am'.
test -z "/usr/local/absoft/share/openmpi" || /Users/amjad/openmpi-1.0rc1/config/install-sh -d "/usr/local/absoft/share/openmpi"
 /usr/bin/install -c -m 644 'help-opal-runtime.txt' '/usr/local/absoft/share/openmpi/help-opal-runtime.txt'
test -z "/usr/local/absoft/include" || /Users/amjad/openmpi-1.0rc1/config/install-sh -d "/usr/local/absoft/include"
Making install in threads
make[3]: Nothing to be done for `install-exec-am'.
test -z "/usr/local/absoft/include" || /Users/amjad/openmpi-1.0rc1/config/install-sh -d "/usr/local/absoft/include"
Making install in util
make[3]: Nothing to be done for `install-exec-am'.
test -z "/usr/local/absoft/include" || /Users/amjad/openmpi-1.0rc1/config/install-sh -d "/usr/local/absoft/include"
Making install in .
/bin/sh ../libtool --tag=CC --mode=link /usr/bin/cc  -DNDEBUG -O3 -fno-strict-aliasing   -export-dynamic   -o libopal.la -rpath /usr/local/absoft/lib   libltdl/libltdlc.la asm/libasm.la class/libclass.la event/libevent.la mca/base/libmca_base.la memory/libopalmemory.la runtime/libruntime.la threads/libthreads.la util/libopalutil.la mca/maffinity/base/libmca_maffinity_base.la  mca/memory/base/libmca_memory_base.la mca/memory/darwin/libmca_memory_darwin.la  mca/paffinity/base/libmca_paffinity_base.la  mca/timer/base/libmca_timer_base.la mca/timer/darwin/libmca_timer_darwin.la  -lm  
rm -fr  .libs/libopal.lax
rm -fr .libs/libopal.lax
mkdir .libs/libopal.lax
rm -fr .libs/libopal.lax/libltdlc.a
mkdir .libs/libopal.lax/libltdlc.a
Extracting /Users/amjad/openmpi-1.0rc1/opal/libltdl/.libs/libltdlc.a
(cd .libs/libopal.lax/libltdlc.a && ar x /Users/amjad/openmpi-1.0rc1/opal/libltdl/.libs/libltdlc.a)
rm -fr .libs/libopal.lax/libasm.a
mkdir .libs/libopal.lax/libasm.a
Extracting /Users/amjad/openmpi-1.0rc1/opal/asm/.libs/libasm.a
(cd .libs/libopal.lax/libasm.a && ar x /Users/amjad/openmpi-1.0rc1/opal/asm/.libs/libasm.a)
rm -fr .libs/libopal.lax/libclass.a
mkdir .libs/libopal.lax/libclass.a
Extracting /Users/amjad/openmpi-1.0rc1/opal/class/.libs/libclass.a
(cd .libs/libopal.lax/libclass.a && ar x /Users/amjad/openmpi-1.0rc1/opal/class/.libs/libclass.a)
rm -fr .libs/libopal.lax/libevent.a
mkdir .libs/libopal.lax/libevent.a
Extracting /Users/amjad/openmpi-1.0rc1/opal/event/.libs/libevent.a
(cd .libs/libopal.lax/libevent.a && ar x /Users/amjad/openmpi-1.0rc1/opal/event/.libs/libevent.a)
rm -fr .libs/libopal.lax/libmca_base.a
mkdir .libs/libopal.lax/libmca_base.a
Extracting /Users/amjad/openmpi-1.0rc1/opal/mca/base/.libs/libmca_base.a
(cd .libs/libopal.lax/libmca_base.a && ar x /Users/amjad/openmpi-1.0rc1/opal/mca/base/.libs/libmca_base.a)
rm -fr .libs/libopal.lax/libopalmemory.a
mkdir .libs/libopal.lax/libopalmemory.a
Extracting /Users/amjad/openmpi-1.0rc1/opal/memory/.libs/libopalmemory.a
(cd .libs/libopal.lax/libopalmemory.a && ar x /Users/amjad/openmpi-1.0rc1/opal/memory/.libs/libopalmemory.a)
rm -fr .libs/libopal.lax/libruntime.a
mkdir .libs/libopal.lax/libruntime.a
Extracting /Users/amjad/openmpi-1.0rc1/opal/runtime/.libs/libruntime.a
(cd .libs/libopal.lax/libruntime.a && ar x /Users/amjad/openmpi-1.0rc1/opal/runtime/.libs/libruntime.a)
rm -fr .libs/libopal.lax/libthreads.a
mkdir .libs/libopal.lax/libthreads.a
Extracting /Users/amjad/openmpi-1.0rc1/opal/threads/.libs/libthreads.a
(cd .libs/libopal.lax/libthreads.a && ar x /Users/amjad/openmpi-1.0rc1/opal/threads/.libs/libthreads.a)
rm -fr .libs/libopal.lax/libopalutil.a
mkdir .libs/libopal.lax/libopalutil.a
Extracting /Users/amjad/openmpi-1.0rc1/opal/util/.libs/libopalutil.a
(cd .libs/libopal.lax/libopalutil.a && ar x /Users/amjad/openmpi-1.0rc1/opal/util/.libs/libopalutil.a)
rm -fr .libs/libopal.lax/libmca_maffinity_base.a
mkdir .libs/libopal.lax/libmca_maffinity_base.a
Extracting /Users/amjad/openmpi-1.0rc1/opal/mca/maffinity/base/.libs/libmca_maffinity_base.a
(cd .libs/libopal.lax/libmca_maffinity_base.a && ar x /Users/amjad/openmpi-1.0rc1/opal/mca/maffinity/base/.libs/libmca_maffinity_base.a)
rm -fr .libs/libopal.lax/libmca_memory_base.a
mkdir .libs/libopal.lax/libmca_memory_base.a
Extracting /Users/amjad/openmpi-1.0rc1/opal/mca/memory/base/.libs/libmca_memory_base.a
(cd .libs/libopal.lax/libmca_memory_base.a && ar x /Users/amjad/openmpi-1.0rc1/opal/mca/memory/base/.libs/libmca_memory_base.a)
rm -fr .libs/libopal.lax/libmca_memory_darwin.a
mkdir .libs/libopal.lax/libmca_memory_darwin.a
Extracting /Users/amjad/openmpi-1.0rc1/opal/mca/memory/darwin/.libs/libmca_memory_darwin.a
(cd .libs/libopal.lax/libmca_memory_darwin.a && ar x /Users/amjad/openmpi-1.0rc1/opal/mca/memory/darwin/.libs/libmca_memory_darwin.a)
rm -fr .libs/libopal.lax/libmca_paffinity_base.a
mkdir .libs/libopal.lax/libmca_paffinity_base.a
Extracting /Users/amjad/openmpi-1.0rc1/opal/mca/paffinity/base/.libs/libmca_paffinity_base.a
(cd .libs/libopal.lax/libmca_paffinity_base.a && ar x /Users/amjad/openmpi-1.0rc1/opal/mca/paffinity/base/.libs/libmca_paffinity_base.a)
rm -fr .libs/libopal.lax/libmca_timer_base.a
mkdir .libs/libopal.lax/libmca_timer_base.a
Extracting /Users/amjad/openmpi-1.0rc1/opal/mca/timer/base/.libs/libmca_timer_base.a
(cd .libs/libopal.lax/libmca_timer_base.a && ar x /Users/amjad/openmpi-1.0rc1/opal/mca/timer/base/.libs/libmca_timer_base.a)
rm -fr .libs/libopal.lax/libmca_timer_darwin.a
mkdir .libs/libopal.lax/libmca_timer_darwin.a
Extracting /Users/amjad/openmpi-1.0rc1/opal/mca/timer/darwin/.libs/libmca_timer_darwin.a
(cd .libs/libopal.lax/libmca_timer_darwin.a && ar x /Users/amjad/openmpi-1.0rc1/opal/mca/timer/darwin/.libs/libmca_timer_darwin.a)
/usr/bin/cc -dynamiclib ${wl}-flat_namespace ${wl}-undefined ${wl}suppress -o .libs/libopal.0.0.0.dylib   .libs/libopal.lax/libltdlc.a/ltdl.o  .libs/libopal.lax/libasm.a/asm.o .libs/libopal.lax/libasm.a/atomic-asm.o  .libs/libopal.lax/libclass.a/opal_free_list.o .libs/libopal.lax/libclass.a/opal_hash_table.o .libs/libopal.lax/libclass.a/opal_list.o .libs/libopal.lax/libclass.a/opal_object.o .libs/libopal.lax/libclass.a/opal_value_array.o  .libs/libopal.lax/libevent.a/event.o .libs/libopal.lax/libevent.a/kqueue.o .libs/libopal.lax/libevent.a/select.o .libs/libopal.lax/libevent.a/signal.o  .libs/libopal.lax/libmca_base.a/mca_base_close.o .libs/libopal.lax/libmca_base.a/mca_base_cmd_line.o .libs/libopal.lax/libmca_base.a/mca_base_component_compare.o .libs/libopal.lax/libmca_base.a/mca_base_component_find.o .libs/libopal.lax/libmca_base.a/mca_base_component_repository.o .libs/libopal.lax/libmca_base.a/mca_base_components_close.o .libs/libopal.lax/libmca_base.a/mca_base_components_open.o .libs/libopal.lax/libmca_base.a/mca_base_list.o .libs/libopal.lax/libmca_base.a/mca_base_msgbuf.o .libs/libopal.lax/libmca_base.a/mca_base_open.o .libs/libopal.lax/libmca_base.a/mca_base_param.o .libs/libopal.lax/libmca_base.a/mca_base_parse_paramfile.o .libs/libopal.lax/libmca_base.a/mca_base_parse_paramfile_lex.o  .libs/libopal.lax/libopalmemory.a/memory.o  .libs/libopal.lax/libruntime.a/opal_finalize.o .libs/libopal.lax/libruntime.a/opal_init.o .libs/libopal.lax/libruntime.a/opal_progress.o  .libs/libopal.lax/libthreads.a/condition.o .libs/libopal.lax/libthreads.a/mutex.o .libs/libopal.lax/libthreads.a/thread.o  .libs/libopal.lax/libopalutil.a/argv.o .libs/libopal.lax/libopalutil.a/basename.o .libs/libopal.lax/libopalutil.a/cmd_line.o .libs/libopal.lax/libopalutil.a/convert.o .libs/libopal.lax/libopalutil.a/daemon_init.o .libs/libopal.lax/libopalutil.a/error.o .libs/libopal.lax/libopalutil.a/few.o .libs/libopal.lax/libopalutil.a/if.o .libs/libopal.lax/libopalutil.a/malloc.o .libs/libopal.lax/libopalutil.a/numtostr.o .libs/libopal.lax/libopalutil.a/opal_environ.o .libs/libopal.lax/libopalutil.a/os_create_dirpath.o .libs/libopal.lax/libopalutil.a/os_path.o .libs/libopal.lax/libopalutil.a/output.o .libs/libopal.lax/libopalutil.a/path.o .libs/libopal.lax/libopalutil.a/pow2.o .libs/libopal.lax/libopalutil.a/printf.o .libs/libopal.lax/libopalutil.a/qsort.o .libs/libopal.lax/libopalutil.a/show_help.o .libs/libopal.lax/libopalutil.a/show_help_lex.o .libs/libopal.lax/libopalutil.a/stacktrace.o .libs/libopal.lax/libopalutil.a/strncpy.o .libs/libopal.lax/libopalutil.a/trace.o  .libs/libopal.lax/libmca_maffinity_base.a/maffinity_base_close.o .libs/libopal.lax/libmca_maffinity_base.a/maffinity_base_open.o .libs/libopal.lax/libmca_maffinity_base.a/maffinity_base_select.o .libs/libopal.lax/libmca_maffinity_base.a/maffinity_base_wrappers.o  .libs/libopal.lax/libmca_memory_base.a/memory_base_close.o .libs/libopal.lax/libmca_memory_base.a/memory_base_open.o  .libs/libopal.lax/libmca_memory_darwin.a/memory_darwin_component.o  .libs/libopal.lax/libmca_paffinity_base.a/paffinity_base_close.o .libs/libopal.lax/libmca_paffinity_base.a/paffinity_base_open.o .libs/libopal.lax/libmca_paffinity_base.a/paffinity_base_select.o .libs/libopal.lax/libmca_paffinity_base.a/paffinity_base_wrappers.o  .libs/libopal.lax/libmca_timer_base.a/timer_base_close.o .libs/libopal.lax/libmca_timer_base.a/timer_base_open.o  .libs/libopal.lax/libmca_timer_darwin.a/timer_darwin_component.o   -ldl -lm  -install_name  /usr/local/absoft/lib/libopal.0.dylib -Wl,-compatibility_version -Wl,1 -Wl,-current_version -Wl,1.0
